<?xml version="1.0" encoding="UTF-8"?>
<robot generator="Robot 4.0.3 (Python 3.9.5 on win32)" generated="20210721 11:54:35.210" rpa="false" schemaversion="2">
<suite id="s1" name="Suites">
<suite id="s1-s1" name="basicHotAbsoluteGuardTest" source="C:\Users\grees\PycharmProjects\AuQA\Testcases\basicHotAbsoluteGuardTest.robot">
<test id="s1-s1-t1" name="BasicHotAbsoluteGuardTest">
<kw name="establishConnectionAndStartProcesses" library="connection">
<doc>Establish connection and start processes on the remote machine.
HISTIGNORE command is used to avoid saving the password in history</doc>
<kw name="openConnectionAndLogIn" library="connection">
<kw name="Log To Console" library="BuiltIn">
<arg>!--------Opening SSH Connection----------!</arg>
<doc>Logs the given message to the console.</doc>
<status status="PASS" starttime="20210721 11:54:35.795" endtime="20210721 11:54:35.795"/>
</kw>
<kw name="Open Connection" library="SSHLibrary">
<arg>${host}</arg>
<doc>Opens a new SSH connection to the given ``host`` and ``port``.</doc>
<status status="PASS" starttime="20210721 11:54:35.795" endtime="20210721 11:54:35.795"/>
</kw>
<kw name="Login" library="SSHLibrary">
<arg>${username}</arg>
<arg>${password}</arg>
<doc>Logs into the SSH server with the given ``username`` and ``password``.</doc>
<msg timestamp="20210721 11:54:35.795" level="INFO">Logging into '10.252.9.64:22' as 'fc'.</msg>
<msg timestamp="20210721 11:54:40.639" level="INFO">Read output: Welcome to Ubuntu 20.04.2 LTS (GNU/Linux 5.4.0-74-generic x86_64)

 * Documentation:  https://help.ubuntu.com
 * Management:     https://landscape.canonical.com
 * Support:        https://ubuntu.com/advantage

  System information as of Tue 20 Jul 2021 11:22:29 PM PDT

  System load:  0.06                Processes:               244
  Usage of /:   2.6% of 1005.94GB   Users logged in:         1
  Memory usage: 3%                  IPv4 address for ens160: 10.252.9.64
  Swap usage:   0%

Last login: Tue Jul 20 23:21:15 2021 from 10.253.2.183
fc@QA-ideavat-vems-2:~$</msg>
<status status="PASS" starttime="20210721 11:54:35.795" endtime="20210721 11:54:40.639"/>
</kw>
<status status="PASS" starttime="20210721 11:54:35.795" endtime="20210721 11:54:40.639"/>
</kw>
<kw name="Log To Console" library="BuiltIn">
<arg>!!------Connection opened and now starting the processes----!!</arg>
<doc>Logs the given message to the console.</doc>
<status status="PASS" starttime="20210721 11:54:40.639" endtime="20210721 11:54:40.639"/>
</kw>
<kw name="executeProcessCommandWithoutTraceInHistory" library="connection">
<arg>vx_server</arg>
<kw name="Execute Command" library="SSHLibrary">
<arg>export HISTIGNORE='*sudo -S*'</arg>
<doc>Executes ``command`` on the remote machine and returns its outputs.</doc>
<msg timestamp="20210721 11:54:40.654" level="INFO">Executing command 'export HISTIGNORE='*sudo -S*''.</msg>
<msg timestamp="20210721 11:54:41.256" level="INFO">Command exited with return code 0.</msg>
<status status="PASS" starttime="20210721 11:54:40.654" endtime="20210721 11:54:41.256"/>
</kw>
<kw name="Execute Command" library="SSHLibrary">
<arg>echo "Id3aV@tAcc3ss" | sudo -S -k systemctl start ${process_name}</arg>
<doc>Executes ``command`` on the remote machine and returns its outputs.</doc>
<msg timestamp="20210721 11:54:41.263" level="INFO">Executing command 'echo "Id3aV@tAcc3ss" | sudo -S -k systemctl start vx_server'.</msg>
<msg timestamp="20210721 11:54:42.164" level="INFO">Command exited with return code 0.</msg>
<status status="PASS" starttime="20210721 11:54:41.256" endtime="20210721 11:54:42.164"/>
</kw>
<status status="PASS" starttime="20210721 11:54:40.639" endtime="20210721 11:54:42.164"/>
</kw>
<kw name="executeProcessCommandWithoutTraceInHistory" library="connection">
<arg>facs_trend</arg>
<kw name="Execute Command" library="SSHLibrary">
<arg>export HISTIGNORE='*sudo -S*'</arg>
<doc>Executes ``command`` on the remote machine and returns its outputs.</doc>
<msg timestamp="20210721 11:54:42.164" level="INFO">Executing command 'export HISTIGNORE='*sudo -S*''.</msg>
<msg timestamp="20210721 11:54:43.028" level="INFO">Command exited with return code 0.</msg>
<status status="PASS" starttime="20210721 11:54:42.164" endtime="20210721 11:54:43.028"/>
</kw>
<kw name="Execute Command" library="SSHLibrary">
<arg>echo "Id3aV@tAcc3ss" | sudo -S -k systemctl start ${process_name}</arg>
<doc>Executes ``command`` on the remote machine and returns its outputs.</doc>
<msg timestamp="20210721 11:54:43.028" level="INFO">Executing command 'echo "Id3aV@tAcc3ss" | sudo -S -k systemctl start facs_trend'.</msg>
<msg timestamp="20210721 11:54:43.983" level="INFO">Command exited with return code 0.</msg>
<status status="PASS" starttime="20210721 11:54:43.028" endtime="20210721 11:54:43.983"/>
</kw>
<status status="PASS" starttime="20210721 11:54:42.164" endtime="20210721 11:54:43.983"/>
</kw>
<kw name="executeProcessCommandWithoutTraceInHistory" library="connection">
<arg>facs_launcher</arg>
<kw name="Execute Command" library="SSHLibrary">
<arg>export HISTIGNORE='*sudo -S*'</arg>
<doc>Executes ``command`` on the remote machine and returns its outputs.</doc>
<msg timestamp="20210721 11:54:43.983" level="INFO">Executing command 'export HISTIGNORE='*sudo -S*''.</msg>
<msg timestamp="20210721 11:54:44.832" level="INFO">Command exited with return code 0.</msg>
<status status="PASS" starttime="20210721 11:54:43.983" endtime="20210721 11:54:44.832"/>
</kw>
<kw name="Execute Command" library="SSHLibrary">
<arg>echo "Id3aV@tAcc3ss" | sudo -S -k systemctl start ${process_name}</arg>
<doc>Executes ``command`` on the remote machine and returns its outputs.</doc>
<msg timestamp="20210721 11:54:44.832" level="INFO">Executing command 'echo "Id3aV@tAcc3ss" | sudo -S -k systemctl start facs_launcher'.</msg>
<msg timestamp="20210721 11:54:45.768" level="INFO">Command exited with return code 0.</msg>
<status status="PASS" starttime="20210721 11:54:44.832" endtime="20210721 11:54:45.768"/>
</kw>
<status status="PASS" starttime="20210721 11:54:43.983" endtime="20210721 11:54:45.769"/>
</kw>
<kw name="Sleep" library="BuiltIn">
<arg>${high_speed}</arg>
<doc>Pauses the test executed for the given time.</doc>
<msg timestamp="20210721 11:54:50.774" level="INFO">Slept 5 seconds</msg>
<status status="PASS" starttime="20210721 11:54:45.769" endtime="20210721 11:54:50.774"/>
</kw>
<kw name="closeAllConnections" library="connection">
<kw name="Execute Command" library="SSHLibrary">
<arg>exit</arg>
<doc>Executes ``command`` on the remote machine and returns its outputs.</doc>
<msg timestamp="20210721 11:54:50.776" level="INFO">Executing command 'exit'.</msg>
<msg timestamp="20210721 11:54:51.347" level="INFO">Command exited with return code 0.</msg>
<status status="PASS" starttime="20210721 11:54:50.775" endtime="20210721 11:54:51.347"/>
</kw>
<kw name="Log To Console" library="BuiltIn">
<arg>*******************Processes(start or stop) completed and Closed ssh connection********************</arg>
<doc>Logs the given message to the console.</doc>
<status status="PASS" starttime="20210721 11:54:51.347" endtime="20210721 11:54:51.351"/>
</kw>
<status status="PASS" starttime="20210721 11:54:50.774" endtime="20210721 11:54:51.351"/>
</kw>
<status status="PASS" starttime="20210721 11:54:35.795" endtime="20210721 11:54:51.351"/>
</kw>
<kw name="resetSystemPropertiesUsingLoadTemplateOptionWithOverwrite" library="uiresources">
<kw name="startBrowserAndLoginToAIEngine" library="uiresources">
<kw name="startBrowserAndAccessAIEngineCXWebUI" library="uiresources">
<kw name="Open Browser" library="SeleniumLibrary">
<arg>${url_cx}</arg>
<arg>${browser}</arg>
<arg>options=add_argument("--disable-popup-blocking"); add_argument("--ignore-certificate-errors"); add_argument("--no-sandbox"); add_argument("--disable-extensions"); add_argument("--disable-dev-shm-usage")</arg>
<doc>Opens a new browser instance to the optional ``url``.</doc>
<msg timestamp="20210721 11:54:51.355" level="INFO">Opening browser 'headlesschrome' to base url 'https://10.252.9.64/vems/cx.php'.</msg>
<status status="PASS" starttime="20210721 11:54:51.354" endtime="20210721 11:54:59.386"/>
</kw>
<kw name="Maximize Browser Window" library="SeleniumLibrary">
<doc>Maximizes current browser window.</doc>
<status status="PASS" starttime="20210721 11:54:59.387" endtime="20210721 11:54:59.513"/>
</kw>
<kw name="Set Browser Implicit Wait" library="SeleniumLibrary">
<arg>${high_speed}</arg>
<doc>Sets the implicit wait value used by Selenium.</doc>
<status status="PASS" starttime="20210721 11:54:59.513" endtime="20210721 11:54:59.523"/>
</kw>
<kw name="Log To Console" library="BuiltIn">
<arg>Accessed AI Engine</arg>
<doc>Logs the given message to the console.</doc>
<status status="PASS" starttime="20210721 11:54:59.523" endtime="20210721 11:54:59.523"/>
</kw>
<status status="PASS" starttime="20210721 11:54:51.354" endtime="20210721 11:54:59.523"/>
</kw>
<kw name="loginByEnteringUsernameAndPassword" library="uiresources">
<kw name="Log To Console" library="BuiltIn">
<arg>Entering user name and password</arg>
<doc>Logs the given message to the console.</doc>
<status status="PASS" starttime="20210721 11:54:59.523" endtime="20210721 11:54:59.528"/>
</kw>
<kw name="Input Text" library="SeleniumLibrary">
<arg>${uname}</arg>
<arg>${ui_username}</arg>
<doc>Types the given ``text`` into the text field identified by ``locator``.</doc>
<msg timestamp="20210721 11:54:59.528" level="INFO">Typing text 'ideavat' into text field 'css:#textfield-1009-inputEl'.</msg>
<status status="PASS" starttime="20210721 11:54:59.528" endtime="20210721 11:54:59.809"/>
</kw>
<kw name="Input Text" library="SeleniumLibrary">
<arg>${upwd}</arg>
<arg>${ui_password}</arg>
<doc>Types the given ``text`` into the text field identified by ``locator``.</doc>
<msg timestamp="20210721 11:54:59.810" level="INFO">Typing text 'Crick3t!' into text field 'css:#textfield-1010-inputEl'.</msg>
<status status="PASS" starttime="20210721 11:54:59.810" endtime="20210721 11:54:59.901"/>
</kw>
<kw name="Capture Page Screenshot" library="SeleniumLibrary">
<arg>${EXECDIR}/Reports/Screenshots/inputUserNameAndPwd_1.png</arg>
<doc>Takes a screenshot of the current page and embeds it into a log file.</doc>
<msg timestamp="20210721 11:54:59.962" level="INFO" html="true">&lt;/td&gt;&lt;/tr&gt;&lt;tr&gt;&lt;td colspan="3"&gt;&lt;a href="../../Screenshots/inputUserNameAndPwd_1.png"&gt;&lt;img src="../../Screenshots/inputUserNameAndPwd_1.png" width="800px"&gt;&lt;/a&gt;</msg>
<status status="PASS" starttime="20210721 11:54:59.901" endtime="20210721 11:54:59.962"/>
</kw>
<kw name="Click Element" library="SeleniumLibrary">
<arg>${login_button}</arg>
<doc>Click the element identified by ``locator``.</doc>
<msg timestamp="20210721 11:54:59.962" level="INFO">Clicking element 'css:span#button-1011-btnInnerEl'.</msg>
<status status="PASS" starttime="20210721 11:54:59.962" endtime="20210721 11:55:00.028"/>
</kw>
<kw name="Wait Until Page Contains Element" library="SeleniumLibrary">
<arg>${banner}</arg>
<doc>Waits until the element ``locator`` appears on the current page.</doc>
<status status="PASS" starttime="20210721 11:55:00.029" endtime="20210721 11:55:00.912"/>
</kw>
<kw name="Wait Until Element Is Enabled" library="SeleniumLibrary">
<arg>${tools_button}</arg>
<doc>Waits until the element ``locator`` is enabled.</doc>
<status status="PASS" starttime="20210721 11:55:00.912" endtime="20210721 11:55:00.943"/>
</kw>
<kw name="Capture Page Screenshot" library="SeleniumLibrary">
<arg>${EXECDIR}/Reports/Screenshots/siteEditorHomePage_2.png</arg>
<doc>Takes a screenshot of the current page and embeds it into a log file.</doc>
<msg timestamp="20210721 11:55:01.010" level="INFO" html="true">&lt;/td&gt;&lt;/tr&gt;&lt;tr&gt;&lt;td colspan="3"&gt;&lt;a href="../../Screenshots/siteEditorHomePage_2.png"&gt;&lt;img src="../../Screenshots/siteEditorHomePage_2.png" width="800px"&gt;&lt;/a&gt;</msg>
<status status="PASS" starttime="20210721 11:55:00.943" endtime="20210721 11:55:01.010"/>
</kw>
<kw name="Log To Console" library="BuiltIn">
<arg>Logged in succesfully</arg>
<doc>Logs the given message to the console.</doc>
<status status="PASS" starttime="20210721 11:55:01.011" endtime="20210721 11:55:01.011"/>
</kw>
<status status="PASS" starttime="20210721 11:54:59.523" endtime="20210721 11:55:01.011"/>
</kw>
<status status="PASS" starttime="20210721 11:54:51.353" endtime="20210721 11:55:01.011"/>
</kw>
<kw name="Click Element" library="SeleniumLibrary">
<arg>${tools_button}</arg>
<doc>Click the element identified by ``locator``.</doc>
<msg timestamp="20210721 11:55:01.012" level="INFO">Clicking element 'css:#button-1267-btnEl'.</msg>
<status status="PASS" starttime="20210721 11:55:01.011" endtime="20210721 11:55:01.080"/>
</kw>
<kw name="Click Element" library="SeleniumLibrary">
<arg>${configs_option_in_tools}</arg>
<doc>Click the element identified by ``locator``.</doc>
<msg timestamp="20210721 11:55:01.081" level="INFO">Clicking element 'css:#menuitem-1235-itemEl'.</msg>
<status status="PASS" starttime="20210721 11:55:01.080" endtime="20210721 11:55:01.154"/>
</kw>
<kw name="Sleep" library="BuiltIn">
<arg>${load_time}</arg>
<doc>Pauses the test executed for the given time.</doc>
<msg timestamp="20210721 11:55:11.158" level="INFO">Slept 10 seconds</msg>
<status status="PASS" starttime="20210721 11:55:01.154" endtime="20210721 11:55:11.158"/>
</kw>
<kw name="Wait Until Element Is Visible" library="SeleniumLibrary">
<arg>${load_template_in_config_popup}</arg>
<doc>Waits until the element ``locator`` is visible.</doc>
<status status="PASS" starttime="20210721 11:55:11.158" endtime="20210721 11:55:11.195"/>
</kw>
<kw name="Wait Until Element Is Enabled" library="SeleniumLibrary">
<arg>${load_template_in_config_popup}</arg>
<doc>Waits until the element ``locator`` is enabled.</doc>
<status status="PASS" starttime="20210721 11:55:11.195" endtime="20210721 11:55:11.227"/>
</kw>
<kw name="Click Element" library="SeleniumLibrary">
<arg>${load_template_in_config_popup}</arg>
<doc>Click the element identified by ``locator``.</doc>
<msg timestamp="20210721 11:55:11.227" level="INFO">Clicking element 'xpath=//span[contains(text(),'Load Template')]'.</msg>
<status status="PASS" starttime="20210721 11:55:11.227" endtime="20210721 11:55:11.301"/>
</kw>
<kw name="Click Element" library="SeleniumLibrary">
<arg>${template_dropbox_picker}</arg>
<doc>Click the element identified by ``locator``.</doc>
<msg timestamp="20210721 11:55:11.302" level="INFO">Clicking element 'css:#combo-1358-trigger-picker'.</msg>
<status status="PASS" starttime="20210721 11:55:11.301" endtime="20210721 11:55:11.356"/>
</kw>
<kw name="Click Element" library="SeleniumLibrary">
<arg>${template_option}</arg>
<doc>Click the element identified by ``locator``.</doc>
<msg timestamp="20210721 11:55:11.357" level="INFO">Clicking element 'xpath=//li[contains(text(),'DASHAM_MIX')]'.</msg>
<status status="PASS" starttime="20210721 11:55:11.356" endtime="20210721 11:55:11.402"/>
</kw>
<kw name="Click Element" library="SeleniumLibrary">
<arg>${temperature_scale_dropbox_picker}</arg>
<doc>Click the element identified by ``locator``.</doc>
<msg timestamp="20210721 11:55:11.403" level="INFO">Clicking element 'css:#combo-1359-trigger-picker'.</msg>
<status status="PASS" starttime="20210721 11:55:11.403" endtime="20210721 11:55:11.451"/>
</kw>
<kw name="Click Element" library="SeleniumLibrary">
<arg>${temperature_scale_option}</arg>
<doc>Click the element identified by ``locator``.</doc>
<msg timestamp="20210721 11:55:11.452" level="INFO">Clicking element 'xpath=//li[contains(text(),'Fahrenheit')]'.</msg>
<status status="PASS" starttime="20210721 11:55:11.451" endtime="20210721 11:55:11.492"/>
</kw>
<kw name="Select Checkbox" library="SeleniumLibrary">
<arg>${overwrite_checkbox}</arg>
<doc>Selects the checkbox identified by ``locator``.</doc>
<msg timestamp="20210721 11:55:11.493" level="INFO">Selecting checkbox 'css:#checkbox-1360-inputEl'.</msg>
<status status="PASS" starttime="20210721 11:55:11.492" endtime="20210721 11:55:11.559"/>
</kw>
<kw name="Click Element" library="SeleniumLibrary">
<arg>${apply_button_load_template}</arg>
<doc>Click the element identified by ``locator``.</doc>
<msg timestamp="20210721 11:55:11.560" level="INFO">Clicking element 'css:#button-1356-btnInnerEl'.</msg>
<status status="PASS" starttime="20210721 11:55:11.559" endtime="20210721 11:55:11.652"/>
</kw>
<kw name="Click Element" library="SeleniumLibrary">
<arg>${save_button}</arg>
<doc>Click the element identified by ``locator``.</doc>
<msg timestamp="20210721 11:55:11.653" level="INFO">Clicking element 'css:#button-1302-btnIconEl'.</msg>
<status status="PASS" starttime="20210721 11:55:11.652" endtime="20210721 11:55:11.700"/>
</kw>
<kw name="Log To Console" library="BuiltIn">
<arg>Loaded default template succesfully</arg>
<doc>Logs the given message to the console.</doc>
<status status="PASS" starttime="20210721 11:55:11.700" endtime="20210721 11:55:11.701"/>
</kw>
<kw name="Sleep" library="BuiltIn">
<arg>${high_speed}</arg>
<doc>Pauses the test executed for the given time.</doc>
<msg timestamp="20210721 11:55:16.715" level="INFO">Slept 5 seconds</msg>
<status status="PASS" starttime="20210721 11:55:11.701" endtime="20210721 11:55:16.715"/>
</kw>
<kw name="Click Element" library="SeleniumLibrary">
<arg>${close_button}</arg>
<doc>Click the element identified by ``locator``.</doc>
<msg timestamp="20210721 11:55:16.717" level="INFO">Clicking element 'css:#button-1303-btnIconEl'.</msg>
<status status="PASS" starttime="20210721 11:55:16.716" endtime="20210721 11:55:16.795"/>
</kw>
<kw name="Wait Until Element Is Not Visible" library="SeleniumLibrary">
<arg>${close_button}</arg>
<doc>Waits until the element ``locator`` is not visible.</doc>
<status status="PASS" starttime="20210721 11:55:16.795" endtime="20210721 11:55:16.813"/>
</kw>
<kw name="Log To Console" library="BuiltIn">
<arg>Closed config popup</arg>
<doc>Logs the given message to the console.</doc>
<status status="PASS" starttime="20210721 11:55:16.813" endtime="20210721 11:55:16.814"/>
</kw>
<kw name="Close Browser" library="SeleniumLibrary">
<doc>Closes the current browser.</doc>
<status status="PASS" starttime="20210721 11:55:16.814" endtime="20210721 11:55:18.889"/>
</kw>
<status status="PASS" starttime="20210721 11:54:51.352" endtime="20210721 11:55:18.889"/>
</kw>
<kw name="changeCxConfigsDashm_NumGuardUnits_NumMinutesGuardTimer_PercentDeadSensorThreshold_AndSystem_NumMinutesPast" library="apiresources">
<arg>${num_guard_units}</arg>
<arg>${num_minutes_guard_timer}</arg>
<arg>${percent_deadsensor_threshold}</arg>
<arg>${num_minutes_past}</arg>
<kw name="changeCxConfigsTabModuleFieldValues" library="apiresources">
<arg>DASHM</arg>
<arg>NumGuardUnits</arg>
<arg>${num_guard_units_val}</arg>
<kw name="Create Dictionary" library="BuiltIn">
<var>${headers}</var>
<arg>Content-Type=${content_type}</arg>
<arg>Vigilent-Api-Token=${write_api_token}</arg>
<doc>Creates and returns a dictionary based on the given ``items``.</doc>
<msg timestamp="20210721 11:55:18.889" level="INFO">${headers} = {'Content-Type': 'application/json', 'Vigilent-Api-Token': 'vd2R6aDXgz5e9zkmf7TfZzqN'}</msg>
<status status="PASS" starttime="20210721 11:55:18.889" endtime="20210721 11:55:18.889"/>
</kw>
<kw name="Create Dictionary" library="BuiltIn">
<var>${body}</var>
<arg>query= mutation configWrite { configSet(requests: [{module: "${module_name}", name: "${field_name}", value: "${value}"}]) { index reason }}</arg>
<doc>Creates and returns a dictionary based on the given ``items``.</doc>
<msg timestamp="20210721 11:55:18.889" level="INFO">${body} = {'query': ' mutation configWrite { configSet(requests: [{module: "DASHM", name: "NumGuardUnits", value: "1"}]) { index reason }}'}</msg>
<status status="PASS" starttime="20210721 11:55:18.889" endtime="20210721 11:55:18.889"/>
</kw>
<kw name="Create Session" library="RequestsLibrary">
<arg>AIEngine</arg>
<arg>${base_url}</arg>
<arg>disable_warnings=1</arg>
<doc>Create Session: create a HTTP session to a server</doc>
<msg timestamp="20210721 11:55:18.895" level="INFO">Creating Session using : alias=AIEngine, url=https://10.252.9.64/api, headers={},                     cookies={}, auth=None, timeout=None, proxies=None, verify=False,                     debug=0 </msg>
<status status="PASS" starttime="20210721 11:55:18.895" endtime="20210721 11:55:18.895"/>
</kw>
<kw name="Post On Session" library="RequestsLibrary">
<var>${result}</var>
<arg>AIEngine</arg>
<arg>/public/graphql</arg>
<arg>headers=${headers}</arg>
<arg>json=${body}</arg>
<doc>Sends a POST request on a previously created HTTP Session.</doc>
<msg timestamp="20210721 11:55:19.779" level="INFO">POST Request : url=https://10.252.9.64/api/public/graphql 
 path_url=/api/public/graphql 
 headers={'User-Agent': 'python-requests/2.25.1', 'Accept-Encoding': 'gzip, deflate', 'Accept': '*/*', 'Connection': 'keep-alive', 'Content-Type': 'application/json', 'Vigilent-Api-Token': 'vd2R6aDXgz5e9zkmf7TfZzqN', 'Content-Length': '136'} 
 body=b'{"query": " mutation configWrite { configSet(requests: [{module: \\"DASHM\\", name: \\"NumGuardUnits\\", value: \\"1\\"}]) { index reason }}"}' 
 </msg>
<msg timestamp="20210721 11:55:19.779" level="INFO">POST Response : url=https://10.252.9.64/api/public/graphql 
 status=200, reason=OK 
 headers={'Date': 'Wed, 21 Jul 2021 06:23:11 GMT', 'Server': 'Apache', 'Content-Encoding': 'gzip', 'Vary': 'Accept-Encoding', 'Content-Length': '45', 'Keep-Alive': 'timeout=10, max=100', 'Connection': 'Keep-Alive', 'Content-Type': 'application/json;charset=UTF-8'} 
 body={"data":{"configSet":[]}} 
 </msg>
<msg timestamp="20210721 11:55:19.779" level="INFO">${result} = &lt;Response [200]&gt;</msg>
<status status="PASS" starttime="20210721 11:55:18.895" endtime="20210721 11:55:19.779"/>
</kw>
<kw name="Should Be Equal As Strings" library="BuiltIn">
<arg>${result.status_code}</arg>
<arg>200</arg>
<doc>Fails if objects are unequal after converting them to strings.</doc>
<msg timestamp="20210721 11:55:19.779" level="INFO">Argument types are:
&lt;class 'int'&gt;
&lt;type 'unicode'&gt;</msg>
<status status="PASS" starttime="20210721 11:55:19.779" endtime="20210721 11:55:19.779"/>
</kw>
<kw name="Log To Console" library="BuiltIn">
<arg>Config module :${module_name}-&gt;Field:${field_name}-&gt;Value:${value}-is updated</arg>
<doc>Logs the given message to the console.</doc>
<status status="PASS" starttime="20210721 11:55:19.779" endtime="20210721 11:55:19.779"/>
</kw>
<status status="PASS" starttime="20210721 11:55:18.889" endtime="20210721 11:55:19.779"/>
</kw>
<kw name="changeCxConfigsTabModuleFieldValues" library="apiresources">
<arg>DASHM</arg>
<arg>NumMinutesGuardTimer</arg>
<arg>${num_minutes_guard_timer_val}</arg>
<kw name="Create Dictionary" library="BuiltIn">
<var>${headers}</var>
<arg>Content-Type=${content_type}</arg>
<arg>Vigilent-Api-Token=${write_api_token}</arg>
<doc>Creates and returns a dictionary based on the given ``items``.</doc>
<msg timestamp="20210721 11:55:19.795" level="INFO">${headers} = {'Content-Type': 'application/json', 'Vigilent-Api-Token': 'vd2R6aDXgz5e9zkmf7TfZzqN'}</msg>
<status status="PASS" starttime="20210721 11:55:19.795" endtime="20210721 11:55:19.795"/>
</kw>
<kw name="Create Dictionary" library="BuiltIn">
<var>${body}</var>
<arg>query= mutation configWrite { configSet(requests: [{module: "${module_name}", name: "${field_name}", value: "${value}"}]) { index reason }}</arg>
<doc>Creates and returns a dictionary based on the given ``items``.</doc>
<msg timestamp="20210721 11:55:19.797" level="INFO">${body} = {'query': ' mutation configWrite { configSet(requests: [{module: "DASHM", name: "NumMinutesGuardTimer", value: "3"}]) { index reason }}'}</msg>
<status status="PASS" starttime="20210721 11:55:19.795" endtime="20210721 11:55:19.797"/>
</kw>
<kw name="Create Session" library="RequestsLibrary">
<arg>AIEngine</arg>
<arg>${base_url}</arg>
<arg>disable_warnings=1</arg>
<doc>Create Session: create a HTTP session to a server</doc>
<msg timestamp="20210721 11:55:19.797" level="INFO">Creating Session using : alias=AIEngine, url=https://10.252.9.64/api, headers={},                     cookies={}, auth=None, timeout=None, proxies=None, verify=False,                     debug=0 </msg>
<status status="PASS" starttime="20210721 11:55:19.797" endtime="20210721 11:55:19.797"/>
</kw>
<kw name="Post On Session" library="RequestsLibrary">
<var>${result}</var>
<arg>AIEngine</arg>
<arg>/public/graphql</arg>
<arg>headers=${headers}</arg>
<arg>json=${body}</arg>
<doc>Sends a POST request on a previously created HTTP Session.</doc>
<msg timestamp="20210721 11:55:20.714" level="INFO">POST Request : url=https://10.252.9.64/api/public/graphql 
 path_url=/api/public/graphql 
 headers={'User-Agent': 'python-requests/2.25.1', 'Accept-Encoding': 'gzip, deflate', 'Accept': '*/*', 'Connection': 'keep-alive', 'Content-Type': 'application/json', 'Vigilent-Api-Token': 'vd2R6aDXgz5e9zkmf7TfZzqN', 'Content-Length': '143'} 
 body=b'{"query": " mutation configWrite { configSet(requests: [{module: \\"DASHM\\", name: \\"NumMinutesGuardTimer\\", value: \\"3\\"}]) { index reason }}"}' 
 </msg>
<msg timestamp="20210721 11:55:20.714" level="INFO">POST Response : url=https://10.252.9.64/api/public/graphql 
 status=200, reason=OK 
 headers={'Date': 'Wed, 21 Jul 2021 06:23:12 GMT', 'Server': 'Apache', 'Content-Encoding': 'gzip', 'Vary': 'Accept-Encoding', 'Content-Length': '45', 'Keep-Alive': 'timeout=10, max=100', 'Connection': 'Keep-Alive', 'Content-Type': 'application/json;charset=UTF-8'} 
 body={"data":{"configSet":[]}} 
 </msg>
<msg timestamp="20210721 11:55:20.714" level="INFO">${result} = &lt;Response [200]&gt;</msg>
<status status="PASS" starttime="20210721 11:55:19.797" endtime="20210721 11:55:20.714"/>
</kw>
<kw name="Should Be Equal As Strings" library="BuiltIn">
<arg>${result.status_code}</arg>
<arg>200</arg>
<doc>Fails if objects are unequal after converting them to strings.</doc>
<msg timestamp="20210721 11:55:20.714" level="INFO">Argument types are:
&lt;class 'int'&gt;
&lt;type 'unicode'&gt;</msg>
<status status="PASS" starttime="20210721 11:55:20.714" endtime="20210721 11:55:20.714"/>
</kw>
<kw name="Log To Console" library="BuiltIn">
<arg>Config module :${module_name}-&gt;Field:${field_name}-&gt;Value:${value}-is updated</arg>
<doc>Logs the given message to the console.</doc>
<status status="PASS" starttime="20210721 11:55:20.714" endtime="20210721 11:55:20.714"/>
</kw>
<status status="PASS" starttime="20210721 11:55:19.795" endtime="20210721 11:55:20.714"/>
</kw>
<kw name="changeCxConfigsTabModuleFieldValues" library="apiresources">
<arg>DASHM</arg>
<arg>PercentDeadSensorThreshold</arg>
<arg>${percent_dead_sensor_threshold_val}</arg>
<kw name="Create Dictionary" library="BuiltIn">
<var>${headers}</var>
<arg>Content-Type=${content_type}</arg>
<arg>Vigilent-Api-Token=${write_api_token}</arg>
<doc>Creates and returns a dictionary based on the given ``items``.</doc>
<msg timestamp="20210721 11:55:20.714" level="INFO">${headers} = {'Content-Type': 'application/json', 'Vigilent-Api-Token': 'vd2R6aDXgz5e9zkmf7TfZzqN'}</msg>
<status status="PASS" starttime="20210721 11:55:20.714" endtime="20210721 11:55:20.714"/>
</kw>
<kw name="Create Dictionary" library="BuiltIn">
<var>${body}</var>
<arg>query= mutation configWrite { configSet(requests: [{module: "${module_name}", name: "${field_name}", value: "${value}"}]) { index reason }}</arg>
<doc>Creates and returns a dictionary based on the given ``items``.</doc>
<msg timestamp="20210721 11:55:20.714" level="INFO">${body} = {'query': ' mutation configWrite { configSet(requests: [{module: "DASHM", name: "PercentDeadSensorThreshold", value: "100"}]) { index reason }}'}</msg>
<status status="PASS" starttime="20210721 11:55:20.714" endtime="20210721 11:55:20.714"/>
</kw>
<kw name="Create Session" library="RequestsLibrary">
<arg>AIEngine</arg>
<arg>${base_url}</arg>
<arg>disable_warnings=1</arg>
<doc>Create Session: create a HTTP session to a server</doc>
<msg timestamp="20210721 11:55:20.714" level="INFO">Creating Session using : alias=AIEngine, url=https://10.252.9.64/api, headers={},                     cookies={}, auth=None, timeout=None, proxies=None, verify=False,                     debug=0 </msg>
<status status="PASS" starttime="20210721 11:55:20.714" endtime="20210721 11:55:20.714"/>
</kw>
<kw name="Post On Session" library="RequestsLibrary">
<var>${result}</var>
<arg>AIEngine</arg>
<arg>/public/graphql</arg>
<arg>headers=${headers}</arg>
<arg>json=${body}</arg>
<doc>Sends a POST request on a previously created HTTP Session.</doc>
<msg timestamp="20210721 11:55:21.599" level="INFO">POST Request : url=https://10.252.9.64/api/public/graphql 
 path_url=/api/public/graphql 
 headers={'User-Agent': 'python-requests/2.25.1', 'Accept-Encoding': 'gzip, deflate', 'Accept': '*/*', 'Connection': 'keep-alive', 'Content-Type': 'application/json', 'Vigilent-Api-Token': 'vd2R6aDXgz5e9zkmf7TfZzqN', 'Content-Length': '151'} 
 body=b'{"query": " mutation configWrite { configSet(requests: [{module: \\"DASHM\\", name: \\"PercentDeadSensorThreshold\\", value: \\"100\\"}]) { index reason }}"}' 
 </msg>
<msg timestamp="20210721 11:55:21.599" level="INFO">POST Response : url=https://10.252.9.64/api/public/graphql 
 status=200, reason=OK 
 headers={'Date': 'Wed, 21 Jul 2021 06:23:13 GMT', 'Server': 'Apache', 'Content-Encoding': 'gzip', 'Vary': 'Accept-Encoding', 'Content-Length': '45', 'Keep-Alive': 'timeout=10, max=100', 'Connection': 'Keep-Alive', 'Content-Type': 'application/json;charset=UTF-8'} 
 body={"data":{"configSet":[]}} 
 </msg>
<msg timestamp="20210721 11:55:21.599" level="INFO">${result} = &lt;Response [200]&gt;</msg>
<status status="PASS" starttime="20210721 11:55:20.714" endtime="20210721 11:55:21.599"/>
</kw>
<kw name="Should Be Equal As Strings" library="BuiltIn">
<arg>${result.status_code}</arg>
<arg>200</arg>
<doc>Fails if objects are unequal after converting them to strings.</doc>
<msg timestamp="20210721 11:55:21.615" level="INFO">Argument types are:
&lt;class 'int'&gt;
&lt;type 'unicode'&gt;</msg>
<status status="PASS" starttime="20210721 11:55:21.599" endtime="20210721 11:55:21.615"/>
</kw>
<kw name="Log To Console" library="BuiltIn">
<arg>Config module :${module_name}-&gt;Field:${field_name}-&gt;Value:${value}-is updated</arg>
<doc>Logs the given message to the console.</doc>
<status status="PASS" starttime="20210721 11:55:21.615" endtime="20210721 11:55:21.615"/>
</kw>
<status status="PASS" starttime="20210721 11:55:20.714" endtime="20210721 11:55:21.615"/>
</kw>
<kw name="changeCxConfigsTabModuleFieldValues" library="apiresources">
<arg>SYSTEM</arg>
<arg>NumMinutesPast</arg>
<arg>${num_minutes_past_val}</arg>
<kw name="Create Dictionary" library="BuiltIn">
<var>${headers}</var>
<arg>Content-Type=${content_type}</arg>
<arg>Vigilent-Api-Token=${write_api_token}</arg>
<doc>Creates and returns a dictionary based on the given ``items``.</doc>
<msg timestamp="20210721 11:55:21.615" level="INFO">${headers} = {'Content-Type': 'application/json', 'Vigilent-Api-Token': 'vd2R6aDXgz5e9zkmf7TfZzqN'}</msg>
<status status="PASS" starttime="20210721 11:55:21.615" endtime="20210721 11:55:21.615"/>
</kw>
<kw name="Create Dictionary" library="BuiltIn">
<var>${body}</var>
<arg>query= mutation configWrite { configSet(requests: [{module: "${module_name}", name: "${field_name}", value: "${value}"}]) { index reason }}</arg>
<doc>Creates and returns a dictionary based on the given ``items``.</doc>
<msg timestamp="20210721 11:55:21.615" level="INFO">${body} = {'query': ' mutation configWrite { configSet(requests: [{module: "SYSTEM", name: "NumMinutesPast", value: "5"}]) { index reason }}'}</msg>
<status status="PASS" starttime="20210721 11:55:21.615" endtime="20210721 11:55:21.615"/>
</kw>
<kw name="Create Session" library="RequestsLibrary">
<arg>AIEngine</arg>
<arg>${base_url}</arg>
<arg>disable_warnings=1</arg>
<doc>Create Session: create a HTTP session to a server</doc>
<msg timestamp="20210721 11:55:21.615" level="INFO">Creating Session using : alias=AIEngine, url=https://10.252.9.64/api, headers={},                     cookies={}, auth=None, timeout=None, proxies=None, verify=False,                     debug=0 </msg>
<status status="PASS" starttime="20210721 11:55:21.615" endtime="20210721 11:55:21.615"/>
</kw>
<kw name="Post On Session" library="RequestsLibrary">
<var>${result}</var>
<arg>AIEngine</arg>
<arg>/public/graphql</arg>
<arg>headers=${headers}</arg>
<arg>json=${body}</arg>
<doc>Sends a POST request on a previously created HTTP Session.</doc>
<msg timestamp="20210721 11:55:22.516" level="INFO">POST Request : url=https://10.252.9.64/api/public/graphql 
 path_url=/api/public/graphql 
 headers={'User-Agent': 'python-requests/2.25.1', 'Accept-Encoding': 'gzip, deflate', 'Accept': '*/*', 'Connection': 'keep-alive', 'Content-Type': 'application/json', 'Vigilent-Api-Token': 'vd2R6aDXgz5e9zkmf7TfZzqN', 'Content-Length': '138'} 
 body=b'{"query": " mutation configWrite { configSet(requests: [{module: \\"SYSTEM\\", name: \\"NumMinutesPast\\", value: \\"5\\"}]) { index reason }}"}' 
 </msg>
<msg timestamp="20210721 11:55:22.516" level="INFO">POST Response : url=https://10.252.9.64/api/public/graphql 
 status=200, reason=OK 
 headers={'Date': 'Wed, 21 Jul 2021 06:23:13 GMT', 'Server': 'Apache', 'Content-Encoding': 'gzip', 'Vary': 'Accept-Encoding', 'Content-Length': '45', 'Keep-Alive': 'timeout=10, max=100', 'Connection': 'Keep-Alive', 'Content-Type': 'application/json;charset=UTF-8'} 
 body={"data":{"configSet":[]}} 
 </msg>
<msg timestamp="20210721 11:55:22.516" level="INFO">${result} = &lt;Response [200]&gt;</msg>
<status status="PASS" starttime="20210721 11:55:21.630" endtime="20210721 11:55:22.516"/>
</kw>
<kw name="Should Be Equal As Strings" library="BuiltIn">
<arg>${result.status_code}</arg>
<arg>200</arg>
<doc>Fails if objects are unequal after converting them to strings.</doc>
<msg timestamp="20210721 11:55:22.532" level="INFO">Argument types are:
&lt;class 'int'&gt;
&lt;type 'unicode'&gt;</msg>
<status status="PASS" starttime="20210721 11:55:22.532" endtime="20210721 11:55:22.532"/>
</kw>
<kw name="Log To Console" library="BuiltIn">
<arg>Config module :${module_name}-&gt;Field:${field_name}-&gt;Value:${value}-is updated</arg>
<doc>Logs the given message to the console.</doc>
<status status="PASS" starttime="20210721 11:55:22.532" endtime="20210721 11:55:22.532"/>
</kw>
<status status="PASS" starttime="20210721 11:55:21.615" endtime="20210721 11:55:22.532"/>
</kw>
<status status="PASS" starttime="20210721 11:55:18.889" endtime="20210721 11:55:22.532"/>
</kw>
<kw name="setGroupPropertiesGuardHotAbsTempAllowNumExceedencesGuardAndControl" library="apiresources">
<arg>${allow_num_exceedences_control_initial}</arg>
<arg>${allow_num_exceedences_guard_initial}</arg>
<arg>${alm_hot_abs_temp_initial}</arg>
<arg>${guard_hot_abs_temp_intial}</arg>
<kw name="Create Dictionary" library="BuiltIn">
<var>${headers}</var>
<arg>Content-Type=${content_type}</arg>
<arg>Vigilent-Api-Token=${write_api_token}</arg>
<doc>Creates and returns a dictionary based on the given ``items``.</doc>
<msg timestamp="20210721 11:55:22.532" level="INFO">${headers} = {'Content-Type': 'application/json', 'Vigilent-Api-Token': 'vd2R6aDXgz5e9zkmf7TfZzqN'}</msg>
<status status="PASS" starttime="20210721 11:55:22.532" endtime="20210721 11:55:22.532"/>
</kw>
<kw name="Create Dictionary" library="BuiltIn">
<var>${body}</var>
<arg>query= mutation setGrpProp { propertyWrite(requests: [{oid: 17, name: "AllowNumExceedencesGuard", int: ${allow_num_excd_guard}},{oid: 17, name: "AllowNumExceedencesControl", int: ${allow_num_excd_ctrl}},{oid: 17, name: "GuardHotAbsTemp", float: ${guard_hot_abs_temp}},{oid: 17, name: "AlmHotAbsTemp", float: ${alm_hot_abs_temp}}]) { index reason }}</arg>
<doc>Creates and returns a dictionary based on the given ``items``.</doc>
<msg timestamp="20210721 11:55:22.532" level="INFO">${body} = {'query': ' mutation setGrpProp { propertyWrite(requests: [{oid: 17, name: "AllowNumExceedencesGuard", int: 10},{oid: 17, name: "AllowNumExceedencesControl", int: 10},{oid: 17, name: "GuardHotAbsTemp"...</msg>
<status status="PASS" starttime="20210721 11:55:22.532" endtime="20210721 11:55:22.532"/>
</kw>
<kw name="Create Session" library="RequestsLibrary">
<arg>AIEngine</arg>
<arg>${base_url}</arg>
<arg>disable_warnings=1</arg>
<doc>Create Session: create a HTTP session to a server</doc>
<msg timestamp="20210721 11:55:22.532" level="INFO">Creating Session using : alias=AIEngine, url=https://10.252.9.64/api, headers={},                     cookies={}, auth=None, timeout=None, proxies=None, verify=False,                     debug=0 </msg>
<status status="PASS" starttime="20210721 11:55:22.532" endtime="20210721 11:55:22.532"/>
</kw>
<kw name="Post On Session" library="RequestsLibrary">
<var>${result}</var>
<arg>AIEngine</arg>
<arg>/public/graphql</arg>
<arg>headers=${headers}</arg>
<arg>json=${body}</arg>
<doc>Sends a POST request on a previously created HTTP Session.</doc>
<msg timestamp="20210721 11:55:23.434" level="INFO">POST Request : url=https://10.252.9.64/api/public/graphql 
 path_url=/api/public/graphql 
 headers={'User-Agent': 'python-requests/2.25.1', 'Accept-Encoding': 'gzip, deflate', 'Accept': '*/*', 'Connection': 'keep-alive', 'Content-Type': 'application/json', 'Vigilent-Api-Token': 'vd2R6aDXgz5e9zkmf7TfZzqN', 'Content-Length': '287'} 
 body=b'{"query": " mutation setGrpProp { propertyWrite(requests: [{oid: 17, name: \\"AllowNumExceedencesGuard\\", int: 10},{oid: 17, name: \\"AllowNumExceedencesControl\\", int: 10},{oid: 17, name: \\"GuardHotAbsTemp\\", float: 90},{oid: 17, name: \\"AlmHotAbsTemp\\", float: 200}]) { index reason }}"}' 
 </msg>
<msg timestamp="20210721 11:55:23.434" level="INFO">POST Response : url=https://10.252.9.64/api/public/graphql 
 status=200, reason=OK 
 headers={'Date': 'Wed, 21 Jul 2021 06:23:14 GMT', 'Server': 'Apache', 'Content-Encoding': 'gzip', 'Vary': 'Accept-Encoding', 'Content-Length': '49', 'Keep-Alive': 'timeout=10, max=100', 'Connection': 'Keep-Alive', 'Content-Type': 'application/json;charset=UTF-8'} 
 body={"data":{"propertyWrite":[]}} 
 </msg>
<msg timestamp="20210721 11:55:23.434" level="INFO">${result} = &lt;Response [200]&gt;</msg>
<status status="PASS" starttime="20210721 11:55:22.532" endtime="20210721 11:55:23.434"/>
</kw>
<kw name="Should Be Equal As Strings" library="BuiltIn">
<arg>${result.status_code}</arg>
<arg>200</arg>
<doc>Fails if objects are unequal after converting them to strings.</doc>
<msg timestamp="20210721 11:55:23.450" level="INFO">Argument types are:
&lt;class 'int'&gt;
&lt;type 'unicode'&gt;</msg>
<status status="PASS" starttime="20210721 11:55:23.450" endtime="20210721 11:55:23.450"/>
</kw>
<status status="PASS" starttime="20210721 11:55:22.532" endtime="20210721 11:55:23.450"/>
</kw>
<kw name="setRackSensorPointsTemperature" library="apiresources">
<arg>${sensor_point_cooling_temp}</arg>
<kw name="Log To Console" library="BuiltIn">
<arg>Fetch the number of rack sensors -----------------&gt;</arg>
<doc>Logs the given message to the console.</doc>
<status status="PASS" starttime="20210721 11:55:23.450" endtime="20210721 11:55:23.450"/>
</kw>
<kw name="queryToFetchJsonResponseContainingTheRackSensorsFromGroup" library="apiresources">
<var>${json_dict}</var>
<kw name="Create Dictionary" library="BuiltIn">
<var>${headers}</var>
<arg>Content-Type=${content_type}</arg>
<arg>Vigilent-Api-Token=${query_api_token}</arg>
<doc>Creates and returns a dictionary based on the given ``items``.</doc>
<msg timestamp="20210721 11:55:23.450" level="INFO">${headers} = {'Content-Type': 'application/json', 'Vigilent-Api-Token': 'bZVd43sS4Y9WZfZ7du3kY6ST'}</msg>
<status status="PASS" starttime="20210721 11:55:23.450" endtime="20210721 11:55:23.450"/>
</kw>
<kw name="Create Dictionary" library="BuiltIn">
<var>${body}</var>
<arg>query= ${rackSensorPoints}</arg>
<doc>Creates and returns a dictionary based on the given ``items``.</doc>
<msg timestamp="20210721 11:55:23.450" level="INFO">${body} = {'query': ' query rackSensorPoints {\n            site {\n              groups: children(selector: {type: Group,name: "GRP00"}) @skip(if:false) {\n                oid name\n               racks: child...</msg>
<status status="PASS" starttime="20210721 11:55:23.450" endtime="20210721 11:55:23.450"/>
</kw>
<kw name="Create Session" library="RequestsLibrary">
<arg>AIEngine</arg>
<arg>${base_url}</arg>
<arg>disable_warnings=1</arg>
<doc>Create Session: create a HTTP session to a server</doc>
<msg timestamp="20210721 11:55:23.450" level="INFO">Creating Session using : alias=AIEngine, url=https://10.252.9.64/api, headers={},                     cookies={}, auth=None, timeout=None, proxies=None, verify=False,                     debug=0 </msg>
<status status="PASS" starttime="20210721 11:55:23.450" endtime="20210721 11:55:23.450"/>
</kw>
<kw name="Post On Session" library="RequestsLibrary">
<var>${result}</var>
<arg>AIEngine</arg>
<arg>/public/graphql</arg>
<arg>headers=${headers}</arg>
<arg>json=${body}</arg>
<doc>Sends a POST request on a previously created HTTP Session.</doc>
<msg timestamp="20210721 11:55:24.367" level="INFO">POST Request : url=https://10.252.9.64/api/public/graphql 
 path_url=/api/public/graphql 
 headers={'User-Agent': 'python-requests/2.25.1', 'Accept-Encoding': 'gzip, deflate', 'Accept': '*/*', 'Connection': 'keep-alive', 'Content-Type': 'application/json', 'Vigilent-Api-Token': 'bZVd43sS4Y9WZfZ7du3kY6ST', 'Content-Length': '552'} 
 body=b'{"query": " query rackSensorPoints {\\n            site {\\n              groups: children(selector: {type: Group,name: \\"GRP00\\"}) @skip(if:false) {\\n                oid name\\n               racks: children(selector:{type: Rack},){\\n\\n                  oid\\n                  displayName\\n              points: children{\\n                oid\\n                name\\n                  type\\n                pointCurrent{\\n                  value\\n                }\\n\\n              }\\n\\n              }\\n              }\\n              }\\n            }\\n"}' 
 </msg>
<msg timestamp="20210721 11:55:24.367" level="INFO">POST Response : url=https://10.252.9.64/api/public/graphql 
 status=200, reason=OK 
 headers={'Date': 'Wed, 21 Jul 2021 06:23:15 GMT', 'Server': 'Apache', 'Content-Encoding': 'gzip', 'Vary': 'Accept-Encoding', 'Content-Length': '433', 'Keep-Alive': 'timeout=10, max=100', 'Connection': 'Keep-Alive', 'Content-Type': 'application/json;charset=UTF-8'} 
 body={"data":{"site":{"groups":[{"oid":17,"name":"GRP00","racks":[{"oid":1272,"displayName":"CAT00-09-00","points":[{"oid":12010,"name":"Rack Bottom","type":"CBot","pointCurrent":{"value":65}},{"oid":12018,"name":"Rack Top","type":"CTop","pointCurrent":{"value":65}}]},{"oid":1291,"displayName":"CAT00-09-01","points":[{"oid":12026,"name":"Rack Bottom","type":"CBot","pointCurrent":{"value":65}},{"oid":12034,"name":"Rack Top","type":"CTop","pointCurrent":{"value":65}}]},{"oid":1310,"displayName":"CAT00-09-02","points":[{"oid":12042,"name":"Rack Bottom","type":"CBot","pointCurrent":{"value":65}},{"oid":12050,"name":"Rack Top","type":"CTop","pointCurrent":{"value":65}}]},{"oid":1329,"displayName":"CAT00-09-03","points":[{"oid":12058,"name":"Rack Bottom","type":"CBot","pointCurrent":{"value":65}},{"oid":12066,"name":"Rack Top","type":"CTop","pointCurrent":{"value":65}}]},{"oid":1348,"displayName":"CAT00-09-04","points":[{"oid":12074,"name":"Rack Bottom","type":"CBot","pointCurrent":{"value":65}},{"oid":12082,"name":"Rack Top","type":"CTop","pointCurrent":{"value":65}}]},{"oid":1367,"displayName":"CAT00-09-05","points":[{"oid":12090,"name":"Rack Bottom","type":"CBot","pointCurrent":{"value":65}},{"oid":12098,"name":"Rack Top","type":"CTop","pointCurrent":{"value":65}}]},{"oid":27360,"displayName":"CAT00-10-10","points":[{"oid":27363,"name":"Rack Bottom","type":"CBot","pointCurrent":{"value":65}},{"oid":27372,"name":"Rack Top","type":"CTop","pointCurrent":{"value":65}}]},{"oid":26267,"displayName":"RACKMON","points":[{"oid":26270,"name":"Rack Bottom","type":"CBot","pointCurrent":{"value":65}},{"oid":26279,"name":"Rack Top","type":"CTop","pointCurrent":{"value":65}}]},{"oid":21845,"displayName":"RH-T_01","points":[{"oid":21848,"name":"Humidity Monitor","type":"RHUM","pointCurrent":{"value":0.416529329182689}},{"oid":21856,"name":"Internal Thermistor","type":"ZNT","pointCurrent":{"value":68.666}}]},{"oid":21864,"displayName":"RH-T_02","points":[{"oid":21867,"name":"Humidity Monitor","type":"RHUM","pointCurrent":{"value":0.426966977964964}},{"oid":21875,"name":"Internal Thermistor","type":"ZNT","pointCurrent":{"value":72.014}}]},{"oid":21883,"displayName":"RH-T_03","points":[{"oid":21886,"name":"Humidity Monitor","type":"RHUM","pointCurrent":{"value":0.43655008240249}},{"oid":21894,"name":"Internal Thermistor","type":"ZNT","pointCurrent":{"value":69.206}}]}]}]}}} 
 </msg>
<msg timestamp="20210721 11:55:24.367" level="INFO">${result} = &lt;Response [200]&gt;</msg>
<status status="PASS" starttime="20210721 11:55:23.450" endtime="20210721 11:55:24.367"/>
</kw>
<kw name="Should Be Equal As Strings" library="BuiltIn">
<arg>${result.status_code}</arg>
<arg>200</arg>
<doc>Fails if objects are unequal after converting them to strings.</doc>
<msg timestamp="20210721 11:55:24.367" level="INFO">Argument types are:
&lt;class 'int'&gt;
&lt;type 'unicode'&gt;</msg>
<status status="PASS" starttime="20210721 11:55:24.367" endtime="20210721 11:55:24.367"/>
</kw>
<kw name="Set Variable" library="BuiltIn">
<var>${json_dict}</var>
<arg>${result.json()}</arg>
<doc>Returns the given values which can then be assigned to a variables.</doc>
<msg timestamp="20210721 11:55:24.367" level="INFO">${json_dict} = {'data': {'site': {'groups': [{'oid': 17, 'name': 'GRP00', 'racks': [{'oid': 1272, 'displayName': 'CAT00-09-00', 'points': [{'oid': 12010, 'name': 'Rack Bottom', 'type': 'CBot', 'pointCurrent': {'valu...</msg>
<status status="PASS" starttime="20210721 11:55:24.367" endtime="20210721 11:55:24.367"/>
</kw>
<kw name="Return From Keyword" library="BuiltIn">
<arg>${json_dict}</arg>
<doc>Returns from the enclosing user keyword.</doc>
<msg timestamp="20210721 11:55:24.367" level="INFO">Returning from the enclosing user keyword.</msg>
<status status="PASS" starttime="20210721 11:55:24.367" endtime="20210721 11:55:24.367"/>
</kw>
<msg timestamp="20210721 11:55:24.367" level="INFO">${json_dict} = {'data': {'site': {'groups': [{'oid': 17, 'name': 'GRP00', 'racks': [{'oid': 1272, 'displayName': 'CAT00-09-00', 'points': [{'oid': 12010, 'name': 'Rack Bottom', 'type': 'CBot', 'pointCurrent': {'valu...</msg>
<status status="PASS" starttime="20210721 11:55:23.450" endtime="20210721 11:55:24.367"/>
</kw>
<kw name="fetchTheNumberOfItemsInDictionary" library="apiresources">
<var>${total}</var>
<arg>${json_dict}</arg>
<arg>${racks_in_group}</arg>
<kw name="Get Value From Json" library="JSONLibrary">
<var>@{points}</var>
<arg>${dictionary}</arg>
<arg>${json_of_required_node}</arg>
<doc>Get Value From JSON using JSONPath</doc>
<msg timestamp="20210721 11:55:24.405" level="INFO">@{points} = [ [{'oid': 1272, 'displayName': 'CAT00-09-00', 'points': [{'oid': 12010, 'name': 'Rack Bottom', 'type': 'CBot', 'pointCurrent': {'value': 65}}, {'oid': 12018, 'name': 'Rack Top', 'type': 'CTop', 'poin...</msg>
<status status="PASS" starttime="20210721 11:55:24.367" endtime="20210721 11:55:24.405"/>
</kw>
<kw name="Get Length" library="BuiltIn">
<var>${total_points_to_write}</var>
<arg>@{points}</arg>
<doc>Returns and logs the length of the given item as an integer.</doc>
<msg timestamp="20210721 11:55:24.405" level="INFO">Length is 11</msg>
<msg timestamp="20210721 11:55:24.405" level="INFO">${total_points_to_write} = 11</msg>
<status status="PASS" starttime="20210721 11:55:24.405" endtime="20210721 11:55:24.405"/>
</kw>
<kw name="Convert To Integer" library="BuiltIn">
<var>${total}</var>
<arg>${total_points_to_write}</arg>
<doc>Converts the given item to an integer number.</doc>
<msg timestamp="20210721 11:55:24.405" level="INFO">${total} = 11</msg>
<status status="PASS" starttime="20210721 11:55:24.405" endtime="20210721 11:55:24.405"/>
</kw>
<kw name="Return From Keyword" library="BuiltIn">
<arg>${total}</arg>
<doc>Returns from the enclosing user keyword.</doc>
<msg timestamp="20210721 11:55:24.405" level="INFO">Returning from the enclosing user keyword.</msg>
<status status="PASS" starttime="20210721 11:55:24.405" endtime="20210721 11:55:24.405"/>
</kw>
<msg timestamp="20210721 11:55:24.405" level="INFO">${total} = 11</msg>
<status status="PASS" starttime="20210721 11:55:24.367" endtime="20210721 11:55:24.405"/>
</kw>
<kw name="Log To Console" library="BuiltIn">
<arg>Setting temperature for all sensor points-----------------&gt;</arg>
<doc>Logs the given message to the console.</doc>
<status status="PASS" starttime="20210721 11:55:24.405" endtime="20210721 11:55:24.405"/>
</kw>
<for flavor="IN RANGE">
<var>${i}</var>
<value>0</value>
<value>${total}</value>
<iter>
<var name="${i}">0</var>
<kw name="Log To Console" library="BuiltIn">
<arg>${i} Rack Sensor</arg>
<doc>Logs the given message to the console.</doc>
<status status="PASS" starttime="20210721 11:55:24.405" endtime="20210721 11:55:24.405"/>
</kw>
<kw name="fetchValueOfFieldFromJsonDictionary" library="apiresources">
<var>${rack_type1}</var>
<arg>${json_dict}</arg>
<arg>$.data.site.groups[0].racks[${i}].points[0].name</arg>
<kw name="Get Value From Json" library="JSONLibrary">
<var>${field_value_list}</var>
<arg>${json_dictionary}</arg>
<arg>${json_path_of_required_field}</arg>
<doc>Get Value From JSON using JSONPath</doc>
<msg timestamp="20210721 11:55:24.420" level="INFO">${field_value_list} = ['Rack Bottom']</msg>
<status status="PASS" starttime="20210721 11:55:24.405" endtime="20210721 11:55:24.420"/>
</kw>
<kw name="Get From List" library="Collections">
<var>${field_value}</var>
<arg>${field_value_list}</arg>
<arg>0</arg>
<doc>Returns the value specified with an ``index`` from ``list``.</doc>
<msg timestamp="20210721 11:55:24.420" level="INFO">${field_value} = Rack Bottom</msg>
<status status="PASS" starttime="20210721 11:55:24.420" endtime="20210721 11:55:24.420"/>
</kw>
<kw name="Return From Keyword" library="BuiltIn">
<arg>${field_value}</arg>
<doc>Returns from the enclosing user keyword.</doc>
<msg timestamp="20210721 11:55:24.420" level="INFO">Returning from the enclosing user keyword.</msg>
<status status="PASS" starttime="20210721 11:55:24.420" endtime="20210721 11:55:24.420"/>
</kw>
<msg timestamp="20210721 11:55:24.420" level="INFO">${rack_type1} = Rack Bottom</msg>
<status status="PASS" starttime="20210721 11:55:24.405" endtime="20210721 11:55:24.420"/>
</kw>
<kw name="fetchValueOfFieldFromJsonDictionary" library="apiresources">
<var>${rack_type2}</var>
<arg>${json_dict}</arg>
<arg>$.data.site.groups[0].racks[${i}].points[1].name</arg>
<kw name="Get Value From Json" library="JSONLibrary">
<var>${field_value_list}</var>
<arg>${json_dictionary}</arg>
<arg>${json_path_of_required_field}</arg>
<doc>Get Value From JSON using JSONPath</doc>
<msg timestamp="20210721 11:55:24.436" level="INFO">${field_value_list} = ['Rack Top']</msg>
<status status="PASS" starttime="20210721 11:55:24.420" endtime="20210721 11:55:24.436"/>
</kw>
<kw name="Get From List" library="Collections">
<var>${field_value}</var>
<arg>${field_value_list}</arg>
<arg>0</arg>
<doc>Returns the value specified with an ``index`` from ``list``.</doc>
<msg timestamp="20210721 11:55:24.436" level="INFO">${field_value} = Rack Top</msg>
<status status="PASS" starttime="20210721 11:55:24.436" endtime="20210721 11:55:24.436"/>
</kw>
<kw name="Return From Keyword" library="BuiltIn">
<arg>${field_value}</arg>
<doc>Returns from the enclosing user keyword.</doc>
<msg timestamp="20210721 11:55:24.436" level="INFO">Returning from the enclosing user keyword.</msg>
<status status="PASS" starttime="20210721 11:55:24.436" endtime="20210721 11:55:24.436"/>
</kw>
<msg timestamp="20210721 11:55:24.436" level="INFO">${rack_type2} = Rack Top</msg>
<status status="PASS" starttime="20210721 11:55:24.420" endtime="20210721 11:55:24.436"/>
</kw>
<kw name="fetchValueOfFieldFromJsonDictionary" library="apiresources">
<var>${oid1}</var>
<arg>${json_dict}</arg>
<arg>$.data.site.groups[0].racks[${i}].points[0].oid</arg>
<kw name="Get Value From Json" library="JSONLibrary">
<var>${field_value_list}</var>
<arg>${json_dictionary}</arg>
<arg>${json_path_of_required_field}</arg>
<doc>Get Value From JSON using JSONPath</doc>
<msg timestamp="20210721 11:55:24.452" level="INFO">${field_value_list} = [12010]</msg>
<status status="PASS" starttime="20210721 11:55:24.436" endtime="20210721 11:55:24.452"/>
</kw>
<kw name="Get From List" library="Collections">
<var>${field_value}</var>
<arg>${field_value_list}</arg>
<arg>0</arg>
<doc>Returns the value specified with an ``index`` from ``list``.</doc>
<msg timestamp="20210721 11:55:24.452" level="INFO">${field_value} = 12010</msg>
<status status="PASS" starttime="20210721 11:55:24.452" endtime="20210721 11:55:24.452"/>
</kw>
<kw name="Return From Keyword" library="BuiltIn">
<arg>${field_value}</arg>
<doc>Returns from the enclosing user keyword.</doc>
<msg timestamp="20210721 11:55:24.452" level="INFO">Returning from the enclosing user keyword.</msg>
<status status="PASS" starttime="20210721 11:55:24.452" endtime="20210721 11:55:24.452"/>
</kw>
<msg timestamp="20210721 11:55:24.452" level="INFO">${oid1} = 12010</msg>
<status status="PASS" starttime="20210721 11:55:24.436" endtime="20210721 11:55:24.452"/>
</kw>
<kw name="fetchValueOfFieldFromJsonDictionary" library="apiresources">
<var>${oid2}</var>
<arg>${json_dict}</arg>
<arg>$.data.site.groups[0].racks[${i}].points[1].oid</arg>
<kw name="Get Value From Json" library="JSONLibrary">
<var>${field_value_list}</var>
<arg>${json_dictionary}</arg>
<arg>${json_path_of_required_field}</arg>
<doc>Get Value From JSON using JSONPath</doc>
<msg timestamp="20210721 11:55:24.483" level="INFO">${field_value_list} = [12018]</msg>
<status status="PASS" starttime="20210721 11:55:24.467" endtime="20210721 11:55:24.483"/>
</kw>
<kw name="Get From List" library="Collections">
<var>${field_value}</var>
<arg>${field_value_list}</arg>
<arg>0</arg>
<doc>Returns the value specified with an ``index`` from ``list``.</doc>
<msg timestamp="20210721 11:55:24.483" level="INFO">${field_value} = 12018</msg>
<status status="PASS" starttime="20210721 11:55:24.483" endtime="20210721 11:55:24.483"/>
</kw>
<kw name="Return From Keyword" library="BuiltIn">
<arg>${field_value}</arg>
<doc>Returns from the enclosing user keyword.</doc>
<msg timestamp="20210721 11:55:24.483" level="INFO">Returning from the enclosing user keyword.</msg>
<status status="PASS" starttime="20210721 11:55:24.483" endtime="20210721 11:55:24.483"/>
</kw>
<msg timestamp="20210721 11:55:24.483" level="INFO">${oid2} = 12018</msg>
<status status="PASS" starttime="20210721 11:55:24.452" endtime="20210721 11:55:24.483"/>
</kw>
<kw name="Run Keyword If" library="BuiltIn">
<arg>'${rack_type1}'!='Humidity Monitor'</arg>
<arg>setRackPointSensorTemperature</arg>
<arg>${oid1}</arg>
<arg>${tempF}</arg>
<doc>Runs the given keyword with the given arguments, if ``condition`` is true.</doc>
<kw name="setRackPointSensorTemperature" library="apiresources">
<arg>${oid1}</arg>
<arg>${tempF}</arg>
<kw name="Create Dictionary" library="BuiltIn">
<var>${headers}</var>
<arg>Content-Type=${content_type}</arg>
<arg>Vigilent-Api-Token=${write_api_token}</arg>
<doc>Creates and returns a dictionary based on the given ``items``.</doc>
<msg timestamp="20210721 11:55:24.483" level="INFO">${headers} = {'Content-Type': 'application/json', 'Vigilent-Api-Token': 'vd2R6aDXgz5e9zkmf7TfZzqN'}</msg>
<status status="PASS" starttime="20210721 11:55:24.483" endtime="20210721 11:55:24.483"/>
</kw>
<kw name="Create Dictionary" library="BuiltIn">
<var>${body}</var>
<arg>query= mutation pointWrite { pointWrite(requests: [{oid: ${oid}, value: ${temp}}]) { index reason }}</arg>
<doc>Creates and returns a dictionary based on the given ``items``.</doc>
<msg timestamp="20210721 11:55:24.483" level="INFO">${body} = {'query': ' mutation pointWrite { pointWrite(requests: [{oid: 12010, value: 65.0}]) { index reason }}'}</msg>
<status status="PASS" starttime="20210721 11:55:24.483" endtime="20210721 11:55:24.483"/>
</kw>
<kw name="Create Session" library="RequestsLibrary">
<arg>AIEngine</arg>
<arg>${base_url}</arg>
<arg>disable_warnings=1</arg>
<doc>Create Session: create a HTTP session to a server</doc>
<msg timestamp="20210721 11:55:24.483" level="INFO">Creating Session using : alias=AIEngine, url=https://10.252.9.64/api, headers={},                     cookies={}, auth=None, timeout=None, proxies=None, verify=False,                     debug=0 </msg>
<status status="PASS" starttime="20210721 11:55:24.483" endtime="20210721 11:55:24.483"/>
</kw>
<kw name="Post On Session" library="RequestsLibrary">
<var>${result}</var>
<arg>AIEngine</arg>
<arg>/public/graphql</arg>
<arg>headers=${headers}</arg>
<arg>json=${body}</arg>
<doc>Sends a POST request on a previously created HTTP Session.</doc>
<msg timestamp="20210721 11:55:25.385" level="INFO">POST Request : url=https://10.252.9.64/api/public/graphql 
 path_url=/api/public/graphql 
 headers={'User-Agent': 'python-requests/2.25.1', 'Accept-Encoding': 'gzip, deflate', 'Accept': '*/*', 'Connection': 'keep-alive', 'Content-Type': 'application/json', 'Vigilent-Api-Token': 'vd2R6aDXgz5e9zkmf7TfZzqN', 'Content-Length': '103'} 
 body=b'{"query": " mutation pointWrite { pointWrite(requests: [{oid: 12010, value: 65.0}]) { index reason }}"}' 
 </msg>
<msg timestamp="20210721 11:55:25.385" level="INFO">POST Response : url=https://10.252.9.64/api/public/graphql 
 status=200, reason=OK 
 headers={'Date': 'Wed, 21 Jul 2021 06:23:16 GMT', 'Server': 'Apache', 'Content-Encoding': 'gzip', 'Vary': 'Accept-Encoding', 'Content-Length': '46', 'Keep-Alive': 'timeout=10, max=100', 'Connection': 'Keep-Alive', 'Content-Type': 'application/json;charset=UTF-8'} 
 body={"data":{"pointWrite":[]}} 
 </msg>
<msg timestamp="20210721 11:55:25.385" level="INFO">${result} = &lt;Response [200]&gt;</msg>
<status status="PASS" starttime="20210721 11:55:24.483" endtime="20210721 11:55:25.385"/>
</kw>
<kw name="Should Be Equal As Strings" library="BuiltIn">
<arg>${result.status_code}</arg>
<arg>200</arg>
<doc>Fails if objects are unequal after converting them to strings.</doc>
<msg timestamp="20210721 11:55:25.402" level="INFO">Argument types are:
&lt;class 'int'&gt;
&lt;type 'unicode'&gt;</msg>
<status status="PASS" starttime="20210721 11:55:25.385" endtime="20210721 11:55:25.402"/>
</kw>
<kw name="Log To Console" library="BuiltIn">
<arg>Temperature ${temp} F set for ${oid}</arg>
<doc>Logs the given message to the console.</doc>
<status status="PASS" starttime="20210721 11:55:25.402" endtime="20210721 11:55:25.402"/>
</kw>
<status status="PASS" starttime="20210721 11:55:24.483" endtime="20210721 11:55:25.402"/>
</kw>
<status status="PASS" starttime="20210721 11:55:24.483" endtime="20210721 11:55:25.402"/>
</kw>
<kw name="Run Keyword If" library="BuiltIn">
<arg>'${rack_type2}'!='Internal Thermistor'</arg>
<arg>setRackPointSensorTemperature</arg>
<arg>${oid2}</arg>
<arg>${tempF}</arg>
<doc>Runs the given keyword with the given arguments, if ``condition`` is true.</doc>
<kw name="setRackPointSensorTemperature" library="apiresources">
<arg>${oid2}</arg>
<arg>${tempF}</arg>
<kw name="Create Dictionary" library="BuiltIn">
<var>${headers}</var>
<arg>Content-Type=${content_type}</arg>
<arg>Vigilent-Api-Token=${write_api_token}</arg>
<doc>Creates and returns a dictionary based on the given ``items``.</doc>
<msg timestamp="20210721 11:55:25.402" level="INFO">${headers} = {'Content-Type': 'application/json', 'Vigilent-Api-Token': 'vd2R6aDXgz5e9zkmf7TfZzqN'}</msg>
<status status="PASS" starttime="20210721 11:55:25.402" endtime="20210721 11:55:25.402"/>
</kw>
<kw name="Create Dictionary" library="BuiltIn">
<var>${body}</var>
<arg>query= mutation pointWrite { pointWrite(requests: [{oid: ${oid}, value: ${temp}}]) { index reason }}</arg>
<doc>Creates and returns a dictionary based on the given ``items``.</doc>
<msg timestamp="20210721 11:55:25.402" level="INFO">${body} = {'query': ' mutation pointWrite { pointWrite(requests: [{oid: 12018, value: 65.0}]) { index reason }}'}</msg>
<status status="PASS" starttime="20210721 11:55:25.402" endtime="20210721 11:55:25.402"/>
</kw>
<kw name="Create Session" library="RequestsLibrary">
<arg>AIEngine</arg>
<arg>${base_url}</arg>
<arg>disable_warnings=1</arg>
<doc>Create Session: create a HTTP session to a server</doc>
<msg timestamp="20210721 11:55:25.402" level="INFO">Creating Session using : alias=AIEngine, url=https://10.252.9.64/api, headers={},                     cookies={}, auth=None, timeout=None, proxies=None, verify=False,                     debug=0 </msg>
<status status="PASS" starttime="20210721 11:55:25.402" endtime="20210721 11:55:25.402"/>
</kw>
<kw name="Post On Session" library="RequestsLibrary">
<var>${result}</var>
<arg>AIEngine</arg>
<arg>/public/graphql</arg>
<arg>headers=${headers}</arg>
<arg>json=${body}</arg>
<doc>Sends a POST request on a previously created HTTP Session.</doc>
<msg timestamp="20210721 11:55:26.309" level="INFO">POST Request : url=https://10.252.9.64/api/public/graphql 
 path_url=/api/public/graphql 
 headers={'User-Agent': 'python-requests/2.25.1', 'Accept-Encoding': 'gzip, deflate', 'Accept': '*/*', 'Connection': 'keep-alive', 'Content-Type': 'application/json', 'Vigilent-Api-Token': 'vd2R6aDXgz5e9zkmf7TfZzqN', 'Content-Length': '103'} 
 body=b'{"query": " mutation pointWrite { pointWrite(requests: [{oid: 12018, value: 65.0}]) { index reason }}"}' 
 </msg>
<msg timestamp="20210721 11:55:26.309" level="INFO">POST Response : url=https://10.252.9.64/api/public/graphql 
 status=200, reason=OK 
 headers={'Date': 'Wed, 21 Jul 2021 06:23:17 GMT', 'Server': 'Apache', 'Content-Encoding': 'gzip', 'Vary': 'Accept-Encoding', 'Content-Length': '46', 'Keep-Alive': 'timeout=10, max=100', 'Connection': 'Keep-Alive', 'Content-Type': 'application/json;charset=UTF-8'} 
 body={"data":{"pointWrite":[]}} 
 </msg>
<msg timestamp="20210721 11:55:26.309" level="INFO">${result} = &lt;Response [200]&gt;</msg>
<status status="PASS" starttime="20210721 11:55:25.402" endtime="20210721 11:55:26.309"/>
</kw>
<kw name="Should Be Equal As Strings" library="BuiltIn">
<arg>${result.status_code}</arg>
<arg>200</arg>
<doc>Fails if objects are unequal after converting them to strings.</doc>
<msg timestamp="20210721 11:55:26.309" level="INFO">Argument types are:
&lt;class 'int'&gt;
&lt;type 'unicode'&gt;</msg>
<status status="PASS" starttime="20210721 11:55:26.309" endtime="20210721 11:55:26.309"/>
</kw>
<kw name="Log To Console" library="BuiltIn">
<arg>Temperature ${temp} F set for ${oid}</arg>
<doc>Logs the given message to the console.</doc>
<status status="PASS" starttime="20210721 11:55:26.309" endtime="20210721 11:55:26.309"/>
</kw>
<status status="PASS" starttime="20210721 11:55:25.402" endtime="20210721 11:55:26.309"/>
</kw>
<status status="PASS" starttime="20210721 11:55:25.402" endtime="20210721 11:55:26.309"/>
</kw>
<status status="PASS" starttime="20210721 11:55:24.405" endtime="20210721 11:55:26.309"/>
</iter>
<iter>
<var name="${i}">1</var>
<kw name="Log To Console" library="BuiltIn">
<arg>${i} Rack Sensor</arg>
<doc>Logs the given message to the console.</doc>
<status status="PASS" starttime="20210721 11:55:26.309" endtime="20210721 11:55:26.309"/>
</kw>
<kw name="fetchValueOfFieldFromJsonDictionary" library="apiresources">
<var>${rack_type1}</var>
<arg>${json_dict}</arg>
<arg>$.data.site.groups[0].racks[${i}].points[0].name</arg>
<kw name="Get Value From Json" library="JSONLibrary">
<var>${field_value_list}</var>
<arg>${json_dictionary}</arg>
<arg>${json_path_of_required_field}</arg>
<doc>Get Value From JSON using JSONPath</doc>
<msg timestamp="20210721 11:55:26.340" level="INFO">${field_value_list} = ['Rack Bottom']</msg>
<status status="PASS" starttime="20210721 11:55:26.309" endtime="20210721 11:55:26.340"/>
</kw>
<kw name="Get From List" library="Collections">
<var>${field_value}</var>
<arg>${field_value_list}</arg>
<arg>0</arg>
<doc>Returns the value specified with an ``index`` from ``list``.</doc>
<msg timestamp="20210721 11:55:26.340" level="INFO">${field_value} = Rack Bottom</msg>
<status status="PASS" starttime="20210721 11:55:26.340" endtime="20210721 11:55:26.340"/>
</kw>
<kw name="Return From Keyword" library="BuiltIn">
<arg>${field_value}</arg>
<doc>Returns from the enclosing user keyword.</doc>
<msg timestamp="20210721 11:55:26.340" level="INFO">Returning from the enclosing user keyword.</msg>
<status status="PASS" starttime="20210721 11:55:26.340" endtime="20210721 11:55:26.340"/>
</kw>
<msg timestamp="20210721 11:55:26.340" level="INFO">${rack_type1} = Rack Bottom</msg>
<status status="PASS" starttime="20210721 11:55:26.309" endtime="20210721 11:55:26.340"/>
</kw>
<kw name="fetchValueOfFieldFromJsonDictionary" library="apiresources">
<var>${rack_type2}</var>
<arg>${json_dict}</arg>
<arg>$.data.site.groups[0].racks[${i}].points[1].name</arg>
<kw name="Get Value From Json" library="JSONLibrary">
<var>${field_value_list}</var>
<arg>${json_dictionary}</arg>
<arg>${json_path_of_required_field}</arg>
<doc>Get Value From JSON using JSONPath</doc>
<msg timestamp="20210721 11:55:26.356" level="INFO">${field_value_list} = ['Rack Top']</msg>
<status status="PASS" starttime="20210721 11:55:26.340" endtime="20210721 11:55:26.356"/>
</kw>
<kw name="Get From List" library="Collections">
<var>${field_value}</var>
<arg>${field_value_list}</arg>
<arg>0</arg>
<doc>Returns the value specified with an ``index`` from ``list``.</doc>
<msg timestamp="20210721 11:55:26.356" level="INFO">${field_value} = Rack Top</msg>
<status status="PASS" starttime="20210721 11:55:26.356" endtime="20210721 11:55:26.356"/>
</kw>
<kw name="Return From Keyword" library="BuiltIn">
<arg>${field_value}</arg>
<doc>Returns from the enclosing user keyword.</doc>
<msg timestamp="20210721 11:55:26.356" level="INFO">Returning from the enclosing user keyword.</msg>
<status status="PASS" starttime="20210721 11:55:26.356" endtime="20210721 11:55:26.356"/>
</kw>
<msg timestamp="20210721 11:55:26.356" level="INFO">${rack_type2} = Rack Top</msg>
<status status="PASS" starttime="20210721 11:55:26.340" endtime="20210721 11:55:26.356"/>
</kw>
<kw name="fetchValueOfFieldFromJsonDictionary" library="apiresources">
<var>${oid1}</var>
<arg>${json_dict}</arg>
<arg>$.data.site.groups[0].racks[${i}].points[0].oid</arg>
<kw name="Get Value From Json" library="JSONLibrary">
<var>${field_value_list}</var>
<arg>${json_dictionary}</arg>
<arg>${json_path_of_required_field}</arg>
<doc>Get Value From JSON using JSONPath</doc>
<msg timestamp="20210721 11:55:26.372" level="INFO">${field_value_list} = [12026]</msg>
<status status="PASS" starttime="20210721 11:55:26.356" endtime="20210721 11:55:26.372"/>
</kw>
<kw name="Get From List" library="Collections">
<var>${field_value}</var>
<arg>${field_value_list}</arg>
<arg>0</arg>
<doc>Returns the value specified with an ``index`` from ``list``.</doc>
<msg timestamp="20210721 11:55:26.372" level="INFO">${field_value} = 12026</msg>
<status status="PASS" starttime="20210721 11:55:26.372" endtime="20210721 11:55:26.372"/>
</kw>
<kw name="Return From Keyword" library="BuiltIn">
<arg>${field_value}</arg>
<doc>Returns from the enclosing user keyword.</doc>
<msg timestamp="20210721 11:55:26.372" level="INFO">Returning from the enclosing user keyword.</msg>
<status status="PASS" starttime="20210721 11:55:26.372" endtime="20210721 11:55:26.372"/>
</kw>
<msg timestamp="20210721 11:55:26.372" level="INFO">${oid1} = 12026</msg>
<status status="PASS" starttime="20210721 11:55:26.356" endtime="20210721 11:55:26.372"/>
</kw>
<kw name="fetchValueOfFieldFromJsonDictionary" library="apiresources">
<var>${oid2}</var>
<arg>${json_dict}</arg>
<arg>$.data.site.groups[0].racks[${i}].points[1].oid</arg>
<kw name="Get Value From Json" library="JSONLibrary">
<var>${field_value_list}</var>
<arg>${json_dictionary}</arg>
<arg>${json_path_of_required_field}</arg>
<doc>Get Value From JSON using JSONPath</doc>
<msg timestamp="20210721 11:55:26.390" level="INFO">${field_value_list} = [12034]</msg>
<status status="PASS" starttime="20210721 11:55:26.372" endtime="20210721 11:55:26.390"/>
</kw>
<kw name="Get From List" library="Collections">
<var>${field_value}</var>
<arg>${field_value_list}</arg>
<arg>0</arg>
<doc>Returns the value specified with an ``index`` from ``list``.</doc>
<msg timestamp="20210721 11:55:26.390" level="INFO">${field_value} = 12034</msg>
<status status="PASS" starttime="20210721 11:55:26.390" endtime="20210721 11:55:26.390"/>
</kw>
<kw name="Return From Keyword" library="BuiltIn">
<arg>${field_value}</arg>
<doc>Returns from the enclosing user keyword.</doc>
<msg timestamp="20210721 11:55:26.390" level="INFO">Returning from the enclosing user keyword.</msg>
<status status="PASS" starttime="20210721 11:55:26.390" endtime="20210721 11:55:26.390"/>
</kw>
<msg timestamp="20210721 11:55:26.390" level="INFO">${oid2} = 12034</msg>
<status status="PASS" starttime="20210721 11:55:26.372" endtime="20210721 11:55:26.390"/>
</kw>
<kw name="Run Keyword If" library="BuiltIn">
<arg>'${rack_type1}'!='Humidity Monitor'</arg>
<arg>setRackPointSensorTemperature</arg>
<arg>${oid1}</arg>
<arg>${tempF}</arg>
<doc>Runs the given keyword with the given arguments, if ``condition`` is true.</doc>
<kw name="setRackPointSensorTemperature" library="apiresources">
<arg>${oid1}</arg>
<arg>${tempF}</arg>
<kw name="Create Dictionary" library="BuiltIn">
<var>${headers}</var>
<arg>Content-Type=${content_type}</arg>
<arg>Vigilent-Api-Token=${write_api_token}</arg>
<doc>Creates and returns a dictionary based on the given ``items``.</doc>
<msg timestamp="20210721 11:55:26.390" level="INFO">${headers} = {'Content-Type': 'application/json', 'Vigilent-Api-Token': 'vd2R6aDXgz5e9zkmf7TfZzqN'}</msg>
<status status="PASS" starttime="20210721 11:55:26.390" endtime="20210721 11:55:26.390"/>
</kw>
<kw name="Create Dictionary" library="BuiltIn">
<var>${body}</var>
<arg>query= mutation pointWrite { pointWrite(requests: [{oid: ${oid}, value: ${temp}}]) { index reason }}</arg>
<doc>Creates and returns a dictionary based on the given ``items``.</doc>
<msg timestamp="20210721 11:55:26.390" level="INFO">${body} = {'query': ' mutation pointWrite { pointWrite(requests: [{oid: 12026, value: 65.0}]) { index reason }}'}</msg>
<status status="PASS" starttime="20210721 11:55:26.390" endtime="20210721 11:55:26.390"/>
</kw>
<kw name="Create Session" library="RequestsLibrary">
<arg>AIEngine</arg>
<arg>${base_url}</arg>
<arg>disable_warnings=1</arg>
<doc>Create Session: create a HTTP session to a server</doc>
<msg timestamp="20210721 11:55:26.390" level="INFO">Creating Session using : alias=AIEngine, url=https://10.252.9.64/api, headers={},                     cookies={}, auth=None, timeout=None, proxies=None, verify=False,                     debug=0 </msg>
<status status="PASS" starttime="20210721 11:55:26.390" endtime="20210721 11:55:26.390"/>
</kw>
<kw name="Post On Session" library="RequestsLibrary">
<var>${result}</var>
<arg>AIEngine</arg>
<arg>/public/graphql</arg>
<arg>headers=${headers}</arg>
<arg>json=${body}</arg>
<doc>Sends a POST request on a previously created HTTP Session.</doc>
<msg timestamp="20210721 11:55:27.305" level="INFO">POST Request : url=https://10.252.9.64/api/public/graphql 
 path_url=/api/public/graphql 
 headers={'User-Agent': 'python-requests/2.25.1', 'Accept-Encoding': 'gzip, deflate', 'Accept': '*/*', 'Connection': 'keep-alive', 'Content-Type': 'application/json', 'Vigilent-Api-Token': 'vd2R6aDXgz5e9zkmf7TfZzqN', 'Content-Length': '103'} 
 body=b'{"query": " mutation pointWrite { pointWrite(requests: [{oid: 12026, value: 65.0}]) { index reason }}"}' 
 </msg>
<msg timestamp="20210721 11:55:27.305" level="INFO">POST Response : url=https://10.252.9.64/api/public/graphql 
 status=200, reason=OK 
 headers={'Date': 'Wed, 21 Jul 2021 06:23:18 GMT', 'Server': 'Apache', 'Content-Encoding': 'gzip', 'Vary': 'Accept-Encoding', 'Content-Length': '46', 'Keep-Alive': 'timeout=10, max=100', 'Connection': 'Keep-Alive', 'Content-Type': 'application/json;charset=UTF-8'} 
 body={"data":{"pointWrite":[]}} 
 </msg>
<msg timestamp="20210721 11:55:27.305" level="INFO">${result} = &lt;Response [200]&gt;</msg>
<status status="PASS" starttime="20210721 11:55:26.390" endtime="20210721 11:55:27.305"/>
</kw>
<kw name="Should Be Equal As Strings" library="BuiltIn">
<arg>${result.status_code}</arg>
<arg>200</arg>
<doc>Fails if objects are unequal after converting them to strings.</doc>
<msg timestamp="20210721 11:55:27.305" level="INFO">Argument types are:
&lt;class 'int'&gt;
&lt;type 'unicode'&gt;</msg>
<status status="PASS" starttime="20210721 11:55:27.305" endtime="20210721 11:55:27.305"/>
</kw>
<kw name="Log To Console" library="BuiltIn">
<arg>Temperature ${temp} F set for ${oid}</arg>
<doc>Logs the given message to the console.</doc>
<status status="PASS" starttime="20210721 11:55:27.305" endtime="20210721 11:55:27.305"/>
</kw>
<status status="PASS" starttime="20210721 11:55:26.390" endtime="20210721 11:55:27.305"/>
</kw>
<status status="PASS" starttime="20210721 11:55:26.390" endtime="20210721 11:55:27.305"/>
</kw>
<kw name="Run Keyword If" library="BuiltIn">
<arg>'${rack_type2}'!='Internal Thermistor'</arg>
<arg>setRackPointSensorTemperature</arg>
<arg>${oid2}</arg>
<arg>${tempF}</arg>
<doc>Runs the given keyword with the given arguments, if ``condition`` is true.</doc>
<kw name="setRackPointSensorTemperature" library="apiresources">
<arg>${oid2}</arg>
<arg>${tempF}</arg>
<kw name="Create Dictionary" library="BuiltIn">
<var>${headers}</var>
<arg>Content-Type=${content_type}</arg>
<arg>Vigilent-Api-Token=${write_api_token}</arg>
<doc>Creates and returns a dictionary based on the given ``items``.</doc>
<msg timestamp="20210721 11:55:27.311" level="INFO">${headers} = {'Content-Type': 'application/json', 'Vigilent-Api-Token': 'vd2R6aDXgz5e9zkmf7TfZzqN'}</msg>
<status status="PASS" starttime="20210721 11:55:27.311" endtime="20210721 11:55:27.311"/>
</kw>
<kw name="Create Dictionary" library="BuiltIn">
<var>${body}</var>
<arg>query= mutation pointWrite { pointWrite(requests: [{oid: ${oid}, value: ${temp}}]) { index reason }}</arg>
<doc>Creates and returns a dictionary based on the given ``items``.</doc>
<msg timestamp="20210721 11:55:27.311" level="INFO">${body} = {'query': ' mutation pointWrite { pointWrite(requests: [{oid: 12034, value: 65.0}]) { index reason }}'}</msg>
<status status="PASS" starttime="20210721 11:55:27.311" endtime="20210721 11:55:27.311"/>
</kw>
<kw name="Create Session" library="RequestsLibrary">
<arg>AIEngine</arg>
<arg>${base_url}</arg>
<arg>disable_warnings=1</arg>
<doc>Create Session: create a HTTP session to a server</doc>
<msg timestamp="20210721 11:55:27.311" level="INFO">Creating Session using : alias=AIEngine, url=https://10.252.9.64/api, headers={},                     cookies={}, auth=None, timeout=None, proxies=None, verify=False,                     debug=0 </msg>
<status status="PASS" starttime="20210721 11:55:27.311" endtime="20210721 11:55:27.311"/>
</kw>
<kw name="Post On Session" library="RequestsLibrary">
<var>${result}</var>
<arg>AIEngine</arg>
<arg>/public/graphql</arg>
<arg>headers=${headers}</arg>
<arg>json=${body}</arg>
<doc>Sends a POST request on a previously created HTTP Session.</doc>
<msg timestamp="20210721 11:55:28.206" level="INFO">POST Request : url=https://10.252.9.64/api/public/graphql 
 path_url=/api/public/graphql 
 headers={'User-Agent': 'python-requests/2.25.1', 'Accept-Encoding': 'gzip, deflate', 'Accept': '*/*', 'Connection': 'keep-alive', 'Content-Type': 'application/json', 'Vigilent-Api-Token': 'vd2R6aDXgz5e9zkmf7TfZzqN', 'Content-Length': '103'} 
 body=b'{"query": " mutation pointWrite { pointWrite(requests: [{oid: 12034, value: 65.0}]) { index reason }}"}' 
 </msg>
<msg timestamp="20210721 11:55:28.206" level="INFO">POST Response : url=https://10.252.9.64/api/public/graphql 
 status=200, reason=OK 
 headers={'Date': 'Wed, 21 Jul 2021 06:23:19 GMT', 'Server': 'Apache', 'Content-Encoding': 'gzip', 'Vary': 'Accept-Encoding', 'Content-Length': '46', 'Keep-Alive': 'timeout=10, max=100', 'Connection': 'Keep-Alive', 'Content-Type': 'application/json;charset=UTF-8'} 
 body={"data":{"pointWrite":[]}} 
 </msg>
<msg timestamp="20210721 11:55:28.206" level="INFO">${result} = &lt;Response [200]&gt;</msg>
<status status="PASS" starttime="20210721 11:55:27.311" endtime="20210721 11:55:28.206"/>
</kw>
<kw name="Should Be Equal As Strings" library="BuiltIn">
<arg>${result.status_code}</arg>
<arg>200</arg>
<doc>Fails if objects are unequal after converting them to strings.</doc>
<msg timestamp="20210721 11:55:28.206" level="INFO">Argument types are:
&lt;class 'int'&gt;
&lt;type 'unicode'&gt;</msg>
<status status="PASS" starttime="20210721 11:55:28.206" endtime="20210721 11:55:28.206"/>
</kw>
<kw name="Log To Console" library="BuiltIn">
<arg>Temperature ${temp} F set for ${oid}</arg>
<doc>Logs the given message to the console.</doc>
<status status="PASS" starttime="20210721 11:55:28.206" endtime="20210721 11:55:28.206"/>
</kw>
<status status="PASS" starttime="20210721 11:55:27.305" endtime="20210721 11:55:28.206"/>
</kw>
<status status="PASS" starttime="20210721 11:55:27.305" endtime="20210721 11:55:28.206"/>
</kw>
<status status="PASS" starttime="20210721 11:55:26.309" endtime="20210721 11:55:28.206"/>
</iter>
<iter>
<var name="${i}">2</var>
<kw name="Log To Console" library="BuiltIn">
<arg>${i} Rack Sensor</arg>
<doc>Logs the given message to the console.</doc>
<status status="PASS" starttime="20210721 11:55:28.206" endtime="20210721 11:55:28.206"/>
</kw>
<kw name="fetchValueOfFieldFromJsonDictionary" library="apiresources">
<var>${rack_type1}</var>
<arg>${json_dict}</arg>
<arg>$.data.site.groups[0].racks[${i}].points[0].name</arg>
<kw name="Get Value From Json" library="JSONLibrary">
<var>${field_value_list}</var>
<arg>${json_dictionary}</arg>
<arg>${json_path_of_required_field}</arg>
<doc>Get Value From JSON using JSONPath</doc>
<msg timestamp="20210721 11:55:28.212" level="INFO">${field_value_list} = ['Rack Bottom']</msg>
<status status="PASS" starttime="20210721 11:55:28.206" endtime="20210721 11:55:28.212"/>
</kw>
[...]
<status status="PASS" starttime="20210721 11:59:57.868" endtime="20210721 11:59:57.888"/>
</kw>
<kw name="Log To Console" library="BuiltIn">
<arg>!V-------Status value for AHU:${ahu} control:${controls} is ${ahu_status_ctrl_value}-----!V</arg>
<doc>Logs the given message to the console.</doc>
<status status="PASS" starttime="20210721 11:59:57.888" endtime="20210721 11:59:57.888"/>
</kw>
<if>
<branch type="IF" condition="&quot;${ahu_status_ctrl_value}&quot;==&quot;GUARD&quot;">
<kw name="incrementingByOne" library="common">
<var>${counter}</var>
<arg>${counter}</arg>
<kw name="Increment By One" library="common">
<var>${value}</var>
<arg>${before_val}</arg>
<msg timestamp="20210721 11:59:57.888" level="INFO">${value} = 1</msg>
<status status="PASS" starttime="20210721 11:59:57.888" endtime="20210721 11:59:57.888"/>
</kw>
<kw name="Return From Keyword" library="BuiltIn">
<arg>${value}</arg>
<doc>Returns from the enclosing user keyword.</doc>
<msg timestamp="20210721 11:59:57.888" level="INFO">Returning from the enclosing user keyword.</msg>
<status status="PASS" starttime="20210721 11:59:57.888" endtime="20210721 11:59:57.888"/>
</kw>
<msg timestamp="20210721 11:59:57.888" level="INFO">${counter} = 1</msg>
<status status="PASS" starttime="20210721 11:59:57.888" endtime="20210721 11:59:57.888"/>
</kw>
<if>
<branch type="IF" condition="${no_of_controls} &gt; 1">
<for flavor="IN RANGE">
<var>${remaining_controls}</var>
<value>1</value>
<value>${no_of_controls}</value>
<iter>
<var name="${remaining_controls}">${remaining_controls}</var>
<kw name="fetchValueOfFieldFromJsonDictionary" library="apiresources">
<var>${ahu_status_ctrl_value}</var>
<arg>${json_dictionary}</arg>
<arg>$.data.site.groups[0].ahus[${ahu}].controls[${remaining_controls}].status.origin</arg>
<status status="NOT RUN" starttime="20210721 11:59:57.888" endtime="20210721 11:59:57.888"/>
</kw>
<kw name="Log To Console" library="BuiltIn">
<arg>!V-------Status value for AHU:${ahu} control:${remaining_controls} is ${ahu_status_ctrl_value}-----!V</arg>
<doc>Logs the given message to the console.</doc>
<status status="NOT RUN" starttime="20210721 11:59:57.888" endtime="20210721 11:59:57.888"/>
</kw>
<kw name="Should Be Equal As Strings" library="BuiltIn">
<arg>${ahu_status_ctrl_value}</arg>
<arg>GUARD</arg>
<doc>Fails if objects are unequal after converting them to strings.</doc>
<status status="NOT RUN" starttime="20210721 11:59:57.888" endtime="20210721 11:59:57.888"/>
</kw>
<status status="NOT RUN" starttime="20210721 11:59:57.888" endtime="20210721 11:59:57.888"/>
</iter>
<status status="NOT RUN" starttime="20210721 11:59:57.888" endtime="20210721 11:59:57.888"/>
</for>
<status status="NOT RUN" starttime="20210721 11:59:57.888" endtime="20210721 11:59:57.888"/>
</branch>
<status status="PASS" starttime="20210721 11:59:57.888" endtime="20210721 11:59:57.888"/>
</if>
<kw name="Exit For Loop" library="BuiltIn">
<doc>Stops executing the enclosing for loop.</doc>
<msg timestamp="20210721 11:59:57.893" level="INFO">Exiting for loop altogether.</msg>
<status status="PASS" starttime="20210721 11:59:57.893" endtime="20210721 11:59:57.893"/>
</kw>
<status status="PASS" starttime="20210721 11:59:57.888" endtime="20210721 11:59:57.893"/>
</branch>
<status status="PASS" starttime="20210721 11:59:57.888" endtime="20210721 11:59:57.893"/>
</if>
<status status="PASS" starttime="20210721 11:59:57.868" endtime="20210721 11:59:57.893"/>
</iter>
<status status="PASS" starttime="20210721 11:59:57.868" endtime="20210721 11:59:57.893"/>
</for>
<status status="PASS" starttime="20210721 11:59:57.843" endtime="20210721 11:59:57.893"/>
</iter>
<iter>
<var name="${ahu}">9</var>
<kw name="Log To Console" library="BuiltIn">
<arg>!!---Checking ahu at position ${ahu}---!!s</arg>
<doc>Logs the given message to the console.</doc>
<status status="PASS" starttime="20210721 11:59:57.893" endtime="20210721 11:59:57.893"/>
</kw>
<kw name="fetchTheNumberOfItemsInDictionary" library="apiresources">
<var>${no_of_controls}</var>
<arg>${json_dictionary}</arg>
<arg>$.data.site.groups[0].ahus[${ahu}].controls</arg>
<kw name="Get Value From Json" library="JSONLibrary">
<var>@{points}</var>
<arg>${dictionary}</arg>
<arg>${json_of_required_node}</arg>
<doc>Get Value From JSON using JSONPath</doc>
<msg timestamp="20210721 11:59:57.913" level="INFO">@{points} = [ [{'oid': 15176, 'type': 'SFC', 'displayName': 'SFC', 'name': 'SFC', 'status': {'origin': 'CONTROL'}}] ]</msg>
<status status="PASS" starttime="20210721 11:59:57.893" endtime="20210721 11:59:57.913"/>
</kw>
<kw name="Get Length" library="BuiltIn">
<var>${total_points_to_write}</var>
<arg>@{points}</arg>
<doc>Returns and logs the length of the given item as an integer.</doc>
<msg timestamp="20210721 11:59:57.913" level="INFO">Length is 1</msg>
<msg timestamp="20210721 11:59:57.913" level="INFO">${total_points_to_write} = 1</msg>
<status status="PASS" starttime="20210721 11:59:57.913" endtime="20210721 11:59:57.913"/>
</kw>
<kw name="Convert To Integer" library="BuiltIn">
<var>${total}</var>
<arg>${total_points_to_write}</arg>
<doc>Converts the given item to an integer number.</doc>
<msg timestamp="20210721 11:59:57.913" level="INFO">${total} = 1</msg>
<status status="PASS" starttime="20210721 11:59:57.913" endtime="20210721 11:59:57.913"/>
</kw>
<kw name="Return From Keyword" library="BuiltIn">
<arg>${total}</arg>
<doc>Returns from the enclosing user keyword.</doc>
<msg timestamp="20210721 11:59:57.915" level="INFO">Returning from the enclosing user keyword.</msg>
<status status="PASS" starttime="20210721 11:59:57.915" endtime="20210721 11:59:57.915"/>
</kw>
<msg timestamp="20210721 11:59:57.915" level="INFO">${no_of_controls} = 1</msg>
<status status="PASS" starttime="20210721 11:59:57.893" endtime="20210721 11:59:57.915"/>
</kw>
<kw name="Log To Console" library="BuiltIn">
<arg>!!!--No of Controls for ${ahu} is ${no_of_controls}---!!!</arg>
<doc>Logs the given message to the console.</doc>
<status status="PASS" starttime="20210721 11:59:57.915" endtime="20210721 11:59:57.915"/>
</kw>
<for flavor="IN RANGE">
<var>${controls}</var>
<value>0</value>
<value>${no_of_controls}</value>
<iter>
<var name="${controls}">0</var>
<kw name="fetchValueOfFieldFromJsonDictionary" library="apiresources">
<var>${ahu_status_ctrl_value}</var>
<arg>${json_dictionary}</arg>
<arg>$.data.site.groups[0].ahus[${ahu}].controls[${controls}].status.origin</arg>
<kw name="Get Value From Json" library="JSONLibrary">
<var>${field_value_list}</var>
<arg>${json_dictionary}</arg>
<arg>${json_path_of_required_field}</arg>
<doc>Get Value From JSON using JSONPath</doc>
<msg timestamp="20210721 11:59:57.933" level="INFO">${field_value_list} = ['CONTROL']</msg>
<status status="PASS" starttime="20210721 11:59:57.915" endtime="20210721 11:59:57.933"/>
</kw>
<kw name="Get From List" library="Collections">
<var>${field_value}</var>
<arg>${field_value_list}</arg>
<arg>0</arg>
<doc>Returns the value specified with an ``index`` from ``list``.</doc>
<msg timestamp="20210721 11:59:57.934" level="INFO">${field_value} = CONTROL</msg>
<status status="PASS" starttime="20210721 11:59:57.933" endtime="20210721 11:59:57.934"/>
</kw>
<kw name="Return From Keyword" library="BuiltIn">
<arg>${field_value}</arg>
<doc>Returns from the enclosing user keyword.</doc>
<msg timestamp="20210721 11:59:57.934" level="INFO">Returning from the enclosing user keyword.</msg>
<status status="PASS" starttime="20210721 11:59:57.934" endtime="20210721 11:59:57.934"/>
</kw>
<msg timestamp="20210721 11:59:57.934" level="INFO">${ahu_status_ctrl_value} = CONTROL</msg>
<status status="PASS" starttime="20210721 11:59:57.915" endtime="20210721 11:59:57.934"/>
</kw>
<kw name="Log To Console" library="BuiltIn">
<arg>!V-------Status value for AHU:${ahu} control:${controls} is ${ahu_status_ctrl_value}-----!V</arg>
<doc>Logs the given message to the console.</doc>
<status status="PASS" starttime="20210721 11:59:57.934" endtime="20210721 11:59:57.934"/>
</kw>
<if>
<branch type="IF" condition="&quot;${ahu_status_ctrl_value}&quot;==&quot;GUARD&quot;">
<kw name="incrementingByOne" library="common">
<var>${counter}</var>
<arg>${counter}</arg>
<status status="NOT RUN" starttime="20210721 11:59:57.934" endtime="20210721 11:59:57.934"/>
</kw>
<if>
<branch type="IF" condition="${no_of_controls} &gt; 1">
<for flavor="IN RANGE">
<var>${remaining_controls}</var>
<value>1</value>
<value>${no_of_controls}</value>
<iter>
<var name="${remaining_controls}">${remaining_controls}</var>
<kw name="fetchValueOfFieldFromJsonDictionary" library="apiresources">
<var>${ahu_status_ctrl_value}</var>
<arg>${json_dictionary}</arg>
<arg>$.data.site.groups[0].ahus[${ahu}].controls[${remaining_controls}].status.origin</arg>
<status status="NOT RUN" starttime="20210721 11:59:57.936" endtime="20210721 11:59:57.936"/>
</kw>
<kw name="Log To Console" library="BuiltIn">
<arg>!V-------Status value for AHU:${ahu} control:${remaining_controls} is ${ahu_status_ctrl_value}-----!V</arg>
<doc>Logs the given message to the console.</doc>
<status status="NOT RUN" starttime="20210721 11:59:57.936" endtime="20210721 11:59:57.936"/>
</kw>
<kw name="Should Be Equal As Strings" library="BuiltIn">
<arg>${ahu_status_ctrl_value}</arg>
<arg>GUARD</arg>
<doc>Fails if objects are unequal after converting them to strings.</doc>
<status status="NOT RUN" starttime="20210721 11:59:57.936" endtime="20210721 11:59:57.936"/>
</kw>
<status status="NOT RUN" starttime="20210721 11:59:57.936" endtime="20210721 11:59:57.936"/>
</iter>
<status status="NOT RUN" starttime="20210721 11:59:57.936" endtime="20210721 11:59:57.936"/>
</for>
<status status="NOT RUN" starttime="20210721 11:59:57.934" endtime="20210721 11:59:57.936"/>
</branch>
<status status="NOT RUN" starttime="20210721 11:59:57.934" endtime="20210721 11:59:57.936"/>
</if>
<kw name="Exit For Loop" library="BuiltIn">
<doc>Stops executing the enclosing for loop.</doc>
<status status="NOT RUN" starttime="20210721 11:59:57.936" endtime="20210721 11:59:57.936"/>
</kw>
<status status="NOT RUN" starttime="20210721 11:59:57.934" endtime="20210721 11:59:57.936"/>
</branch>
<status status="PASS" starttime="20210721 11:59:57.934" endtime="20210721 11:59:57.936"/>
</if>
<status status="PASS" starttime="20210721 11:59:57.915" endtime="20210721 11:59:57.936"/>
</iter>
<status status="PASS" starttime="20210721 11:59:57.915" endtime="20210721 11:59:57.936"/>
</for>
<status status="PASS" starttime="20210721 11:59:57.893" endtime="20210721 11:59:57.936"/>
</iter>
<iter>
<var name="${ahu}">10</var>
<kw name="Log To Console" library="BuiltIn">
<arg>!!---Checking ahu at position ${ahu}---!!s</arg>
<doc>Logs the given message to the console.</doc>
<status status="PASS" starttime="20210721 11:59:57.936" endtime="20210721 11:59:57.938"/>
</kw>
<kw name="fetchTheNumberOfItemsInDictionary" library="apiresources">
<var>${no_of_controls}</var>
<arg>${json_dictionary}</arg>
<arg>$.data.site.groups[0].ahus[${ahu}].controls</arg>
<kw name="Get Value From Json" library="JSONLibrary">
<var>@{points}</var>
<arg>${dictionary}</arg>
<arg>${json_of_required_node}</arg>
<doc>Get Value From JSON using JSONPath</doc>
<msg timestamp="20210721 11:59:57.954" level="INFO">@{points} = [ [{'oid': 15313, 'type': 'BOP', 'displayName': 'BOP', 'name': 'BOP', 'status': {'origin': 'CONTROL'}}, {'oid': 15385, 'type': 'SFC', 'displayName': 'SFC', 'name': 'SFC', 'status': {'origin': 'CONTROL...</msg>
<status status="PASS" starttime="20210721 11:59:57.938" endtime="20210721 11:59:57.954"/>
</kw>
<kw name="Get Length" library="BuiltIn">
<var>${total_points_to_write}</var>
<arg>@{points}</arg>
<doc>Returns and logs the length of the given item as an integer.</doc>
<msg timestamp="20210721 11:59:57.954" level="INFO">Length is 2</msg>
<msg timestamp="20210721 11:59:57.954" level="INFO">${total_points_to_write} = 2</msg>
<status status="PASS" starttime="20210721 11:59:57.954" endtime="20210721 11:59:57.954"/>
</kw>
<kw name="Convert To Integer" library="BuiltIn">
<var>${total}</var>
<arg>${total_points_to_write}</arg>
<doc>Converts the given item to an integer number.</doc>
<msg timestamp="20210721 11:59:57.956" level="INFO">${total} = 2</msg>
<status status="PASS" starttime="20210721 11:59:57.956" endtime="20210721 11:59:57.956"/>
</kw>
<kw name="Return From Keyword" library="BuiltIn">
<arg>${total}</arg>
<doc>Returns from the enclosing user keyword.</doc>
<msg timestamp="20210721 11:59:57.956" level="INFO">Returning from the enclosing user keyword.</msg>
<status status="PASS" starttime="20210721 11:59:57.956" endtime="20210721 11:59:57.956"/>
</kw>
<msg timestamp="20210721 11:59:57.956" level="INFO">${no_of_controls} = 2</msg>
<status status="PASS" starttime="20210721 11:59:57.938" endtime="20210721 11:59:57.956"/>
</kw>
<kw name="Log To Console" library="BuiltIn">
<arg>!!!--No of Controls for ${ahu} is ${no_of_controls}---!!!</arg>
<doc>Logs the given message to the console.</doc>
<status status="PASS" starttime="20210721 11:59:57.956" endtime="20210721 11:59:57.956"/>
</kw>
<for flavor="IN RANGE">
<var>${controls}</var>
<value>0</value>
<value>${no_of_controls}</value>
<iter>
<var name="${controls}">0</var>
<kw name="fetchValueOfFieldFromJsonDictionary" library="apiresources">
<var>${ahu_status_ctrl_value}</var>
<arg>${json_dictionary}</arg>
<arg>$.data.site.groups[0].ahus[${ahu}].controls[${controls}].status.origin</arg>
<kw name="Get Value From Json" library="JSONLibrary">
<var>${field_value_list}</var>
<arg>${json_dictionary}</arg>
<arg>${json_path_of_required_field}</arg>
<doc>Get Value From JSON using JSONPath</doc>
<msg timestamp="20210721 11:59:57.974" level="INFO">${field_value_list} = ['CONTROL']</msg>
<status status="PASS" starttime="20210721 11:59:57.958" endtime="20210721 11:59:57.974"/>
</kw>
<kw name="Get From List" library="Collections">
<var>${field_value}</var>
<arg>${field_value_list}</arg>
<arg>0</arg>
<doc>Returns the value specified with an ``index`` from ``list``.</doc>
<msg timestamp="20210721 11:59:57.974" level="INFO">${field_value} = CONTROL</msg>
<status status="PASS" starttime="20210721 11:59:57.974" endtime="20210721 11:59:57.974"/>
</kw>
<kw name="Return From Keyword" library="BuiltIn">
<arg>${field_value}</arg>
<doc>Returns from the enclosing user keyword.</doc>
<msg timestamp="20210721 11:59:57.974" level="INFO">Returning from the enclosing user keyword.</msg>
<status status="PASS" starttime="20210721 11:59:57.974" endtime="20210721 11:59:57.974"/>
</kw>
<msg timestamp="20210721 11:59:57.976" level="INFO">${ahu_status_ctrl_value} = CONTROL</msg>
<status status="PASS" starttime="20210721 11:59:57.958" endtime="20210721 11:59:57.976"/>
</kw>
<kw name="Log To Console" library="BuiltIn">
<arg>!V-------Status value for AHU:${ahu} control:${controls} is ${ahu_status_ctrl_value}-----!V</arg>
<doc>Logs the given message to the console.</doc>
<status status="PASS" starttime="20210721 11:59:57.976" endtime="20210721 11:59:57.976"/>
</kw>
<if>
<branch type="IF" condition="&quot;${ahu_status_ctrl_value}&quot;==&quot;GUARD&quot;">
<kw name="incrementingByOne" library="common">
<var>${counter}</var>
<arg>${counter}</arg>
<status status="NOT RUN" starttime="20210721 11:59:57.976" endtime="20210721 11:59:57.976"/>
</kw>
<if>
<branch type="IF" condition="${no_of_controls} &gt; 1">
<for flavor="IN RANGE">
<var>${remaining_controls}</var>
<value>1</value>
<value>${no_of_controls}</value>
<iter>
<var name="${remaining_controls}">${remaining_controls}</var>
<kw name="fetchValueOfFieldFromJsonDictionary" library="apiresources">
<var>${ahu_status_ctrl_value}</var>
<arg>${json_dictionary}</arg>
<arg>$.data.site.groups[0].ahus[${ahu}].controls[${remaining_controls}].status.origin</arg>
<status status="NOT RUN" starttime="20210721 11:59:57.976" endtime="20210721 11:59:57.976"/>
</kw>
<kw name="Log To Console" library="BuiltIn">
<arg>!V-------Status value for AHU:${ahu} control:${remaining_controls} is ${ahu_status_ctrl_value}-----!V</arg>
<doc>Logs the given message to the console.</doc>
<status status="NOT RUN" starttime="20210721 11:59:57.976" endtime="20210721 11:59:57.976"/>
</kw>
<kw name="Should Be Equal As Strings" library="BuiltIn">
<arg>${ahu_status_ctrl_value}</arg>
<arg>GUARD</arg>
<doc>Fails if objects are unequal after converting them to strings.</doc>
<status status="NOT RUN" starttime="20210721 11:59:57.976" endtime="20210721 11:59:57.978"/>
</kw>
<status status="NOT RUN" starttime="20210721 11:59:57.976" endtime="20210721 11:59:57.978"/>
</iter>
<status status="NOT RUN" starttime="20210721 11:59:57.976" endtime="20210721 11:59:57.978"/>
</for>
<status status="NOT RUN" starttime="20210721 11:59:57.976" endtime="20210721 11:59:57.978"/>
</branch>
<status status="NOT RUN" starttime="20210721 11:59:57.976" endtime="20210721 11:59:57.978"/>
</if>
<kw name="Exit For Loop" library="BuiltIn">
<doc>Stops executing the enclosing for loop.</doc>
<status status="NOT RUN" starttime="20210721 11:59:57.978" endtime="20210721 11:59:57.978"/>
</kw>
<status status="NOT RUN" starttime="20210721 11:59:57.976" endtime="20210721 11:59:57.978"/>
</branch>
<status status="PASS" starttime="20210721 11:59:57.976" endtime="20210721 11:59:57.978"/>
</if>
<status status="PASS" starttime="20210721 11:59:57.956" endtime="20210721 11:59:57.978"/>
</iter>
<iter>
<var name="${controls}">1</var>
<kw name="fetchValueOfFieldFromJsonDictionary" library="apiresources">
<var>${ahu_status_ctrl_value}</var>
<arg>${json_dictionary}</arg>
<arg>$.data.site.groups[0].ahus[${ahu}].controls[${controls}].status.origin</arg>
<kw name="Get Value From Json" library="JSONLibrary">
<var>${field_value_list}</var>
<arg>${json_dictionary}</arg>
<arg>${json_path_of_required_field}</arg>
<doc>Get Value From JSON using JSONPath</doc>
<msg timestamp="20210721 11:59:57.997" level="INFO">${field_value_list} = ['CONTROL']</msg>
<status status="PASS" starttime="20210721 11:59:57.978" endtime="20210721 11:59:57.997"/>
</kw>
<kw name="Get From List" library="Collections">
<var>${field_value}</var>
<arg>${field_value_list}</arg>
<arg>0</arg>
<doc>Returns the value specified with an ``index`` from ``list``.</doc>
<msg timestamp="20210721 11:59:57.997" level="INFO">${field_value} = CONTROL</msg>
<status status="PASS" starttime="20210721 11:59:57.997" endtime="20210721 11:59:57.997"/>
</kw>
<kw name="Return From Keyword" library="BuiltIn">
<arg>${field_value}</arg>
<doc>Returns from the enclosing user keyword.</doc>
<msg timestamp="20210721 11:59:57.997" level="INFO">Returning from the enclosing user keyword.</msg>
<status status="PASS" starttime="20210721 11:59:57.997" endtime="20210721 11:59:57.997"/>
</kw>
<msg timestamp="20210721 11:59:57.997" level="INFO">${ahu_status_ctrl_value} = CONTROL</msg>
<status status="PASS" starttime="20210721 11:59:57.978" endtime="20210721 11:59:57.997"/>
</kw>
<kw name="Log To Console" library="BuiltIn">
<arg>!V-------Status value for AHU:${ahu} control:${controls} is ${ahu_status_ctrl_value}-----!V</arg>
<doc>Logs the given message to the console.</doc>
<status status="PASS" starttime="20210721 11:59:57.997" endtime="20210721 11:59:57.998"/>
</kw>
<if>
<branch type="IF" condition="&quot;${ahu_status_ctrl_value}&quot;==&quot;GUARD&quot;">
<kw name="incrementingByOne" library="common">
<var>${counter}</var>
<arg>${counter}</arg>
<status status="NOT RUN" starttime="20210721 11:59:57.998" endtime="20210721 11:59:57.998"/>
</kw>
<if>
<branch type="IF" condition="${no_of_controls} &gt; 1">
<for flavor="IN RANGE">
<var>${remaining_controls}</var>
<value>1</value>
<value>${no_of_controls}</value>
<iter>
