<?xml version="1.0" encoding="UTF-8"?>
<robot generator="Robot 4.0.3 (Python 3.9.5 on win32)" generated="20210719 10:44:51.765" rpa="false" schemaversion="2">
<suite id="s1" name="Suites">
<suite id="s1-s1" name="basicHotAbsoluteGuardTest" source="C:\Users\grees\PycharmProjects\AuQA\Testcases\basicHotAbsoluteGuardTest.robot">
<test id="s1-s1-t1" name="BasicHotAbsoluteGuardTest">
<kw name="establishConnectionAndStartProcesses" library="connection">
<doc>Establish connection and start processes on the remote machine.
HISTIGNORE command is used to avoid saving the password in history</doc>
<kw name="openConnectionAndLogIn" library="connection">
<kw name="Log To Console" library="BuiltIn">
<arg>!--------Opening SSH Connection----------!</arg>
<doc>Logs the given message to the console.</doc>
<status status="PASS" starttime="20210719 10:44:56.728" endtime="20210719 10:44:56.728"/>
</kw>
<kw name="Open Connection" library="SSHLibrary">
<arg>${host}</arg>
<doc>Opens a new SSH connection to the given ``host`` and ``port``.</doc>
<status status="PASS" starttime="20210719 10:44:56.728" endtime="20210719 10:44:56.728"/>
</kw>
<kw name="Login" library="SSHLibrary">
<arg>${username}</arg>
<arg>${password}</arg>
<doc>Logs into the SSH server with the given ``username`` and ``password``.</doc>
<msg timestamp="20210719 10:44:56.728" level="INFO">Logging into '10.252.9.37:22' as 'fc'.</msg>
<msg timestamp="20210719 10:45:01.951" level="INFO">Read output: Welcome to Ubuntu 20.04.2 LTS (GNU/Linux 5.4.0-74-generic x86_64)

 * Documentation:  https://help.ubuntu.com
 * Management:     https://landscape.canonical.com
 * Support:        https://ubuntu.com/advantage

  System information as of Sun 18 Jul 2021 10:12:50 PM PDT

  System load:  0.01                Processes:               248
  Usage of /:   2.6% of 1005.94GB   Users logged in:         1
  Memory usage: 7%                  IPv4 address for ens160: 10.252.9.37
  Swap usage:   0%

Last login: Sun Jul 18 08:47:25 2021 from 10.253.2.162
fc@QA-ideavat-vems:~$</msg>
<status status="PASS" starttime="20210719 10:44:56.728" endtime="20210719 10:45:01.951"/>
</kw>
<status status="PASS" starttime="20210719 10:44:56.728" endtime="20210719 10:45:01.951"/>
</kw>
<kw name="Log To Console" library="BuiltIn">
<arg>!!------Connection opened and now starting the processes----!!</arg>
<doc>Logs the given message to the console.</doc>
<status status="PASS" starttime="20210719 10:45:01.951" endtime="20210719 10:45:01.951"/>
</kw>
<kw name="executeProcessCommandWithoutTraceInHistory" library="connection">
<arg>vx_server</arg>
<kw name="Execute Command" library="SSHLibrary">
<arg>export HISTIGNORE='*sudo -S*'</arg>
<doc>Executes ``command`` on the remote machine and returns its outputs.</doc>
<msg timestamp="20210719 10:45:01.951" level="INFO">Executing command 'export HISTIGNORE='*sudo -S*''.</msg>
<msg timestamp="20210719 10:45:02.554" level="INFO">Command exited with return code 0.</msg>
<status status="PASS" starttime="20210719 10:45:01.951" endtime="20210719 10:45:02.554"/>
</kw>
<kw name="Execute Command" library="SSHLibrary">
<arg>echo "Id3aV@tAcc3ss" | sudo -S -k systemctl start ${process_name}</arg>
<doc>Executes ``command`` on the remote machine and returns its outputs.</doc>
<msg timestamp="20210719 10:45:02.554" level="INFO">Executing command 'echo "Id3aV@tAcc3ss" | sudo -S -k systemctl start vx_server'.</msg>
<msg timestamp="20210719 10:45:03.524" level="INFO">Command exited with return code 0.</msg>
<status status="PASS" starttime="20210719 10:45:02.554" endtime="20210719 10:45:03.524"/>
</kw>
<status status="PASS" starttime="20210719 10:45:01.951" endtime="20210719 10:45:03.524"/>
</kw>
<kw name="executeProcessCommandWithoutTraceInHistory" library="connection">
<arg>facs_trend</arg>
<kw name="Execute Command" library="SSHLibrary">
<arg>export HISTIGNORE='*sudo -S*'</arg>
<doc>Executes ``command`` on the remote machine and returns its outputs.</doc>
<msg timestamp="20210719 10:45:03.524" level="INFO">Executing command 'export HISTIGNORE='*sudo -S*''.</msg>
<msg timestamp="20210719 10:45:04.440" level="INFO">Command exited with return code 0.</msg>
<status status="PASS" starttime="20210719 10:45:03.524" endtime="20210719 10:45:04.440"/>
</kw>
<kw name="Execute Command" library="SSHLibrary">
<arg>echo "Id3aV@tAcc3ss" | sudo -S -k systemctl start ${process_name}</arg>
<doc>Executes ``command`` on the remote machine and returns its outputs.</doc>
<msg timestamp="20210719 10:45:04.442" level="INFO">Executing command 'echo "Id3aV@tAcc3ss" | sudo -S -k systemctl start facs_trend'.</msg>
<msg timestamp="20210719 10:45:05.382" level="INFO">Command exited with return code 0.</msg>
<status status="PASS" starttime="20210719 10:45:04.440" endtime="20210719 10:45:05.382"/>
</kw>
<status status="PASS" starttime="20210719 10:45:03.524" endtime="20210719 10:45:05.382"/>
</kw>
<kw name="executeProcessCommandWithoutTraceInHistory" library="connection">
<arg>facs_launcher</arg>
<kw name="Execute Command" library="SSHLibrary">
<arg>export HISTIGNORE='*sudo -S*'</arg>
<doc>Executes ``command`` on the remote machine and returns its outputs.</doc>
<msg timestamp="20210719 10:45:05.384" level="INFO">Executing command 'export HISTIGNORE='*sudo -S*''.</msg>
<msg timestamp="20210719 10:45:06.350" level="INFO">Command exited with return code 0.</msg>
<status status="PASS" starttime="20210719 10:45:05.384" endtime="20210719 10:45:06.350"/>
</kw>
<kw name="Execute Command" library="SSHLibrary">
<arg>echo "Id3aV@tAcc3ss" | sudo -S -k systemctl start ${process_name}</arg>
<doc>Executes ``command`` on the remote machine and returns its outputs.</doc>
<msg timestamp="20210719 10:45:06.353" level="INFO">Executing command 'echo "Id3aV@tAcc3ss" | sudo -S -k systemctl start facs_launcher'.</msg>
<msg timestamp="20210719 10:45:07.304" level="INFO">Command exited with return code 0.</msg>
<status status="PASS" starttime="20210719 10:45:06.351" endtime="20210719 10:45:07.305"/>
</kw>
<status status="PASS" starttime="20210719 10:45:05.384" endtime="20210719 10:45:07.306"/>
</kw>
<kw name="Sleep" library="BuiltIn">
<arg>${high_speed}</arg>
<doc>Pauses the test executed for the given time.</doc>
<msg timestamp="20210719 10:45:12.318" level="INFO">Slept 5 seconds</msg>
<status status="PASS" starttime="20210719 10:45:07.307" endtime="20210719 10:45:12.318"/>
</kw>
<kw name="closeAllConnections" library="connection">
<kw name="Execute Command" library="SSHLibrary">
<arg>exit</arg>
<doc>Executes ``command`` on the remote machine and returns its outputs.</doc>
<msg timestamp="20210719 10:45:12.318" level="INFO">Executing command 'exit'.</msg>
<msg timestamp="20210719 10:45:12.935" level="INFO">Command exited with return code 0.</msg>
<status status="PASS" starttime="20210719 10:45:12.318" endtime="20210719 10:45:12.935"/>
</kw>
<kw name="Log To Console" library="BuiltIn">
<arg>*******************Processes(start or stop) completed and Closed ssh connection********************</arg>
<doc>Logs the given message to the console.</doc>
<status status="PASS" starttime="20210719 10:45:12.935" endtime="20210719 10:45:12.942"/>
</kw>
<status status="PASS" starttime="20210719 10:45:12.318" endtime="20210719 10:45:12.942"/>
</kw>
<status status="PASS" starttime="20210719 10:44:56.728" endtime="20210719 10:45:12.942"/>
</kw>
<kw name="resetGroupPropertiesUsingLoadTemplateOptionWithOverwrite" library="uiresources">
<kw name="startBrowserAndLoginToAIEngine" library="uiresources">
<kw name="startBrowserAndAccessAIEngineCXWebUI" library="uiresources">
<kw name="Open Browser" library="SeleniumLibrary">
<arg>${url_cx}</arg>
<arg>${browser}</arg>
<arg>options=add_argument("--disable-popup-blocking"); add_argument("--ignore-certificate-errors"); add_argument("--no-sandbox"); add_argument("--disable-extensions"); add_argument("--disable-dev-shm-usage")</arg>
<doc>Opens a new browser instance to the optional ``url``.</doc>
<msg timestamp="20210719 10:45:12.942" level="INFO">Opening browser 'headlesschrome' to base url 'https://10.252.9.37/vems/cx.php'.</msg>
<status status="PASS" starttime="20210719 10:45:12.942" endtime="20210719 10:45:35.014"/>
</kw>
<kw name="Maximize Browser Window" library="SeleniumLibrary">
<doc>Maximizes current browser window.</doc>
<status status="PASS" starttime="20210719 10:45:35.014" endtime="20210719 10:45:35.128"/>
</kw>
<kw name="Set Browser Implicit Wait" library="SeleniumLibrary">
<arg>${high_speed}</arg>
<doc>Sets the implicit wait value used by Selenium.</doc>
<status status="PASS" starttime="20210719 10:45:35.128" endtime="20210719 10:45:35.130"/>
</kw>
<kw name="Log To Console" library="BuiltIn">
<arg>Accessed AI Engine</arg>
<doc>Logs the given message to the console.</doc>
<status status="PASS" starttime="20210719 10:45:35.130" endtime="20210719 10:45:35.130"/>
</kw>
<status status="PASS" starttime="20210719 10:45:12.942" endtime="20210719 10:45:35.130"/>
</kw>
<kw name="loginByEnteringUsernameAndPassword" library="uiresources">
<kw name="Log To Console" library="BuiltIn">
<arg>Entering user name and password</arg>
<doc>Logs the given message to the console.</doc>
<status status="PASS" starttime="20210719 10:45:35.131" endtime="20210719 10:45:35.131"/>
</kw>
<kw name="Input Text" library="SeleniumLibrary">
<arg>${uname}</arg>
<arg>${ui_username}</arg>
<doc>Types the given ``text`` into the text field identified by ``locator``.</doc>
<msg timestamp="20210719 10:45:35.132" level="INFO">Typing text 'ideavat' into text field 'css:#textfield-1009-inputEl'.</msg>
<status status="PASS" starttime="20210719 10:45:35.131" endtime="20210719 10:45:35.413"/>
</kw>
<kw name="Input Text" library="SeleniumLibrary">
<arg>${upwd}</arg>
<arg>${ui_password}</arg>
<doc>Types the given ``text`` into the text field identified by ``locator``.</doc>
<msg timestamp="20210719 10:45:35.414" level="INFO">Typing text 'Crick3t!' into text field 'css:#textfield-1010-inputEl'.</msg>
<status status="PASS" starttime="20210719 10:45:35.413" endtime="20210719 10:45:35.485"/>
</kw>
<kw name="Capture Page Screenshot" library="SeleniumLibrary">
<arg>./Reports/Screenshots/inputUserNameAndPwd_1.png</arg>
<doc>Takes a screenshot of the current page and embeds it into a log file.</doc>
<msg timestamp="20210719 10:45:35.541" level="INFO" html="true">&lt;/td&gt;&lt;/tr&gt;&lt;tr&gt;&lt;td colspan="3"&gt;&lt;a href="Reports/Screenshots/inputUserNameAndPwd_1.png"&gt;&lt;img src="Reports/Screenshots/inputUserNameAndPwd_1.png" width="800px"&gt;&lt;/a&gt;</msg>
<status status="PASS" starttime="20210719 10:45:35.486" endtime="20210719 10:45:35.541"/>
</kw>
<kw name="Click Element" library="SeleniumLibrary">
<arg>${login_button}</arg>
<doc>Click the element identified by ``locator``.</doc>
<msg timestamp="20210719 10:45:35.542" level="INFO">Clicking element 'css:span#button-1011-btnInnerEl'.</msg>
<status status="PASS" starttime="20210719 10:45:35.541" endtime="20210719 10:45:35.587"/>
</kw>
<kw name="Wait Until Page Contains Element" library="SeleniumLibrary">
<arg>${banner}</arg>
<doc>Waits until the element ``locator`` appears on the current page.</doc>
<status status="PASS" starttime="20210719 10:45:35.588" endtime="20210719 10:45:36.502"/>
</kw>
<kw name="Wait Until Element Is Enabled" library="SeleniumLibrary">
<arg>${tools_button}</arg>
<doc>Waits until the element ``locator`` is enabled.</doc>
<status status="PASS" starttime="20210719 10:45:36.502" endtime="20210719 10:45:36.537"/>
</kw>
<kw name="Capture Page Screenshot" library="SeleniumLibrary">
<arg>./Reports/Screenshots/siteEditorHomePage_2.png</arg>
<doc>Takes a screenshot of the current page and embeds it into a log file.</doc>
<msg timestamp="20210719 10:45:36.590" level="INFO" html="true">&lt;/td&gt;&lt;/tr&gt;&lt;tr&gt;&lt;td colspan="3"&gt;&lt;a href="Reports/Screenshots/siteEditorHomePage_2.png"&gt;&lt;img src="Reports/Screenshots/siteEditorHomePage_2.png" width="800px"&gt;&lt;/a&gt;</msg>
<status status="PASS" starttime="20210719 10:45:36.537" endtime="20210719 10:45:36.590"/>
</kw>
<kw name="Log To Console" library="BuiltIn">
<arg>Logged in succesfully</arg>
<doc>Logs the given message to the console.</doc>
<status status="PASS" starttime="20210719 10:45:36.591" endtime="20210719 10:45:36.591"/>
</kw>
<status status="PASS" starttime="20210719 10:45:35.130" endtime="20210719 10:45:36.591"/>
</kw>
<status status="PASS" starttime="20210719 10:45:12.942" endtime="20210719 10:45:36.591"/>
</kw>
<kw name="Click Element" library="SeleniumLibrary">
<arg>${tools_button}</arg>
<doc>Click the element identified by ``locator``.</doc>
<msg timestamp="20210719 10:45:36.592" level="INFO">Clicking element 'css:#button-1267-btnEl'.</msg>
<status status="PASS" starttime="20210719 10:45:36.591" endtime="20210719 10:45:36.652"/>
</kw>
<kw name="Click Element" library="SeleniumLibrary">
<arg>${configs_option_in_tools}</arg>
<doc>Click the element identified by ``locator``.</doc>
<msg timestamp="20210719 10:45:36.652" level="INFO">Clicking element 'css:#menuitem-1235-itemEl'.</msg>
<status status="PASS" starttime="20210719 10:45:36.652" endtime="20210719 10:45:36.730"/>
</kw>
<kw name="Sleep" library="BuiltIn">
<arg>${load_time}</arg>
<doc>Pauses the test executed for the given time.</doc>
<msg timestamp="20210719 10:45:46.732" level="INFO">Slept 10 seconds</msg>
<status status="PASS" starttime="20210719 10:45:36.730" endtime="20210719 10:45:46.733"/>
</kw>
<kw name="Wait Until Element Is Visible" library="SeleniumLibrary">
<arg>${load_template_in_config_popup}</arg>
<doc>Waits until the element ``locator`` is visible.</doc>
<status status="PASS" starttime="20210719 10:45:46.734" endtime="20210719 10:45:46.784"/>
</kw>
<kw name="Wait Until Element Is Enabled" library="SeleniumLibrary">
<arg>${load_template_in_config_popup}</arg>
<doc>Waits until the element ``locator`` is enabled.</doc>
<status status="PASS" starttime="20210719 10:45:46.785" endtime="20210719 10:45:46.806"/>
</kw>
<kw name="Click Element" library="SeleniumLibrary">
<arg>${load_template_in_config_popup}</arg>
<doc>Click the element identified by ``locator``.</doc>
<msg timestamp="20210719 10:45:46.807" level="INFO">Clicking element 'css:#button-1299-btnIconEl'.</msg>
<status status="PASS" starttime="20210719 10:45:46.806" endtime="20210719 10:45:46.893"/>
</kw>
<kw name="Click Element" library="SeleniumLibrary">
<arg>${template_dropbox_picker}</arg>
<doc>Click the element identified by ``locator``.</doc>
<msg timestamp="20210719 10:45:46.894" level="INFO">Clicking element 'css:#combo-1358-trigger-picker'.</msg>
<status status="PASS" starttime="20210719 10:45:46.893" endtime="20210719 10:45:46.957"/>
</kw>
<kw name="Click Element" library="SeleniumLibrary">
<arg>${template_option}</arg>
<doc>Click the element identified by ``locator``.</doc>
<msg timestamp="20210719 10:45:46.958" level="INFO">Clicking element 'xpath=//li[contains(text(),'DASHAM_MIX')]'.</msg>
<status status="PASS" starttime="20210719 10:45:46.957" endtime="20210719 10:45:47.019"/>
</kw>
<kw name="Click Element" library="SeleniumLibrary">
<arg>${temperature_scale_dropbox_picker}</arg>
<doc>Click the element identified by ``locator``.</doc>
<msg timestamp="20210719 10:45:47.020" level="INFO">Clicking element 'css:#combo-1359-trigger-picker'.</msg>
<status status="PASS" starttime="20210719 10:45:47.020" endtime="20210719 10:45:47.080"/>
</kw>
<kw name="Click Element" library="SeleniumLibrary">
<arg>${temperature_scale_option}</arg>
<doc>Click the element identified by ``locator``.</doc>
<msg timestamp="20210719 10:45:47.081" level="INFO">Clicking element 'xpath=//li[contains(text(),'Fahrenheit')]'.</msg>
<status status="PASS" starttime="20210719 10:45:47.080" endtime="20210719 10:45:47.121"/>
</kw>
<kw name="Select Checkbox" library="SeleniumLibrary">
<arg>${overwrite_checkbox}</arg>
<doc>Selects the checkbox identified by ``locator``.</doc>
<msg timestamp="20210719 10:45:47.121" level="INFO">Selecting checkbox 'css:#checkbox-1360-inputEl'.</msg>
<status status="PASS" starttime="20210719 10:45:47.121" endtime="20210719 10:45:47.195"/>
</kw>
<kw name="Click Element" library="SeleniumLibrary">
<arg>${apply_button_load_template}</arg>
<doc>Click the element identified by ``locator``.</doc>
<msg timestamp="20210719 10:45:47.195" level="INFO">Clicking element 'css:#button-1356-btnInnerEl'.</msg>
<status status="PASS" starttime="20210719 10:45:47.195" endtime="20210719 10:45:47.289"/>
</kw>
<kw name="Click Element" library="SeleniumLibrary">
<arg>${save_button}</arg>
<doc>Click the element identified by ``locator``.</doc>
<msg timestamp="20210719 10:45:47.290" level="INFO">Clicking element 'css:#button-1302-btnIconEl'.</msg>
<status status="PASS" starttime="20210719 10:45:47.289" endtime="20210719 10:45:47.335"/>
</kw>
<kw name="Sleep" library="BuiltIn">
<arg>${high_speed}</arg>
<doc>Pauses the test executed for the given time.</doc>
<msg timestamp="20210719 10:45:52.347" level="INFO">Slept 5 seconds</msg>
<status status="PASS" starttime="20210719 10:45:47.335" endtime="20210719 10:45:52.347"/>
</kw>
<kw name="Click Element" library="SeleniumLibrary">
<arg>${close_button}</arg>
<doc>Click the element identified by ``locator``.</doc>
<msg timestamp="20210719 10:45:52.347" level="INFO">Clicking element 'css:#button-1303-btnIconEl'.</msg>
<status status="PASS" starttime="20210719 10:45:52.347" endtime="20210719 10:45:52.396"/>
</kw>
<kw name="Wait Until Element Is Not Visible" library="SeleniumLibrary">
<arg>${close_button}</arg>
<doc>Waits until the element ``locator`` is not visible.</doc>
<status status="PASS" starttime="20210719 10:45:52.396" endtime="20210719 10:45:52.414"/>
</kw>
<kw name="Close Browser" library="SeleniumLibrary">
<doc>Closes the current browser.</doc>
<status status="PASS" starttime="20210719 10:45:52.414" endtime="20210719 10:45:54.482"/>
</kw>
<status status="PASS" starttime="20210719 10:45:12.942" endtime="20210719 10:45:54.483"/>
</kw>
<kw name="changeCxConfigsDashm_NumGuardUnits_NumMinutesGuardTimer_PercentDeadSensorThreshold_AndSystem_NumMinutesPast" library="apiresources">
<arg>${num_guard_units}</arg>
<arg>${num_minutes_guard_timer}</arg>
<arg>${percent_deadsensor_threshold}</arg>
<arg>${num_minutes_past}</arg>
<kw name="changeCxConfigsTabModuleFieldValues" library="apiresources">
<arg>DASHM</arg>
<arg>NumGuardUnits</arg>
<arg>${num_guard_units_val}</arg>
<kw name="Create Dictionary" library="BuiltIn">
<var>${headers}</var>
<arg>Content-Type=${content_type}</arg>
<arg>Vigilent-Api-Token=${write_api_token}</arg>
<doc>Creates and returns a dictionary based on the given ``items``.</doc>
<msg timestamp="20210719 10:45:54.496" level="INFO">${headers} = {'Content-Type': 'application/json', 'Vigilent-Api-Token': 'Q9uPuYdzSev9x5ww8RWDsW6P'}</msg>
<status status="PASS" starttime="20210719 10:45:54.492" endtime="20210719 10:45:54.497"/>
</kw>
<kw name="Create Dictionary" library="BuiltIn">
<var>${body}</var>
<arg>query= mutation configWrite { configSet(requests: [{module: "${module_name}", name: "${field_name}", value: "${value}"}]) { index reason }}</arg>
<doc>Creates and returns a dictionary based on the given ``items``.</doc>
<msg timestamp="20210719 10:45:54.499" level="INFO">${body} = {'query': ' mutation configWrite { configSet(requests: [{module: "DASHM", name: "NumGuardUnits", value: "1"}]) { index reason }}'}</msg>
<status status="PASS" starttime="20210719 10:45:54.497" endtime="20210719 10:45:54.499"/>
</kw>
<kw name="Create Session" library="RequestsLibrary">
<arg>AIEngine</arg>
<arg>${base_url}</arg>
<arg>disable_warnings=1</arg>
<doc>Create Session: create a HTTP session to a server</doc>
<msg timestamp="20210719 10:45:54.501" level="INFO">Creating Session using : alias=AIEngine, url=https://10.252.9.37/api, headers={},                     cookies={}, auth=None, timeout=None, proxies=None, verify=False,                     debug=0 </msg>
<status status="PASS" starttime="20210719 10:45:54.500" endtime="20210719 10:45:54.502"/>
</kw>
<kw name="Post On Session" library="RequestsLibrary">
<var>${result}</var>
<arg>AIEngine</arg>
<arg>/public/graphql</arg>
<arg>headers=${headers}</arg>
<arg>json=${body}</arg>
<doc>Sends a POST request on a previously created HTTP Session.</doc>
<msg timestamp="20210719 10:45:56.358" level="INFO">POST Request : url=https://10.252.9.37/api/public/graphql 
 path_url=/api/public/graphql 
 headers={'User-Agent': 'python-requests/2.25.1', 'Accept-Encoding': 'gzip, deflate', 'Accept': '*/*', 'Connection': 'keep-alive', 'Content-Type': 'application/json', 'Vigilent-Api-Token': 'Q9uPuYdzSev9x5ww8RWDsW6P', 'Content-Length': '136'} 
 body=b'{"query": " mutation configWrite { configSet(requests: [{module: \\"DASHM\\", name: \\"NumGuardUnits\\", value: \\"1\\"}]) { index reason }}"}' 
 </msg>
<msg timestamp="20210719 10:45:56.358" level="INFO">POST Response : url=https://10.252.9.37/api/public/graphql 
 status=200, reason=OK 
 headers={'Date': 'Mon, 19 Jul 2021 05:13:48 GMT', 'Server': 'Apache', 'Content-Encoding': 'gzip', 'Vary': 'Accept-Encoding', 'Content-Length': '45', 'Keep-Alive': 'timeout=10, max=100', 'Connection': 'Keep-Alive', 'Content-Type': 'application/json;charset=UTF-8'} 
 body={"data":{"configSet":[]}} 
 </msg>
<msg timestamp="20210719 10:45:56.358" level="INFO">${result} = &lt;Response [200]&gt;</msg>
<status status="PASS" starttime="20210719 10:45:54.502" endtime="20210719 10:45:56.358"/>
</kw>
<kw name="Should Be Equal As Strings" library="BuiltIn">
<arg>${result.status_code}</arg>
<arg>200</arg>
<doc>Fails if objects are unequal after converting them to strings.</doc>
<msg timestamp="20210719 10:45:56.374" level="INFO">Argument types are:
&lt;class 'int'&gt;
&lt;type 'unicode'&gt;</msg>
<status status="PASS" starttime="20210719 10:45:56.374" endtime="20210719 10:45:56.374"/>
</kw>
<kw name="Log To Console" library="BuiltIn">
<arg>Config module :${module_name}-&gt;Field:${field_name}-&gt;Value:${value}-is updated</arg>
<doc>Logs the given message to the console.</doc>
<status status="PASS" starttime="20210719 10:45:56.374" endtime="20210719 10:45:56.374"/>
</kw>
<status status="PASS" starttime="20210719 10:45:54.488" endtime="20210719 10:45:56.374"/>
</kw>
<kw name="changeCxConfigsTabModuleFieldValues" library="apiresources">
<arg>DASHM</arg>
<arg>NumMinutesGuardTimer</arg>
<arg>${num_minutes_guard_timer_val}</arg>
<kw name="Create Dictionary" library="BuiltIn">
<var>${headers}</var>
<arg>Content-Type=${content_type}</arg>
<arg>Vigilent-Api-Token=${write_api_token}</arg>
<doc>Creates and returns a dictionary based on the given ``items``.</doc>
<msg timestamp="20210719 10:45:56.374" level="INFO">${headers} = {'Content-Type': 'application/json', 'Vigilent-Api-Token': 'Q9uPuYdzSev9x5ww8RWDsW6P'}</msg>
<status status="PASS" starttime="20210719 10:45:56.374" endtime="20210719 10:45:56.374"/>
</kw>
<kw name="Create Dictionary" library="BuiltIn">
<var>${body}</var>
<arg>query= mutation configWrite { configSet(requests: [{module: "${module_name}", name: "${field_name}", value: "${value}"}]) { index reason }}</arg>
<doc>Creates and returns a dictionary based on the given ``items``.</doc>
<msg timestamp="20210719 10:45:56.374" level="INFO">${body} = {'query': ' mutation configWrite { configSet(requests: [{module: "DASHM", name: "NumMinutesGuardTimer", value: "3"}]) { index reason }}'}</msg>
<status status="PASS" starttime="20210719 10:45:56.374" endtime="20210719 10:45:56.374"/>
</kw>
<kw name="Create Session" library="RequestsLibrary">
<arg>AIEngine</arg>
<arg>${base_url}</arg>
<arg>disable_warnings=1</arg>
<doc>Create Session: create a HTTP session to a server</doc>
<msg timestamp="20210719 10:45:56.389" level="INFO">Creating Session using : alias=AIEngine, url=https://10.252.9.37/api, headers={},                     cookies={}, auth=None, timeout=None, proxies=None, verify=False,                     debug=0 </msg>
<status status="PASS" starttime="20210719 10:45:56.374" endtime="20210719 10:45:56.389"/>
</kw>
<kw name="Post On Session" library="RequestsLibrary">
<var>${result}</var>
<arg>AIEngine</arg>
<arg>/public/graphql</arg>
<arg>headers=${headers}</arg>
<arg>json=${body}</arg>
<doc>Sends a POST request on a previously created HTTP Session.</doc>
<msg timestamp="20210719 10:45:59.409" level="INFO">POST Request : url=https://10.252.9.37/api/public/graphql 
 path_url=/api/public/graphql 
 headers={'User-Agent': 'python-requests/2.25.1', 'Accept-Encoding': 'gzip, deflate', 'Accept': '*/*', 'Connection': 'keep-alive', 'Content-Type': 'application/json', 'Vigilent-Api-Token': 'Q9uPuYdzSev9x5ww8RWDsW6P', 'Content-Length': '143'} 
 body=b'{"query": " mutation configWrite { configSet(requests: [{module: \\"DASHM\\", name: \\"NumMinutesGuardTimer\\", value: \\"3\\"}]) { index reason }}"}' 
 </msg>
<msg timestamp="20210719 10:45:59.409" level="INFO">POST Response : url=https://10.252.9.37/api/public/graphql 
 status=200, reason=OK 
 headers={'Date': 'Mon, 19 Jul 2021 05:13:51 GMT', 'Server': 'Apache', 'Content-Encoding': 'gzip', 'Vary': 'Accept-Encoding', 'Content-Length': '45', 'Keep-Alive': 'timeout=10, max=100', 'Connection': 'Keep-Alive', 'Content-Type': 'application/json;charset=UTF-8'} 
 body={"data":{"configSet":[]}} 
 </msg>
<msg timestamp="20210719 10:45:59.409" level="INFO">${result} = &lt;Response [200]&gt;</msg>
<status status="PASS" starttime="20210719 10:45:56.389" endtime="20210719 10:45:59.410"/>
</kw>
<kw name="Should Be Equal As Strings" library="BuiltIn">
<arg>${result.status_code}</arg>
<arg>200</arg>
<doc>Fails if objects are unequal after converting them to strings.</doc>
<msg timestamp="20210719 10:45:59.415" level="INFO">Argument types are:
&lt;class 'int'&gt;
&lt;type 'unicode'&gt;</msg>
<status status="PASS" starttime="20210719 10:45:59.410" endtime="20210719 10:45:59.415"/>
</kw>
<kw name="Log To Console" library="BuiltIn">
<arg>Config module :${module_name}-&gt;Field:${field_name}-&gt;Value:${value}-is updated</arg>
<doc>Logs the given message to the console.</doc>
<status status="PASS" starttime="20210719 10:45:59.415" endtime="20210719 10:45:59.417"/>
</kw>
<status status="PASS" starttime="20210719 10:45:56.374" endtime="20210719 10:45:59.417"/>
</kw>
<kw name="changeCxConfigsTabModuleFieldValues" library="apiresources">
<arg>DASHM</arg>
<arg>PercentDeadSensorThreshold</arg>
<arg>${percent_dead_sensor_threshold_val}</arg>
<kw name="Create Dictionary" library="BuiltIn">
<var>${headers}</var>
<arg>Content-Type=${content_type}</arg>
<arg>Vigilent-Api-Token=${write_api_token}</arg>
<doc>Creates and returns a dictionary based on the given ``items``.</doc>
<msg timestamp="20210719 10:45:59.420" level="INFO">${headers} = {'Content-Type': 'application/json', 'Vigilent-Api-Token': 'Q9uPuYdzSev9x5ww8RWDsW6P'}</msg>
<status status="PASS" starttime="20210719 10:45:59.419" endtime="20210719 10:45:59.420"/>
</kw>
<kw name="Create Dictionary" library="BuiltIn">
<var>${body}</var>
<arg>query= mutation configWrite { configSet(requests: [{module: "${module_name}", name: "${field_name}", value: "${value}"}]) { index reason }}</arg>
<doc>Creates and returns a dictionary based on the given ``items``.</doc>
<msg timestamp="20210719 10:45:59.422" level="INFO">${body} = {'query': ' mutation configWrite { configSet(requests: [{module: "DASHM", name: "PercentDeadSensorThreshold", value: "100"}]) { index reason }}'}</msg>
<status status="PASS" starttime="20210719 10:45:59.421" endtime="20210719 10:45:59.422"/>
</kw>
<kw name="Create Session" library="RequestsLibrary">
<arg>AIEngine</arg>
<arg>${base_url}</arg>
<arg>disable_warnings=1</arg>
<doc>Create Session: create a HTTP session to a server</doc>
<msg timestamp="20210719 10:45:59.423" level="INFO">Creating Session using : alias=AIEngine, url=https://10.252.9.37/api, headers={},                     cookies={}, auth=None, timeout=None, proxies=None, verify=False,                     debug=0 </msg>
<status status="PASS" starttime="20210719 10:45:59.422" endtime="20210719 10:45:59.424"/>
</kw>
<kw name="Post On Session" library="RequestsLibrary">
<var>${result}</var>
<arg>AIEngine</arg>
<arg>/public/graphql</arg>
<arg>headers=${headers}</arg>
<arg>json=${body}</arg>
<doc>Sends a POST request on a previously created HTTP Session.</doc>
<msg timestamp="20210719 10:46:00.419" level="INFO">POST Request : url=https://10.252.9.37/api/public/graphql 
 path_url=/api/public/graphql 
 headers={'User-Agent': 'python-requests/2.25.1', 'Accept-Encoding': 'gzip, deflate', 'Accept': '*/*', 'Connection': 'keep-alive', 'Content-Type': 'application/json', 'Vigilent-Api-Token': 'Q9uPuYdzSev9x5ww8RWDsW6P', 'Content-Length': '151'} 
 body=b'{"query": " mutation configWrite { configSet(requests: [{module: \\"DASHM\\", name: \\"PercentDeadSensorThreshold\\", value: \\"100\\"}]) { index reason }}"}' 
 </msg>
<msg timestamp="20210719 10:46:00.420" level="INFO">POST Response : url=https://10.252.9.37/api/public/graphql 
 status=200, reason=OK 
 headers={'Date': 'Mon, 19 Jul 2021 05:13:52 GMT', 'Server': 'Apache', 'Content-Encoding': 'gzip', 'Vary': 'Accept-Encoding', 'Content-Length': '45', 'Keep-Alive': 'timeout=10, max=100', 'Connection': 'Keep-Alive', 'Content-Type': 'application/json;charset=UTF-8'} 
 body={"data":{"configSet":[]}} 
 </msg>
<msg timestamp="20210719 10:46:00.420" level="INFO">${result} = &lt;Response [200]&gt;</msg>
<status status="PASS" starttime="20210719 10:45:59.424" endtime="20210719 10:46:00.420"/>
</kw>
<kw name="Should Be Equal As Strings" library="BuiltIn">
<arg>${result.status_code}</arg>
<arg>200</arg>
<doc>Fails if objects are unequal after converting them to strings.</doc>
<msg timestamp="20210719 10:46:00.423" level="INFO">Argument types are:
&lt;class 'int'&gt;
&lt;type 'unicode'&gt;</msg>
<status status="PASS" starttime="20210719 10:46:00.420" endtime="20210719 10:46:00.423"/>
</kw>
<kw name="Log To Console" library="BuiltIn">
<arg>Config module :${module_name}-&gt;Field:${field_name}-&gt;Value:${value}-is updated</arg>
<doc>Logs the given message to the console.</doc>
<status status="PASS" starttime="20210719 10:46:00.423" endtime="20210719 10:46:00.424"/>
</kw>
<status status="PASS" starttime="20210719 10:45:59.418" endtime="20210719 10:46:00.424"/>
</kw>
<kw name="changeCxConfigsTabModuleFieldValues" library="apiresources">
<arg>SYSTEM</arg>
<arg>NumMinutesPast</arg>
<arg>${num_minutes_past_val}</arg>
<kw name="Create Dictionary" library="BuiltIn">
<var>${headers}</var>
<arg>Content-Type=${content_type}</arg>
<arg>Vigilent-Api-Token=${write_api_token}</arg>
<doc>Creates and returns a dictionary based on the given ``items``.</doc>
<msg timestamp="20210719 10:46:00.426" level="INFO">${headers} = {'Content-Type': 'application/json', 'Vigilent-Api-Token': 'Q9uPuYdzSev9x5ww8RWDsW6P'}</msg>
<status status="PASS" starttime="20210719 10:46:00.425" endtime="20210719 10:46:00.426"/>
</kw>
<kw name="Create Dictionary" library="BuiltIn">
<var>${body}</var>
<arg>query= mutation configWrite { configSet(requests: [{module: "${module_name}", name: "${field_name}", value: "${value}"}]) { index reason }}</arg>
<doc>Creates and returns a dictionary based on the given ``items``.</doc>
<msg timestamp="20210719 10:46:00.428" level="INFO">${body} = {'query': ' mutation configWrite { configSet(requests: [{module: "SYSTEM", name: "NumMinutesPast", value: "5"}]) { index reason }}'}</msg>
<status status="PASS" starttime="20210719 10:46:00.426" endtime="20210719 10:46:00.428"/>
</kw>
<kw name="Create Session" library="RequestsLibrary">
<arg>AIEngine</arg>
<arg>${base_url}</arg>
<arg>disable_warnings=1</arg>
<doc>Create Session: create a HTTP session to a server</doc>
<msg timestamp="20210719 10:46:00.428" level="INFO">Creating Session using : alias=AIEngine, url=https://10.252.9.37/api, headers={},                     cookies={}, auth=None, timeout=None, proxies=None, verify=False,                     debug=0 </msg>
<status status="PASS" starttime="20210719 10:46:00.428" endtime="20210719 10:46:00.429"/>
</kw>
<kw name="Post On Session" library="RequestsLibrary">
<var>${result}</var>
<arg>AIEngine</arg>
<arg>/public/graphql</arg>
<arg>headers=${headers}</arg>
<arg>json=${body}</arg>
<doc>Sends a POST request on a previously created HTTP Session.</doc>
<msg timestamp="20210719 10:46:01.388" level="INFO">POST Request : url=https://10.252.9.37/api/public/graphql 
 path_url=/api/public/graphql 
 headers={'User-Agent': 'python-requests/2.25.1', 'Accept-Encoding': 'gzip, deflate', 'Accept': '*/*', 'Connection': 'keep-alive', 'Content-Type': 'application/json', 'Vigilent-Api-Token': 'Q9uPuYdzSev9x5ww8RWDsW6P', 'Content-Length': '138'} 
 body=b'{"query": " mutation configWrite { configSet(requests: [{module: \\"SYSTEM\\", name: \\"NumMinutesPast\\", value: \\"5\\"}]) { index reason }}"}' 
 </msg>
<msg timestamp="20210719 10:46:01.388" level="INFO">POST Response : url=https://10.252.9.37/api/public/graphql 
 status=200, reason=OK 
 headers={'Date': 'Mon, 19 Jul 2021 05:13:53 GMT', 'Server': 'Apache', 'Content-Encoding': 'gzip', 'Vary': 'Accept-Encoding', 'Content-Length': '45', 'Keep-Alive': 'timeout=10, max=100', 'Connection': 'Keep-Alive', 'Content-Type': 'application/json;charset=UTF-8'} 
 body={"data":{"configSet":[]}} 
 </msg>
<msg timestamp="20210719 10:46:01.388" level="INFO">${result} = &lt;Response [200]&gt;</msg>
<status status="PASS" starttime="20210719 10:46:00.429" endtime="20210719 10:46:01.389"/>
</kw>
<kw name="Should Be Equal As Strings" library="BuiltIn">
<arg>${result.status_code}</arg>
<arg>200</arg>
<doc>Fails if objects are unequal after converting them to strings.</doc>
<msg timestamp="20210719 10:46:01.393" level="INFO">Argument types are:
&lt;class 'int'&gt;
&lt;type 'unicode'&gt;</msg>
<status status="PASS" starttime="20210719 10:46:01.389" endtime="20210719 10:46:01.393"/>
</kw>
<kw name="Log To Console" library="BuiltIn">
<arg>Config module :${module_name}-&gt;Field:${field_name}-&gt;Value:${value}-is updated</arg>
<doc>Logs the given message to the console.</doc>
<status status="PASS" starttime="20210719 10:46:01.394" endtime="20210719 10:46:01.395"/>
</kw>
<status status="PASS" starttime="20210719 10:46:00.425" endtime="20210719 10:46:01.396"/>
</kw>
<status status="PASS" starttime="20210719 10:45:54.484" endtime="20210719 10:46:01.397"/>
</kw>
<kw name="setGroupPropertiesGuardHotAbsTempAllowNumExceedencesGuardAndControl" library="apiresources">
<arg>${allow_num_exceedences_control_initial}</arg>
<arg>${allow_num_exceedences_guard_initial}</arg>
<arg>${alm_hot_abs_temp_initial}</arg>
<arg>${guard_hot_abs_temp_intial}</arg>
<kw name="Create Dictionary" library="BuiltIn">
<var>${headers}</var>
<arg>Content-Type=${content_type}</arg>
<arg>Vigilent-Api-Token=${write_api_token}</arg>
<doc>Creates and returns a dictionary based on the given ``items``.</doc>
<msg timestamp="20210719 10:46:01.398" level="INFO">${headers} = {'Content-Type': 'application/json', 'Vigilent-Api-Token': 'Q9uPuYdzSev9x5ww8RWDsW6P'}</msg>
<status status="PASS" starttime="20210719 10:46:01.398" endtime="20210719 10:46:01.398"/>
</kw>
<kw name="Create Dictionary" library="BuiltIn">
<var>${body}</var>
<arg>query= mutation setGrpProp { propertyWrite(requests: [{oid: 17, name: "AllowNumExceedencesGuard", int: ${allow_num_excd_guard}},{oid: 17, name: "AllowNumExceedencesControl", int: ${allow_num_excd_ctrl}},{oid: 17, name: "GuardHotAbsTemp", float: ${guard_hot_abs_temp}},{oid: 17, name: "AlmHotAbsTemp", float: ${alm_hot_abs_temp}}]) { index reason }}</arg>
<doc>Creates and returns a dictionary based on the given ``items``.</doc>
<msg timestamp="20210719 10:46:01.407" level="INFO">${body} = {'query': ' mutation setGrpProp { propertyWrite(requests: [{oid: 17, name: "AllowNumExceedencesGuard", int: 10},{oid: 17, name: "AllowNumExceedencesControl", int: 10},{oid: 17, name: "GuardHotAbsTemp"...</msg>
<status status="PASS" starttime="20210719 10:46:01.398" endtime="20210719 10:46:01.407"/>
</kw>
<kw name="Create Session" library="RequestsLibrary">
<arg>AIEngine</arg>
<arg>${base_url}</arg>
<arg>disable_warnings=1</arg>
<doc>Create Session: create a HTTP session to a server</doc>
<msg timestamp="20210719 10:46:01.407" level="INFO">Creating Session using : alias=AIEngine, url=https://10.252.9.37/api, headers={},                     cookies={}, auth=None, timeout=None, proxies=None, verify=False,                     debug=0 </msg>
<status status="PASS" starttime="20210719 10:46:01.407" endtime="20210719 10:46:01.407"/>
</kw>
<kw name="Post On Session" library="RequestsLibrary">
<var>${result}</var>
<arg>AIEngine</arg>
<arg>/public/graphql</arg>
<arg>headers=${headers}</arg>
<arg>json=${body}</arg>
<doc>Sends a POST request on a previously created HTTP Session.</doc>
<msg timestamp="20210719 10:46:02.318" level="INFO">POST Request : url=https://10.252.9.37/api/public/graphql 
 path_url=/api/public/graphql 
 headers={'User-Agent': 'python-requests/2.25.1', 'Accept-Encoding': 'gzip, deflate', 'Accept': '*/*', 'Connection': 'keep-alive', 'Content-Type': 'application/json', 'Vigilent-Api-Token': 'Q9uPuYdzSev9x5ww8RWDsW6P', 'Content-Length': '287'} 
 body=b'{"query": " mutation setGrpProp { propertyWrite(requests: [{oid: 17, name: \\"AllowNumExceedencesGuard\\", int: 10},{oid: 17, name: \\"AllowNumExceedencesControl\\", int: 10},{oid: 17, name: \\"GuardHotAbsTemp\\", float: 90},{oid: 17, name: \\"AlmHotAbsTemp\\", float: 200}]) { index reason }}"}' 
 </msg>
<msg timestamp="20210719 10:46:02.319" level="INFO">POST Response : url=https://10.252.9.37/api/public/graphql 
 status=200, reason=OK 
 headers={'Date': 'Mon, 19 Jul 2021 05:13:54 GMT', 'Server': 'Apache', 'Content-Encoding': 'gzip', 'Vary': 'Accept-Encoding', 'Content-Length': '49', 'Keep-Alive': 'timeout=10, max=100', 'Connection': 'Keep-Alive', 'Content-Type': 'application/json;charset=UTF-8'} 
 body={"data":{"propertyWrite":[]}} 
 </msg>
<msg timestamp="20210719 10:46:02.320" level="INFO">${result} = &lt;Response [200]&gt;</msg>
<status status="PASS" starttime="20210719 10:46:01.407" endtime="20210719 10:46:02.320"/>
</kw>
<kw name="Should Be Equal As Strings" library="BuiltIn">
<arg>${result.status_code}</arg>
<arg>200</arg>
<doc>Fails if objects are unequal after converting them to strings.</doc>
<msg timestamp="20210719 10:46:02.326" level="INFO">Argument types are:
&lt;class 'int'&gt;
&lt;type 'unicode'&gt;</msg>
<status status="PASS" starttime="20210719 10:46:02.321" endtime="20210719 10:46:02.326"/>
</kw>
<status status="PASS" starttime="20210719 10:46:01.397" endtime="20210719 10:46:02.327"/>
</kw>
<kw name="setRackSensorPointsTemperature" library="apiresources">
<arg>${sensor_point_cooling_temp}</arg>
<kw name="Log To Console" library="BuiltIn">
<arg>Fetch the number of rack sensors -----------------&gt;</arg>
<doc>Logs the given message to the console.</doc>
<status status="PASS" starttime="20210719 10:46:02.328" endtime="20210719 10:46:02.329"/>
</kw>
<kw name="queryToFetchJsonResponseContainingTheRackSensorsFromGroup" library="apiresources">
<var>${json_dict}</var>
<kw name="Create Dictionary" library="BuiltIn">
<var>${headers}</var>
<arg>Content-Type=${content_type}</arg>
<arg>Vigilent-Api-Token=${query_api_token}</arg>
<doc>Creates and returns a dictionary based on the given ``items``.</doc>
<msg timestamp="20210719 10:46:02.332" level="INFO">${headers} = {'Content-Type': 'application/json', 'Vigilent-Api-Token': 'EekHfQugKTtGuy3yWhKt6WN9'}</msg>
<status status="PASS" starttime="20210719 10:46:02.331" endtime="20210719 10:46:02.332"/>
</kw>
<kw name="Get Binary File" library="OperatingSystem">
<var>${file}</var>
<arg>./Inputs/GraphQL/getRackPoints.gql</arg>
<doc>Returns the contents of a specified file.</doc>
<msg timestamp="20210719 10:46:02.333" level="INFO" html="true">Getting file '&lt;a href="file://C:\Users\grees\PycharmProjects\AuQA\Inputs\GraphQL\getRackPoints.gql"&gt;C:\Users\grees\PycharmProjects\AuQA\Inputs\GraphQL\getRackPoints.gql&lt;/a&gt;'.</msg>
<msg timestamp="20210719 10:46:02.333" level="INFO">${file} =  query rackSensorPoints {
            site {
              groups: children(selector: {type: Group,name: "GRP00"}) @skip(if:false) {
                oid name
               racks: children(selecto...</msg>
<status status="PASS" starttime="20210719 10:46:02.332" endtime="20210719 10:46:02.333"/>
</kw>
<kw name="Create Dictionary" library="BuiltIn">
<var>${body}</var>
<arg>query= ${file}</arg>
<doc>Creates and returns a dictionary based on the given ``items``.</doc>
<msg timestamp="20210719 10:46:02.335" level="INFO">${body} = {'query': '  query rackSensorPoints {\r\n            site {\r\n              groups: children(selector: {type: Group,name: "GRP00"}) @skip(if:false) {\r\n                oid name\r\n               rac...</msg>
<status status="PASS" starttime="20210719 10:46:02.334" endtime="20210719 10:46:02.335"/>
</kw>
<kw name="Create Session" library="RequestsLibrary">
<arg>AIEngine</arg>
<arg>${base_url}</arg>
<arg>disable_warnings=1</arg>
<doc>Create Session: create a HTTP session to a server</doc>
<msg timestamp="20210719 10:46:02.336" level="INFO">Creating Session using : alias=AIEngine, url=https://10.252.9.37/api, headers={},                     cookies={}, auth=None, timeout=None, proxies=None, verify=False,                     debug=0 </msg>
<status status="PASS" starttime="20210719 10:46:02.335" endtime="20210719 10:46:02.336"/>
</kw>
<kw name="Post On Session" library="RequestsLibrary">
<var>${result}</var>
<arg>AIEngine</arg>
<arg>/public/graphql</arg>
<arg>headers=${headers}</arg>
<arg>json=${body}</arg>
<doc>Sends a POST request on a previously created HTTP Session.</doc>
<msg timestamp="20210719 10:46:04.802" level="INFO">POST Request : url=https://10.252.9.37/api/public/graphql 
 path_url=/api/public/graphql 
 headers={'User-Agent': 'python-requests/2.25.1', 'Accept-Encoding': 'gzip, deflate', 'Accept': '*/*', 'Connection': 'keep-alive', 'Content-Type': 'application/json', 'Vigilent-Api-Token': 'EekHfQugKTtGuy3yWhKt6WN9', 'Content-Length': '524'} 
 body=b'{"query": "  query rackSensorPoints {\\r\\n            site {\\r\\n              groups: children(selector: {type: Group,name: \\"GRP00\\"}) @skip(if:false) {\\r\\n                oid name\\r\\n               racks: children(selector:{type: Rack},){\\r\\n\\r\\n                  oid\\r\\n                  displayName\\r\\n              points: children{\\r\\n                oid\\r\\n                name\\r\\n                  type\\r\\n              }\\r\\n\\r\\n\\r\\n\\r\\n                }\\r\\n\\r\\n                }\\r\\n              }\\r\\n            }"}' 
 </msg>
<msg timestamp="20210719 10:46:04.802" level="INFO">POST Response : url=https://10.252.9.37/api/public/graphql 
 status=200, reason=OK 
 headers={'Date': 'Mon, 19 Jul 2021 05:13:56 GMT', 'Server': 'Apache', 'Content-Encoding': 'gzip', 'Vary': 'Accept-Encoding', 'Content-Length': '359', 'Keep-Alive': 'timeout=10, max=100', 'Connection': 'Keep-Alive', 'Content-Type': 'application/json;charset=UTF-8'} 
 body={"data":{"site":{"groups":[{"oid":17,"name":"GRP00","racks":[{"oid":1272,"displayName":"CAT00-09-00","points":[{"oid":12010,"name":"Rack Bottom","type":"CBot"},{"oid":12018,"name":"Rack Top","type":"CTop"}]},{"oid":1291,"displayName":"CAT00-09-01","points":[{"oid":12026,"name":"Rack Bottom","type":"CBot"},{"oid":12034,"name":"Rack Top","type":"CTop"}]},{"oid":1310,"displayName":"CAT00-09-02","points":[{"oid":12042,"name":"Rack Bottom","type":"CBot"},{"oid":12050,"name":"Rack Top","type":"CTop"}]},{"oid":1329,"displayName":"CAT00-09-03","points":[{"oid":12058,"name":"Rack Bottom","type":"CBot"},{"oid":12066,"name":"Rack Top","type":"CTop"}]},{"oid":1348,"displayName":"CAT00-09-04","points":[{"oid":12074,"name":"Rack Bottom","type":"CBot"},{"oid":12082,"name":"Rack Top","type":"CTop"}]},{"oid":1367,"displayName":"CAT00-09-05","points":[{"oid":12090,"name":"Rack Bottom","type":"CBot"},{"oid":12098,"name":"Rack Top","type":"CTop"}]},{"oid":27360,"displayName":"CAT00-10-10","points":[{"oid":27363,"name":"Rack Bottom","type":"CBot"},{"oid":27372,"name":"Rack Top","type":"CTop"}]},{"oid":26267,"displayName":"RACKMON","points":[{"oid":26270,"name":"Rack Bottom","type":"CBot"},{"oid":26279,"name":"Rack Top","type":"CTop"}]},{"oid":21845,"displayName":"RH-T_01","points":[{"oid":21848,"name":"Humidity Monitor","type":"RHUM"},{"oid":21856,"name":"Internal Thermistor","type":"ZNT"}]},{"oid":21864,"displayName":"RH-T_02","points":[{"oid":21867,"name":"Humidity Monitor","type":"RHUM"},{"oid":21875,"name":"Internal Thermistor","type":"ZNT"}]},{"oid":21883,"displayName":"RH-T_03","points":[{"oid":21886,"name":"Humidity Monitor","type":"RHUM"},{"oid":21894,"name":"Internal Thermistor","type":"ZNT"}]}]}]}}} 
 </msg>
<msg timestamp="20210719 10:46:04.802" level="INFO">${result} = &lt;Response [200]&gt;</msg>
<status status="PASS" starttime="20210719 10:46:02.337" endtime="20210719 10:46:04.802"/>
</kw>
<kw name="Should Be Equal As Strings" library="BuiltIn">
<arg>${result.status_code}</arg>
<arg>200</arg>
<doc>Fails if objects are unequal after converting them to strings.</doc>
<msg timestamp="20210719 10:46:04.802" level="INFO">Argument types are:
&lt;class 'int'&gt;
&lt;type 'unicode'&gt;</msg>
<status status="PASS" starttime="20210719 10:46:04.802" endtime="20210719 10:46:04.802"/>
</kw>
<kw name="Set Variable" library="BuiltIn">
<var>${json_dict}</var>
<arg>${result.json()}</arg>
<doc>Returns the given values which can then be assigned to a variables.</doc>
<msg timestamp="20210719 10:46:04.802" level="INFO">${json_dict} = {'data': {'site': {'groups': [{'oid': 17, 'name': 'GRP00', 'racks': [{'oid': 1272, 'displayName': 'CAT00-09-00', 'points': [{'oid': 12010, 'name': 'Rack Bottom', 'type': 'CBot'}, {'oid': 12018, 'name'...</msg>
<status status="PASS" starttime="20210719 10:46:04.802" endtime="20210719 10:46:04.802"/>
</kw>
<kw name="Return From Keyword" library="BuiltIn">
<arg>${json_dict}</arg>
<doc>Returns from the enclosing user keyword.</doc>
<msg timestamp="20210719 10:46:04.802" level="INFO">Returning from the enclosing user keyword.</msg>
<status status="PASS" starttime="20210719 10:46:04.802" endtime="20210719 10:46:04.802"/>
</kw>
<msg timestamp="20210719 10:46:04.802" level="INFO">${json_dict} = {'data': {'site': {'groups': [{'oid': 17, 'name': 'GRP00', 'racks': [{'oid': 1272, 'displayName': 'CAT00-09-00', 'points': [{'oid': 12010, 'name': 'Rack Bottom', 'type': 'CBot'}, {'oid': 12018, 'name'...</msg>
<status status="PASS" starttime="20210719 10:46:02.330" endtime="20210719 10:46:04.802"/>
</kw>
<kw name="fetchTheNumberOfItemsInDictionary" library="apiresources">
<var>${total}</var>
<arg>${json_dict}</arg>
<arg>${racks_in_group}</arg>
<kw name="Get Value From Json" library="JSONLibrary">
<var>@{points}</var>
<arg>${dictionary}</arg>
<arg>${json_of_required_node}</arg>
<doc>Get Value From JSON using JSONPath</doc>
<msg timestamp="20210719 10:46:04.838" level="INFO">@{points} = [ [{'oid': 1272, 'displayName': 'CAT00-09-00', 'points': [{'oid': 12010, 'name': 'Rack Bottom', 'type': 'CBot'}, {'oid': 12018, 'name': 'Rack Top', 'type': 'CTop'}]}, {'oid': 1291, 'displayName': 'CAT...</msg>
<status status="PASS" starttime="20210719 10:46:04.802" endtime="20210719 10:46:04.838"/>
</kw>
<kw name="Get Length" library="BuiltIn">
<var>${total_points_to_write}</var>
<arg>@{points}</arg>
<doc>Returns and logs the length of the given item as an integer.</doc>
<msg timestamp="20210719 10:46:04.838" level="INFO">Length is 11</msg>
<msg timestamp="20210719 10:46:04.838" level="INFO">${total_points_to_write} = 11</msg>
<status status="PASS" starttime="20210719 10:46:04.838" endtime="20210719 10:46:04.838"/>
</kw>
<kw name="Convert To Integer" library="BuiltIn">
<var>${total}</var>
<arg>${total_points_to_write}</arg>
<doc>Converts the given item to an integer number.</doc>
<msg timestamp="20210719 10:46:04.838" level="INFO">${total} = 11</msg>
<status status="PASS" starttime="20210719 10:46:04.838" endtime="20210719 10:46:04.838"/>
</kw>
<kw name="Return From Keyword" library="BuiltIn">
<arg>${total}</arg>
<doc>Returns from the enclosing user keyword.</doc>
<msg timestamp="20210719 10:46:04.838" level="INFO">Returning from the enclosing user keyword.</msg>
<status status="PASS" starttime="20210719 10:46:04.838" endtime="20210719 10:46:04.838"/>
</kw>
<msg timestamp="20210719 10:46:04.838" level="INFO">${total} = 11</msg>
<status status="PASS" starttime="20210719 10:46:04.802" endtime="20210719 10:46:04.838"/>
</kw>
<kw name="Log To Console" library="BuiltIn">
<arg>Setting temperature for all sensor points-----------------&gt;</arg>
<doc>Logs the given message to the console.</doc>
<status status="PASS" starttime="20210719 10:46:04.838" endtime="20210719 10:46:04.838"/>
</kw>
<for flavor="IN RANGE">
<var>${i}</var>
<value>0</value>
<value>${total}</value>
<iter>
<var name="${i}">0</var>
<kw name="Log To Console" library="BuiltIn">
<arg>${i} Rack Sensor</arg>
<doc>Logs the given message to the console.</doc>
<status status="PASS" starttime="20210719 10:46:04.838" endtime="20210719 10:46:04.838"/>
</kw>
<kw name="fetchValueOfFieldFromJsonDictionary" library="apiresources">
<var>${rack_type1}</var>
<arg>${json_dict}</arg>
<arg>$.data.site.groups[0].racks[${i}].points[0].name</arg>
<kw name="Get Value From Json" library="JSONLibrary">
<var>${field_value_list}</var>
<arg>${json_dictionary}</arg>
<arg>${json_path_of_required_field}</arg>
<doc>Get Value From JSON using JSONPath</doc>
<msg timestamp="20210719 10:46:04.853" level="INFO">${field_value_list} = ['Rack Bottom']</msg>
<status status="PASS" starttime="20210719 10:46:04.838" endtime="20210719 10:46:04.853"/>
</kw>
<kw name="Get From List" library="Collections">
<var>${field_value}</var>
<arg>${field_value_list}</arg>
<arg>0</arg>
<doc>Returns the value specified with an ``index`` from ``list``.</doc>
<msg timestamp="20210719 10:46:04.853" level="INFO">${field_value} = Rack Bottom</msg>
<status status="PASS" starttime="20210719 10:46:04.853" endtime="20210719 10:46:04.853"/>
</kw>
<kw name="Return From Keyword" library="BuiltIn">
<arg>${field_value}</arg>
<doc>Returns from the enclosing user keyword.</doc>
<msg timestamp="20210719 10:46:04.853" level="INFO">Returning from the enclosing user keyword.</msg>
<status status="PASS" starttime="20210719 10:46:04.853" endtime="20210719 10:46:04.853"/>
</kw>
<msg timestamp="20210719 10:46:04.853" level="INFO">${rack_type1} = Rack Bottom</msg>
<status status="PASS" starttime="20210719 10:46:04.838" endtime="20210719 10:46:04.853"/>
</kw>
<kw name="fetchValueOfFieldFromJsonDictionary" library="apiresources">
<var>${rack_type2}</var>
<arg>${json_dict}</arg>
<arg>$.data.site.groups[0].racks[${i}].points[1].name</arg>
<kw name="Get Value From Json" library="JSONLibrary">
<var>${field_value_list}</var>
<arg>${json_dictionary}</arg>
<arg>${json_path_of_required_field}</arg>
<doc>Get Value From JSON using JSONPath</doc>
<msg timestamp="20210719 10:46:04.869" level="INFO">${field_value_list} = ['Rack Top']</msg>
<status status="PASS" starttime="20210719 10:46:04.853" endtime="20210719 10:46:04.869"/>
</kw>
<kw name="Get From List" library="Collections">
<var>${field_value}</var>
<arg>${field_value_list}</arg>
<arg>0</arg>
<doc>Returns the value specified with an ``index`` from ``list``.</doc>
<msg timestamp="20210719 10:46:04.869" level="INFO">${field_value} = Rack Top</msg>
<status status="PASS" starttime="20210719 10:46:04.869" endtime="20210719 10:46:04.869"/>
</kw>
<kw name="Return From Keyword" library="BuiltIn">
<arg>${field_value}</arg>
<doc>Returns from the enclosing user keyword.</doc>
<msg timestamp="20210719 10:46:04.869" level="INFO">Returning from the enclosing user keyword.</msg>
<status status="PASS" starttime="20210719 10:46:04.869" endtime="20210719 10:46:04.869"/>
</kw>
<msg timestamp="20210719 10:46:04.869" level="INFO">${rack_type2} = Rack Top</msg>
<status status="PASS" starttime="20210719 10:46:04.853" endtime="20210719 10:46:04.869"/>
</kw>
<kw name="fetchValueOfFieldFromJsonDictionary" library="apiresources">
<var>${oid1}</var>
<arg>${json_dict}</arg>
<arg>$.data.site.groups[0].racks[${i}].points[0].oid</arg>
<kw name="Get Value From Json" library="JSONLibrary">
<var>${field_value_list}</var>
<arg>${json_dictionary}</arg>
<arg>${json_path_of_required_field}</arg>
<doc>Get Value From JSON using JSONPath</doc>
<msg timestamp="20210719 10:46:04.884" level="INFO">${field_value_list} = [12010]</msg>
<status status="PASS" starttime="20210719 10:46:04.869" endtime="20210719 10:46:04.900"/>
</kw>
<kw name="Get From List" library="Collections">
<var>${field_value}</var>
<arg>${field_value_list}</arg>
<arg>0</arg>
<doc>Returns the value specified with an ``index`` from ``list``.</doc>
<msg timestamp="20210719 10:46:04.900" level="INFO">${field_value} = 12010</msg>
<status status="PASS" starttime="20210719 10:46:04.900" endtime="20210719 10:46:04.900"/>
</kw>
<kw name="Return From Keyword" library="BuiltIn">
<arg>${field_value}</arg>
<doc>Returns from the enclosing user keyword.</doc>
<msg timestamp="20210719 10:46:04.900" level="INFO">Returning from the enclosing user keyword.</msg>
<status status="PASS" starttime="20210719 10:46:04.900" endtime="20210719 10:46:04.900"/>
</kw>
<msg timestamp="20210719 10:46:04.900" level="INFO">${oid1} = 12010</msg>
<status status="PASS" starttime="20210719 10:46:04.869" endtime="20210719 10:46:04.900"/>
</kw>
<kw name="fetchValueOfFieldFromJsonDictionary" library="apiresources">
<var>${oid2}</var>
<arg>${json_dict}</arg>
<arg>$.data.site.groups[0].racks[${i}].points[1].oid</arg>
<kw name="Get Value From Json" library="JSONLibrary">
<var>${field_value_list}</var>
<arg>${json_dictionary}</arg>
<arg>${json_path_of_required_field}</arg>
<doc>Get Value From JSON using JSONPath</doc>
<msg timestamp="20210719 10:46:04.916" level="INFO">${field_value_list} = [12018]</msg>
<status status="PASS" starttime="20210719 10:46:04.900" endtime="20210719 10:46:04.916"/>
</kw>
<kw name="Get From List" library="Collections">
<var>${field_value}</var>
<arg>${field_value_list}</arg>
<arg>0</arg>
<doc>Returns the value specified with an ``index`` from ``list``.</doc>
<msg timestamp="20210719 10:46:04.916" level="INFO">${field_value} = 12018</msg>
<status status="PASS" starttime="20210719 10:46:04.916" endtime="20210719 10:46:04.916"/>
</kw>
<kw name="Return From Keyword" library="BuiltIn">
<arg>${field_value}</arg>
<doc>Returns from the enclosing user keyword.</doc>
<msg timestamp="20210719 10:46:04.916" level="INFO">Returning from the enclosing user keyword.</msg>
<status status="PASS" starttime="20210719 10:46:04.916" endtime="20210719 10:46:04.916"/>
</kw>
<msg timestamp="20210719 10:46:04.916" level="INFO">${oid2} = 12018</msg>
<status status="PASS" starttime="20210719 10:46:04.900" endtime="20210719 10:46:04.916"/>
</kw>
<kw name="Run Keyword If" library="BuiltIn">
<arg>'${rack_type1}'!='Humidity Monitor'</arg>
<arg>setRackPointSensorTemperature</arg>
<arg>${oid1}</arg>
<arg>${tempF}</arg>
<doc>Runs the given keyword with the given arguments, if ``condition`` is true.</doc>
<kw name="setRackPointSensorTemperature" library="apiresources">
<arg>${oid1}</arg>
<arg>${tempF}</arg>
<kw name="Create Dictionary" library="BuiltIn">
<var>${headers}</var>
<arg>Content-Type=${content_type}</arg>
<arg>Vigilent-Api-Token=${write_api_token}</arg>
<doc>Creates and returns a dictionary based on the given ``items``.</doc>
<msg timestamp="20210719 10:46:04.916" level="INFO">${headers} = {'Content-Type': 'application/json', 'Vigilent-Api-Token': 'Q9uPuYdzSev9x5ww8RWDsW6P'}</msg>
<status status="PASS" starttime="20210719 10:46:04.916" endtime="20210719 10:46:04.916"/>
</kw>
<kw name="Create Dictionary" library="BuiltIn">
<var>${body}</var>
<arg>query= mutation pointWrite { pointWrite(requests: [{oid: ${oid}, value: ${temp}}]) { index reason }}</arg>
<doc>Creates and returns a dictionary based on the given ``items``.</doc>
<msg timestamp="20210719 10:46:04.916" level="INFO">${body} = {'query': ' mutation pointWrite { pointWrite(requests: [{oid: 12010, value: 65.0}]) { index reason }}'}</msg>
<status status="PASS" starttime="20210719 10:46:04.916" endtime="20210719 10:46:04.916"/>
</kw>
<kw name="Create Session" library="RequestsLibrary">
<arg>AIEngine</arg>
<arg>${base_url}</arg>
<arg>disable_warnings=1</arg>
<doc>Create Session: create a HTTP session to a server</doc>
<msg timestamp="20210719 10:46:04.916" level="INFO">Creating Session using : alias=AIEngine, url=https://10.252.9.37/api, headers={},                     cookies={}, auth=None, timeout=None, proxies=None, verify=False,                     debug=0 </msg>
<status status="PASS" starttime="20210719 10:46:04.916" endtime="20210719 10:46:04.916"/>
</kw>
<kw name="Post On Session" library="RequestsLibrary">
<var>${result}</var>
<arg>AIEngine</arg>
<arg>/public/graphql</arg>
<arg>headers=${headers}</arg>
<arg>json=${body}</arg>
<doc>Sends a POST request on a previously created HTTP Session.</doc>
<msg timestamp="20210719 10:46:16.732" level="INFO">POST Request : url=https://10.252.9.37/api/public/graphql 
 path_url=/api/public/graphql 
 headers={'User-Agent': 'python-requests/2.25.1', 'Accept-Encoding': 'gzip, deflate', 'Accept': '*/*', 'Connection': 'keep-alive', 'Content-Type': 'application/json', 'Vigilent-Api-Token': 'Q9uPuYdzSev9x5ww8RWDsW6P', 'Content-Length': '103'} 
 body=b'{"query": " mutation pointWrite { pointWrite(requests: [{oid: 12010, value: 65.0}]) { index reason }}"}' 
 </msg>
<msg timestamp="20210719 10:46:16.732" level="INFO">POST Response : url=https://10.252.9.37/api/public/graphql 
 status=200, reason=OK 
 headers={'Date': 'Mon, 19 Jul 2021 05:14:08 GMT', 'Server': 'Apache', 'Content-Encoding': 'gzip', 'Vary': 'Accept-Encoding', 'Content-Length': '46', 'Keep-Alive': 'timeout=10, max=100', 'Connection': 'Keep-Alive', 'Content-Type': 'application/json;charset=UTF-8'} 
 body={"data":{"pointWrite":[]}} 
 </msg>
<msg timestamp="20210719 10:46:16.732" level="INFO">${result} = &lt;Response [200]&gt;</msg>
<status status="PASS" starttime="20210719 10:46:04.916" endtime="20210719 10:46:16.732"/>
</kw>
<kw name="Should Be Equal As Strings" library="BuiltIn">
<arg>${result.status_code}</arg>
<arg>200</arg>
<doc>Fails if objects are unequal after converting them to strings.</doc>
<msg timestamp="20210719 10:46:16.732" level="INFO">Argument types are:
&lt;class 'int'&gt;
&lt;type 'unicode'&gt;</msg>
<status status="PASS" starttime="20210719 10:46:16.732" endtime="20210719 10:46:16.732"/>
</kw>
<kw name="Log To Console" library="BuiltIn">
<arg>Temperature ${temp} F set for ${oid}</arg>
<doc>Logs the given message to the console.</doc>
<status status="PASS" starttime="20210719 10:46:16.732" endtime="20210719 10:46:16.732"/>
</kw>
<status status="PASS" starttime="20210719 10:46:04.916" endtime="20210719 10:46:16.732"/>
</kw>
<status status="PASS" starttime="20210719 10:46:04.916" endtime="20210719 10:46:16.732"/>
</kw>
<kw name="Run Keyword If" library="BuiltIn">
<arg>'${rack_type2}'!='Internal Thermistor'</arg>
<arg>setRackPointSensorTemperature</arg>
<arg>${oid2}</arg>
<arg>${tempF}</arg>
<doc>Runs the given keyword with the given arguments, if ``condition`` is true.</doc>
<kw name="setRackPointSensorTemperature" library="apiresources">
<arg>${oid2}</arg>
<arg>${tempF}</arg>
<kw name="Create Dictionary" library="BuiltIn">
<var>${headers}</var>
<arg>Content-Type=${content_type}</arg>
<arg>Vigilent-Api-Token=${write_api_token}</arg>
<doc>Creates and returns a dictionary based on the given ``items``.</doc>
<msg timestamp="20210719 10:46:16.732" level="INFO">${headers} = {'Content-Type': 'application/json', 'Vigilent-Api-Token': 'Q9uPuYdzSev9x5ww8RWDsW6P'}</msg>
<status status="PASS" starttime="20210719 10:46:16.732" endtime="20210719 10:46:16.732"/>
</kw>
<kw name="Create Dictionary" library="BuiltIn">
<var>${body}</var>
<arg>query= mutation pointWrite { pointWrite(requests: [{oid: ${oid}, value: ${temp}}]) { index reason }}</arg>
<doc>Creates and returns a dictionary based on the given ``items``.</doc>
<msg timestamp="20210719 10:46:16.732" level="INFO">${body} = {'query': ' mutation pointWrite { pointWrite(requests: [{oid: 12018, value: 65.0}]) { index reason }}'}</msg>
<status status="PASS" starttime="20210719 10:46:16.732" endtime="20210719 10:46:16.732"/>
</kw>
<kw name="Create Session" library="RequestsLibrary">
<arg>AIEngine</arg>
<arg>${base_url}</arg>
<arg>disable_warnings=1</arg>
<doc>Create Session: create a HTTP session to a server</doc>
<msg timestamp="20210719 10:46:16.732" level="INFO">Creating Session using : alias=AIEngine, url=https://10.252.9.37/api, headers={},                     cookies={}, auth=None, timeout=None, proxies=None, verify=False,                     debug=0 </msg>
<status status="PASS" starttime="20210719 10:46:16.732" endtime="20210719 10:46:16.732"/>
</kw>
<kw name="Post On Session" library="RequestsLibrary">
<var>${result}</var>
<arg>AIEngine</arg>
<arg>/public/graphql</arg>
<arg>headers=${headers}</arg>
<arg>json=${body}</arg>
<doc>Sends a POST request on a previously created HTTP Session.</doc>
<msg timestamp="20210719 10:46:18.385" level="INFO">POST Request : url=https://10.252.9.37/api/public/graphql 
 path_url=/api/public/graphql 
 headers={'User-Agent': 'python-requests/2.25.1', 'Accept-Encoding': 'gzip, deflate', 'Accept': '*/*', 'Connection': 'keep-alive', 'Content-Type': 'application/json', 'Vigilent-Api-Token': 'Q9uPuYdzSev9x5ww8RWDsW6P', 'Content-Length': '103'} 
 body=b'{"query": " mutation pointWrite { pointWrite(requests: [{oid: 12018, value: 65.0}]) { index reason }}"}' 
 </msg>
<msg timestamp="20210719 10:46:18.385" level="INFO">POST Response : url=https://10.252.9.37/api/public/graphql 
 status=200, reason=OK 
 headers={'Date': 'Mon, 19 Jul 2021 05:14:10 GMT', 'Server': 'Apache', 'Content-Encoding': 'gzip', 'Vary': 'Accept-Encoding', 'Content-Length': '46', 'Keep-Alive': 'timeout=10, max=100', 'Connection': 'Keep-Alive', 'Content-Type': 'application/json;charset=UTF-8'} 
 body={"data":{"pointWrite":[]}} 
 </msg>
<msg timestamp="20210719 10:46:18.385" level="INFO">${result} = &lt;Response [200]&gt;</msg>
<status status="PASS" starttime="20210719 10:46:16.748" endtime="20210719 10:46:18.385"/>
</kw>
<kw name="Should Be Equal As Strings" library="BuiltIn">
<arg>${result.status_code}</arg>
<arg>200</arg>
<doc>Fails if objects are unequal after converting them to strings.</doc>
<msg timestamp="20210719 10:46:18.401" level="INFO">Argument types are:
&lt;class 'int'&gt;
&lt;type 'unicode'&gt;</msg>
<status status="PASS" starttime="20210719 10:46:18.385" endtime="20210719 10:46:18.401"/>
</kw>
<kw name="Log To Console" library="BuiltIn">
<arg>Temperature ${temp} F set for ${oid}</arg>
<doc>Logs the given message to the console.</doc>
<status status="PASS" starttime="20210719 10:46:18.401" endtime="20210719 10:46:18.401"/>
</kw>
<status status="PASS" starttime="20210719 10:46:16.732" endtime="20210719 10:46:18.401"/>
</kw>
<status status="PASS" starttime="20210719 10:46:16.732" endtime="20210719 10:46:18.401"/>
</kw>
<status status="PASS" starttime="20210719 10:46:04.838" endtime="20210719 10:46:18.401"/>
</iter>
<iter>
<var name="${i}">1</var>
<kw name="Log To Console" library="BuiltIn">
<arg>${i} Rack Sensor</arg>
<doc>Logs the given message to the console.</doc>
<status status="PASS" starttime="20210719 10:46:18.401" endtime="20210719 10:46:18.401"/>
</kw>
<kw name="fetchValueOfFieldFromJsonDictionary" library="apiresources">
<var>${rack_type1}</var>
<arg>${json_dict}</arg>
<arg>$.data.site.groups[0].racks[${i}].points[0].name</arg>
<kw name="Get Value From Json" library="JSONLibrary">
<var>${field_value_list}</var>
<arg>${json_dictionary}</arg>
<arg>${json_path_of_required_field}</arg>
<doc>Get Value From JSON using JSONPath</doc>
<msg timestamp="20210719 10:46:18.417" level="INFO">${field_value_list} = ['Rack Bottom']</msg>
<status status="PASS" starttime="20210719 10:46:18.401" endtime="20210719 10:46:18.417"/>
</kw>
<kw name="Get From List" library="Collections">
<var>${field_value}</var>
<arg>${field_value_list}</arg>
<arg>0</arg>
<doc>Returns the value specified with an ``index`` from ``list``.</doc>
<msg timestamp="20210719 10:46:18.417" level="INFO">${field_value} = Rack Bottom</msg>
<status status="PASS" starttime="20210719 10:46:18.417" endtime="20210719 10:46:18.417"/>
</kw>
<kw name="Return From Keyword" library="BuiltIn">
<arg>${field_value}</arg>
<doc>Returns from the enclosing user keyword.</doc>
<msg timestamp="20210719 10:46:18.417" level="INFO">Returning from the enclosing user keyword.</msg>
<status status="PASS" starttime="20210719 10:46:18.417" endtime="20210719 10:46:18.417"/>
</kw>
<msg timestamp="20210719 10:46:18.417" level="INFO">${rack_type1} = Rack Bottom</msg>
<status status="PASS" starttime="20210719 10:46:18.401" endtime="20210719 10:46:18.417"/>
</kw>
<kw name="fetchValueOfFieldFromJsonDictionary" library="apiresources">
<var>${rack_type2}</var>
<arg>${json_dict}</arg>
<arg>$.data.site.groups[0].racks[${i}].points[1].name</arg>
<kw name="Get Value From Json" library="JSONLibrary">
<var>${field_value_list}</var>
<arg>${json_dictionary}</arg>
<arg>${json_path_of_required_field}</arg>
<doc>Get Value From JSON using JSONPath</doc>
<msg timestamp="20210719 10:46:18.432" level="INFO">${field_value_list} = ['Rack Top']</msg>
<status status="PASS" starttime="20210719 10:46:18.417" endtime="20210719 10:46:18.432"/>
</kw>
<kw name="Get From List" library="Collections">
<var>${field_value}</var>
<arg>${field_value_list}</arg>
<arg>0</arg>
<doc>Returns the value specified with an ``index`` from ``list``.</doc>
<msg timestamp="20210719 10:46:18.432" level="INFO">${field_value} = Rack Top</msg>
<status status="PASS" starttime="20210719 10:46:18.432" endtime="20210719 10:46:18.432"/>
</kw>
<kw name="Return From Keyword" library="BuiltIn">
<arg>${field_value}</arg>
<doc>Returns from the enclosing user keyword.</doc>
<msg timestamp="20210719 10:46:18.432" level="INFO">Returning from the enclosing user keyword.</msg>
<status status="PASS" starttime="20210719 10:46:18.432" endtime="20210719 10:46:18.432"/>
</kw>
<msg timestamp="20210719 10:46:18.432" level="INFO">${rack_type2} = Rack Top</msg>
<status status="PASS" starttime="20210719 10:46:18.417" endtime="20210719 10:46:18.432"/>
</kw>
<kw name="fetchValueOfFieldFromJsonDictionary" library="apiresources">
<var>${oid1}</var>
<arg>${json_dict}</arg>
<arg>$.data.site.groups[0].racks[${i}].points[0].oid</arg>
<kw name="Get Value From Json" library="JSONLibrary">
<var>${field_value_list}</var>
<arg>${json_dictionary}</arg>
<arg>${json_path_of_required_field}</arg>
<doc>Get Value From JSON using JSONPath</doc>
<msg timestamp="20210719 10:46:18.448" level="INFO">${field_value_list} = [12026]</msg>
<status status="PASS" starttime="20210719 10:46:18.432" endtime="20210719 10:46:18.448"/>
</kw>
<kw name="Get From List" library="Collections">
<var>${field_value}</var>
<arg>${field_value_list}</arg>
<arg>0</arg>
<doc>Returns the value specified with an ``index`` from ``list``.</doc>
<msg timestamp="20210719 10:46:18.448" level="INFO">${field_value} = 12026</msg>
<status status="PASS" starttime="20210719 10:46:18.448" endtime="20210719 10:46:18.448"/>
</kw>
<kw name="Return From Keyword" library="BuiltIn">
<arg>${field_value}</arg>
<doc>Returns from the enclosing user keyword.</doc>
<msg timestamp="20210719 10:46:18.448" level="INFO">Returning from the enclosing user keyword.</msg>
<status status="PASS" starttime="20210719 10:46:18.448" endtime="20210719 10:46:18.448"/>
</kw>
<msg timestamp="20210719 10:46:18.448" level="INFO">${oid1} = 12026</msg>
<status status="PASS" starttime="20210719 10:46:18.432" endtime="20210719 10:46:18.448"/>
</kw>
<kw name="fetchValueOfFieldFromJsonDictionary" library="apiresources">
<var>${oid2}</var>
<arg>${json_dict}</arg>
<arg>$.data.site.groups[0].racks[${i}].points[1].oid</arg>
<kw name="Get Value From Json" library="JSONLibrary">
<var>${field_value_list}</var>
<arg>${json_dictionary}</arg>
<arg>${json_path_of_required_field}</arg>
<doc>Get Value From JSON using JSONPath</doc>
<msg timestamp="20210719 10:46:18.470" level="INFO">${field_value_list} = [12034]</msg>
<status status="PASS" starttime="20210719 10:46:18.448" endtime="20210719 10:46:18.470"/>
</kw>
<kw name="Get From List" library="Collections">
<var>${field_value}</var>
<arg>${field_value_list}</arg>
<arg>0</arg>
<doc>Returns the value specified with an ``index`` from ``list``.</doc>
<msg timestamp="20210719 10:46:18.470" level="INFO">${field_value} = 12034</msg>
<status status="PASS" starttime="20210719 10:46:18.470" endtime="20210719 10:46:18.470"/>
</kw>
<kw name="Return From Keyword" library="BuiltIn">
<arg>${field_value}</arg>
<doc>Returns from the enclosing user keyword.</doc>
<msg timestamp="20210719 10:46:18.470" level="INFO">Returning from the enclosing user keyword.</msg>
<status status="PASS" starttime="20210719 10:46:18.470" endtime="20210719 10:46:18.470"/>
</kw>
<msg timestamp="20210719 10:46:18.470" level="INFO">${oid2} = 12034</msg>
<status status="PASS" starttime="20210719 10:46:18.448" endtime="20210719 10:46:18.470"/>
</kw>
<kw name="Run Keyword If" library="BuiltIn">
<arg>'${rack_type1}'!='Humidity Monitor'</arg>
<arg>setRackPointSensorTemperature</arg>
<arg>${oid1}</arg>
<arg>${tempF}</arg>
<doc>Runs the given keyword with the given arguments, if ``condition`` is true.</doc>
<kw name="setRackPointSensorTemperature" library="apiresources">
<arg>${oid1}</arg>
<arg>${tempF}</arg>
<kw name="Create Dictionary" library="BuiltIn">
<var>${headers}</var>
<arg>Content-Type=${content_type}</arg>
<arg>Vigilent-Api-Token=${write_api_token}</arg>
<doc>Creates and returns a dictionary based on the given ``items``.</doc>
<msg timestamp="20210719 10:46:18.470" level="INFO">${headers} = {'Content-Type': 'application/json', 'Vigilent-Api-Token': 'Q9uPuYdzSev9x5ww8RWDsW6P'}</msg>
<status status="PASS" starttime="20210719 10:46:18.470" endtime="20210719 10:46:18.470"/>
</kw>
<kw name="Create Dictionary" library="BuiltIn">
<var>${body}</var>
<arg>query= mutation pointWrite { pointWrite(requests: [{oid: ${oid}, value: ${temp}}]) { index reason }}</arg>
<doc>Creates and returns a dictionary based on the given ``items``.</doc>
<msg timestamp="20210719 10:46:18.470" level="INFO">${body} = {'query': ' mutation pointWrite { pointWrite(requests: [{oid: 12026, value: 65.0}]) { index reason }}'}</msg>
<status status="PASS" starttime="20210719 10:46:18.470" endtime="20210719 10:46:18.470"/>
</kw>
<kw name="Create Session" library="RequestsLibrary">
<arg>AIEngine</arg>
<arg>${base_url}</arg>
<arg>disable_warnings=1</arg>
<doc>Create Session: create a HTTP session to a server</doc>
<msg timestamp="20210719 10:46:18.470" level="INFO">Creating Session using : alias=AIEngine, url=https://10.252.9.37/api, headers={},                     cookies={}, auth=None, timeout=None, proxies=None, verify=False,                     debug=0 </msg>
<status status="PASS" starttime="20210719 10:46:18.470" endtime="20210719 10:46:18.470"/>
</kw>
<kw name="Post On Session" library="RequestsLibrary">
<var>${result}</var>
<arg>AIEngine</arg>
<arg>/public/graphql</arg>
<arg>headers=${headers}</arg>
<arg>json=${body}</arg>
<doc>Sends a POST request on a previously created HTTP Session.</doc>
<msg timestamp="20210719 10:46:21.054" level="INFO">POST Request : url=https://10.252.9.37/api/public/graphql 
 path_url=/api/public/graphql 
 headers={'User-Agent': 'python-requests/2.25.1', 'Accept-Encoding': 'gzip, deflate', 'Accept': '*/*', 'Connection': 'keep-alive', 'Content-Type': 'application/json', 'Vigilent-Api-Token': 'Q9uPuYdzSev9x5ww8RWDsW6P', 'Content-Length': '103'} 
 body=b'{"query": " mutation pointWrite { pointWrite(requests: [{oid: 12026, value: 65.0}]) { index reason }}"}' 
 </msg>
<msg timestamp="20210719 10:46:21.054" level="INFO">POST Response : url=https://10.252.9.37/api/public/graphql 
 status=200, reason=OK 
 headers={'Date': 'Mon, 19 Jul 2021 05:14:12 GMT', 'Server': 'Apache', 'Content-Encoding': 'gzip', 'Vary': 'Accept-Encoding', 'Content-Length': '46', 'Keep-Alive': 'timeout=10, max=100', 'Connection': 'Keep-Alive', 'Content-Type': 'application/json;charset=UTF-8'} 
 body={"data":{"pointWrite":[]}} 
 </msg>
<msg timestamp="20210719 10:46:21.054" level="INFO">${result} = &lt;Response [200]&gt;</msg>
<status status="PASS" starttime="20210719 10:46:18.470" endtime="20210719 10:46:21.054"/>
</kw>
<kw name="Should Be Equal As Strings" library="BuiltIn">
<arg>${result.status_code}</arg>
<arg>200</arg>
<doc>Fails if objects are unequal after converting them to strings.</doc>
<msg timestamp="20210719 10:46:21.054" level="INFO">Argument types are:
&lt;class 'int'&gt;
&lt;type 'unicode'&gt;</msg>
<status status="PASS" starttime="20210719 10:46:21.054" endtime="20210719 10:46:21.054"/>
</kw>
<kw name="Log To Console" library="BuiltIn">
<arg>Temperature ${temp} F set for ${oid}</arg>
<doc>Logs the given message to the console.</doc>
<status status="PASS" starttime="20210719 10:46:21.054" endtime="20210719 10:46:21.054"/>
</kw>
<status status="PASS" starttime="20210719 10:46:18.470" endtime="20210719 10:46:21.054"/>
</kw>
<status status="PASS" starttime="20210719 10:46:18.470" endtime="20210719 10:46:21.054"/>
</kw>
<kw name="Run Keyword If" library="BuiltIn">
<arg>'${rack_type2}'!='Internal Thermistor'</arg>
<arg>setRackPointSensorTemperature</arg>
<arg>${oid2}</arg>
<arg>${tempF}</arg>
<doc>Runs the given keyword with the given arguments, if ``condition`` is true.</doc>
<kw name="setRackPointSensorTemperature" library="apiresources">
<arg>${oid2}</arg>
<arg>${tempF}</arg>
<kw name="Create Dictionary" library="BuiltIn">
<var>${headers}</var>
<arg>Content-Type=${content_type}</arg>
<arg>Vigilent-Api-Token=${write_api_token}</arg>
<doc>Creates and returns a dictionary based on the given ``items``.</doc>
<msg timestamp="20210719 10:46:21.070" level="INFO">${headers} = {'Content-Type': 'application/json', 'Vigilent-Api-Token': 'Q9uPuYdzSev9x5ww8RWDsW6P'}</msg>
<status status="PASS" starttime="20210719 10:46:21.070" endtime="20210719 10:46:21.070"/>
</kw>
<kw name="Create Dictionary" library="BuiltIn">
<var>${body}</var>
<arg>query= mutation pointWrite { pointWrite(requests: [{oid: ${oid}, value: ${temp}}]) { index reason }}</arg>
<doc>Creates and returns a dictionary based on the given ``items``.</doc>
<msg timestamp="20210719 10:46:21.070" level="INFO">${body} = {'query': ' mutation pointWrite { pointWrite(requests: [{oid: 12034, value: 65.0}]) { index reason }}'}</msg>
<status status="PASS" starttime="20210719 10:46:21.070" endtime="20210719 10:46:21.070"/>
</kw>
<kw name="Create Session" library="RequestsLibrary">
<arg>AIEngine</arg>
<arg>${base_url}</arg>
<arg>disable_warnings=1</arg>
<doc>Create Session: create a HTTP session to a server</doc>
<msg timestamp="20210719 10:46:21.076" level="INFO">Creating Session using : alias=AIEngine, url=https://10.252.9.37/api, headers={},                     cookies={}, auth=None, timeout=None, proxies=None, verify=False,                     debug=0 </msg>
<status status="PASS" starttime="20210719 10:46:21.076" endtime="20210719 10:46:21.076"/>
</kw>
<kw name="Post On Session" library="RequestsLibrary">
<var>${result}</var>
<arg>AIEngine</arg>
<arg>/public/graphql</arg>
<arg>headers=${headers}</arg>
<arg>json=${body}</arg>
<doc>Sends a POST request on a previously created HTTP Session.</doc>
<msg timestamp="20210719 10:46:21.993" level="INFO">POST Request : url=https://10.252.9.37/api/public/graphql 
 path_url=/api/public/graphql 
 headers={'User-Agent': 'python-requests/2.25.1', 'Accept-Encoding': 'gzip, deflate', 'Accept': '*/*', 'Connection': 'keep-alive', 'Content-Type': 'application/json', 'Vigilent-Api-Token': 'Q9uPuYdzSev9x5ww8RWDsW6P', 'Content-Length': '103'} 
 body=b'{"query": " mutation pointWrite { pointWrite(requests: [{oid: 12034, value: 65.0}]) { index reason }}"}' 
 </msg>
<msg timestamp="20210719 10:46:21.993" level="INFO">POST Response : url=https://10.252.9.37/api/public/graphql 
 status=200, reason=OK 
 headers={'Date': 'Mon, 19 Jul 2021 05:14:13 GMT', 'Server': 'Apache', 'Content-Encoding': 'gzip', 'Vary': 'Accept-Encoding', 'Content-Length': '46', 'Keep-Alive': 'timeout=10, max=100', 'Connection': 'Keep-Alive', 'Content-Type': 'application/json;charset=UTF-8'} 
 body={"data":{"pointWrite":[]}} 
 </msg>
<msg timestamp="20210719 10:46:21.993" level="INFO">${result} = &lt;Response [200]&gt;</msg>
<status status="PASS" starttime="20210719 10:46:21.076" endtime="20210719 10:46:21.993"/>
</kw>
<kw name="Should Be Equal As Strings" library="BuiltIn">
<arg>${result.status_code}</arg>
<arg>200</arg>
<doc>Fails if objects are unequal after converting them to strings.</doc>
<msg timestamp="20210719 10:46:22.009" level="INFO">Argument types are:
&lt;class 'int'&gt;
&lt;type 'unicode'&gt;</msg>
<status status="PASS" starttime="20210719 10:46:21.993" endtime="20210719 10:46:22.009"/>
</kw>
<kw name="Log To Console" library="BuiltIn">
<arg>Temperature ${temp} F set for ${oid}</arg>
<doc>Logs the given message to the console.</doc>
<status status="PASS" starttime="20210719 10:46:22.009" endtime="20210719 10:46:22.009"/>
</kw>
<status status="PASS" starttime="20210719 10:46:21.070" endtime="20210719 10:46:22.009"/>
</kw>
<status status="PASS" starttime="20210719 10:46:21.054" endtime="20210719 10:46:22.009"/>
</kw>
<status status="PASS" starttime="20210719 10:46:18.401" endtime="20210719 10:46:22.009"/>
</iter>
<iter>
<var name="${i}">2</var>
<kw name="Log To Console" library="BuiltIn">
<arg>${i} Rack Sensor</arg>
<doc>Logs the given message to the console.</doc>
<status status="PASS" starttime="20210719 10:46:22.009" endtime="20210719 10:46:22.009"/>
</kw>
<kw name="fetchValueOfFieldFromJsonDictionary" library="apiresources">
<var>${rack_type1}</var>
<arg>${json_dict}</arg>
<arg>$.data.site.groups[0].racks[${i}].points[0].name</arg>
<kw name="Get Value From Json" library="JSONLibrary">
<var>${field_value_list}</var>
<arg>${json_dictionary}</arg>
<arg>${json_path_of_required_field}</arg>
<doc>Get Value From JSON using JSONPath</doc>
<msg timestamp="20210719 10:46:22.025" level="INFO">${field_value_list} = ['Rack Bottom']</msg>
<status status="PASS" starttime="20210719 10:46:22.009" endtime="20210719 10:46:22.025"/>
</kw>
<kw name="Get From List" library="Collections">
<var>${field_value}</var>
<arg>${field_value_list}</arg>
<arg>0</arg>
<doc>Returns the value specified with an ``index`` from ``list``.</doc>
<msg timestamp="20210719 10:46:22.025" level="INFO">${field_value} = Rack Bottom</msg>
<status status="PASS" starttime="20210719 10:46:22.025" endtime="20210719 10:46:22.025"/>
</kw>
[...]
<status status="PASS" starttime="20210719 11:03:09.112" endtime="20210719 11:03:09.204"/>
</kw>
<kw name="Get Length" library="BuiltIn">
<var>${total_points_to_write}</var>
<arg>@{points}</arg>
<doc>Returns and logs the length of the given item as an integer.</doc>
<msg timestamp="20210719 11:03:09.206" level="INFO">Length is 2</msg>
<msg timestamp="20210719 11:03:09.207" level="INFO">${total_points_to_write} = 2</msg>
<status status="PASS" starttime="20210719 11:03:09.205" endtime="20210719 11:03:09.207"/>
</kw>
<kw name="Convert To Integer" library="BuiltIn">
<var>${total}</var>
<arg>${total_points_to_write}</arg>
<doc>Converts the given item to an integer number.</doc>
<msg timestamp="20210719 11:03:09.212" level="INFO">${total} = 2</msg>
<status status="PASS" starttime="20210719 11:03:09.208" endtime="20210719 11:03:09.212"/>
</kw>
<kw name="Return From Keyword" library="BuiltIn">
<arg>${total}</arg>
<doc>Returns from the enclosing user keyword.</doc>
<msg timestamp="20210719 11:03:09.214" level="INFO">Returning from the enclosing user keyword.</msg>
<status status="PASS" starttime="20210719 11:03:09.213" endtime="20210719 11:03:09.214"/>
</kw>
<msg timestamp="20210719 11:03:09.216" level="INFO">${no_of_controls} = 2</msg>
<status status="PASS" starttime="20210719 11:03:09.108" endtime="20210719 11:03:09.216"/>
</kw>
<kw name="Log To Console" library="BuiltIn">
<arg>!!!--No of Controls for ${ahu} is ${no_of_controls}---!!!</arg>
<doc>Logs the given message to the console.</doc>
<status status="PASS" starttime="20210719 11:03:09.216" endtime="20210719 11:03:09.223"/>
</kw>
<kw name="fetchValueOfFieldFromJsonDictionary" library="apiresources">
<var>${ahu_status_ctrl_value}</var>
<arg>${json_dictionary}</arg>
<arg>$.data.site.groups[0].ahus[${ahu}].controls[0].status.origin</arg>
<kw name="Get Value From Json" library="JSONLibrary">
<var>${field_value_list}</var>
<arg>${json_dictionary}</arg>
<arg>${json_path_of_required_field}</arg>
<doc>Get Value From JSON using JSONPath</doc>
<msg timestamp="20210719 11:03:09.321" level="INFO">${field_value_list} = ['CONTROL']</msg>
<status status="PASS" starttime="20210719 11:03:09.227" endtime="20210719 11:03:09.321"/>
</kw>
<kw name="Get From List" library="Collections">
<var>${field_value}</var>
<arg>${field_value_list}</arg>
<arg>0</arg>
<doc>Returns the value specified with an ``index`` from ``list``.</doc>
<msg timestamp="20210719 11:03:09.323" level="INFO">${field_value} = CONTROL</msg>
<status status="PASS" starttime="20210719 11:03:09.321" endtime="20210719 11:03:09.323"/>
</kw>
<kw name="Return From Keyword" library="BuiltIn">
<arg>${field_value}</arg>
<doc>Returns from the enclosing user keyword.</doc>
<msg timestamp="20210719 11:03:09.327" level="INFO">Returning from the enclosing user keyword.</msg>
<status status="PASS" starttime="20210719 11:03:09.324" endtime="20210719 11:03:09.327"/>
</kw>
<msg timestamp="20210719 11:03:09.328" level="INFO">${ahu_status_ctrl_value} = CONTROL</msg>
<status status="PASS" starttime="20210719 11:03:09.224" endtime="20210719 11:03:09.328"/>
</kw>
<kw name="Log To Console" library="BuiltIn">
<arg>!V-------Status value for AHU:${ahu} first Control is ${ahu_status_ctrl_value}-----!V</arg>
<doc>Logs the given message to the console.</doc>
<status status="PASS" starttime="20210719 11:03:09.329" endtime="20210719 11:03:09.331"/>
</kw>
<kw name="Should Not Be Equal As Strings" library="BuiltIn">
<arg>${ahu_status_ctrl_value}</arg>
<arg>"GUARD"</arg>
<arg>AHUS are expected with GUARD Cleared</arg>
<doc>Fails if objects are equal after converting them to strings.</doc>
<status status="PASS" starttime="20210719 11:03:09.332" endtime="20210719 11:03:09.334"/>
</kw>
<if>
<branch type="IF" condition="&quot;${no_of_controls}&quot;==&quot;2&quot;">
<kw name="fetchValueOfFieldFromJsonDictionary" library="apiresources">
<var>${ahu_status_ctrl_value}</var>
<arg>${json_dictionary}</arg>
<arg>$.data.site.groups[0].ahus[${ahu}].controls[1].status.origin</arg>
<kw name="Get Value From Json" library="JSONLibrary">
<var>${field_value_list}</var>
<arg>${json_dictionary}</arg>
<arg>${json_path_of_required_field}</arg>
<doc>Get Value From JSON using JSONPath</doc>
<msg timestamp="20210719 11:03:09.435" level="INFO">${field_value_list} = ['CONTROL']</msg>
<status status="PASS" starttime="20210719 11:03:09.338" endtime="20210719 11:03:09.435"/>
</kw>
<kw name="Get From List" library="Collections">
<var>${field_value}</var>
<arg>${field_value_list}</arg>
<arg>0</arg>
<doc>Returns the value specified with an ``index`` from ``list``.</doc>
<msg timestamp="20210719 11:03:09.438" level="INFO">${field_value} = CONTROL</msg>
<status status="PASS" starttime="20210719 11:03:09.436" endtime="20210719 11:03:09.438"/>
</kw>
<kw name="Return From Keyword" library="BuiltIn">
<arg>${field_value}</arg>
<doc>Returns from the enclosing user keyword.</doc>
<msg timestamp="20210719 11:03:09.439" level="INFO">Returning from the enclosing user keyword.</msg>
<status status="PASS" starttime="20210719 11:03:09.438" endtime="20210719 11:03:09.440"/>
</kw>
<msg timestamp="20210719 11:03:09.442" level="INFO">${ahu_status_ctrl_value} = CONTROL</msg>
<status status="PASS" starttime="20210719 11:03:09.336" endtime="20210719 11:03:09.442"/>
</kw>
<kw name="Log To Console" library="BuiltIn">
<arg>!V-------Status value for AHU:${ahu} second control is ${ahu_status_ctrl_value}-----!V</arg>
<doc>Logs the given message to the console.</doc>
<status status="PASS" starttime="20210719 11:03:09.443" endtime="20210719 11:03:09.445"/>
</kw>
<kw name="Should Not Be Equal As Strings" library="BuiltIn">
<arg>${ahu_status_ctrl_value}</arg>
<arg>"GUARD"</arg>
<arg>AHUS are expected with GUARD Cleared</arg>
<doc>Fails if objects are equal after converting them to strings.</doc>
<status status="PASS" starttime="20210719 11:03:09.446" endtime="20210719 11:03:09.448"/>
</kw>
<status status="PASS" starttime="20210719 11:03:09.335" endtime="20210719 11:03:09.449"/>
</branch>
<status status="PASS" starttime="20210719 11:03:09.335" endtime="20210719 11:03:09.449"/>
</if>
<status status="PASS" starttime="20210719 11:03:09.103" endtime="20210719 11:03:09.449"/>
</iter>
<iter>
<var name="${ahu}">11</var>
<kw name="Log To Console" library="BuiltIn">
<arg>!!---Checking ahu at position ${ahu}---!!s</arg>
<doc>Logs the given message to the console.</doc>
<status status="PASS" starttime="20210719 11:03:09.451" endtime="20210719 11:03:09.454"/>
</kw>
<kw name="fetchTheNumberOfItemsInDictionary" library="apiresources">
<var>${no_of_controls}</var>
<arg>${json_dictionary}</arg>
<arg>$.data.site.groups[0].ahus[${ahu}].controls</arg>
<kw name="Get Value From Json" library="JSONLibrary">
<var>@{points}</var>
<arg>${dictionary}</arg>
<arg>${json_of_required_node}</arg>
<doc>Get Value From JSON using JSONPath</doc>
<msg timestamp="20210719 11:03:09.551" level="INFO">@{points} = [ [{'oid': 15396, 'type': 'BOP', 'displayName': 'BOP', 'name': 'BOP', 'status': {'origin': 'CONTROL'}}, {'oid': 15468, 'type': 'SFC', 'displayName': 'SFC', 'name': 'SFC', 'status': {'origin': 'CONTROL...</msg>
<status status="PASS" starttime="20210719 11:03:09.457" endtime="20210719 11:03:09.552"/>
</kw>
<kw name="Get Length" library="BuiltIn">
<var>${total_points_to_write}</var>
<arg>@{points}</arg>
<doc>Returns and logs the length of the given item as an integer.</doc>
<msg timestamp="20210719 11:03:09.554" level="INFO">Length is 2</msg>
<msg timestamp="20210719 11:03:09.555" level="INFO">${total_points_to_write} = 2</msg>
<status status="PASS" starttime="20210719 11:03:09.553" endtime="20210719 11:03:09.555"/>
</kw>
<kw name="Convert To Integer" library="BuiltIn">
<var>${total}</var>
<arg>${total_points_to_write}</arg>
<doc>Converts the given item to an integer number.</doc>
<msg timestamp="20210719 11:03:09.558" level="INFO">${total} = 2</msg>
<status status="PASS" starttime="20210719 11:03:09.556" endtime="20210719 11:03:09.558"/>
</kw>
<kw name="Return From Keyword" library="BuiltIn">
<arg>${total}</arg>
<doc>Returns from the enclosing user keyword.</doc>
<msg timestamp="20210719 11:03:09.560" level="INFO">Returning from the enclosing user keyword.</msg>
<status status="PASS" starttime="20210719 11:03:09.559" endtime="20210719 11:03:09.561"/>
</kw>
<msg timestamp="20210719 11:03:09.562" level="INFO">${no_of_controls} = 2</msg>
<status status="PASS" starttime="20210719 11:03:09.454" endtime="20210719 11:03:09.562"/>
</kw>
<kw name="Log To Console" library="BuiltIn">
<arg>!!!--No of Controls for ${ahu} is ${no_of_controls}---!!!</arg>
<doc>Logs the given message to the console.</doc>
<status status="PASS" starttime="20210719 11:03:09.563" endtime="20210719 11:03:09.566"/>
</kw>
<kw name="fetchValueOfFieldFromJsonDictionary" library="apiresources">
<var>${ahu_status_ctrl_value}</var>
<arg>${json_dictionary}</arg>
<arg>$.data.site.groups[0].ahus[${ahu}].controls[0].status.origin</arg>
<kw name="Get Value From Json" library="JSONLibrary">
<var>${field_value_list}</var>
<arg>${json_dictionary}</arg>
<arg>${json_path_of_required_field}</arg>
<doc>Get Value From JSON using JSONPath</doc>
<msg timestamp="20210719 11:03:09.659" level="INFO">${field_value_list} = ['CONTROL']</msg>
<status status="PASS" starttime="20210719 11:03:09.569" endtime="20210719 11:03:09.659"/>
</kw>
<kw name="Get From List" library="Collections">
<var>${field_value}</var>
<arg>${field_value_list}</arg>
<arg>0</arg>
<doc>Returns the value specified with an ``index`` from ``list``.</doc>
<msg timestamp="20210719 11:03:09.662" level="INFO">${field_value} = CONTROL</msg>
<status status="PASS" starttime="20210719 11:03:09.660" endtime="20210719 11:03:09.662"/>
</kw>
<kw name="Return From Keyword" library="BuiltIn">
<arg>${field_value}</arg>
<doc>Returns from the enclosing user keyword.</doc>
<msg timestamp="20210719 11:03:09.664" level="INFO">Returning from the enclosing user keyword.</msg>
<status status="PASS" starttime="20210719 11:03:09.663" endtime="20210719 11:03:09.665"/>
</kw>
<msg timestamp="20210719 11:03:09.668" level="INFO">${ahu_status_ctrl_value} = CONTROL</msg>
<status status="PASS" starttime="20210719 11:03:09.567" endtime="20210719 11:03:09.668"/>
</kw>
<kw name="Log To Console" library="BuiltIn">
<arg>!V-------Status value for AHU:${ahu} first Control is ${ahu_status_ctrl_value}-----!V</arg>
<doc>Logs the given message to the console.</doc>
<status status="PASS" starttime="20210719 11:03:09.670" endtime="20210719 11:03:09.672"/>
</kw>
<kw name="Should Not Be Equal As Strings" library="BuiltIn">
<arg>${ahu_status_ctrl_value}</arg>
<arg>"GUARD"</arg>
<arg>AHUS are expected with GUARD Cleared</arg>
<doc>Fails if objects are equal after converting them to strings.</doc>
<status status="PASS" starttime="20210719 11:03:09.673" endtime="20210719 11:03:09.675"/>
</kw>
<if>
<branch type="IF" condition="&quot;${no_of_controls}&quot;==&quot;2&quot;">
<kw name="fetchValueOfFieldFromJsonDictionary" library="apiresources">
<var>${ahu_status_ctrl_value}</var>
<arg>${json_dictionary}</arg>
<arg>$.data.site.groups[0].ahus[${ahu}].controls[1].status.origin</arg>
<kw name="Get Value From Json" library="JSONLibrary">
<var>${field_value_list}</var>
<arg>${json_dictionary}</arg>
<arg>${json_path_of_required_field}</arg>
<doc>Get Value From JSON using JSONPath</doc>
<msg timestamp="20210719 11:03:09.781" level="INFO">${field_value_list} = ['CONTROL']</msg>
<status status="PASS" starttime="20210719 11:03:09.679" endtime="20210719 11:03:09.782"/>
</kw>
<kw name="Get From List" library="Collections">
<var>${field_value}</var>
<arg>${field_value_list}</arg>
<arg>0</arg>
<doc>Returns the value specified with an ``index`` from ``list``.</doc>
<msg timestamp="20210719 11:03:09.786" level="INFO">${field_value} = CONTROL</msg>
<status status="PASS" starttime="20210719 11:03:09.783" endtime="20210719 11:03:09.787"/>
</kw>
<kw name="Return From Keyword" library="BuiltIn">
<arg>${field_value}</arg>
<doc>Returns from the enclosing user keyword.</doc>
<msg timestamp="20210719 11:03:09.789" level="INFO">Returning from the enclosing user keyword.</msg>
<status status="PASS" starttime="20210719 11:03:09.788" endtime="20210719 11:03:09.789"/>
</kw>
<msg timestamp="20210719 11:03:09.791" level="INFO">${ahu_status_ctrl_value} = CONTROL</msg>
<status status="PASS" starttime="20210719 11:03:09.677" endtime="20210719 11:03:09.791"/>
</kw>
<kw name="Log To Console" library="BuiltIn">
<arg>!V-------Status value for AHU:${ahu} second control is ${ahu_status_ctrl_value}-----!V</arg>
<doc>Logs the given message to the console.</doc>
<status status="PASS" starttime="20210719 11:03:09.792" endtime="20210719 11:03:09.795"/>
</kw>
<kw name="Should Not Be Equal As Strings" library="BuiltIn">
<arg>${ahu_status_ctrl_value}</arg>
<arg>"GUARD"</arg>
<arg>AHUS are expected with GUARD Cleared</arg>
<doc>Fails if objects are equal after converting them to strings.</doc>
<status status="PASS" starttime="20210719 11:03:09.796" endtime="20210719 11:03:09.798"/>
</kw>
<status status="PASS" starttime="20210719 11:03:09.676" endtime="20210719 11:03:09.798"/>
</branch>
<status status="PASS" starttime="20210719 11:03:09.675" endtime="20210719 11:03:09.798"/>
</if>
<status status="PASS" starttime="20210719 11:03:09.450" endtime="20210719 11:03:09.799"/>
</iter>
<status status="PASS" starttime="20210719 11:03:06.260" endtime="20210719 11:03:09.799"/>
</for>
<kw name="Log To Console" library="BuiltIn">
<arg>*********All AHUS are cleared of GUARD*****************</arg>
<doc>Logs the given message to the console.</doc>
<status status="PASS" starttime="20210719 11:03:09.800" endtime="20210719 11:03:09.802"/>
</kw>
<status status="PASS" starttime="20210719 11:03:06.256" endtime="20210719 11:03:09.803"/>
</kw>
<kw name="Log To Console" library="BuiltIn">
<arg>*************************************************************</arg>
<doc>Logs the given message to the console.</doc>
<status status="PASS" starttime="20210719 11:03:09.805" endtime="20210719 11:03:09.807"/>
</kw>
<status status="PASS" starttime="20210719 11:03:04.978" endtime="20210719 11:03:09.808"/>
</kw>
<kw name="establishConnectionAndStopCoolingControlProcess" library="connection">
<doc>Establish connection and start processes on the remote machine.
HISTIGNORE command is used to avoid saving the password in history</doc>
<kw name="openConnectionAndLogIn" library="connection">
<kw name="Log To Console" library="BuiltIn">
<arg>!--------Opening SSH Connection----------!</arg>
<doc>Logs the given message to the console.</doc>
<status status="PASS" starttime="20210719 11:03:09.812" endtime="20210719 11:03:09.814"/>
</kw>
<kw name="Open Connection" library="SSHLibrary">
<arg>${host}</arg>
<doc>Opens a new SSH connection to the given ``host`` and ``port``.</doc>
<status status="PASS" starttime="20210719 11:03:09.814" endtime="20210719 11:03:09.816"/>
</kw>
<kw name="Login" library="SSHLibrary">
<arg>${username}</arg>
<arg>${password}</arg>
<doc>Logs into the SSH server with the given ``username`` and ``password``.</doc>
<msg timestamp="20210719 11:03:09.818" level="INFO">Logging into '10.252.9.37:22' as 'fc'.</msg>
<msg timestamp="20210719 11:03:14.455" level="INFO">Read output: Welcome to Ubuntu 20.04.2 LTS (GNU/Linux 5.4.0-74-generic x86_64)

 * Documentation:  https://help.ubuntu.com
 * Management:     https://landscape.canonical.com
 * Support:        https://ubuntu.com/advantage

  System information as of Sun 18 Jul 2021 10:31:03 PM PDT

  System load:  0.0                 Processes:               257
  Usage of /:   2.6% of 1005.94GB   Users logged in:         1
  Memory usage: 7%                  IPv4 address for ens160: 10.252.9.37
  Swap usage:   0%

Last login: Sun Jul 18 22:14:32 2021 from 10.253.2.163
fc@QA-ideavat-vems:~$</msg>
<status status="PASS" starttime="20210719 11:03:09.816" endtime="20210719 11:03:14.456"/>
</kw>
<status status="PASS" starttime="20210719 11:03:09.811" endtime="20210719 11:03:14.457"/>
</kw>
<kw name="executeSTOPProcessCommandWithoutTraceInHistory" library="connection">
<arg>facs_dash</arg>
<kw name="Log To Console" library="BuiltIn">
<arg>!!------Connection opened and now stopping the processes----!!</arg>
<doc>Logs the given message to the console.</doc>
<status status="PASS" starttime="20210719 11:03:14.460" endtime="20210719 11:03:14.462"/>
</kw>
<kw name="Execute Command" library="SSHLibrary">
<arg>export HISTIGNORE='*sudo -S*'</arg>
<doc>Executes ``command`` on the remote machine and returns its outputs.</doc>
<msg timestamp="20210719 11:03:14.465" level="INFO">Executing command 'export HISTIGNORE='*sudo -S*''.</msg>
<msg timestamp="20210719 11:03:15.106" level="INFO">Command exited with return code 0.</msg>
<status status="PASS" starttime="20210719 11:03:14.463" endtime="20210719 11:03:15.107"/>
</kw>
<kw name="Execute Command" library="SSHLibrary">
<arg>echo "Id3aV@tAcc3ss" | sudo -S -k systemctl stop ${process_name}</arg>
<doc>Executes ``command`` on the remote machine and returns its outputs.</doc>
<msg timestamp="20210719 11:03:15.110" level="INFO">Executing command 'echo "Id3aV@tAcc3ss" | sudo -S -k systemctl stop facs_dash'.</msg>
<msg timestamp="20210719 11:03:16.116" level="INFO">Command exited with return code 0.</msg>
<status status="PASS" starttime="20210719 11:03:15.108" endtime="20210719 11:03:16.117"/>
</kw>
<status status="PASS" starttime="20210719 11:03:14.458" endtime="20210719 11:03:16.119"/>
</kw>
<kw name="Sleep" library="BuiltIn">
<arg>${high_speed}</arg>
<doc>Pauses the test executed for the given time.</doc>
<msg timestamp="20210719 11:03:21.134" level="INFO">Slept 5 seconds</msg>
<status status="PASS" starttime="20210719 11:03:16.121" endtime="20210719 11:03:21.135"/>
</kw>
<kw name="closeAllConnections" library="connection">
<kw name="Execute Command" library="SSHLibrary">
<arg>exit</arg>
<doc>Executes ``command`` on the remote machine and returns its outputs.</doc>
<msg timestamp="20210719 11:03:21.140" level="INFO">Executing command 'exit'.</msg>
<msg timestamp="20210719 11:03:21.814" level="INFO">Command exited with return code 0.</msg>
<status status="PASS" starttime="20210719 11:03:21.139" endtime="20210719 11:03:21.815"/>
</kw>
<kw name="Log To Console" library="BuiltIn">
<arg>*******************Processes(start or stop) completed and Closed ssh connection********************</arg>
<doc>Logs the given message to the console.</doc>
<status status="PASS" starttime="20210719 11:03:21.816" endtime="20210719 11:03:21.818"/>
</kw>
<status status="PASS" starttime="20210719 11:03:21.137" endtime="20210719 11:03:21.820"/>
</kw>
<status status="PASS" starttime="20210719 11:03:09.809" endtime="20210719 11:03:21.821"/>
</kw>
<status status="PASS" starttime="20210719 10:44:56.728" endtime="20210719 11:03:21.822"/>
</test>
<doc>This testcase validates the Guard mode feature of AI Engine
Created by Greeshma on 5th July 2021
Modified on 6th July 2021 as per testcase update in Vigilent Confluence-Steps 2,3,5,9,15,18,20
New test steps are 3,18 to 21</doc>
<status status="PASS" starttime="20210719 10:44:51.796" endtime="20210719 11:03:21.826"/>
</suite>
<status status="PASS" starttime="20210719 10:44:51.781" endtime="20210719 11:03:21.835"/>
</suite>
<statistics>
<total>
<stat pass="1" fail="0" skip="0">All Tests</stat>
</total>
<tag>
</tag>
<suite>
<stat pass="1" fail="0" skip="0" id="s1" name="Suites">Suites</stat>
<stat pass="1" fail="0" skip="0" id="s1-s1" name="basicHotAbsoluteGuardTest">Suites.basicHotAbsoluteGuardTest</stat>
</suite>
</statistics>
<errors>
</errors>
</robot>
