<?xml version="1.0" encoding="UTF-8"?>
<robot generator="Robot 4.0.3 (Python 3.9.5 on win32)" generated="20210722 11:43:39.474" rpa="false" schemaversion="2">
<suite id="s1" name="TestUI" source="C:\Users\grees\PycharmProjects\AuQA\Testcases\TestUI.robot">
<test id="s1-t1" name="AbsHotGuardSmokeTest">
<kw name="startBrowserAndLoginToAIEngine" library="resources" type="SETUP">
<kw name="startBrowserAndAccessAIEngineWebUI" library="resources">
<kw name="Open Browser" library="SeleniumLibrary">
<arg>${url_vx}</arg>
<arg>${browser}</arg>
<arg>options=add_argument("--disable-popup-blocking"); add_argument("--ignore-certificate-errors"); add_argument("--no-sandbox"); add_argument("--disable-extensions"); add_argument("--disable-dev-shm-usage")</arg>
<doc>Opens a new browser instance to the optional ``url``.</doc>
<msg timestamp="20210722 11:43:39.767" level="FAIL">Variable '${url_vx}' not found.</msg>
<status status="FAIL" starttime="20210722 11:43:39.767" endtime="20210722 11:43:39.767"/>
</kw>
<kw name="Maximize Browser Window" library="SeleniumLibrary">
<doc>Maximizes current browser window.</doc>
<status status="NOT RUN" starttime="20210722 11:43:39.768" endtime="20210722 11:43:39.768"/>
</kw>
<kw name="Set Browser Implicit Wait" library="SeleniumLibrary">
<arg>${high_speed}</arg>
<doc>Sets the implicit wait value used by Selenium.</doc>
<status status="NOT RUN" starttime="20210722 11:43:39.768" endtime="20210722 11:43:39.768"/>
</kw>
<kw name="Log To Console" library="BuiltIn">
<arg>Accessed AI Engine</arg>
<doc>Logs the given message to the console.</doc>
<status status="NOT RUN" starttime="20210722 11:43:39.768" endtime="20210722 11:43:39.768"/>
</kw>
<status status="FAIL" starttime="20210722 11:43:39.767" endtime="20210722 11:43:39.768"/>
</kw>
<kw name="loginByEnteringUsernameAndPassword" library="resources">
<status status="NOT RUN" starttime="20210722 11:43:39.768" endtime="20210722 11:43:39.768"/>
</kw>
<status status="FAIL" starttime="20210722 11:43:39.766" endtime="20210722 11:43:39.768"/>
</kw>
<kw name="Close Browser" library="SeleniumLibrary" type="TEARDOWN">
<doc>Closes the current browser.</doc>
<status status="PASS" starttime="20210722 11:43:39.769" endtime="20210722 11:43:39.769"/>
</kw>
<status status="FAIL" starttime="20210722 11:43:39.766" endtime="20210722 11:43:39.769">Setup failed:
Variable '${url_vx}' not found.</status>
</test>
<test id="s1-t2" name="TitleCheckTest">
<kw name="startBrowserAndLoginToAIEngine" library="resources" type="SETUP">
<kw name="startBrowserAndAccessAIEngineWebUI" library="resources">
<kw name="Open Browser" library="SeleniumLibrary">
<arg>${url_vx}</arg>
<arg>${browser}</arg>
<arg>options=add_argument("--disable-popup-blocking"); add_argument("--ignore-certificate-errors"); add_argument("--no-sandbox"); add_argument("--disable-extensions"); add_argument("--disable-dev-shm-usage")</arg>
<doc>Opens a new browser instance to the optional ``url``.</doc>
<msg timestamp="20210722 11:43:39.773" level="FAIL">Variable '${url_vx}' not found.</msg>
<status status="FAIL" starttime="20210722 11:43:39.772" endtime="20210722 11:43:39.773"/>
</kw>
<kw name="Maximize Browser Window" library="SeleniumLibrary">
<doc>Maximizes current browser window.</doc>
<status status="NOT RUN" starttime="20210722 11:43:39.773" endtime="20210722 11:43:39.773"/>
</kw>
<kw name="Set Browser Implicit Wait" library="SeleniumLibrary">
<arg>${high_speed}</arg>
<doc>Sets the implicit wait value used by Selenium.</doc>
<status status="NOT RUN" starttime="20210722 11:43:39.773" endtime="20210722 11:43:39.773"/>
</kw>
<kw name="Log To Console" library="BuiltIn">
<arg>Accessed AI Engine</arg>
<doc>Logs the given message to the console.</doc>
<status status="NOT RUN" starttime="20210722 11:43:39.774" endtime="20210722 11:43:39.774"/>
</kw>
<status status="FAIL" starttime="20210722 11:43:39.772" endtime="20210722 11:43:39.774"/>
</kw>
<kw name="loginByEnteringUsernameAndPassword" library="resources">
<status status="NOT RUN" starttime="20210722 11:43:39.774" endtime="20210722 11:43:39.774"/>
</kw>
<status status="FAIL" starttime="20210722 11:43:39.772" endtime="20210722 11:43:39.774"/>
</kw>
<kw name="Close Browser" library="SeleniumLibrary" type="TEARDOWN">
<doc>Closes the current browser.</doc>
<status status="PASS" starttime="20210722 11:43:39.775" endtime="20210722 11:43:39.775"/>
</kw>
<status status="FAIL" starttime="20210722 11:43:39.772" endtime="20210722 11:43:39.775">Setup failed:
Variable '${url_vx}' not found.</status>
</test>
<status status="FAIL" starttime="20210722 11:43:39.477" endtime="20210722 11:43:39.777"/>
</suite>
<statistics>
<total>
<stat pass="0" fail="2" skip="0">All Tests</stat>
</total>
<tag>
</tag>
<suite>
<stat pass="0" fail="2" skip="0" id="s1" name="TestUI">TestUI</stat>
</suite>
</statistics>
<errors>
<msg timestamp="20210722 11:43:39.760" level="ERROR">Error in file 'C:\Users\grees\PycharmProjects\AuQA\Resources\resources.robot' on line 4: Replacing variables from setting 'Variables' failed: Variable '${environment}' not found.</msg>
<msg timestamp="20210722 11:43:39.764" level="ERROR">Error in file 'C:\Users\grees\PycharmProjects\AuQA\Testcases\TestUI.robot' on line 5: Replacing variables from setting 'Variables' failed: Variable '${environment}' not found.</msg>
</errors>
</robot>
