<?xml version="1.0" encoding="UTF-8"?>
<robot generator="Robot 4.0.3 (Python 3.9.5 on win32)" generated="20210719 12:53:59.237" rpa="false" schemaversion="2">
<suite id="s1" name="basicHotAbsoluteGuardTest" source="C:\Users\grees\PycharmProjects\AuQA\Testcases\basicHotAbsoluteGuardTest.robot">
<test id="s1-t1" name="BasicHotAbsoluteGuardTest">
<kw name="establishConnectionAndStartProcesses" library="connection">
<doc>Establish connection and start processes on the remote machine.
HISTIGNORE command is used to avoid saving the password in history</doc>
<kw name="openConnectionAndLogIn" library="connection">
<kw name="Log To Console" library="BuiltIn">
<arg>!--------Opening SSH Connection----------!</arg>
<doc>Logs the given message to the console.</doc>
<status status="PASS" starttime="20210719 12:54:00.151" endtime="20210719 12:54:00.152"/>
</kw>
<kw name="Open Connection" library="SSHLibrary">
<arg>${host}</arg>
<doc>Opens a new SSH connection to the given ``host`` and ``port``.</doc>
<status status="PASS" starttime="20210719 12:54:00.152" endtime="20210719 12:54:00.152"/>
</kw>
<kw name="Login" library="SSHLibrary">
<arg>${username}</arg>
<arg>${password}</arg>
<doc>Logs into the SSH server with the given ``username`` and ``password``.</doc>
<msg timestamp="20210719 12:54:00.153" level="INFO">Logging into '10.252.9.64:22' as 'fc'.</msg>
<msg timestamp="20210719 12:54:05.365" level="INFO">Read output: Welcome to Ubuntu 20.04.2 LTS (GNU/Linux 5.4.0-74-generic x86_64)

 * Documentation:  https://help.ubuntu.com
 * Management:     https://landscape.canonical.com
 * Support:        https://ubuntu.com/advantage

  System information as of Mon 19 Jul 2021 12:22:01 AM PDT

  System load:  0.03                Processes:               283
  Usage of /:   2.6% of 1005.94GB   Users logged in:         1
  Memory usage: 5%                  IPv4 address for ens160: 10.252.9.64
  Swap usage:   0%

Last login: Mon Jul 19 00:17:40 2021 from 10.253.2.163
fc@QA-ideavat-vems-2:~$</msg>
<status status="PASS" starttime="20210719 12:54:00.153" endtime="20210719 12:54:05.366"/>
</kw>
<status status="PASS" starttime="20210719 12:54:00.151" endtime="20210719 12:54:05.366"/>
</kw>
<kw name="Log To Console" library="BuiltIn">
<arg>!!------Connection opened and now starting the processes----!!</arg>
<doc>Logs the given message to the console.</doc>
<status status="PASS" starttime="20210719 12:54:05.367" endtime="20210719 12:54:05.368"/>
</kw>
<kw name="executeProcessCommandWithoutTraceInHistory" library="connection">
<arg>vx_server</arg>
<kw name="Execute Command" library="SSHLibrary">
<arg>export HISTIGNORE='*sudo -S*'</arg>
<doc>Executes ``command`` on the remote machine and returns its outputs.</doc>
<msg timestamp="20210719 12:54:05.369" level="INFO">Executing command 'export HISTIGNORE='*sudo -S*''.</msg>
<msg timestamp="20210719 12:54:06.012" level="INFO">Command exited with return code 0.</msg>
<status status="PASS" starttime="20210719 12:54:05.369" endtime="20210719 12:54:06.012"/>
</kw>
<kw name="Execute Command" library="SSHLibrary">
<arg>echo "Id3aV@tAcc3ss" | sudo -S -k systemctl start ${process_name}</arg>
<doc>Executes ``command`` on the remote machine and returns its outputs.</doc>
<msg timestamp="20210719 12:54:06.014" level="INFO">Executing command 'echo "Id3aV@tAcc3ss" | sudo -S -k systemctl start vx_server'.</msg>
<msg timestamp="20210719 12:54:07.052" level="INFO">Command exited with return code 0.</msg>
<status status="PASS" starttime="20210719 12:54:06.013" endtime="20210719 12:54:07.052"/>
</kw>
<status status="PASS" starttime="20210719 12:54:05.368" endtime="20210719 12:54:07.053"/>
</kw>
<kw name="executeProcessCommandWithoutTraceInHistory" library="connection">
<arg>facs_trend</arg>
<kw name="Execute Command" library="SSHLibrary">
<arg>export HISTIGNORE='*sudo -S*'</arg>
<doc>Executes ``command`` on the remote machine and returns its outputs.</doc>
<msg timestamp="20210719 12:54:07.055" level="INFO">Executing command 'export HISTIGNORE='*sudo -S*''.</msg>
<msg timestamp="20210719 12:54:08.062" level="INFO">Command exited with return code 0.</msg>
<status status="PASS" starttime="20210719 12:54:07.054" endtime="20210719 12:54:08.062"/>
</kw>
<kw name="Execute Command" library="SSHLibrary">
<arg>echo "Id3aV@tAcc3ss" | sudo -S -k systemctl start ${process_name}</arg>
<doc>Executes ``command`` on the remote machine and returns its outputs.</doc>
<msg timestamp="20210719 12:54:08.063" level="INFO">Executing command 'echo "Id3aV@tAcc3ss" | sudo -S -k systemctl start facs_trend'.</msg>
<msg timestamp="20210719 12:54:08.965" level="INFO">Command exited with return code 0.</msg>
<status status="PASS" starttime="20210719 12:54:08.063" endtime="20210719 12:54:08.965"/>
</kw>
<status status="PASS" starttime="20210719 12:54:07.053" endtime="20210719 12:54:08.965"/>
</kw>
<kw name="executeProcessCommandWithoutTraceInHistory" library="connection">
<arg>facs_launcher</arg>
<kw name="Execute Command" library="SSHLibrary">
<arg>export HISTIGNORE='*sudo -S*'</arg>
<doc>Executes ``command`` on the remote machine and returns its outputs.</doc>
<msg timestamp="20210719 12:54:08.967" level="INFO">Executing command 'export HISTIGNORE='*sudo -S*''.</msg>
<msg timestamp="20210719 12:54:09.904" level="INFO">Command exited with return code 0.</msg>
<status status="PASS" starttime="20210719 12:54:08.967" endtime="20210719 12:54:09.904"/>
</kw>
<kw name="Execute Command" library="SSHLibrary">
<arg>echo "Id3aV@tAcc3ss" | sudo -S -k systemctl start ${process_name}</arg>
<doc>Executes ``command`` on the remote machine and returns its outputs.</doc>
<msg timestamp="20210719 12:54:09.906" level="INFO">Executing command 'echo "Id3aV@tAcc3ss" | sudo -S -k systemctl start facs_launcher'.</msg>
<msg timestamp="20210719 12:54:10.865" level="INFO">Command exited with return code 0.</msg>
<status status="PASS" starttime="20210719 12:54:09.905" endtime="20210719 12:54:10.865"/>
</kw>
<status status="PASS" starttime="20210719 12:54:08.966" endtime="20210719 12:54:10.866"/>
</kw>
<kw name="Sleep" library="BuiltIn">
<arg>${high_speed}</arg>
<doc>Pauses the test executed for the given time.</doc>
<msg timestamp="20210719 12:54:15.872" level="INFO">Slept 5 seconds</msg>
<status status="PASS" starttime="20210719 12:54:10.867" endtime="20210719 12:54:15.872"/>
</kw>
<kw name="closeAllConnections" library="connection">
<kw name="Execute Command" library="SSHLibrary">
<arg>exit</arg>
<doc>Executes ``command`` on the remote machine and returns its outputs.</doc>
<msg timestamp="20210719 12:54:15.874" level="INFO">Executing command 'exit'.</msg>
<msg timestamp="20210719 12:54:16.662" level="INFO">Command exited with return code 0.</msg>
<status status="PASS" starttime="20210719 12:54:15.874" endtime="20210719 12:54:16.662"/>
</kw>
<kw name="Log To Console" library="BuiltIn">
<arg>*******************Processes(start or stop) completed and Closed ssh connection********************</arg>
<doc>Logs the given message to the console.</doc>
<status status="PASS" starttime="20210719 12:54:16.662" endtime="20210719 12:54:16.662"/>
</kw>
<status status="PASS" starttime="20210719 12:54:15.873" endtime="20210719 12:54:16.662"/>
</kw>
<status status="PASS" starttime="20210719 12:54:00.150" endtime="20210719 12:54:16.662"/>
</kw>
<kw name="resetGroupPropertiesUsingLoadTemplateOptionWithOverwrite" library="uiresources">
<kw name="startBrowserAndLoginToAIEngine" library="uiresources">
<kw name="startBrowserAndAccessAIEngineCXWebUI" library="uiresources">
<kw name="Open Browser" library="SeleniumLibrary">
<arg>${url_cx}</arg>
<arg>${browser}</arg>
<arg>options=add_argument("--disable-popup-blocking"); add_argument("--ignore-certificate-errors"); add_argument("--no-sandbox"); add_argument("--disable-extensions"); add_argument("--disable-dev-shm-usage")</arg>
<doc>Opens a new browser instance to the optional ``url``.</doc>
<msg timestamp="20210719 12:54:16.662" level="INFO">Opening browser 'headlesschrome' to base url 'https://10.252.9.64/vems/cx.php'.</msg>
<status status="PASS" starttime="20210719 12:54:16.662" endtime="20210719 12:54:25.258"/>
</kw>
<kw name="Maximize Browser Window" library="SeleniumLibrary">
<doc>Maximizes current browser window.</doc>
<status status="PASS" starttime="20210719 12:54:25.258" endtime="20210719 12:54:25.380"/>
</kw>
<kw name="Set Browser Implicit Wait" library="SeleniumLibrary">
<arg>${high_speed}</arg>
<doc>Sets the implicit wait value used by Selenium.</doc>
<status status="PASS" starttime="20210719 12:54:25.380" endtime="20210719 12:54:25.387"/>
</kw>
<kw name="Log To Console" library="BuiltIn">
<arg>Accessed AI Engine</arg>
<doc>Logs the given message to the console.</doc>
<status status="PASS" starttime="20210719 12:54:25.387" endtime="20210719 12:54:25.388"/>
</kw>
<status status="PASS" starttime="20210719 12:54:16.662" endtime="20210719 12:54:25.389"/>
</kw>
<kw name="loginByEnteringUsernameAndPassword" library="uiresources">
<kw name="Log To Console" library="BuiltIn">
<arg>Entering user name and password</arg>
<doc>Logs the given message to the console.</doc>
<status status="PASS" starttime="20210719 12:54:25.391" endtime="20210719 12:54:25.392"/>
</kw>
<kw name="Input Text" library="SeleniumLibrary">
<arg>${uname}</arg>
<arg>${ui_username}</arg>
<doc>Types the given ``text`` into the text field identified by ``locator``.</doc>
<msg timestamp="20210719 12:54:25.394" level="INFO">Typing text 'ideavat' into text field 'css:#textfield-1009-inputEl'.</msg>
<status status="PASS" starttime="20210719 12:54:25.393" endtime="20210719 12:54:25.937"/>
</kw>
<kw name="Input Text" library="SeleniumLibrary">
<arg>${upwd}</arg>
<arg>${ui_password}</arg>
<doc>Types the given ``text`` into the text field identified by ``locator``.</doc>
<msg timestamp="20210719 12:54:25.937" level="INFO">Typing text 'Crick3t!' into text field 'css:#textfield-1010-inputEl'.</msg>
<status status="PASS" starttime="20210719 12:54:25.937" endtime="20210719 12:54:26.207"/>
</kw>
<kw name="Capture Page Screenshot" library="SeleniumLibrary">
<arg>./Reports/Screenshots/inputUserNameAndPwd_1.png</arg>
<doc>Takes a screenshot of the current page and embeds it into a log file.</doc>
<msg timestamp="20210719 12:54:26.306" level="INFO" html="true">&lt;/td&gt;&lt;/tr&gt;&lt;tr&gt;&lt;td colspan="3"&gt;&lt;a href="Reports/Screenshots/inputUserNameAndPwd_1.png"&gt;&lt;img src="Reports/Screenshots/inputUserNameAndPwd_1.png" width="800px"&gt;&lt;/a&gt;</msg>
<status status="PASS" starttime="20210719 12:54:26.207" endtime="20210719 12:54:26.306"/>
</kw>
<kw name="Click Element" library="SeleniumLibrary">
<arg>${login_button}</arg>
<doc>Click the element identified by ``locator``.</doc>
<msg timestamp="20210719 12:54:26.309" level="INFO">Clicking element 'css:span#button-1011-btnInnerEl'.</msg>
<status status="PASS" starttime="20210719 12:54:26.306" endtime="20210719 12:54:26.432"/>
</kw>
<kw name="Wait Until Page Contains Element" library="SeleniumLibrary">
<arg>${banner}</arg>
<doc>Waits until the element ``locator`` appears on the current page.</doc>
<status status="PASS" starttime="20210719 12:54:26.432" endtime="20210719 12:54:27.889"/>
</kw>
<kw name="Wait Until Element Is Enabled" library="SeleniumLibrary">
<arg>${tools_button}</arg>
<doc>Waits until the element ``locator`` is enabled.</doc>
<status status="PASS" starttime="20210719 12:54:27.889" endtime="20210719 12:54:27.931"/>
</kw>
<kw name="Capture Page Screenshot" library="SeleniumLibrary">
<arg>./Reports/Screenshots/siteEditorHomePage_2.png</arg>
<doc>Takes a screenshot of the current page and embeds it into a log file.</doc>
<msg timestamp="20210719 12:54:28.075" level="INFO" html="true">&lt;/td&gt;&lt;/tr&gt;&lt;tr&gt;&lt;td colspan="3"&gt;&lt;a href="Reports/Screenshots/siteEditorHomePage_2.png"&gt;&lt;img src="Reports/Screenshots/siteEditorHomePage_2.png" width="800px"&gt;&lt;/a&gt;</msg>
<status status="PASS" starttime="20210719 12:54:27.931" endtime="20210719 12:54:28.076"/>
</kw>
<kw name="Log To Console" library="BuiltIn">
<arg>Logged in succesfully</arg>
<doc>Logs the given message to the console.</doc>
<status status="PASS" starttime="20210719 12:54:28.076" endtime="20210719 12:54:28.077"/>
</kw>
<status status="PASS" starttime="20210719 12:54:25.390" endtime="20210719 12:54:28.078"/>
</kw>
<status status="PASS" starttime="20210719 12:54:16.662" endtime="20210719 12:54:28.079"/>
</kw>
<kw name="Click Element" library="SeleniumLibrary">
<arg>${tools_button}</arg>
<doc>Click the element identified by ``locator``.</doc>
<msg timestamp="20210719 12:54:28.079" level="INFO">Clicking element 'css:#button-1267-btnEl'.</msg>
<status status="PASS" starttime="20210719 12:54:28.079" endtime="20210719 12:54:28.263"/>
</kw>
<kw name="Click Element" library="SeleniumLibrary">
<arg>${configs_option_in_tools}</arg>
<doc>Click the element identified by ``locator``.</doc>
<msg timestamp="20210719 12:54:28.267" level="INFO">Clicking element 'css:#menuitem-1235-itemEl'.</msg>
<status status="PASS" starttime="20210719 12:54:28.263" endtime="20210719 12:54:28.430"/>
</kw>
<kw name="Sleep" library="BuiltIn">
<arg>${load_time}</arg>
<doc>Pauses the test executed for the given time.</doc>
<msg timestamp="20210719 12:54:38.456" level="INFO">Slept 10 seconds</msg>
<status status="PASS" starttime="20210719 12:54:28.430" endtime="20210719 12:54:38.456"/>
</kw>
<kw name="Wait Until Element Is Visible" library="SeleniumLibrary">
<arg>${load_template_in_config_popup}</arg>
<doc>Waits until the element ``locator`` is visible.</doc>
<status status="PASS" starttime="20210719 12:54:38.457" endtime="20210719 12:54:38.526"/>
</kw>
<kw name="Wait Until Element Is Enabled" library="SeleniumLibrary">
<arg>${load_template_in_config_popup}</arg>
<doc>Waits until the element ``locator`` is enabled.</doc>
<status status="PASS" starttime="20210719 12:54:38.527" endtime="20210719 12:54:38.588"/>
</kw>
<kw name="Click Element" library="SeleniumLibrary">
<arg>${load_template_in_config_popup}</arg>
<doc>Click the element identified by ``locator``.</doc>
<msg timestamp="20210719 12:54:38.588" level="INFO">Clicking element 'css:#button-1299-btnIconEl'.</msg>
<status status="PASS" starttime="20210719 12:54:38.588" endtime="20210719 12:54:38.824"/>
</kw>
<kw name="Click Element" library="SeleniumLibrary">
<arg>${template_dropbox_picker}</arg>
<doc>Click the element identified by ``locator``.</doc>
<msg timestamp="20210719 12:54:38.825" level="INFO">Clicking element 'css:#combo-1358-trigger-picker'.</msg>
<status status="PASS" starttime="20210719 12:54:38.825" endtime="20210719 12:54:38.976"/>
</kw>
<kw name="Click Element" library="SeleniumLibrary">
<arg>${template_option}</arg>
<doc>Click the element identified by ``locator``.</doc>
<msg timestamp="20210719 12:54:38.976" level="INFO">Clicking element 'xpath=//li[contains(text(),'DASHAM_MIX')]'.</msg>
<status status="PASS" starttime="20210719 12:54:38.976" endtime="20210719 12:54:39.101"/>
</kw>
<kw name="Click Element" library="SeleniumLibrary">
<arg>${temperature_scale_dropbox_picker}</arg>
<doc>Click the element identified by ``locator``.</doc>
<msg timestamp="20210719 12:54:39.102" level="INFO">Clicking element 'css:#combo-1359-trigger-picker'.</msg>
<status status="PASS" starttime="20210719 12:54:39.102" endtime="20210719 12:54:39.242"/>
</kw>
<kw name="Click Element" library="SeleniumLibrary">
<arg>${temperature_scale_option}</arg>
<doc>Click the element identified by ``locator``.</doc>
<msg timestamp="20210719 12:54:39.243" level="INFO">Clicking element 'xpath=//li[contains(text(),'Fahrenheit')]'.</msg>
<status status="PASS" starttime="20210719 12:54:39.242" endtime="20210719 12:54:39.364"/>
</kw>
<kw name="Select Checkbox" library="SeleniumLibrary">
<arg>${overwrite_checkbox}</arg>
<doc>Selects the checkbox identified by ``locator``.</doc>
<msg timestamp="20210719 12:54:39.366" level="INFO">Selecting checkbox 'css:#checkbox-1360-inputEl'.</msg>
<status status="PASS" starttime="20210719 12:54:39.365" endtime="20210719 12:54:39.532"/>
</kw>
<kw name="Click Element" library="SeleniumLibrary">
<arg>${apply_button_load_template}</arg>
<doc>Click the element identified by ``locator``.</doc>
<msg timestamp="20210719 12:54:39.534" level="INFO">Clicking element 'css:#button-1356-btnInnerEl'.</msg>
<status status="PASS" starttime="20210719 12:54:39.533" endtime="20210719 12:54:39.776"/>
</kw>
<kw name="Click Element" library="SeleniumLibrary">
<arg>${save_button}</arg>
<doc>Click the element identified by ``locator``.</doc>
<msg timestamp="20210719 12:54:39.777" level="INFO">Clicking element 'css:#button-1302-btnIconEl'.</msg>
<status status="PASS" starttime="20210719 12:54:39.776" endtime="20210719 12:54:39.878"/>
</kw>
<kw name="Sleep" library="BuiltIn">
<arg>${high_speed}</arg>
<doc>Pauses the test executed for the given time.</doc>
<msg timestamp="20210719 12:54:44.883" level="INFO">Slept 5 seconds</msg>
<status status="PASS" starttime="20210719 12:54:39.879" endtime="20210719 12:54:44.883"/>
</kw>
<kw name="Click Element" library="SeleniumLibrary">
<arg>${close_button}</arg>
<doc>Click the element identified by ``locator``.</doc>
<msg timestamp="20210719 12:54:44.885" level="INFO">Clicking element 'css:#button-1303-btnIconEl'.</msg>
<status status="PASS" starttime="20210719 12:54:44.883" endtime="20210719 12:54:45.022"/>
</kw>
<kw name="Wait Until Element Is Not Visible" library="SeleniumLibrary">
<arg>${close_button}</arg>
<doc>Waits until the element ``locator`` is not visible.</doc>
<status status="PASS" starttime="20210719 12:54:45.022" endtime="20210719 12:54:45.084"/>
</kw>
<kw name="Close Browser" library="SeleniumLibrary">
<doc>Closes the current browser.</doc>
<status status="PASS" starttime="20210719 12:54:45.085" endtime="20210719 12:54:47.276"/>
</kw>
<status status="PASS" starttime="20210719 12:54:16.662" endtime="20210719 12:54:47.277"/>
</kw>
<kw name="changeCxConfigsDashm_NumGuardUnits_NumMinutesGuardTimer_PercentDeadSensorThreshold_AndSystem_NumMinutesPast" library="apiresources">
<arg>${num_guard_units}</arg>
<arg>${num_minutes_guard_timer}</arg>
<arg>${percent_deadsensor_threshold}</arg>
<arg>${num_minutes_past}</arg>
<kw name="changeCxConfigsTabModuleFieldValues" library="apiresources">
<arg>DASHM</arg>
<arg>NumGuardUnits</arg>
<arg>${num_guard_units_val}</arg>
<kw name="Create Dictionary" library="BuiltIn">
<var>${headers}</var>
<arg>Content-Type=${content_type}</arg>
<arg>Vigilent-Api-Token=${write_api_token}</arg>
<doc>Creates and returns a dictionary based on the given ``items``.</doc>
<msg timestamp="20210719 12:54:47.280" level="INFO">${headers} = {'Content-Type': 'application/json', 'Vigilent-Api-Token': 'vd2R6aDXgz5e9zkmf7TfZzqN'}</msg>
<status status="PASS" starttime="20210719 12:54:47.280" endtime="20210719 12:54:47.280"/>
</kw>
<kw name="Create Dictionary" library="BuiltIn">
<var>${body}</var>
<arg>query= mutation configWrite { configSet(requests: [{module: "${module_name}", name: "${field_name}", value: "${value}"}]) { index reason }}</arg>
<doc>Creates and returns a dictionary based on the given ``items``.</doc>
<msg timestamp="20210719 12:54:47.280" level="INFO">${body} = {'query': ' mutation configWrite { configSet(requests: [{module: "DASHM", name: "NumGuardUnits", value: "1"}]) { index reason }}'}</msg>
<status status="PASS" starttime="20210719 12:54:47.280" endtime="20210719 12:54:47.280"/>
</kw>
<kw name="Create Session" library="RequestsLibrary">
<arg>AIEngine</arg>
<arg>${base_url}</arg>
<arg>disable_warnings=1</arg>
<doc>Create Session: create a HTTP session to a server</doc>
<msg timestamp="20210719 12:54:47.280" level="INFO">Creating Session using : alias=AIEngine, url=https://10.252.9.64/api, headers={},                     cookies={}, auth=None, timeout=None, proxies=None, verify=False,                     debug=0 </msg>
<status status="PASS" starttime="20210719 12:54:47.280" endtime="20210719 12:54:47.280"/>
</kw>
<kw name="Post On Session" library="RequestsLibrary">
<var>${result}</var>
<arg>AIEngine</arg>
<arg>/public/graphql</arg>
<arg>headers=${headers}</arg>
<arg>json=${body}</arg>
<doc>Sends a POST request on a previously created HTTP Session.</doc>
<msg timestamp="20210719 12:54:48.403" level="INFO">POST Request : url=https://10.252.9.64/api/public/graphql 
 path_url=/api/public/graphql 
 headers={'User-Agent': 'python-requests/2.25.1', 'Accept-Encoding': 'gzip, deflate', 'Accept': '*/*', 'Connection': 'keep-alive', 'Content-Type': 'application/json', 'Vigilent-Api-Token': 'vd2R6aDXgz5e9zkmf7TfZzqN', 'Content-Length': '136'} 
 body=b'{"query": " mutation configWrite { configSet(requests: [{module: \\"DASHM\\", name: \\"NumGuardUnits\\", value: \\"1\\"}]) { index reason }}"}' 
 </msg>
<msg timestamp="20210719 12:54:48.403" level="INFO">POST Response : url=https://10.252.9.64/api/public/graphql 
 status=200, reason=OK 
 headers={'Date': 'Mon, 19 Jul 2021 07:22:47 GMT', 'Server': 'Apache', 'Content-Encoding': 'gzip', 'Vary': 'Accept-Encoding', 'Content-Length': '45', 'Keep-Alive': 'timeout=10, max=100', 'Connection': 'Keep-Alive', 'Content-Type': 'application/json;charset=UTF-8'} 
 body={"data":{"configSet":[]}} 
 </msg>
<msg timestamp="20210719 12:54:48.403" level="INFO">${result} = &lt;Response [200]&gt;</msg>
<status status="PASS" starttime="20210719 12:54:47.280" endtime="20210719 12:54:48.403"/>
</kw>
<kw name="Should Be Equal As Strings" library="BuiltIn">
<arg>${result.status_code}</arg>
<arg>200</arg>
<doc>Fails if objects are unequal after converting them to strings.</doc>
<msg timestamp="20210719 12:54:48.408" level="INFO">Argument types are:
&lt;class 'int'&gt;
&lt;type 'unicode'&gt;</msg>
<status status="PASS" starttime="20210719 12:54:48.403" endtime="20210719 12:54:48.408"/>
</kw>
<kw name="Log To Console" library="BuiltIn">
<arg>Config module :${module_name}-&gt;Field:${field_name}-&gt;Value:${value}-is updated</arg>
<doc>Logs the given message to the console.</doc>
<status status="PASS" starttime="20210719 12:54:48.408" endtime="20210719 12:54:48.411"/>
</kw>
<status status="PASS" starttime="20210719 12:54:47.280" endtime="20210719 12:54:48.411"/>
</kw>
<kw name="changeCxConfigsTabModuleFieldValues" library="apiresources">
<arg>DASHM</arg>
<arg>NumMinutesGuardTimer</arg>
<arg>${num_minutes_guard_timer_val}</arg>
<kw name="Create Dictionary" library="BuiltIn">
<var>${headers}</var>
<arg>Content-Type=${content_type}</arg>
<arg>Vigilent-Api-Token=${write_api_token}</arg>
<doc>Creates and returns a dictionary based on the given ``items``.</doc>
<msg timestamp="20210719 12:54:48.415" level="INFO">${headers} = {'Content-Type': 'application/json', 'Vigilent-Api-Token': 'vd2R6aDXgz5e9zkmf7TfZzqN'}</msg>
<status status="PASS" starttime="20210719 12:54:48.414" endtime="20210719 12:54:48.415"/>
</kw>
<kw name="Create Dictionary" library="BuiltIn">
<var>${body}</var>
<arg>query= mutation configWrite { configSet(requests: [{module: "${module_name}", name: "${field_name}", value: "${value}"}]) { index reason }}</arg>
<doc>Creates and returns a dictionary based on the given ``items``.</doc>
<msg timestamp="20210719 12:54:48.415" level="INFO">${body} = {'query': ' mutation configWrite { configSet(requests: [{module: "DASHM", name: "NumMinutesGuardTimer", value: "3"}]) { index reason }}'}</msg>
<status status="PASS" starttime="20210719 12:54:48.415" endtime="20210719 12:54:48.415"/>
</kw>
<kw name="Create Session" library="RequestsLibrary">
<arg>AIEngine</arg>
<arg>${base_url}</arg>
<arg>disable_warnings=1</arg>
<doc>Create Session: create a HTTP session to a server</doc>
<msg timestamp="20210719 12:54:48.415" level="INFO">Creating Session using : alias=AIEngine, url=https://10.252.9.64/api, headers={},                     cookies={}, auth=None, timeout=None, proxies=None, verify=False,                     debug=0 </msg>
<status status="PASS" starttime="20210719 12:54:48.415" endtime="20210719 12:54:48.415"/>
</kw>
<kw name="Post On Session" library="RequestsLibrary">
<var>${result}</var>
<arg>AIEngine</arg>
<arg>/public/graphql</arg>
<arg>headers=${headers}</arg>
<arg>json=${body}</arg>
<doc>Sends a POST request on a previously created HTTP Session.</doc>
<msg timestamp="20210719 12:54:49.443" level="INFO">POST Request : url=https://10.252.9.64/api/public/graphql 
 path_url=/api/public/graphql 
 headers={'User-Agent': 'python-requests/2.25.1', 'Accept-Encoding': 'gzip, deflate', 'Accept': '*/*', 'Connection': 'keep-alive', 'Content-Type': 'application/json', 'Vigilent-Api-Token': 'vd2R6aDXgz5e9zkmf7TfZzqN', 'Content-Length': '143'} 
 body=b'{"query": " mutation configWrite { configSet(requests: [{module: \\"DASHM\\", name: \\"NumMinutesGuardTimer\\", value: \\"3\\"}]) { index reason }}"}' 
 </msg>
<msg timestamp="20210719 12:54:49.443" level="INFO">POST Response : url=https://10.252.9.64/api/public/graphql 
 status=200, reason=OK 
 headers={'Date': 'Mon, 19 Jul 2021 07:22:48 GMT', 'Server': 'Apache', 'Content-Encoding': 'gzip', 'Vary': 'Accept-Encoding', 'Content-Length': '45', 'Keep-Alive': 'timeout=10, max=100', 'Connection': 'Keep-Alive', 'Content-Type': 'application/json;charset=UTF-8'} 
 body={"data":{"configSet":[]}} 
 </msg>
<msg timestamp="20210719 12:54:49.443" level="INFO">${result} = &lt;Response [200]&gt;</msg>
<status status="PASS" starttime="20210719 12:54:48.415" endtime="20210719 12:54:49.443"/>
</kw>
<kw name="Should Be Equal As Strings" library="BuiltIn">
<arg>${result.status_code}</arg>
<arg>200</arg>
<doc>Fails if objects are unequal after converting them to strings.</doc>
<msg timestamp="20210719 12:54:49.443" level="INFO">Argument types are:
&lt;class 'int'&gt;
&lt;type 'unicode'&gt;</msg>
<status status="PASS" starttime="20210719 12:54:49.443" endtime="20210719 12:54:49.443"/>
</kw>
<kw name="Log To Console" library="BuiltIn">
<arg>Config module :${module_name}-&gt;Field:${field_name}-&gt;Value:${value}-is updated</arg>
<doc>Logs the given message to the console.</doc>
<status status="PASS" starttime="20210719 12:54:49.443" endtime="20210719 12:54:49.461"/>
</kw>
<status status="PASS" starttime="20210719 12:54:48.412" endtime="20210719 12:54:49.462"/>
</kw>
<kw name="changeCxConfigsTabModuleFieldValues" library="apiresources">
<arg>DASHM</arg>
<arg>PercentDeadSensorThreshold</arg>
<arg>${percent_dead_sensor_threshold_val}</arg>
<kw name="Create Dictionary" library="BuiltIn">
<var>${headers}</var>
<arg>Content-Type=${content_type}</arg>
<arg>Vigilent-Api-Token=${write_api_token}</arg>
<doc>Creates and returns a dictionary based on the given ``items``.</doc>
<msg timestamp="20210719 12:54:49.465" level="INFO">${headers} = {'Content-Type': 'application/json', 'Vigilent-Api-Token': 'vd2R6aDXgz5e9zkmf7TfZzqN'}</msg>
<status status="PASS" starttime="20210719 12:54:49.464" endtime="20210719 12:54:49.465"/>
</kw>
<kw name="Create Dictionary" library="BuiltIn">
<var>${body}</var>
<arg>query= mutation configWrite { configSet(requests: [{module: "${module_name}", name: "${field_name}", value: "${value}"}]) { index reason }}</arg>
<doc>Creates and returns a dictionary based on the given ``items``.</doc>
<msg timestamp="20210719 12:54:49.467" level="INFO">${body} = {'query': ' mutation configWrite { configSet(requests: [{module: "DASHM", name: "PercentDeadSensorThreshold", value: "100"}]) { index reason }}'}</msg>
<status status="PASS" starttime="20210719 12:54:49.465" endtime="20210719 12:54:49.467"/>
</kw>
<kw name="Create Session" library="RequestsLibrary">
<arg>AIEngine</arg>
<arg>${base_url}</arg>
<arg>disable_warnings=1</arg>
<doc>Create Session: create a HTTP session to a server</doc>
<msg timestamp="20210719 12:54:49.468" level="INFO">Creating Session using : alias=AIEngine, url=https://10.252.9.64/api, headers={},                     cookies={}, auth=None, timeout=None, proxies=None, verify=False,                     debug=0 </msg>
<status status="PASS" starttime="20210719 12:54:49.467" endtime="20210719 12:54:49.468"/>
</kw>
<kw name="Post On Session" library="RequestsLibrary">
<var>${result}</var>
<arg>AIEngine</arg>
<arg>/public/graphql</arg>
<arg>headers=${headers}</arg>
<arg>json=${body}</arg>
<doc>Sends a POST request on a previously created HTTP Session.</doc>
<msg timestamp="20210719 12:54:50.441" level="INFO">POST Request : url=https://10.252.9.64/api/public/graphql 
 path_url=/api/public/graphql 
 headers={'User-Agent': 'python-requests/2.25.1', 'Accept-Encoding': 'gzip, deflate', 'Accept': '*/*', 'Connection': 'keep-alive', 'Content-Type': 'application/json', 'Vigilent-Api-Token': 'vd2R6aDXgz5e9zkmf7TfZzqN', 'Content-Length': '151'} 
 body=b'{"query": " mutation configWrite { configSet(requests: [{module: \\"DASHM\\", name: \\"PercentDeadSensorThreshold\\", value: \\"100\\"}]) { index reason }}"}' 
 </msg>
<msg timestamp="20210719 12:54:50.441" level="INFO">POST Response : url=https://10.252.9.64/api/public/graphql 
 status=200, reason=OK 
 headers={'Date': 'Mon, 19 Jul 2021 07:22:49 GMT', 'Server': 'Apache', 'Content-Encoding': 'gzip', 'Vary': 'Accept-Encoding', 'Content-Length': '45', 'Keep-Alive': 'timeout=10, max=100', 'Connection': 'Keep-Alive', 'Content-Type': 'application/json;charset=UTF-8'} 
 body={"data":{"configSet":[]}} 
 </msg>
<msg timestamp="20210719 12:54:50.441" level="INFO">${result} = &lt;Response [200]&gt;</msg>
<status status="PASS" starttime="20210719 12:54:49.468" endtime="20210719 12:54:50.441"/>
</kw>
<kw name="Should Be Equal As Strings" library="BuiltIn">
<arg>${result.status_code}</arg>
<arg>200</arg>
<doc>Fails if objects are unequal after converting them to strings.</doc>
<msg timestamp="20210719 12:54:50.457" level="INFO">Argument types are:
&lt;class 'int'&gt;
&lt;type 'unicode'&gt;</msg>
<status status="PASS" starttime="20210719 12:54:50.441" endtime="20210719 12:54:50.457"/>
</kw>
<kw name="Log To Console" library="BuiltIn">
<arg>Config module :${module_name}-&gt;Field:${field_name}-&gt;Value:${value}-is updated</arg>
<doc>Logs the given message to the console.</doc>
<status status="PASS" starttime="20210719 12:54:50.458" endtime="20210719 12:54:50.460"/>
</kw>
<status status="PASS" starttime="20210719 12:54:49.462" endtime="20210719 12:54:50.460"/>
</kw>
<kw name="changeCxConfigsTabModuleFieldValues" library="apiresources">
<arg>SYSTEM</arg>
<arg>NumMinutesPast</arg>
<arg>${num_minutes_past_val}</arg>
<kw name="Create Dictionary" library="BuiltIn">
<var>${headers}</var>
<arg>Content-Type=${content_type}</arg>
<arg>Vigilent-Api-Token=${write_api_token}</arg>
<doc>Creates and returns a dictionary based on the given ``items``.</doc>
<msg timestamp="20210719 12:54:50.462" level="INFO">${headers} = {'Content-Type': 'application/json', 'Vigilent-Api-Token': 'vd2R6aDXgz5e9zkmf7TfZzqN'}</msg>
<status status="PASS" starttime="20210719 12:54:50.462" endtime="20210719 12:54:50.462"/>
</kw>
<kw name="Create Dictionary" library="BuiltIn">
<var>${body}</var>
<arg>query= mutation configWrite { configSet(requests: [{module: "${module_name}", name: "${field_name}", value: "${value}"}]) { index reason }}</arg>
<doc>Creates and returns a dictionary based on the given ``items``.</doc>
<msg timestamp="20210719 12:54:50.462" level="INFO">${body} = {'query': ' mutation configWrite { configSet(requests: [{module: "SYSTEM", name: "NumMinutesPast", value: "5"}]) { index reason }}'}</msg>
<status status="PASS" starttime="20210719 12:54:50.462" endtime="20210719 12:54:50.462"/>
</kw>
<kw name="Create Session" library="RequestsLibrary">
<arg>AIEngine</arg>
<arg>${base_url}</arg>
<arg>disable_warnings=1</arg>
<doc>Create Session: create a HTTP session to a server</doc>
<msg timestamp="20210719 12:54:50.462" level="INFO">Creating Session using : alias=AIEngine, url=https://10.252.9.64/api, headers={},                     cookies={}, auth=None, timeout=None, proxies=None, verify=False,                     debug=0 </msg>
<status status="PASS" starttime="20210719 12:54:50.462" endtime="20210719 12:54:50.462"/>
</kw>
<kw name="Post On Session" library="RequestsLibrary">
<var>${result}</var>
<arg>AIEngine</arg>
<arg>/public/graphql</arg>
<arg>headers=${headers}</arg>
<arg>json=${body}</arg>
<doc>Sends a POST request on a previously created HTTP Session.</doc>
<msg timestamp="20210719 12:54:52.790" level="INFO">POST Request : url=https://10.252.9.64/api/public/graphql 
 path_url=/api/public/graphql 
 headers={'User-Agent': 'python-requests/2.25.1', 'Accept-Encoding': 'gzip, deflate', 'Accept': '*/*', 'Connection': 'keep-alive', 'Content-Type': 'application/json', 'Vigilent-Api-Token': 'vd2R6aDXgz5e9zkmf7TfZzqN', 'Content-Length': '138'} 
 body=b'{"query": " mutation configWrite { configSet(requests: [{module: \\"SYSTEM\\", name: \\"NumMinutesPast\\", value: \\"5\\"}]) { index reason }}"}' 
 </msg>
<msg timestamp="20210719 12:54:52.791" level="INFO">POST Response : url=https://10.252.9.64/api/public/graphql 
 status=200, reason=OK 
 headers={'Date': 'Mon, 19 Jul 2021 07:22:51 GMT', 'Server': 'Apache', 'Content-Encoding': 'gzip', 'Vary': 'Accept-Encoding', 'Content-Length': '45', 'Keep-Alive': 'timeout=10, max=100', 'Connection': 'Keep-Alive', 'Content-Type': 'application/json;charset=UTF-8'} 
 body={"data":{"configSet":[]}} 
 </msg>
<msg timestamp="20210719 12:54:52.791" level="INFO">${result} = &lt;Response [200]&gt;</msg>
<status status="PASS" starttime="20210719 12:54:50.462" endtime="20210719 12:54:52.791"/>
</kw>
<kw name="Should Be Equal As Strings" library="BuiltIn">
<arg>${result.status_code}</arg>
<arg>200</arg>
<doc>Fails if objects are unequal after converting them to strings.</doc>
<msg timestamp="20210719 12:54:52.791" level="INFO">Argument types are:
&lt;class 'int'&gt;
&lt;type 'unicode'&gt;</msg>
<status status="PASS" starttime="20210719 12:54:52.791" endtime="20210719 12:54:52.791"/>
</kw>
<kw name="Log To Console" library="BuiltIn">
<arg>Config module :${module_name}-&gt;Field:${field_name}-&gt;Value:${value}-is updated</arg>
<doc>Logs the given message to the console.</doc>
<status status="PASS" starttime="20210719 12:54:52.791" endtime="20210719 12:54:52.799"/>
</kw>
<status status="PASS" starttime="20210719 12:54:50.461" endtime="20210719 12:54:52.800"/>
</kw>
<status status="PASS" starttime="20210719 12:54:47.279" endtime="20210719 12:54:52.800"/>
</kw>
<kw name="setGroupPropertiesGuardHotAbsTempAllowNumExceedencesGuardAndControl" library="apiresources">
<arg>${allow_num_exceedences_control_initial}</arg>
<arg>${allow_num_exceedences_guard_initial}</arg>
<arg>${alm_hot_abs_temp_initial}</arg>
<arg>${guard_hot_abs_temp_intial}</arg>
<kw name="Create Dictionary" library="BuiltIn">
<var>${headers}</var>
<arg>Content-Type=${content_type}</arg>
<arg>Vigilent-Api-Token=${write_api_token}</arg>
<doc>Creates and returns a dictionary based on the given ``items``.</doc>
<msg timestamp="20210719 12:54:52.806" level="INFO">${headers} = {'Content-Type': 'application/json', 'Vigilent-Api-Token': 'vd2R6aDXgz5e9zkmf7TfZzqN'}</msg>
<status status="PASS" starttime="20210719 12:54:52.804" endtime="20210719 12:54:52.806"/>
</kw>
<kw name="Create Dictionary" library="BuiltIn">
<var>${body}</var>
<arg>query= mutation setGrpProp { propertyWrite(requests: [{oid: 17, name: "AllowNumExceedencesGuard", int: ${allow_num_excd_guard}},{oid: 17, name: "AllowNumExceedencesControl", int: ${allow_num_excd_ctrl}},{oid: 17, name: "GuardHotAbsTemp", float: ${guard_hot_abs_temp}},{oid: 17, name: "AlmHotAbsTemp", float: ${alm_hot_abs_temp}}]) { index reason }}</arg>
<doc>Creates and returns a dictionary based on the given ``items``.</doc>
<msg timestamp="20210719 12:54:52.806" level="INFO">${body} = {'query': ' mutation setGrpProp { propertyWrite(requests: [{oid: 17, name: "AllowNumExceedencesGuard", int: 10},{oid: 17, name: "AllowNumExceedencesControl", int: 10},{oid: 17, name: "GuardHotAbsTemp"...</msg>
<status status="PASS" starttime="20210719 12:54:52.806" endtime="20210719 12:54:52.806"/>
</kw>
<kw name="Create Session" library="RequestsLibrary">
<arg>AIEngine</arg>
<arg>${base_url}</arg>
<arg>disable_warnings=1</arg>
<doc>Create Session: create a HTTP session to a server</doc>
<msg timestamp="20210719 12:54:52.806" level="INFO">Creating Session using : alias=AIEngine, url=https://10.252.9.64/api, headers={},                     cookies={}, auth=None, timeout=None, proxies=None, verify=False,                     debug=0 </msg>
<status status="PASS" starttime="20210719 12:54:52.806" endtime="20210719 12:54:52.806"/>
</kw>
<kw name="Post On Session" library="RequestsLibrary">
<var>${result}</var>
<arg>AIEngine</arg>
<arg>/public/graphql</arg>
<arg>headers=${headers}</arg>
<arg>json=${body}</arg>
<doc>Sends a POST request on a previously created HTTP Session.</doc>
<msg timestamp="20210719 12:54:53.934" level="INFO">POST Request : url=https://10.252.9.64/api/public/graphql 
 path_url=/api/public/graphql 
 headers={'User-Agent': 'python-requests/2.25.1', 'Accept-Encoding': 'gzip, deflate', 'Accept': '*/*', 'Connection': 'keep-alive', 'Content-Type': 'application/json', 'Vigilent-Api-Token': 'vd2R6aDXgz5e9zkmf7TfZzqN', 'Content-Length': '287'} 
 body=b'{"query": " mutation setGrpProp { propertyWrite(requests: [{oid: 17, name: \\"AllowNumExceedencesGuard\\", int: 10},{oid: 17, name: \\"AllowNumExceedencesControl\\", int: 10},{oid: 17, name: \\"GuardHotAbsTemp\\", float: 90},{oid: 17, name: \\"AlmHotAbsTemp\\", float: 200}]) { index reason }}"}' 
 </msg>
<msg timestamp="20210719 12:54:53.934" level="INFO">POST Response : url=https://10.252.9.64/api/public/graphql 
 status=200, reason=OK 
 headers={'Date': 'Mon, 19 Jul 2021 07:22:52 GMT', 'Server': 'Apache', 'Content-Encoding': 'gzip', 'Vary': 'Accept-Encoding', 'Content-Length': '49', 'Keep-Alive': 'timeout=10, max=100', 'Connection': 'Keep-Alive', 'Content-Type': 'application/json;charset=UTF-8'} 
 body={"data":{"propertyWrite":[]}} 
 </msg>
<msg timestamp="20210719 12:54:53.934" level="INFO">${result} = &lt;Response [200]&gt;</msg>
<status status="PASS" starttime="20210719 12:54:52.806" endtime="20210719 12:54:53.934"/>
</kw>
<kw name="Should Be Equal As Strings" library="BuiltIn">
<arg>${result.status_code}</arg>
<arg>200</arg>
<doc>Fails if objects are unequal after converting them to strings.</doc>
<msg timestamp="20210719 12:54:53.934" level="INFO">Argument types are:
&lt;class 'int'&gt;
&lt;type 'unicode'&gt;</msg>
<status status="PASS" starttime="20210719 12:54:53.934" endtime="20210719 12:54:53.934"/>
</kw>
<status status="PASS" starttime="20210719 12:54:52.802" endtime="20210719 12:54:53.934"/>
</kw>
<kw name="setRackSensorPointsTemperature" library="apiresources">
<arg>${sensor_point_cooling_temp}</arg>
<kw name="Log To Console" library="BuiltIn">
<arg>Fetch the number of rack sensors -----------------&gt;</arg>
<doc>Logs the given message to the console.</doc>
<status status="PASS" starttime="20210719 12:54:53.951" endtime="20210719 12:54:53.952"/>
</kw>
<kw name="queryToFetchJsonResponseContainingTheRackSensorsFromGroup" library="apiresources">
<var>${json_dict}</var>
<kw name="Create Dictionary" library="BuiltIn">
<var>${headers}</var>
<arg>Content-Type=${content_type}</arg>
<arg>Vigilent-Api-Token=${query_api_token}</arg>
<doc>Creates and returns a dictionary based on the given ``items``.</doc>
<msg timestamp="20210719 12:54:53.955" level="INFO">${headers} = {'Content-Type': 'application/json', 'Vigilent-Api-Token': 'bZVd43sS4Y9WZfZ7du3kY6ST'}</msg>
<status status="PASS" starttime="20210719 12:54:53.953" endtime="20210719 12:54:53.955"/>
</kw>
<kw name="Get Binary File" library="OperatingSystem">
<var>${file}</var>
<arg>./Inputs/GraphQL/getRackPoints.gql</arg>
<doc>Returns the contents of a specified file.</doc>
<msg timestamp="20210719 12:54:53.956" level="INFO" html="true">Getting file '&lt;a href="file://C:\Users\grees\PycharmProjects\AuQA\Inputs\GraphQL\getRackPoints.gql"&gt;C:\Users\grees\PycharmProjects\AuQA\Inputs\GraphQL\getRackPoints.gql&lt;/a&gt;'.</msg>
<msg timestamp="20210719 12:54:53.957" level="INFO">${file} =  query rackSensorPoints {
            site {
              groups: children(selector: {type: Group,name: "GRP00"}) @skip(if:false) {
                oid name
               racks: children(selecto...</msg>
<status status="PASS" starttime="20210719 12:54:53.956" endtime="20210719 12:54:53.957"/>
</kw>
<kw name="Create Dictionary" library="BuiltIn">
<var>${body}</var>
<arg>query= ${file}</arg>
<doc>Creates and returns a dictionary based on the given ``items``.</doc>
<msg timestamp="20210719 12:54:53.957" level="INFO">${body} = {'query': '  query rackSensorPoints {\r\n            site {\r\n              groups: children(selector: {type: Group,name: "GRP00"}) @skip(if:false) {\r\n                oid name\r\n               rac...</msg>
<status status="PASS" starttime="20210719 12:54:53.957" endtime="20210719 12:54:53.957"/>
</kw>
<kw name="Create Session" library="RequestsLibrary">
<arg>AIEngine</arg>
<arg>${base_url}</arg>
<arg>disable_warnings=1</arg>
<doc>Create Session: create a HTTP session to a server</doc>
<msg timestamp="20210719 12:54:53.957" level="INFO">Creating Session using : alias=AIEngine, url=https://10.252.9.64/api, headers={},                     cookies={}, auth=None, timeout=None, proxies=None, verify=False,                     debug=0 </msg>
<status status="PASS" starttime="20210719 12:54:53.957" endtime="20210719 12:54:53.957"/>
</kw>
<kw name="Post On Session" library="RequestsLibrary">
<var>${result}</var>
<arg>AIEngine</arg>
<arg>/public/graphql</arg>
<arg>headers=${headers}</arg>
<arg>json=${body}</arg>
<doc>Sends a POST request on a previously created HTTP Session.</doc>
<msg timestamp="20210719 12:54:55.064" level="INFO">POST Request : url=https://10.252.9.64/api/public/graphql 
 path_url=/api/public/graphql 
 headers={'User-Agent': 'python-requests/2.25.1', 'Accept-Encoding': 'gzip, deflate', 'Accept': '*/*', 'Connection': 'keep-alive', 'Content-Type': 'application/json', 'Vigilent-Api-Token': 'bZVd43sS4Y9WZfZ7du3kY6ST', 'Content-Length': '593'} 
 body=b'{"query": "  query rackSensorPoints {\\r\\n            site {\\r\\n              groups: children(selector: {type: Group,name: \\"GRP00\\"}) @skip(if:false) {\\r\\n                oid name\\r\\n               racks: children(selector:{type: Rack},){\\r\\n\\r\\n                  oid\\r\\n                  displayName\\r\\n              points: children{\\r\\n                oid\\r\\n                name\\r\\n                  type\\r\\n                pointCurrent{\\r\\n                  value\\r\\n                }\\r\\n\\r\\n              }\\r\\n\\r\\n              }\\r\\n              }\\r\\n              }\\r\\n            }"}' 
 </msg>
<msg timestamp="20210719 12:54:55.064" level="INFO">POST Response : url=https://10.252.9.64/api/public/graphql 
 status=200, reason=OK 
 headers={'Date': 'Mon, 19 Jul 2021 07:22:53 GMT', 'Server': 'Apache', 'Content-Encoding': 'gzip', 'Vary': 'Accept-Encoding', 'Content-Length': '448', 'Keep-Alive': 'timeout=10, max=100', 'Connection': 'Keep-Alive', 'Content-Type': 'application/json;charset=UTF-8'} 
 body={"data":{"site":{"groups":[{"oid":17,"name":"GRP00","racks":[{"oid":1272,"displayName":"CAT00-09-00","points":[{"oid":12010,"name":"Rack Bottom","type":"CBot","pointCurrent":{"value":100}},{"oid":12018,"name":"Rack Top","type":"CTop","pointCurrent":{"value":100}}]},{"oid":1291,"displayName":"CAT00-09-01","points":[{"oid":12026,"name":"Rack Bottom","type":"CBot","pointCurrent":{"value":65.5}},{"oid":12034,"name":"Rack Top","type":"CTop","pointCurrent":{"value":65.5}}]},{"oid":1310,"displayName":"CAT00-09-02","points":[{"oid":12042,"name":"Rack Bottom","type":"CBot","pointCurrent":{"value":65.5}},{"oid":12050,"name":"Rack Top","type":"CTop","pointCurrent":{"value":65.5}}]},{"oid":1329,"displayName":"CAT00-09-03","points":[{"oid":12058,"name":"Rack Bottom","type":"CBot","pointCurrent":{"value":65.5}},{"oid":12066,"name":"Rack Top","type":"CTop","pointCurrent":{"value":65.5}}]},{"oid":1348,"displayName":"CAT00-09-04","points":[{"oid":12074,"name":"Rack Bottom","type":"CBot","pointCurrent":{"value":65.5}},{"oid":12082,"name":"Rack Top","type":"CTop","pointCurrent":{"value":65.5}}]},{"oid":1367,"displayName":"CAT00-09-05","points":[{"oid":12090,"name":"Rack Bottom","type":"CBot","pointCurrent":{"value":65.5}},{"oid":12098,"name":"Rack Top","type":"CTop","pointCurrent":{"value":65.5}}]},{"oid":27360,"displayName":"CAT00-10-10","points":[{"oid":27363,"name":"Rack Bottom","type":"CBot","pointCurrent":{"value":65.5}},{"oid":27372,"name":"Rack Top","type":"CTop","pointCurrent":{"value":65.5}}]},{"oid":26267,"displayName":"RACKMON","points":[{"oid":26270,"name":"Rack Bottom","type":"CBot","pointCurrent":{"value":65.5}},{"oid":26279,"name":"Rack Top","type":"CTop","pointCurrent":{"value":65.5}}]},{"oid":21845,"displayName":"RH-T_01","points":[{"oid":21848,"name":"Humidity Monitor","type":"RHUM","pointCurrent":{"value":0.416529329182689}},{"oid":21856,"name":"Internal Thermistor","type":"ZNT","pointCurrent":{"value":68.666}}]},{"oid":21864,"displayName":"RH-T_02","points":[{"oid":21867,"name":"Humidity Monitor","type":"RHUM","pointCurrent":{"value":0.426966977964964}},{"oid":21875,"name":"Internal Thermistor","type":"ZNT","pointCurrent":{"value":72.014}}]},{"oid":21883,"displayName":"RH-T_03","points":[{"oid":21886,"name":"Humidity Monitor","type":"RHUM","pointCurrent":{"value":0.43655008240249}},{"oid":21894,"name":"Internal Thermistor","type":"ZNT","pointCurrent":{"value":69.206}}]}]}]}}} 
 </msg>
<msg timestamp="20210719 12:54:55.064" level="INFO">${result} = &lt;Response [200]&gt;</msg>
<status status="PASS" starttime="20210719 12:54:53.957" endtime="20210719 12:54:55.064"/>
</kw>
<kw name="Should Be Equal As Strings" library="BuiltIn">
<arg>${result.status_code}</arg>
<arg>200</arg>
<doc>Fails if objects are unequal after converting them to strings.</doc>
<msg timestamp="20210719 12:54:55.064" level="INFO">Argument types are:
&lt;class 'int'&gt;
&lt;type 'unicode'&gt;</msg>
<status status="PASS" starttime="20210719 12:54:55.064" endtime="20210719 12:54:55.064"/>
</kw>
<kw name="Set Variable" library="BuiltIn">
<var>${json_dict}</var>
<arg>${result.json()}</arg>
<doc>Returns the given values which can then be assigned to a variables.</doc>
<msg timestamp="20210719 12:54:55.064" level="INFO">${json_dict} = {'data': {'site': {'groups': [{'oid': 17, 'name': 'GRP00', 'racks': [{'oid': 1272, 'displayName': 'CAT00-09-00', 'points': [{'oid': 12010, 'name': 'Rack Bottom', 'type': 'CBot', 'pointCurrent': {'valu...</msg>
<status status="PASS" starttime="20210719 12:54:55.064" endtime="20210719 12:54:55.064"/>
</kw>
<kw name="Return From Keyword" library="BuiltIn">
<arg>${json_dict}</arg>
<doc>Returns from the enclosing user keyword.</doc>
<msg timestamp="20210719 12:54:55.080" level="INFO">Returning from the enclosing user keyword.</msg>
<status status="PASS" starttime="20210719 12:54:55.064" endtime="20210719 12:54:55.080"/>
</kw>
<msg timestamp="20210719 12:54:55.080" level="INFO">${json_dict} = {'data': {'site': {'groups': [{'oid': 17, 'name': 'GRP00', 'racks': [{'oid': 1272, 'displayName': 'CAT00-09-00', 'points': [{'oid': 12010, 'name': 'Rack Bottom', 'type': 'CBot', 'pointCurrent': {'valu...</msg>
<status status="PASS" starttime="20210719 12:54:53.952" endtime="20210719 12:54:55.081"/>
</kw>
<kw name="fetchTheNumberOfItemsInDictionary" library="apiresources">
<var>${total}</var>
<arg>${json_dict}</arg>
<arg>${racks_in_group}</arg>
<kw name="Get Value From Json" library="JSONLibrary">
<var>@{points}</var>
<arg>${dictionary}</arg>
<arg>${json_of_required_node}</arg>
<doc>Get Value From JSON using JSONPath</doc>
<msg timestamp="20210719 12:54:55.137" level="INFO">@{points} = [ [{'oid': 1272, 'displayName': 'CAT00-09-00', 'points': [{'oid': 12010, 'name': 'Rack Bottom', 'type': 'CBot', 'pointCurrent': {'value': 100}}, {'oid': 12018, 'name': 'Rack Top', 'type': 'CTop', 'poi...</msg>
<status status="PASS" starttime="20210719 12:54:55.081" endtime="20210719 12:54:55.137"/>
</kw>
<kw name="Get Length" library="BuiltIn">
<var>${total_points_to_write}</var>
<arg>@{points}</arg>
<doc>Returns and logs the length of the given item as an integer.</doc>
<msg timestamp="20210719 12:54:55.137" level="INFO">Length is 11</msg>
<msg timestamp="20210719 12:54:55.137" level="INFO">${total_points_to_write} = 11</msg>
<status status="PASS" starttime="20210719 12:54:55.137" endtime="20210719 12:54:55.137"/>
</kw>
<kw name="Convert To Integer" library="BuiltIn">
<var>${total}</var>
<arg>${total_points_to_write}</arg>
<doc>Converts the given item to an integer number.</doc>
<msg timestamp="20210719 12:54:55.153" level="INFO">${total} = 11</msg>
<status status="PASS" starttime="20210719 12:54:55.137" endtime="20210719 12:54:55.153"/>
</kw>
<kw name="Return From Keyword" library="BuiltIn">
<arg>${total}</arg>
<doc>Returns from the enclosing user keyword.</doc>
<msg timestamp="20210719 12:54:55.153" level="INFO">Returning from the enclosing user keyword.</msg>
<status status="PASS" starttime="20210719 12:54:55.153" endtime="20210719 12:54:55.153"/>
</kw>
<msg timestamp="20210719 12:54:55.153" level="INFO">${total} = 11</msg>
<status status="PASS" starttime="20210719 12:54:55.081" endtime="20210719 12:54:55.153"/>
</kw>
<kw name="Log To Console" library="BuiltIn">
<arg>Setting temperature for all sensor points-----------------&gt;</arg>
<doc>Logs the given message to the console.</doc>
<status status="PASS" starttime="20210719 12:54:55.153" endtime="20210719 12:54:55.156"/>
</kw>
<for flavor="IN RANGE">
<var>${i}</var>
<value>0</value>
<value>${total}</value>
<iter>
<var name="${i}">0</var>
<kw name="Log To Console" library="BuiltIn">
<arg>${i} Rack Sensor</arg>
<doc>Logs the given message to the console.</doc>
<status status="PASS" starttime="20210719 12:54:55.157" endtime="20210719 12:54:55.158"/>
</kw>
<kw name="fetchValueOfFieldFromJsonDictionary" library="apiresources">
<var>${rack_type1}</var>
<arg>${json_dict}</arg>
<arg>$.data.site.groups[0].racks[${i}].points[0].name</arg>
<kw name="Get Value From Json" library="JSONLibrary">
<var>${field_value_list}</var>
<arg>${json_dictionary}</arg>
<arg>${json_path_of_required_field}</arg>
<doc>Get Value From JSON using JSONPath</doc>
<msg timestamp="20210719 12:54:55.216" level="INFO">${field_value_list} = ['Rack Bottom']</msg>
<status status="PASS" starttime="20210719 12:54:55.159" endtime="20210719 12:54:55.216"/>
</kw>
<kw name="Get From List" library="Collections">
<var>${field_value}</var>
<arg>${field_value_list}</arg>
<arg>0</arg>
<doc>Returns the value specified with an ``index`` from ``list``.</doc>
<msg timestamp="20210719 12:54:55.216" level="INFO">${field_value} = Rack Bottom</msg>
<status status="PASS" starttime="20210719 12:54:55.216" endtime="20210719 12:54:55.216"/>
</kw>
<kw name="Return From Keyword" library="BuiltIn">
<arg>${field_value}</arg>
<doc>Returns from the enclosing user keyword.</doc>
<msg timestamp="20210719 12:54:55.216" level="INFO">Returning from the enclosing user keyword.</msg>
<status status="PASS" starttime="20210719 12:54:55.216" endtime="20210719 12:54:55.216"/>
</kw>
<msg timestamp="20210719 12:54:55.216" level="INFO">${rack_type1} = Rack Bottom</msg>
<status status="PASS" starttime="20210719 12:54:55.158" endtime="20210719 12:54:55.216"/>
</kw>
<kw name="fetchValueOfFieldFromJsonDictionary" library="apiresources">
<var>${rack_type2}</var>
<arg>${json_dict}</arg>
<arg>$.data.site.groups[0].racks[${i}].points[1].name</arg>
<kw name="Get Value From Json" library="JSONLibrary">
<var>${field_value_list}</var>
<arg>${json_dictionary}</arg>
<arg>${json_path_of_required_field}</arg>
<doc>Get Value From JSON using JSONPath</doc>
<msg timestamp="20210719 12:54:55.269" level="INFO">${field_value_list} = ['Rack Top']</msg>
<status status="PASS" starttime="20210719 12:54:55.216" endtime="20210719 12:54:55.269"/>
</kw>
<kw name="Get From List" library="Collections">
<var>${field_value}</var>
<arg>${field_value_list}</arg>
<arg>0</arg>
<doc>Returns the value specified with an ``index`` from ``list``.</doc>
<msg timestamp="20210719 12:54:55.269" level="INFO">${field_value} = Rack Top</msg>
<status status="PASS" starttime="20210719 12:54:55.269" endtime="20210719 12:54:55.269"/>
</kw>
<kw name="Return From Keyword" library="BuiltIn">
<arg>${field_value}</arg>
<doc>Returns from the enclosing user keyword.</doc>
<msg timestamp="20210719 12:54:55.269" level="INFO">Returning from the enclosing user keyword.</msg>
<status status="PASS" starttime="20210719 12:54:55.269" endtime="20210719 12:54:55.269"/>
</kw>
<msg timestamp="20210719 12:54:55.269" level="INFO">${rack_type2} = Rack Top</msg>
<status status="PASS" starttime="20210719 12:54:55.216" endtime="20210719 12:54:55.269"/>
</kw>
<kw name="fetchValueOfFieldFromJsonDictionary" library="apiresources">
<var>${oid1}</var>
<arg>${json_dict}</arg>
<arg>$.data.site.groups[0].racks[${i}].points[0].oid</arg>
<kw name="Get Value From Json" library="JSONLibrary">
<var>${field_value_list}</var>
<arg>${json_dictionary}</arg>
<arg>${json_path_of_required_field}</arg>
<doc>Get Value From JSON using JSONPath</doc>
<msg timestamp="20210719 12:54:55.287" level="INFO">${field_value_list} = [12010]</msg>
<status status="PASS" starttime="20210719 12:54:55.269" endtime="20210719 12:54:55.287"/>
</kw>
<kw name="Get From List" library="Collections">
<var>${field_value}</var>
<arg>${field_value_list}</arg>
<arg>0</arg>
<doc>Returns the value specified with an ``index`` from ``list``.</doc>
<msg timestamp="20210719 12:54:55.287" level="INFO">${field_value} = 12010</msg>
<status status="PASS" starttime="20210719 12:54:55.287" endtime="20210719 12:54:55.287"/>
</kw>
<kw name="Return From Keyword" library="BuiltIn">
<arg>${field_value}</arg>
<doc>Returns from the enclosing user keyword.</doc>
<msg timestamp="20210719 12:54:55.287" level="INFO">Returning from the enclosing user keyword.</msg>
<status status="PASS" starttime="20210719 12:54:55.287" endtime="20210719 12:54:55.287"/>
</kw>
<msg timestamp="20210719 12:54:55.287" level="INFO">${oid1} = 12010</msg>
<status status="PASS" starttime="20210719 12:54:55.269" endtime="20210719 12:54:55.287"/>
</kw>
<kw name="fetchValueOfFieldFromJsonDictionary" library="apiresources">
<var>${oid2}</var>
<arg>${json_dict}</arg>
<arg>$.data.site.groups[0].racks[${i}].points[1].oid</arg>
<kw name="Get Value From Json" library="JSONLibrary">
<var>${field_value_list}</var>
<arg>${json_dictionary}</arg>
<arg>${json_path_of_required_field}</arg>
<doc>Get Value From JSON using JSONPath</doc>
<msg timestamp="20210719 12:54:55.321" level="INFO">${field_value_list} = [12018]</msg>
<status status="PASS" starttime="20210719 12:54:55.287" endtime="20210719 12:54:55.321"/>
</kw>
<kw name="Get From List" library="Collections">
<var>${field_value}</var>
<arg>${field_value_list}</arg>
<arg>0</arg>
<doc>Returns the value specified with an ``index`` from ``list``.</doc>
<msg timestamp="20210719 12:54:55.321" level="INFO">${field_value} = 12018</msg>
<status status="PASS" starttime="20210719 12:54:55.321" endtime="20210719 12:54:55.321"/>
</kw>
<kw name="Return From Keyword" library="BuiltIn">
<arg>${field_value}</arg>
<doc>Returns from the enclosing user keyword.</doc>
<msg timestamp="20210719 12:54:55.321" level="INFO">Returning from the enclosing user keyword.</msg>
<status status="PASS" starttime="20210719 12:54:55.321" endtime="20210719 12:54:55.322"/>
</kw>
<msg timestamp="20210719 12:54:55.322" level="INFO">${oid2} = 12018</msg>
<status status="PASS" starttime="20210719 12:54:55.287" endtime="20210719 12:54:55.322"/>
</kw>
<kw name="Run Keyword If" library="BuiltIn">
<arg>'${rack_type1}'!='Humidity Monitor'</arg>
<arg>setRackPointSensorTemperature</arg>
<arg>${oid1}</arg>
<arg>${tempF}</arg>
<doc>Runs the given keyword with the given arguments, if ``condition`` is true.</doc>
<kw name="setRackPointSensorTemperature" library="apiresources">
<arg>${oid1}</arg>
<arg>${tempF}</arg>
<kw name="Create Dictionary" library="BuiltIn">
<var>${headers}</var>
<arg>Content-Type=${content_type}</arg>
<arg>Vigilent-Api-Token=${write_api_token}</arg>
<doc>Creates and returns a dictionary based on the given ``items``.</doc>
<msg timestamp="20210719 12:54:55.322" level="INFO">${headers} = {'Content-Type': 'application/json', 'Vigilent-Api-Token': 'vd2R6aDXgz5e9zkmf7TfZzqN'}</msg>
<status status="PASS" starttime="20210719 12:54:55.322" endtime="20210719 12:54:55.322"/>
</kw>
<kw name="Create Dictionary" library="BuiltIn">
<var>${body}</var>
<arg>query= mutation pointWrite { pointWrite(requests: [{oid: ${oid}, value: ${temp}}]) { index reason }}</arg>
<doc>Creates and returns a dictionary based on the given ``items``.</doc>
<msg timestamp="20210719 12:54:55.322" level="INFO">${body} = {'query': ' mutation pointWrite { pointWrite(requests: [{oid: 12010, value: 65.0}]) { index reason }}'}</msg>
<status status="PASS" starttime="20210719 12:54:55.322" endtime="20210719 12:54:55.322"/>
</kw>
<kw name="Create Session" library="RequestsLibrary">
<arg>AIEngine</arg>
<arg>${base_url}</arg>
<arg>disable_warnings=1</arg>
<doc>Create Session: create a HTTP session to a server</doc>
<msg timestamp="20210719 12:54:55.322" level="INFO">Creating Session using : alias=AIEngine, url=https://10.252.9.64/api, headers={},                     cookies={}, auth=None, timeout=None, proxies=None, verify=False,                     debug=0 </msg>
<status status="PASS" starttime="20210719 12:54:55.322" endtime="20210719 12:54:55.322"/>
</kw>
<kw name="Post On Session" library="RequestsLibrary">
<var>${result}</var>
<arg>AIEngine</arg>
<arg>/public/graphql</arg>
<arg>headers=${headers}</arg>
<arg>json=${body}</arg>
<doc>Sends a POST request on a previously created HTTP Session.</doc>
<msg timestamp="20210719 12:54:56.929" level="INFO">POST Request : url=https://10.252.9.64/api/public/graphql 
 path_url=/api/public/graphql 
 headers={'User-Agent': 'python-requests/2.25.1', 'Accept-Encoding': 'gzip, deflate', 'Accept': '*/*', 'Connection': 'keep-alive', 'Content-Type': 'application/json', 'Vigilent-Api-Token': 'vd2R6aDXgz5e9zkmf7TfZzqN', 'Content-Length': '103'} 
 body=b'{"query": " mutation pointWrite { pointWrite(requests: [{oid: 12010, value: 65.0}]) { index reason }}"}' 
 </msg>
<msg timestamp="20210719 12:54:56.929" level="INFO">POST Response : url=https://10.252.9.64/api/public/graphql 
 status=200, reason=OK 
 headers={'Date': 'Mon, 19 Jul 2021 07:22:55 GMT', 'Server': 'Apache', 'Content-Encoding': 'gzip', 'Vary': 'Accept-Encoding', 'Content-Length': '46', 'Keep-Alive': 'timeout=10, max=100', 'Connection': 'Keep-Alive', 'Content-Type': 'application/json;charset=UTF-8'} 
 body={"data":{"pointWrite":[]}} 
 </msg>
<msg timestamp="20210719 12:54:56.929" level="INFO">${result} = &lt;Response [200]&gt;</msg>
<status status="PASS" starttime="20210719 12:54:55.322" endtime="20210719 12:54:56.929"/>
</kw>
<kw name="Should Be Equal As Strings" library="BuiltIn">
<arg>${result.status_code}</arg>
<arg>200</arg>
<doc>Fails if objects are unequal after converting them to strings.</doc>
<msg timestamp="20210719 12:54:56.930" level="INFO">Argument types are:
&lt;class 'int'&gt;
&lt;type 'unicode'&gt;</msg>
<status status="PASS" starttime="20210719 12:54:56.930" endtime="20210719 12:54:56.930"/>
</kw>
<kw name="Log To Console" library="BuiltIn">
<arg>Temperature ${temp} F set for ${oid}</arg>
<doc>Logs the given message to the console.</doc>
<status status="PASS" starttime="20210719 12:54:56.930" endtime="20210719 12:54:56.936"/>
</kw>
<status status="PASS" starttime="20210719 12:54:55.322" endtime="20210719 12:54:56.936"/>
</kw>
<status status="PASS" starttime="20210719 12:54:55.322" endtime="20210719 12:54:56.936"/>
</kw>
<kw name="Run Keyword If" library="BuiltIn">
<arg>'${rack_type2}'!='Internal Thermistor'</arg>
<arg>setRackPointSensorTemperature</arg>
<arg>${oid2}</arg>
<arg>${tempF}</arg>
<doc>Runs the given keyword with the given arguments, if ``condition`` is true.</doc>
<kw name="setRackPointSensorTemperature" library="apiresources">
<arg>${oid2}</arg>
<arg>${tempF}</arg>
<kw name="Create Dictionary" library="BuiltIn">
<var>${headers}</var>
<arg>Content-Type=${content_type}</arg>
<arg>Vigilent-Api-Token=${write_api_token}</arg>
<doc>Creates and returns a dictionary based on the given ``items``.</doc>
<msg timestamp="20210719 12:54:56.939" level="INFO">${headers} = {'Content-Type': 'application/json', 'Vigilent-Api-Token': 'vd2R6aDXgz5e9zkmf7TfZzqN'}</msg>
<status status="PASS" starttime="20210719 12:54:56.939" endtime="20210719 12:54:56.939"/>
</kw>
<kw name="Create Dictionary" library="BuiltIn">
<var>${body}</var>
<arg>query= mutation pointWrite { pointWrite(requests: [{oid: ${oid}, value: ${temp}}]) { index reason }}</arg>
<doc>Creates and returns a dictionary based on the given ``items``.</doc>
<msg timestamp="20210719 12:54:56.939" level="INFO">${body} = {'query': ' mutation pointWrite { pointWrite(requests: [{oid: 12018, value: 65.0}]) { index reason }}'}</msg>
<status status="PASS" starttime="20210719 12:54:56.939" endtime="20210719 12:54:56.939"/>
</kw>
<kw name="Create Session" library="RequestsLibrary">
<arg>AIEngine</arg>
<arg>${base_url}</arg>
<arg>disable_warnings=1</arg>
<doc>Create Session: create a HTTP session to a server</doc>
<msg timestamp="20210719 12:54:56.939" level="INFO">Creating Session using : alias=AIEngine, url=https://10.252.9.64/api, headers={},                     cookies={}, auth=None, timeout=None, proxies=None, verify=False,                     debug=0 </msg>
<status status="PASS" starttime="20210719 12:54:56.939" endtime="20210719 12:54:56.939"/>
</kw>
<kw name="Post On Session" library="RequestsLibrary">
<var>${result}</var>
<arg>AIEngine</arg>
<arg>/public/graphql</arg>
<arg>headers=${headers}</arg>
<arg>json=${body}</arg>
<doc>Sends a POST request on a previously created HTTP Session.</doc>
<msg timestamp="20210719 12:54:58.028" level="INFO">POST Request : url=https://10.252.9.64/api/public/graphql 
 path_url=/api/public/graphql 
 headers={'User-Agent': 'python-requests/2.25.1', 'Accept-Encoding': 'gzip, deflate', 'Accept': '*/*', 'Connection': 'keep-alive', 'Content-Type': 'application/json', 'Vigilent-Api-Token': 'vd2R6aDXgz5e9zkmf7TfZzqN', 'Content-Length': '103'} 
 body=b'{"query": " mutation pointWrite { pointWrite(requests: [{oid: 12018, value: 65.0}]) { index reason }}"}' 
 </msg>
<msg timestamp="20210719 12:54:58.029" level="INFO">POST Response : url=https://10.252.9.64/api/public/graphql 
 status=200, reason=OK 
 headers={'Date': 'Mon, 19 Jul 2021 07:22:56 GMT', 'Server': 'Apache', 'Content-Encoding': 'gzip', 'Vary': 'Accept-Encoding', 'Content-Length': '46', 'Keep-Alive': 'timeout=10, max=100', 'Connection': 'Keep-Alive', 'Content-Type': 'application/json;charset=UTF-8'} 
 body={"data":{"pointWrite":[]}} 
 </msg>
<msg timestamp="20210719 12:54:58.030" level="INFO">${result} = &lt;Response [200]&gt;</msg>
<status status="PASS" starttime="20210719 12:54:56.939" endtime="20210719 12:54:58.030"/>
</kw>
<kw name="Should Be Equal As Strings" library="BuiltIn">
<arg>${result.status_code}</arg>
<arg>200</arg>
<doc>Fails if objects are unequal after converting them to strings.</doc>
<msg timestamp="20210719 12:54:58.033" level="INFO">Argument types are:
&lt;class 'int'&gt;
&lt;type 'unicode'&gt;</msg>
<status status="PASS" starttime="20210719 12:54:58.031" endtime="20210719 12:54:58.033"/>
</kw>
<kw name="Log To Console" library="BuiltIn">
<arg>Temperature ${temp} F set for ${oid}</arg>
<doc>Logs the given message to the console.</doc>
<status status="PASS" starttime="20210719 12:54:58.033" endtime="20210719 12:54:58.038"/>
</kw>
<status status="PASS" starttime="20210719 12:54:56.938" endtime="20210719 12:54:58.038"/>
</kw>
<status status="PASS" starttime="20210719 12:54:56.937" endtime="20210719 12:54:58.038"/>
</kw>
<status status="PASS" starttime="20210719 12:54:55.156" endtime="20210719 12:54:58.039"/>
</iter>
<iter>
<var name="${i}">1</var>
<kw name="Log To Console" library="BuiltIn">
<arg>${i} Rack Sensor</arg>
<doc>Logs the given message to the console.</doc>
<status status="PASS" starttime="20210719 12:54:58.039" endtime="20210719 12:54:58.041"/>
</kw>
<kw name="fetchValueOfFieldFromJsonDictionary" library="apiresources">
<var>${rack_type1}</var>
<arg>${json_dict}</arg>
<arg>$.data.site.groups[0].racks[${i}].points[0].name</arg>
<kw name="Get Value From Json" library="JSONLibrary">
<var>${field_value_list}</var>
<arg>${json_dictionary}</arg>
<arg>${json_path_of_required_field}</arg>
<doc>Get Value From JSON using JSONPath</doc>
<msg timestamp="20210719 12:54:58.118" level="INFO">${field_value_list} = ['Rack Bottom']</msg>
<status status="PASS" starttime="20210719 12:54:58.042" endtime="20210719 12:54:58.118"/>
</kw>
<kw name="Get From List" library="Collections">
<var>${field_value}</var>
<arg>${field_value_list}</arg>
<arg>0</arg>
<doc>Returns the value specified with an ``index`` from ``list``.</doc>
<msg timestamp="20210719 12:54:58.118" level="INFO">${field_value} = Rack Bottom</msg>
<status status="PASS" starttime="20210719 12:54:58.118" endtime="20210719 12:54:58.118"/>
</kw>
<kw name="Return From Keyword" library="BuiltIn">
<arg>${field_value}</arg>
<doc>Returns from the enclosing user keyword.</doc>
<msg timestamp="20210719 12:54:58.118" level="INFO">Returning from the enclosing user keyword.</msg>
<status status="PASS" starttime="20210719 12:54:58.118" endtime="20210719 12:54:58.118"/>
</kw>
<msg timestamp="20210719 12:54:58.118" level="INFO">${rack_type1} = Rack Bottom</msg>
<status status="PASS" starttime="20210719 12:54:58.041" endtime="20210719 12:54:58.118"/>
</kw>
<kw name="fetchValueOfFieldFromJsonDictionary" library="apiresources">
<var>${rack_type2}</var>
<arg>${json_dict}</arg>
<arg>$.data.site.groups[0].racks[${i}].points[1].name</arg>
<kw name="Get Value From Json" library="JSONLibrary">
<var>${field_value_list}</var>
<arg>${json_dictionary}</arg>
<arg>${json_path_of_required_field}</arg>
<doc>Get Value From JSON using JSONPath</doc>
<msg timestamp="20210719 12:54:58.199" level="INFO">${field_value_list} = ['Rack Top']</msg>
<status status="PASS" starttime="20210719 12:54:58.118" endtime="20210719 12:54:58.199"/>
</kw>
<kw name="Get From List" library="Collections">
<var>${field_value}</var>
<arg>${field_value_list}</arg>
<arg>0</arg>
<doc>Returns the value specified with an ``index`` from ``list``.</doc>
<msg timestamp="20210719 12:54:58.199" level="INFO">${field_value} = Rack Top</msg>
<status status="PASS" starttime="20210719 12:54:58.199" endtime="20210719 12:54:58.199"/>
</kw>
<kw name="Return From Keyword" library="BuiltIn">
<arg>${field_value}</arg>
<doc>Returns from the enclosing user keyword.</doc>
<msg timestamp="20210719 12:54:58.199" level="INFO">Returning from the enclosing user keyword.</msg>
<status status="PASS" starttime="20210719 12:54:58.199" endtime="20210719 12:54:58.199"/>
</kw>
<msg timestamp="20210719 12:54:58.199" level="INFO">${rack_type2} = Rack Top</msg>
<status status="PASS" starttime="20210719 12:54:58.118" endtime="20210719 12:54:58.199"/>
</kw>
<kw name="fetchValueOfFieldFromJsonDictionary" library="apiresources">
<var>${oid1}</var>
<arg>${json_dict}</arg>
<arg>$.data.site.groups[0].racks[${i}].points[0].oid</arg>
<kw name="Get Value From Json" library="JSONLibrary">
<var>${field_value_list}</var>
<arg>${json_dictionary}</arg>
<arg>${json_path_of_required_field}</arg>
<doc>Get Value From JSON using JSONPath</doc>
<msg timestamp="20210719 12:54:58.259" level="INFO">${field_value_list} = [12026]</msg>
<status status="PASS" starttime="20210719 12:54:58.199" endtime="20210719 12:54:58.259"/>
</kw>
<kw name="Get From List" library="Collections">
<var>${field_value}</var>
<arg>${field_value_list}</arg>
<arg>0</arg>
<doc>Returns the value specified with an ``index`` from ``list``.</doc>
<msg timestamp="20210719 12:54:58.259" level="INFO">${field_value} = 12026</msg>
<status status="PASS" starttime="20210719 12:54:58.259" endtime="20210719 12:54:58.259"/>
</kw>
<kw name="Return From Keyword" library="BuiltIn">
<arg>${field_value}</arg>
<doc>Returns from the enclosing user keyword.</doc>
<msg timestamp="20210719 12:54:58.259" level="INFO">Returning from the enclosing user keyword.</msg>
<status status="PASS" starttime="20210719 12:54:58.259" endtime="20210719 12:54:58.259"/>
</kw>
<msg timestamp="20210719 12:54:58.259" level="INFO">${oid1} = 12026</msg>
<status status="PASS" starttime="20210719 12:54:58.199" endtime="20210719 12:54:58.259"/>
</kw>
<kw name="fetchValueOfFieldFromJsonDictionary" library="apiresources">
<var>${oid2}</var>
<arg>${json_dict}</arg>
<arg>$.data.site.groups[0].racks[${i}].points[1].oid</arg>
<kw name="Get Value From Json" library="JSONLibrary">
<var>${field_value_list}</var>
<arg>${json_dictionary}</arg>
<arg>${json_path_of_required_field}</arg>
<doc>Get Value From JSON using JSONPath</doc>
<msg timestamp="20210719 12:54:58.295" level="INFO">${field_value_list} = [12034]</msg>
<status status="PASS" starttime="20210719 12:54:58.259" endtime="20210719 12:54:58.295"/>
</kw>
<kw name="Get From List" library="Collections">
<var>${field_value}</var>
<arg>${field_value_list}</arg>
<arg>0</arg>
<doc>Returns the value specified with an ``index`` from ``list``.</doc>
<msg timestamp="20210719 12:54:58.295" level="INFO">${field_value} = 12034</msg>
<status status="PASS" starttime="20210719 12:54:58.295" endtime="20210719 12:54:58.295"/>
</kw>
<kw name="Return From Keyword" library="BuiltIn">
<arg>${field_value}</arg>
<doc>Returns from the enclosing user keyword.</doc>
<msg timestamp="20210719 12:54:58.295" level="INFO">Returning from the enclosing user keyword.</msg>
<status status="PASS" starttime="20210719 12:54:58.295" endtime="20210719 12:54:58.295"/>
</kw>
<msg timestamp="20210719 12:54:58.295" level="INFO">${oid2} = 12034</msg>
<status status="PASS" starttime="20210719 12:54:58.259" endtime="20210719 12:54:58.295"/>
</kw>
<kw name="Run Keyword If" library="BuiltIn">
<arg>'${rack_type1}'!='Humidity Monitor'</arg>
<arg>setRackPointSensorTemperature</arg>
<arg>${oid1}</arg>
<arg>${tempF}</arg>
<doc>Runs the given keyword with the given arguments, if ``condition`` is true.</doc>
<kw name="setRackPointSensorTemperature" library="apiresources">
<arg>${oid1}</arg>
<arg>${tempF}</arg>
<kw name="Create Dictionary" library="BuiltIn">
<var>${headers}</var>
<arg>Content-Type=${content_type}</arg>
<arg>Vigilent-Api-Token=${write_api_token}</arg>
<doc>Creates and returns a dictionary based on the given ``items``.</doc>
<msg timestamp="20210719 12:54:58.295" level="INFO">${headers} = {'Content-Type': 'application/json', 'Vigilent-Api-Token': 'vd2R6aDXgz5e9zkmf7TfZzqN'}</msg>
<status status="PASS" starttime="20210719 12:54:58.295" endtime="20210719 12:54:58.295"/>
</kw>
<kw name="Create Dictionary" library="BuiltIn">
<var>${body}</var>
<arg>query= mutation pointWrite { pointWrite(requests: [{oid: ${oid}, value: ${temp}}]) { index reason }}</arg>
<doc>Creates and returns a dictionary based on the given ``items``.</doc>
<msg timestamp="20210719 12:54:58.295" level="INFO">${body} = {'query': ' mutation pointWrite { pointWrite(requests: [{oid: 12026, value: 65.0}]) { index reason }}'}</msg>
<status status="PASS" starttime="20210719 12:54:58.295" endtime="20210719 12:54:58.295"/>
</kw>
<kw name="Create Session" library="RequestsLibrary">
<arg>AIEngine</arg>
<arg>${base_url}</arg>
<arg>disable_warnings=1</arg>
<doc>Create Session: create a HTTP session to a server</doc>
<msg timestamp="20210719 12:54:58.295" level="INFO">Creating Session using : alias=AIEngine, url=https://10.252.9.64/api, headers={},                     cookies={}, auth=None, timeout=None, proxies=None, verify=False,                     debug=0 </msg>
<status status="PASS" starttime="20210719 12:54:58.295" endtime="20210719 12:54:58.295"/>
</kw>
<kw name="Post On Session" library="RequestsLibrary">
<var>${result}</var>
<arg>AIEngine</arg>
<arg>/public/graphql</arg>
<arg>headers=${headers}</arg>
<arg>json=${body}</arg>
<doc>Sends a POST request on a previously created HTTP Session.</doc>
<msg timestamp="20210719 12:54:59.365" level="INFO">POST Request : url=https://10.252.9.64/api/public/graphql 
 path_url=/api/public/graphql 
 headers={'User-Agent': 'python-requests/2.25.1', 'Accept-Encoding': 'gzip, deflate', 'Accept': '*/*', 'Connection': 'keep-alive', 'Content-Type': 'application/json', 'Vigilent-Api-Token': 'vd2R6aDXgz5e9zkmf7TfZzqN', 'Content-Length': '103'} 
 body=b'{"query": " mutation pointWrite { pointWrite(requests: [{oid: 12026, value: 65.0}]) { index reason }}"}' 
 </msg>
<msg timestamp="20210719 12:54:59.365" level="INFO">POST Response : url=https://10.252.9.64/api/public/graphql 
 status=200, reason=OK 
 headers={'Date': 'Mon, 19 Jul 2021 07:22:58 GMT', 'Server': 'Apache', 'Content-Encoding': 'gzip', 'Vary': 'Accept-Encoding', 'Content-Length': '46', 'Keep-Alive': 'timeout=10, max=100', 'Connection': 'Keep-Alive', 'Content-Type': 'application/json;charset=UTF-8'} 
 body={"data":{"pointWrite":[]}} 
 </msg>
<msg timestamp="20210719 12:54:59.365" level="INFO">${result} = &lt;Response [200]&gt;</msg>
<status status="PASS" starttime="20210719 12:54:58.295" endtime="20210719 12:54:59.365"/>
</kw>
<kw name="Should Be Equal As Strings" library="BuiltIn">
<arg>${result.status_code}</arg>
<arg>200</arg>
<doc>Fails if objects are unequal after converting them to strings.</doc>
<msg timestamp="20210719 12:54:59.373" level="INFO">Argument types are:
&lt;class 'int'&gt;
&lt;type 'unicode'&gt;</msg>
<status status="PASS" starttime="20210719 12:54:59.365" endtime="20210719 12:54:59.373"/>
</kw>
<kw name="Log To Console" library="BuiltIn">
<arg>Temperature ${temp} F set for ${oid}</arg>
<doc>Logs the given message to the console.</doc>
<status status="PASS" starttime="20210719 12:54:59.373" endtime="20210719 12:54:59.376"/>
</kw>
<status status="PASS" starttime="20210719 12:54:58.295" endtime="20210719 12:54:59.376"/>
</kw>
<status status="PASS" starttime="20210719 12:54:58.295" endtime="20210719 12:54:59.376"/>
</kw>
<kw name="Run Keyword If" library="BuiltIn">
<arg>'${rack_type2}'!='Internal Thermistor'</arg>
<arg>setRackPointSensorTemperature</arg>
<arg>${oid2}</arg>
<arg>${tempF}</arg>
<doc>Runs the given keyword with the given arguments, if ``condition`` is true.</doc>
<kw name="setRackPointSensorTemperature" library="apiresources">
<arg>${oid2}</arg>
<arg>${tempF}</arg>
<kw name="Create Dictionary" library="BuiltIn">
<var>${headers}</var>
<arg>Content-Type=${content_type}</arg>
<arg>Vigilent-Api-Token=${write_api_token}</arg>
<doc>Creates and returns a dictionary based on the given ``items``.</doc>
<msg timestamp="20210719 12:54:59.377" level="INFO">${headers} = {'Content-Type': 'application/json', 'Vigilent-Api-Token': 'vd2R6aDXgz5e9zkmf7TfZzqN'}</msg>
<status status="PASS" starttime="20210719 12:54:59.377" endtime="20210719 12:54:59.377"/>
</kw>
<kw name="Create Dictionary" library="BuiltIn">
<var>${body}</var>
<arg>query= mutation pointWrite { pointWrite(requests: [{oid: ${oid}, value: ${temp}}]) { index reason }}</arg>
<doc>Creates and returns a dictionary based on the given ``items``.</doc>
<msg timestamp="20210719 12:54:59.377" level="INFO">${body} = {'query': ' mutation pointWrite { pointWrite(requests: [{oid: 12034, value: 65.0}]) { index reason }}'}</msg>
<status status="PASS" starttime="20210719 12:54:59.377" endtime="20210719 12:54:59.377"/>
</kw>
<kw name="Create Session" library="RequestsLibrary">
<arg>AIEngine</arg>
<arg>${base_url}</arg>
<arg>disable_warnings=1</arg>
<doc>Create Session: create a HTTP session to a server</doc>
<msg timestamp="20210719 12:54:59.377" level="INFO">Creating Session using : alias=AIEngine, url=https://10.252.9.64/api, headers={},                     cookies={}, auth=None, timeout=None, proxies=None, verify=False,                     debug=0 </msg>
<status status="PASS" starttime="20210719 12:54:59.377" endtime="20210719 12:54:59.377"/>
</kw>
<kw name="Post On Session" library="RequestsLibrary">
<var>${result}</var>
<arg>AIEngine</arg>
<arg>/public/graphql</arg>
<arg>headers=${headers}</arg>
<arg>json=${body}</arg>
<doc>Sends a POST request on a previously created HTTP Session.</doc>
<msg timestamp="20210719 12:55:00.470" level="INFO">POST Request : url=https://10.252.9.64/api/public/graphql 
 path_url=/api/public/graphql 
 headers={'User-Agent': 'python-requests/2.25.1', 'Accept-Encoding': 'gzip, deflate', 'Accept': '*/*', 'Connection': 'keep-alive', 'Content-Type': 'application/json', 'Vigilent-Api-Token': 'vd2R6aDXgz5e9zkmf7TfZzqN', 'Content-Length': '103'} 
 body=b'{"query": " mutation pointWrite { pointWrite(requests: [{oid: 12034, value: 65.0}]) { index reason }}"}' 
 </msg>
<msg timestamp="20210719 12:55:00.470" level="INFO">POST Response : url=https://10.252.9.64/api/public/graphql 
 status=200, reason=OK 
 headers={'Date': 'Mon, 19 Jul 2021 07:22:59 GMT', 'Server': 'Apache', 'Content-Encoding': 'gzip', 'Vary': 'Accept-Encoding', 'Content-Length': '46', 'Keep-Alive': 'timeout=10, max=100', 'Connection': 'Keep-Alive', 'Content-Type': 'application/json;charset=UTF-8'} 
 body={"data":{"pointWrite":[]}} 
 </msg>
<msg timestamp="20210719 12:55:00.470" level="INFO">${result} = &lt;Response [200]&gt;</msg>
<status status="PASS" starttime="20210719 12:54:59.386" endtime="20210719 12:55:00.470"/>
</kw>
<kw name="Should Be Equal As Strings" library="BuiltIn">
<arg>${result.status_code}</arg>
<arg>200</arg>
<doc>Fails if objects are unequal after converting them to strings.</doc>
<msg timestamp="20210719 12:55:00.470" level="INFO">Argument types are:
&lt;class 'int'&gt;
&lt;type 'unicode'&gt;</msg>
<status status="PASS" starttime="20210719 12:55:00.470" endtime="20210719 12:55:00.470"/>
</kw>
<kw name="Log To Console" library="BuiltIn">
<arg>Temperature ${temp} F set for ${oid}</arg>
<doc>Logs the given message to the console.</doc>
<status status="PASS" starttime="20210719 12:55:00.470" endtime="20210719 12:55:00.477"/>
</kw>
<status status="PASS" starttime="20210719 12:54:59.377" endtime="20210719 12:55:00.478"/>
</kw>
<status status="PASS" starttime="20210719 12:54:59.377" endtime="20210719 12:55:00.478"/>
</kw>
<status status="PASS" starttime="20210719 12:54:58.039" endtime="20210719 12:55:00.478"/>
</iter>
<iter>
<var name="${i}">2</var>
<kw name="Log To Console" library="BuiltIn">
<arg>${i} Rack Sensor</arg>
<doc>Logs the given message to the console.</doc>
<status status="PASS" starttime="20210719 12:55:00.478" endtime="20210719 12:55:00.480"/>
</kw>
<kw name="fetchValueOfFieldFromJsonDictionary" library="apiresources">
<var>${rack_type1}</var>
<arg>${json_dict}</arg>
<arg>$.data.site.groups[0].racks[${i}].points[0].name</arg>
<kw name="Get Value From Json" library="JSONLibrary">
[...]
<status status="PASS" starttime="20210719 13:11:31.240" endtime="20210719 13:11:31.283"/>
</kw>
<kw name="Get Length" library="BuiltIn">
<var>${total_points_to_write}</var>
<arg>@{points}</arg>
<doc>Returns and logs the length of the given item as an integer.</doc>
<msg timestamp="20210719 13:11:31.284" level="INFO">Length is 2</msg>
<msg timestamp="20210719 13:11:31.284" level="INFO">${total_points_to_write} = 2</msg>
<status status="PASS" starttime="20210719 13:11:31.283" endtime="20210719 13:11:31.284"/>
</kw>
<kw name="Convert To Integer" library="BuiltIn">
<var>${total}</var>
<arg>${total_points_to_write}</arg>
<doc>Converts the given item to an integer number.</doc>
<msg timestamp="20210719 13:11:31.285" level="INFO">${total} = 2</msg>
<status status="PASS" starttime="20210719 13:11:31.284" endtime="20210719 13:11:31.285"/>
</kw>
<kw name="Return From Keyword" library="BuiltIn">
<arg>${total}</arg>
<doc>Returns from the enclosing user keyword.</doc>
<msg timestamp="20210719 13:11:31.285" level="INFO">Returning from the enclosing user keyword.</msg>
<status status="PASS" starttime="20210719 13:11:31.285" endtime="20210719 13:11:31.285"/>
</kw>
<msg timestamp="20210719 13:11:31.286" level="INFO">${no_of_controls} = 2</msg>
<status status="PASS" starttime="20210719 13:11:31.239" endtime="20210719 13:11:31.286"/>
</kw>
<kw name="Log To Console" library="BuiltIn">
<arg>!!!--No of Controls for ${ahu} is ${no_of_controls}---!!!</arg>
<doc>Logs the given message to the console.</doc>
<status status="PASS" starttime="20210719 13:11:31.286" endtime="20210719 13:11:31.287"/>
</kw>
<kw name="fetchValueOfFieldFromJsonDictionary" library="apiresources">
<var>${ahu_status_ctrl_value}</var>
<arg>${json_dictionary}</arg>
<arg>$.data.site.groups[0].ahus[${ahu}].controls[0].status.origin</arg>
<kw name="Get Value From Json" library="JSONLibrary">
<var>${field_value_list}</var>
<arg>${json_dictionary}</arg>
<arg>${json_path_of_required_field}</arg>
<doc>Get Value From JSON using JSONPath</doc>
<msg timestamp="20210719 13:11:31.353" level="INFO">${field_value_list} = ['CONTROL']</msg>
<status status="PASS" starttime="20210719 13:11:31.289" endtime="20210719 13:11:31.353"/>
</kw>
<kw name="Get From List" library="Collections">
<var>${field_value}</var>
<arg>${field_value_list}</arg>
<arg>0</arg>
<doc>Returns the value specified with an ``index`` from ``list``.</doc>
<msg timestamp="20210719 13:11:31.354" level="INFO">${field_value} = CONTROL</msg>
<status status="PASS" starttime="20210719 13:11:31.354" endtime="20210719 13:11:31.354"/>
</kw>
<kw name="Return From Keyword" library="BuiltIn">
<arg>${field_value}</arg>
<doc>Returns from the enclosing user keyword.</doc>
<msg timestamp="20210719 13:11:31.354" level="INFO">Returning from the enclosing user keyword.</msg>
<status status="PASS" starttime="20210719 13:11:31.354" endtime="20210719 13:11:31.354"/>
</kw>
<msg timestamp="20210719 13:11:31.355" level="INFO">${ahu_status_ctrl_value} = CONTROL</msg>
<status status="PASS" starttime="20210719 13:11:31.287" endtime="20210719 13:11:31.355"/>
</kw>
<kw name="Log To Console" library="BuiltIn">
<arg>!V-------Status value for AHU:${ahu} first Control is ${ahu_status_ctrl_value}-----!V</arg>
<doc>Logs the given message to the console.</doc>
<status status="PASS" starttime="20210719 13:11:31.357" endtime="20210719 13:11:31.357"/>
</kw>
<kw name="Should Not Be Equal As Strings" library="BuiltIn">
<arg>${ahu_status_ctrl_value}</arg>
<arg>"GUARD"</arg>
<arg>AHUS are expected with GUARD Cleared</arg>
<doc>Fails if objects are equal after converting them to strings.</doc>
<status status="PASS" starttime="20210719 13:11:31.357" endtime="20210719 13:11:31.358"/>
</kw>
<if>
<branch type="IF" condition="&quot;${no_of_controls}&quot;==&quot;2&quot;">
<kw name="fetchValueOfFieldFromJsonDictionary" library="apiresources">
<var>${ahu_status_ctrl_value}</var>
<arg>${json_dictionary}</arg>
<arg>$.data.site.groups[0].ahus[${ahu}].controls[1].status.origin</arg>
<kw name="Get Value From Json" library="JSONLibrary">
<var>${field_value_list}</var>
<arg>${json_dictionary}</arg>
<arg>${json_path_of_required_field}</arg>
<doc>Get Value From JSON using JSONPath</doc>
<msg timestamp="20210719 13:11:31.423" level="INFO">${field_value_list} = ['CONTROL']</msg>
<status status="PASS" starttime="20210719 13:11:31.360" endtime="20210719 13:11:31.423"/>
</kw>
<kw name="Get From List" library="Collections">
<var>${field_value}</var>
<arg>${field_value_list}</arg>
<arg>0</arg>
<doc>Returns the value specified with an ``index`` from ``list``.</doc>
<msg timestamp="20210719 13:11:31.424" level="INFO">${field_value} = CONTROL</msg>
<status status="PASS" starttime="20210719 13:11:31.423" endtime="20210719 13:11:31.424"/>
</kw>
<kw name="Return From Keyword" library="BuiltIn">
<arg>${field_value}</arg>
<doc>Returns from the enclosing user keyword.</doc>
<msg timestamp="20210719 13:11:31.424" level="INFO">Returning from the enclosing user keyword.</msg>
<status status="PASS" starttime="20210719 13:11:31.424" endtime="20210719 13:11:31.425"/>
</kw>
<msg timestamp="20210719 13:11:31.425" level="INFO">${ahu_status_ctrl_value} = CONTROL</msg>
<status status="PASS" starttime="20210719 13:11:31.358" endtime="20210719 13:11:31.426"/>
</kw>
<kw name="Log To Console" library="BuiltIn">
<arg>!V-------Status value for AHU:${ahu} second control is ${ahu_status_ctrl_value}-----!V</arg>
<doc>Logs the given message to the console.</doc>
<status status="PASS" starttime="20210719 13:11:31.426" endtime="20210719 13:11:31.427"/>
</kw>
<kw name="Should Not Be Equal As Strings" library="BuiltIn">
<arg>${ahu_status_ctrl_value}</arg>
<arg>"GUARD"</arg>
<arg>AHUS are expected with GUARD Cleared</arg>
<doc>Fails if objects are equal after converting them to strings.</doc>
<status status="PASS" starttime="20210719 13:11:31.428" endtime="20210719 13:11:31.429"/>
</kw>
<status status="PASS" starttime="20210719 13:11:31.358" endtime="20210719 13:11:31.429"/>
</branch>
<status status="PASS" starttime="20210719 13:11:31.358" endtime="20210719 13:11:31.429"/>
</if>
<status status="PASS" starttime="20210719 13:11:31.238" endtime="20210719 13:11:31.430"/>
</iter>
<iter>
<var name="${ahu}">11</var>
<kw name="Log To Console" library="BuiltIn">
<arg>!!---Checking ahu at position ${ahu}---!!s</arg>
<doc>Logs the given message to the console.</doc>
<status status="PASS" starttime="20210719 13:11:31.430" endtime="20210719 13:11:31.431"/>
</kw>
<kw name="fetchTheNumberOfItemsInDictionary" library="apiresources">
<var>${no_of_controls}</var>
<arg>${json_dictionary}</arg>
<arg>$.data.site.groups[0].ahus[${ahu}].controls</arg>
<kw name="Get Value From Json" library="JSONLibrary">
<var>@{points}</var>
<arg>${dictionary}</arg>
<arg>${json_of_required_node}</arg>
<doc>Get Value From JSON using JSONPath</doc>
<msg timestamp="20210719 13:11:31.492" level="INFO">@{points} = [ [{'oid': 15396, 'type': 'BOP', 'displayName': 'BOP', 'name': 'BOP', 'status': {'origin': 'CONTROL'}}, {'oid': 15468, 'type': 'SFC', 'displayName': 'SFC', 'name': 'SFC', 'status': {'origin': 'CONTROL...</msg>
<status status="PASS" starttime="20210719 13:11:31.433" endtime="20210719 13:11:31.492"/>
</kw>
<kw name="Get Length" library="BuiltIn">
<var>${total_points_to_write}</var>
<arg>@{points}</arg>
<doc>Returns and logs the length of the given item as an integer.</doc>
<msg timestamp="20210719 13:11:31.493" level="INFO">Length is 2</msg>
<msg timestamp="20210719 13:11:31.493" level="INFO">${total_points_to_write} = 2</msg>
<status status="PASS" starttime="20210719 13:11:31.492" endtime="20210719 13:11:31.493"/>
</kw>
<kw name="Convert To Integer" library="BuiltIn">
<var>${total}</var>
<arg>${total_points_to_write}</arg>
<doc>Converts the given item to an integer number.</doc>
<msg timestamp="20210719 13:11:31.494" level="INFO">${total} = 2</msg>
<status status="PASS" starttime="20210719 13:11:31.493" endtime="20210719 13:11:31.494"/>
</kw>
<kw name="Return From Keyword" library="BuiltIn">
<arg>${total}</arg>
<doc>Returns from the enclosing user keyword.</doc>
<msg timestamp="20210719 13:11:31.494" level="INFO">Returning from the enclosing user keyword.</msg>
<status status="PASS" starttime="20210719 13:11:31.494" endtime="20210719 13:11:31.495"/>
</kw>
<msg timestamp="20210719 13:11:31.495" level="INFO">${no_of_controls} = 2</msg>
<status status="PASS" starttime="20210719 13:11:31.431" endtime="20210719 13:11:31.495"/>
</kw>
<kw name="Log To Console" library="BuiltIn">
<arg>!!!--No of Controls for ${ahu} is ${no_of_controls}---!!!</arg>
<doc>Logs the given message to the console.</doc>
<status status="PASS" starttime="20210719 13:11:31.495" endtime="20210719 13:11:31.497"/>
</kw>
<kw name="fetchValueOfFieldFromJsonDictionary" library="apiresources">
<var>${ahu_status_ctrl_value}</var>
<arg>${json_dictionary}</arg>
<arg>$.data.site.groups[0].ahus[${ahu}].controls[0].status.origin</arg>
<kw name="Get Value From Json" library="JSONLibrary">
<var>${field_value_list}</var>
<arg>${json_dictionary}</arg>
<arg>${json_path_of_required_field}</arg>
<doc>Get Value From JSON using JSONPath</doc>
<msg timestamp="20210719 13:11:31.550" level="INFO">${field_value_list} = ['CONTROL']</msg>
<status status="PASS" starttime="20210719 13:11:31.497" endtime="20210719 13:11:31.550"/>
</kw>
<kw name="Get From List" library="Collections">
<var>${field_value}</var>
<arg>${field_value_list}</arg>
<arg>0</arg>
<doc>Returns the value specified with an ``index`` from ``list``.</doc>
<msg timestamp="20210719 13:11:31.551" level="INFO">${field_value} = CONTROL</msg>
<status status="PASS" starttime="20210719 13:11:31.551" endtime="20210719 13:11:31.551"/>
</kw>
<kw name="Return From Keyword" library="BuiltIn">
<arg>${field_value}</arg>
<doc>Returns from the enclosing user keyword.</doc>
<msg timestamp="20210719 13:11:31.552" level="INFO">Returning from the enclosing user keyword.</msg>
<status status="PASS" starttime="20210719 13:11:31.552" endtime="20210719 13:11:31.552"/>
</kw>
<msg timestamp="20210719 13:11:31.553" level="INFO">${ahu_status_ctrl_value} = CONTROL</msg>
<status status="PASS" starttime="20210719 13:11:31.497" endtime="20210719 13:11:31.553"/>
</kw>
<kw name="Log To Console" library="BuiltIn">
<arg>!V-------Status value for AHU:${ahu} first Control is ${ahu_status_ctrl_value}-----!V</arg>
<doc>Logs the given message to the console.</doc>
<status status="PASS" starttime="20210719 13:11:31.553" endtime="20210719 13:11:31.554"/>
</kw>
<kw name="Should Not Be Equal As Strings" library="BuiltIn">
<arg>${ahu_status_ctrl_value}</arg>
<arg>"GUARD"</arg>
<arg>AHUS are expected with GUARD Cleared</arg>
<doc>Fails if objects are equal after converting them to strings.</doc>
<status status="PASS" starttime="20210719 13:11:31.555" endtime="20210719 13:11:31.556"/>
</kw>
<if>
<branch type="IF" condition="&quot;${no_of_controls}&quot;==&quot;2&quot;">
<kw name="fetchValueOfFieldFromJsonDictionary" library="apiresources">
<var>${ahu_status_ctrl_value}</var>
<arg>${json_dictionary}</arg>
<arg>$.data.site.groups[0].ahus[${ahu}].controls[1].status.origin</arg>
<kw name="Get Value From Json" library="JSONLibrary">
<var>${field_value_list}</var>
<arg>${json_dictionary}</arg>
<arg>${json_path_of_required_field}</arg>
<doc>Get Value From JSON using JSONPath</doc>
<msg timestamp="20210719 13:11:31.621" level="INFO">${field_value_list} = ['CONTROL']</msg>
<status status="PASS" starttime="20210719 13:11:31.558" endtime="20210719 13:11:31.622"/>
</kw>
<kw name="Get From List" library="Collections">
<var>${field_value}</var>
<arg>${field_value_list}</arg>
<arg>0</arg>
<doc>Returns the value specified with an ``index`` from ``list``.</doc>
<msg timestamp="20210719 13:11:31.623" level="INFO">${field_value} = CONTROL</msg>
<status status="PASS" starttime="20210719 13:11:31.622" endtime="20210719 13:11:31.623"/>
</kw>
<kw name="Return From Keyword" library="BuiltIn">
<arg>${field_value}</arg>
<doc>Returns from the enclosing user keyword.</doc>
<msg timestamp="20210719 13:11:31.624" level="INFO">Returning from the enclosing user keyword.</msg>
<status status="PASS" starttime="20210719 13:11:31.624" endtime="20210719 13:11:31.625"/>
</kw>
<msg timestamp="20210719 13:11:31.626" level="INFO">${ahu_status_ctrl_value} = CONTROL</msg>
<status status="PASS" starttime="20210719 13:11:31.557" endtime="20210719 13:11:31.626"/>
</kw>
<kw name="Log To Console" library="BuiltIn">
<arg>!V-------Status value for AHU:${ahu} second control is ${ahu_status_ctrl_value}-----!V</arg>
<doc>Logs the given message to the console.</doc>
<status status="PASS" starttime="20210719 13:11:31.627" endtime="20210719 13:11:31.629"/>
</kw>
<kw name="Should Not Be Equal As Strings" library="BuiltIn">
<arg>${ahu_status_ctrl_value}</arg>
<arg>"GUARD"</arg>
<arg>AHUS are expected with GUARD Cleared</arg>
<doc>Fails if objects are equal after converting them to strings.</doc>
<status status="PASS" starttime="20210719 13:11:31.629" endtime="20210719 13:11:31.631"/>
</kw>
<status status="PASS" starttime="20210719 13:11:31.556" endtime="20210719 13:11:31.631"/>
</branch>
<status status="PASS" starttime="20210719 13:11:31.556" endtime="20210719 13:11:31.631"/>
</if>
<status status="PASS" starttime="20210719 13:11:31.430" endtime="20210719 13:11:31.631"/>
</iter>
<status status="PASS" starttime="20210719 13:11:29.665" endtime="20210719 13:11:31.631"/>
</for>
<kw name="Log To Console" library="BuiltIn">
<arg>*********All AHUS are cleared of GUARD*****************</arg>
<doc>Logs the given message to the console.</doc>
<status status="PASS" starttime="20210719 13:11:31.631" endtime="20210719 13:11:31.632"/>
</kw>
<status status="PASS" starttime="20210719 13:11:29.664" endtime="20210719 13:11:31.633"/>
</kw>
<kw name="Log To Console" library="BuiltIn">
<arg>*************************************************************</arg>
<doc>Logs the given message to the console.</doc>
<status status="PASS" starttime="20210719 13:11:31.633" endtime="20210719 13:11:31.634"/>
</kw>
<status status="PASS" starttime="20210719 13:11:28.511" endtime="20210719 13:11:31.634"/>
</kw>
<kw name="establishConnectionAndStopCoolingControlProcess" library="connection">
<doc>Establish connection and start processes on the remote machine.
HISTIGNORE command is used to avoid saving the password in history</doc>
<kw name="openConnectionAndLogIn" library="connection">
<kw name="Log To Console" library="BuiltIn">
<arg>!--------Opening SSH Connection----------!</arg>
<doc>Logs the given message to the console.</doc>
<status status="PASS" starttime="20210719 13:11:31.637" endtime="20210719 13:11:31.639"/>
</kw>
<kw name="Open Connection" library="SSHLibrary">
<arg>${host}</arg>
<doc>Opens a new SSH connection to the given ``host`` and ``port``.</doc>
<status status="PASS" starttime="20210719 13:11:31.639" endtime="20210719 13:11:31.641"/>
</kw>
<kw name="Login" library="SSHLibrary">
<arg>${username}</arg>
<arg>${password}</arg>
<doc>Logs into the SSH server with the given ``username`` and ``password``.</doc>
<msg timestamp="20210719 13:11:31.643" level="INFO">Logging into '10.252.9.64:22' as 'fc'.</msg>
<msg timestamp="20210719 13:11:36.166" level="INFO">Read output: Welcome to Ubuntu 20.04.2 LTS (GNU/Linux 5.4.0-74-generic x86_64)

 * Documentation:  https://help.ubuntu.com
 * Management:     https://landscape.canonical.com
 * Support:        https://ubuntu.com/advantage

  System information as of Mon 19 Jul 2021 12:39:32 AM PDT

  System load:  0.01                Processes:               294
  Usage of /:   2.6% of 1005.94GB   Users logged in:         1
  Memory usage: 5%                  IPv4 address for ens160: 10.252.9.64
  Swap usage:   0%

Last login: Mon Jul 19 00:23:21 2021 from 10.253.2.163
fc@QA-ideavat-vems-2:~$</msg>
<status status="PASS" starttime="20210719 13:11:31.641" endtime="20210719 13:11:36.167"/>
</kw>
<status status="PASS" starttime="20210719 13:11:31.637" endtime="20210719 13:11:36.168"/>
</kw>
<kw name="executeSTOPProcessCommandWithoutTraceInHistory" library="connection">
<arg>facs_dash</arg>
<kw name="Log To Console" library="BuiltIn">
<arg>!!------Connection opened and now stopping the processes----!!</arg>
<doc>Logs the given message to the console.</doc>
<status status="PASS" starttime="20210719 13:11:36.172" endtime="20210719 13:11:36.174"/>
</kw>
<kw name="Execute Command" library="SSHLibrary">
<arg>export HISTIGNORE='*sudo -S*'</arg>
<doc>Executes ``command`` on the remote machine and returns its outputs.</doc>
<msg timestamp="20210719 13:11:36.176" level="INFO">Executing command 'export HISTIGNORE='*sudo -S*''.</msg>
<msg timestamp="20210719 13:11:36.790" level="INFO">Command exited with return code 0.</msg>
<status status="PASS" starttime="20210719 13:11:36.175" endtime="20210719 13:11:36.790"/>
</kw>
<kw name="Execute Command" library="SSHLibrary">
<arg>echo "Id3aV@tAcc3ss" | sudo -S -k systemctl stop ${process_name}</arg>
<doc>Executes ``command`` on the remote machine and returns its outputs.</doc>
<msg timestamp="20210719 13:11:36.792" level="INFO">Executing command 'echo "Id3aV@tAcc3ss" | sudo -S -k systemctl stop facs_dash'.</msg>
<msg timestamp="20210719 13:11:37.769" level="INFO">Command exited with return code 0.</msg>
<status status="PASS" starttime="20210719 13:11:36.791" endtime="20210719 13:11:37.772"/>
</kw>
<status status="PASS" starttime="20210719 13:11:36.170" endtime="20210719 13:11:37.772"/>
</kw>
<kw name="Sleep" library="BuiltIn">
<arg>${high_speed}</arg>
<doc>Pauses the test executed for the given time.</doc>
<msg timestamp="20210719 13:11:42.782" level="INFO">Slept 5 seconds</msg>
<status status="PASS" starttime="20210719 13:11:37.773" endtime="20210719 13:11:42.782"/>
</kw>
<kw name="closeAllConnections" library="connection">
<kw name="Execute Command" library="SSHLibrary">
<arg>exit</arg>
<doc>Executes ``command`` on the remote machine and returns its outputs.</doc>
<msg timestamp="20210719 13:11:42.784" level="INFO">Executing command 'exit'.</msg>
<msg timestamp="20210719 13:11:43.390" level="INFO">Command exited with return code 0.</msg>
<status status="PASS" starttime="20210719 13:11:42.783" endtime="20210719 13:11:43.391"/>
</kw>
<kw name="Log To Console" library="BuiltIn">
<arg>*******************Processes(start or stop) completed and Closed ssh connection********************</arg>
<doc>Logs the given message to the console.</doc>
<status status="PASS" starttime="20210719 13:11:43.392" endtime="20210719 13:11:43.395"/>
</kw>
<status status="PASS" starttime="20210719 13:11:42.783" endtime="20210719 13:11:43.397"/>
</kw>
<status status="PASS" starttime="20210719 13:11:31.636" endtime="20210719 13:11:43.398"/>
</kw>
<status status="PASS" starttime="20210719 12:54:00.148" endtime="20210719 13:11:43.399"/>
</test>
<doc>This testcase validates the Guard mode feature of AI Engine
Created by Greeshma on 5th July 2021
Modified on 6th July 2021 as per testcase update in Vigilent Confluence-Steps 2,3,5,9,15,18,20
New test steps are 3,18 to 21</doc>
<status status="PASS" starttime="20210719 12:53:59.244" endtime="20210719 13:11:43.458"/>
</suite>
<statistics>
<total>
<stat pass="1" fail="0" skip="0">All Tests</stat>
</total>
<tag>
</tag>
<suite>
<stat pass="1" fail="0" skip="0" id="s1" name="basicHotAbsoluteGuardTest">basicHotAbsoluteGuardTest</stat>
</suite>
</statistics>
<errors>
</errors>
</robot>
