<?xml version="1.0" encoding="UTF-8"?>
<robot generator="Robot 4.0.3 (Python 3.9.5 on win32)" generated="20210709 14:50:30.539" rpa="false" schemaversion="2">
<suite id="s1" name="basicHotAbsoluteGuardTest" source="C:\Users\grees\PycharmProjects\AuQA\Testcases\basicHotAbsoluteGuardTest.robot">
<test id="s1-t1" name="TestAbsoluteHotGuardTemperature">
<kw name="EstablishConnectionAndStartProcesses" library="connection">
<doc>Establish connection and start processes on the remote machine.
HISTIGNORE command is used to avoid saving the password in history</doc>
<kw name="OpenConnectionAndLogIn" library="connection">
<kw name="Log To Console" library="BuiltIn">
<arg>!--------Opening Connection----------!</arg>
<doc>Logs the given message to the console.</doc>
<status status="PASS" starttime="20210709 14:50:31.028" endtime="20210709 14:50:31.029"/>
</kw>
<kw name="Open Connection" library="SSHLibrary">
<arg>${host}</arg>
<doc>Opens a new SSH connection to the given ``host`` and ``port``.</doc>
<status status="PASS" starttime="20210709 14:50:31.029" endtime="20210709 14:50:31.030"/>
</kw>
<kw name="Login" library="SSHLibrary">
<arg>${username}</arg>
<arg>${password}</arg>
<doc>Logs into the SSH server with the given ``username`` and ``password``.</doc>
<msg timestamp="20210709 14:50:31.031" level="INFO">Logging into '10.252.9.37:22' as 'fc'.</msg>
<msg timestamp="20210709 14:50:35.401" level="INFO">Read output: Welcome to Ubuntu 20.04.2 LTS (GNU/Linux 5.4.0-74-generic x86_64)

 * Documentation:  https://help.ubuntu.com
 * Management:     https://landscape.canonical.com
 * Support:        https://ubuntu.com/advantage

  System information as of Fri 09 Jul 2021 02:19:04 AM PDT

  System load:  0.0                 Processes:               240
  Usage of /:   2.6% of 1005.94GB   Users logged in:         1
  Memory usage: 6%                  IPv4 address for ens160: 10.252.9.37
  Swap usage:   0%

Last login: Fri Jul  9 01:37:03 2021 from 10.253.2.133
fc@QA-ideavat-vems:~$</msg>
<status status="PASS" starttime="20210709 14:50:31.030" endtime="20210709 14:50:35.401"/>
</kw>
<status status="PASS" starttime="20210709 14:50:31.028" endtime="20210709 14:50:35.401"/>
</kw>
<kw name="Log To Console" library="BuiltIn">
<arg>!!------Connection opened and now starting the processes----!!</arg>
<doc>Logs the given message to the console.</doc>
<status status="PASS" starttime="20210709 14:50:35.401" endtime="20210709 14:50:35.402"/>
</kw>
<kw name="ExecuteProcessCommandWithoutTraceInHistory" library="connection">
<arg>vx_server</arg>
<kw name="Execute Command" library="SSHLibrary">
<arg>export HISTIGNORE='*sudo -S*'</arg>
<doc>Executes ``command`` on the remote machine and returns its outputs.</doc>
<msg timestamp="20210709 14:50:35.403" level="INFO">Executing command 'export HISTIGNORE='*sudo -S*''.</msg>
<msg timestamp="20210709 14:50:35.979" level="INFO">Command exited with return code 0.</msg>
<status status="PASS" starttime="20210709 14:50:35.402" endtime="20210709 14:50:35.979"/>
</kw>
<kw name="Execute Command" library="SSHLibrary">
<arg>echo "Id3aV@tAcc3ss" | sudo -S -k systemctl start ${process_name}</arg>
<doc>Executes ``command`` on the remote machine and returns its outputs.</doc>
<msg timestamp="20210709 14:50:35.981" level="INFO">Executing command 'echo "Id3aV@tAcc3ss" | sudo -S -k systemctl start vx_server'.</msg>
<msg timestamp="20210709 14:50:36.905" level="INFO">Command exited with return code 0.</msg>
<status status="PASS" starttime="20210709 14:50:35.980" endtime="20210709 14:50:36.905"/>
</kw>
<status status="PASS" starttime="20210709 14:50:35.402" endtime="20210709 14:50:36.905"/>
</kw>
<kw name="ExecuteProcessCommandWithoutTraceInHistory" library="connection">
<arg>facs_trend</arg>
<kw name="Execute Command" library="SSHLibrary">
<arg>export HISTIGNORE='*sudo -S*'</arg>
<doc>Executes ``command`` on the remote machine and returns its outputs.</doc>
<msg timestamp="20210709 14:50:36.906" level="INFO">Executing command 'export HISTIGNORE='*sudo -S*''.</msg>
<msg timestamp="20210709 14:50:37.777" level="INFO">Command exited with return code 0.</msg>
<status status="PASS" starttime="20210709 14:50:36.906" endtime="20210709 14:50:37.777"/>
</kw>
<kw name="Execute Command" library="SSHLibrary">
<arg>echo "Id3aV@tAcc3ss" | sudo -S -k systemctl start ${process_name}</arg>
<doc>Executes ``command`` on the remote machine and returns its outputs.</doc>
<msg timestamp="20210709 14:50:37.778" level="INFO">Executing command 'echo "Id3aV@tAcc3ss" | sudo -S -k systemctl start facs_trend'.</msg>
<msg timestamp="20210709 14:50:38.720" level="INFO">Command exited with return code 0.</msg>
<status status="PASS" starttime="20210709 14:50:37.778" endtime="20210709 14:50:38.720"/>
</kw>
<status status="PASS" starttime="20210709 14:50:36.905" endtime="20210709 14:50:38.720"/>
</kw>
<kw name="ExecuteProcessCommandWithoutTraceInHistory" library="connection">
<arg>facs_launcher</arg>
<kw name="Execute Command" library="SSHLibrary">
<arg>export HISTIGNORE='*sudo -S*'</arg>
<doc>Executes ``command`` on the remote machine and returns its outputs.</doc>
<msg timestamp="20210709 14:50:38.721" level="INFO">Executing command 'export HISTIGNORE='*sudo -S*''.</msg>
<msg timestamp="20210709 14:50:39.586" level="INFO">Command exited with return code 0.</msg>
<status status="PASS" starttime="20210709 14:50:38.721" endtime="20210709 14:50:39.586"/>
</kw>
<kw name="Execute Command" library="SSHLibrary">
<arg>echo "Id3aV@tAcc3ss" | sudo -S -k systemctl start ${process_name}</arg>
<doc>Executes ``command`` on the remote machine and returns its outputs.</doc>
<msg timestamp="20210709 14:50:39.587" level="INFO">Executing command 'echo "Id3aV@tAcc3ss" | sudo -S -k systemctl start facs_launcher'.</msg>
<msg timestamp="20210709 14:50:40.513" level="INFO">Command exited with return code 0.</msg>
<status status="PASS" starttime="20210709 14:50:39.587" endtime="20210709 14:50:40.514"/>
</kw>
<status status="PASS" starttime="20210709 14:50:38.720" endtime="20210709 14:50:40.514"/>
</kw>
<kw name="Sleep" library="BuiltIn">
<arg>${medium_speed}</arg>
<doc>Pauses the test executed for the given time.</doc>
<msg timestamp="20210709 14:51:10.515" level="INFO">Slept 30 seconds</msg>
<status status="PASS" starttime="20210709 14:50:40.514" endtime="20210709 14:51:10.515"/>
</kw>
<kw name="CloseAllConnections" library="connection">
<kw name="Execute Command" library="SSHLibrary">
<arg>exit</arg>
<doc>Executes ``command`` on the remote machine and returns its outputs.</doc>
<msg timestamp="20210709 14:51:10.515" level="INFO">Executing command 'exit'.</msg>
<msg timestamp="20210709 14:51:11.098" level="INFO">Command exited with return code 0.</msg>
<status status="PASS" starttime="20210709 14:51:10.515" endtime="20210709 14:51:11.098"/>
</kw>
<kw name="Log To Console" library="BuiltIn">
<arg>*******************Processes started and now proceeding to next step********************</arg>
<doc>Logs the given message to the console.</doc>
<status status="PASS" starttime="20210709 14:51:11.098" endtime="20210709 14:51:11.099"/>
</kw>
<status status="PASS" starttime="20210709 14:51:10.515" endtime="20210709 14:51:11.099"/>
</kw>
<kw name="Sleep" library="BuiltIn">
<arg>${medium_speed}</arg>
<doc>Pauses the test executed for the given time.</doc>
<msg timestamp="20210709 14:51:41.101" level="INFO">Slept 30 seconds</msg>
<status status="PASS" starttime="20210709 14:51:11.099" endtime="20210709 14:51:41.101"/>
</kw>
<status status="PASS" starttime="20210709 14:50:31.027" endtime="20210709 14:51:41.101"/>
</kw>
<kw name="changeCxConfigsDashm_NumGuardUnits_NumMinutesGuardTimer_PercentDeadSensorThreshold_AndSystem_NumMinutesPast" library="apiresources">
<arg>${num_guard_units}</arg>
<arg>${num_minutes_guard_timer}</arg>
<arg>${percent_deadsensor_threshold}</arg>
<arg>${num_minutes_past}</arg>
<kw name="Convert To Integer" library="BuiltIn">
<var>${time_frequency_of_ahus_in_guard}</var>
<arg>${num_minutes_guard_timer_val}</arg>
<doc>Converts the given item to an integer number.</doc>
<msg timestamp="20210709 14:51:41.103" level="INFO">${time_frequency_of_ahus_in_guard} = 3</msg>
<status status="PASS" starttime="20210709 14:51:41.102" endtime="20210709 14:51:41.103"/>
</kw>
<kw name="Convert To Integer" library="BuiltIn">
<var>${no_of_ahus_to_be_in_guard}</var>
<arg>${num_guard_units_val}</arg>
<doc>Converts the given item to an integer number.</doc>
<msg timestamp="20210709 14:51:41.103" level="INFO">${no_of_ahus_to_be_in_guard} = 1</msg>
<status status="PASS" starttime="20210709 14:51:41.103" endtime="20210709 14:51:41.103"/>
</kw>
<kw name="changeCxConfigsTabModuleFieldValues" library="apiresources">
<arg>DASHM</arg>
<arg>NumGuardUnits</arg>
<arg>${num_guard_units_val}</arg>
<kw name="Create Dictionary" library="BuiltIn">
<var>${headers}</var>
<arg>Content-Type=${content_type}</arg>
<arg>Vigilent-Api-Token=${write_api_token}</arg>
<doc>Creates and returns a dictionary based on the given ``items``.</doc>
<msg timestamp="20210709 14:51:41.104" level="INFO">${headers} = {'Content-Type': 'application/json', 'Vigilent-Api-Token': 'Q9uPuYdzSev9x5ww8RWDsW6P'}</msg>
<status status="PASS" starttime="20210709 14:51:41.103" endtime="20210709 14:51:41.104"/>
</kw>
<kw name="Create Dictionary" library="BuiltIn">
<var>${body}</var>
<arg>query= mutation configWrite { configSet(requests: [{module: "${module_name}", name: "${field_name}", value: "${value}"}]) { index reason }}</arg>
<doc>Creates and returns a dictionary based on the given ``items``.</doc>
<msg timestamp="20210709 14:51:41.105" level="INFO">${body} = {'query': ' mutation configWrite { configSet(requests: [{module: "DASHM", name: "NumGuardUnits", value: "1"}]) { index reason }}'}</msg>
<status status="PASS" starttime="20210709 14:51:41.104" endtime="20210709 14:51:41.105"/>
</kw>
<kw name="Create Session" library="RequestsLibrary">
<arg>AIEngine</arg>
<arg>${base_url}</arg>
<arg>disable_warnings=1</arg>
<doc>Create Session: create a HTTP session to a server</doc>
<msg timestamp="20210709 14:51:41.105" level="INFO">Creating Session using : alias=AIEngine, url=https://10.252.9.37/api, headers={},                     cookies={}, auth=None, timeout=None, proxies=None, verify=False,                     debug=0 </msg>
<status status="PASS" starttime="20210709 14:51:41.105" endtime="20210709 14:51:41.105"/>
</kw>
<kw name="Post On Session" library="RequestsLibrary">
<var>${result}</var>
<arg>AIEngine</arg>
<arg>/public/graphql</arg>
<arg>headers=${headers}</arg>
<arg>json=${body}</arg>
<doc>Sends a POST request on a previously created HTTP Session.</doc>
<msg timestamp="20210709 14:51:42.020" level="INFO">POST Request : url=https://10.252.9.37/api/public/graphql 
 path_url=/api/public/graphql 
 headers={'User-Agent': 'python-requests/2.25.1', 'Accept-Encoding': 'gzip, deflate', 'Accept': '*/*', 'Connection': 'keep-alive', 'Content-Type': 'application/json', 'Vigilent-Api-Token': 'Q9uPuYdzSev9x5ww8RWDsW6P', 'Content-Length': '136'} 
 body=b'{"query": " mutation configWrite { configSet(requests: [{module: \\"DASHM\\", name: \\"NumGuardUnits\\", value: \\"1\\"}]) { index reason }}"}' 
 </msg>
<msg timestamp="20210709 14:51:42.020" level="INFO">POST Response : url=https://10.252.9.37/api/public/graphql 
 status=200, reason=OK 
 headers={'Date': 'Fri, 09 Jul 2021 09:20:13 GMT', 'Server': 'Apache', 'Content-Encoding': 'gzip', 'Vary': 'Accept-Encoding', 'Content-Length': '45', 'Keep-Alive': 'timeout=10, max=100', 'Connection': 'Keep-Alive', 'Content-Type': 'application/json;charset=UTF-8'} 
 body={"data":{"configSet":[]}} 
 </msg>
<msg timestamp="20210709 14:51:42.020" level="INFO">${result} = &lt;Response [200]&gt;</msg>
<status status="PASS" starttime="20210709 14:51:41.105" endtime="20210709 14:51:42.020"/>
</kw>
<kw name="Should Be Equal As Strings" library="BuiltIn">
<arg>${result.status_code}</arg>
<arg>200</arg>
<doc>Fails if objects are unequal after converting them to strings.</doc>
<msg timestamp="20210709 14:51:42.021" level="INFO">Argument types are:
&lt;class 'int'&gt;
&lt;type 'unicode'&gt;</msg>
<status status="PASS" starttime="20210709 14:51:42.020" endtime="20210709 14:51:42.021"/>
</kw>
<kw name="Log To Console" library="BuiltIn">
<arg>Config module :${module_name}-&gt;Field:${field_name}-&gt;Value:${value}-is updated</arg>
<doc>Logs the given message to the console.</doc>
<status status="PASS" starttime="20210709 14:51:42.021" endtime="20210709 14:51:42.022"/>
</kw>
<status status="PASS" starttime="20210709 14:51:41.103" endtime="20210709 14:51:42.022"/>
</kw>
<kw name="changeCxConfigsTabModuleFieldValues" library="apiresources">
<arg>DASHM</arg>
<arg>NumMinutesGuardTimer</arg>
<arg>${num_minutes_guard_timer_val}</arg>
<kw name="Create Dictionary" library="BuiltIn">
<var>${headers}</var>
<arg>Content-Type=${content_type}</arg>
<arg>Vigilent-Api-Token=${write_api_token}</arg>
<doc>Creates and returns a dictionary based on the given ``items``.</doc>
<msg timestamp="20210709 14:51:42.023" level="INFO">${headers} = {'Content-Type': 'application/json', 'Vigilent-Api-Token': 'Q9uPuYdzSev9x5ww8RWDsW6P'}</msg>
<status status="PASS" starttime="20210709 14:51:42.022" endtime="20210709 14:51:42.023"/>
</kw>
<kw name="Create Dictionary" library="BuiltIn">
<var>${body}</var>
<arg>query= mutation configWrite { configSet(requests: [{module: "${module_name}", name: "${field_name}", value: "${value}"}]) { index reason }}</arg>
<doc>Creates and returns a dictionary based on the given ``items``.</doc>
<msg timestamp="20210709 14:51:42.023" level="INFO">${body} = {'query': ' mutation configWrite { configSet(requests: [{module: "DASHM", name: "NumMinutesGuardTimer", value: "3"}]) { index reason }}'}</msg>
<status status="PASS" starttime="20210709 14:51:42.023" endtime="20210709 14:51:42.023"/>
</kw>
<kw name="Create Session" library="RequestsLibrary">
<arg>AIEngine</arg>
<arg>${base_url}</arg>
<arg>disable_warnings=1</arg>
<doc>Create Session: create a HTTP session to a server</doc>
<msg timestamp="20210709 14:51:42.024" level="INFO">Creating Session using : alias=AIEngine, url=https://10.252.9.37/api, headers={},                     cookies={}, auth=None, timeout=None, proxies=None, verify=False,                     debug=0 </msg>
<status status="PASS" starttime="20210709 14:51:42.023" endtime="20210709 14:51:42.024"/>
</kw>
<kw name="Post On Session" library="RequestsLibrary">
<var>${result}</var>
<arg>AIEngine</arg>
<arg>/public/graphql</arg>
<arg>headers=${headers}</arg>
<arg>json=${body}</arg>
<doc>Sends a POST request on a previously created HTTP Session.</doc>
<msg timestamp="20210709 14:51:42.951" level="INFO">POST Request : url=https://10.252.9.37/api/public/graphql 
 path_url=/api/public/graphql 
 headers={'User-Agent': 'python-requests/2.25.1', 'Accept-Encoding': 'gzip, deflate', 'Accept': '*/*', 'Connection': 'keep-alive', 'Content-Type': 'application/json', 'Vigilent-Api-Token': 'Q9uPuYdzSev9x5ww8RWDsW6P', 'Content-Length': '143'} 
 body=b'{"query": " mutation configWrite { configSet(requests: [{module: \\"DASHM\\", name: \\"NumMinutesGuardTimer\\", value: \\"3\\"}]) { index reason }}"}' 
 </msg>
<msg timestamp="20210709 14:51:42.951" level="INFO">POST Response : url=https://10.252.9.37/api/public/graphql 
 status=200, reason=OK 
 headers={'Date': 'Fri, 09 Jul 2021 09:20:14 GMT', 'Server': 'Apache', 'Content-Encoding': 'gzip', 'Vary': 'Accept-Encoding', 'Content-Length': '45', 'Keep-Alive': 'timeout=10, max=100', 'Connection': 'Keep-Alive', 'Content-Type': 'application/json;charset=UTF-8'} 
 body={"data":{"configSet":[]}} 
 </msg>
<msg timestamp="20210709 14:51:42.951" level="INFO">${result} = &lt;Response [200]&gt;</msg>
<status status="PASS" starttime="20210709 14:51:42.024" endtime="20210709 14:51:42.951"/>
</kw>
<kw name="Should Be Equal As Strings" library="BuiltIn">
<arg>${result.status_code}</arg>
<arg>200</arg>
<doc>Fails if objects are unequal after converting them to strings.</doc>
<msg timestamp="20210709 14:51:42.953" level="INFO">Argument types are:
&lt;class 'int'&gt;
&lt;type 'unicode'&gt;</msg>
<status status="PASS" starttime="20210709 14:51:42.951" endtime="20210709 14:51:42.953"/>
</kw>
<kw name="Log To Console" library="BuiltIn">
<arg>Config module :${module_name}-&gt;Field:${field_name}-&gt;Value:${value}-is updated</arg>
<doc>Logs the given message to the console.</doc>
<status status="PASS" starttime="20210709 14:51:42.953" endtime="20210709 14:51:42.954"/>
</kw>
<status status="PASS" starttime="20210709 14:51:42.022" endtime="20210709 14:51:42.954"/>
</kw>
<kw name="changeCxConfigsTabModuleFieldValues" library="apiresources">
<arg>DASHM</arg>
<arg>PercentDeadSensorThreshold</arg>
<arg>${percent_dead_sensor_threshold_val}</arg>
<kw name="Create Dictionary" library="BuiltIn">
<var>${headers}</var>
<arg>Content-Type=${content_type}</arg>
<arg>Vigilent-Api-Token=${write_api_token}</arg>
<doc>Creates and returns a dictionary based on the given ``items``.</doc>
<msg timestamp="20210709 14:51:42.956" level="INFO">${headers} = {'Content-Type': 'application/json', 'Vigilent-Api-Token': 'Q9uPuYdzSev9x5ww8RWDsW6P'}</msg>
<status status="PASS" starttime="20210709 14:51:42.955" endtime="20210709 14:51:42.956"/>
</kw>
<kw name="Create Dictionary" library="BuiltIn">
<var>${body}</var>
<arg>query= mutation configWrite { configSet(requests: [{module: "${module_name}", name: "${field_name}", value: "${value}"}]) { index reason }}</arg>
<doc>Creates and returns a dictionary based on the given ``items``.</doc>
<msg timestamp="20210709 14:51:42.957" level="INFO">${body} = {'query': ' mutation configWrite { configSet(requests: [{module: "DASHM", name: "PercentDeadSensorThreshold", value: "100"}]) { index reason }}'}</msg>
<status status="PASS" starttime="20210709 14:51:42.956" endtime="20210709 14:51:42.957"/>
</kw>
<kw name="Create Session" library="RequestsLibrary">
<arg>AIEngine</arg>
<arg>${base_url}</arg>
<arg>disable_warnings=1</arg>
<doc>Create Session: create a HTTP session to a server</doc>
<msg timestamp="20210709 14:51:42.958" level="INFO">Creating Session using : alias=AIEngine, url=https://10.252.9.37/api, headers={},                     cookies={}, auth=None, timeout=None, proxies=None, verify=False,                     debug=0 </msg>
<status status="PASS" starttime="20210709 14:51:42.957" endtime="20210709 14:51:42.958"/>
</kw>
<kw name="Post On Session" library="RequestsLibrary">
<var>${result}</var>
<arg>AIEngine</arg>
<arg>/public/graphql</arg>
<arg>headers=${headers}</arg>
<arg>json=${body}</arg>
<doc>Sends a POST request on a previously created HTTP Session.</doc>
<msg timestamp="20210709 14:51:43.900" level="INFO">POST Request : url=https://10.252.9.37/api/public/graphql 
 path_url=/api/public/graphql 
 headers={'User-Agent': 'python-requests/2.25.1', 'Accept-Encoding': 'gzip, deflate', 'Accept': '*/*', 'Connection': 'keep-alive', 'Content-Type': 'application/json', 'Vigilent-Api-Token': 'Q9uPuYdzSev9x5ww8RWDsW6P', 'Content-Length': '151'} 
 body=b'{"query": " mutation configWrite { configSet(requests: [{module: \\"DASHM\\", name: \\"PercentDeadSensorThreshold\\", value: \\"100\\"}]) { index reason }}"}' 
 </msg>
<msg timestamp="20210709 14:51:43.900" level="INFO">POST Response : url=https://10.252.9.37/api/public/graphql 
 status=200, reason=OK 
 headers={'Date': 'Fri, 09 Jul 2021 09:20:15 GMT', 'Server': 'Apache', 'Content-Encoding': 'gzip', 'Vary': 'Accept-Encoding', 'Content-Length': '45', 'Keep-Alive': 'timeout=10, max=100', 'Connection': 'Keep-Alive', 'Content-Type': 'application/json;charset=UTF-8'} 
 body={"data":{"configSet":[]}} 
 </msg>
<msg timestamp="20210709 14:51:43.900" level="INFO">${result} = &lt;Response [200]&gt;</msg>
<status status="PASS" starttime="20210709 14:51:42.958" endtime="20210709 14:51:43.901"/>
</kw>
<kw name="Should Be Equal As Strings" library="BuiltIn">
<arg>${result.status_code}</arg>
<arg>200</arg>
<doc>Fails if objects are unequal after converting them to strings.</doc>
<msg timestamp="20210709 14:51:43.902" level="INFO">Argument types are:
&lt;class 'int'&gt;
&lt;type 'unicode'&gt;</msg>
<status status="PASS" starttime="20210709 14:51:43.901" endtime="20210709 14:51:43.902"/>
</kw>
<kw name="Log To Console" library="BuiltIn">
<arg>Config module :${module_name}-&gt;Field:${field_name}-&gt;Value:${value}-is updated</arg>
<doc>Logs the given message to the console.</doc>
<status status="PASS" starttime="20210709 14:51:43.902" endtime="20210709 14:51:43.902"/>
</kw>
<status status="PASS" starttime="20210709 14:51:42.955" endtime="20210709 14:51:43.902"/>
</kw>
<kw name="changeCxConfigsTabModuleFieldValues" library="apiresources">
<arg>SYSTEM</arg>
<arg>NumMinutesPast</arg>
<arg>${num_minutes_past_val}</arg>
<kw name="Create Dictionary" library="BuiltIn">
<var>${headers}</var>
<arg>Content-Type=${content_type}</arg>
<arg>Vigilent-Api-Token=${write_api_token}</arg>
<doc>Creates and returns a dictionary based on the given ``items``.</doc>
<msg timestamp="20210709 14:51:43.903" level="INFO">${headers} = {'Content-Type': 'application/json', 'Vigilent-Api-Token': 'Q9uPuYdzSev9x5ww8RWDsW6P'}</msg>
<status status="PASS" starttime="20210709 14:51:43.903" endtime="20210709 14:51:43.903"/>
</kw>
<kw name="Create Dictionary" library="BuiltIn">
<var>${body}</var>
<arg>query= mutation configWrite { configSet(requests: [{module: "${module_name}", name: "${field_name}", value: "${value}"}]) { index reason }}</arg>
<doc>Creates and returns a dictionary based on the given ``items``.</doc>
<msg timestamp="20210709 14:51:43.904" level="INFO">${body} = {'query': ' mutation configWrite { configSet(requests: [{module: "SYSTEM", name: "NumMinutesPast", value: "5"}]) { index reason }}'}</msg>
<status status="PASS" starttime="20210709 14:51:43.903" endtime="20210709 14:51:43.904"/>
</kw>
<kw name="Create Session" library="RequestsLibrary">
<arg>AIEngine</arg>
<arg>${base_url}</arg>
<arg>disable_warnings=1</arg>
<doc>Create Session: create a HTTP session to a server</doc>
<msg timestamp="20210709 14:51:43.904" level="INFO">Creating Session using : alias=AIEngine, url=https://10.252.9.37/api, headers={},                     cookies={}, auth=None, timeout=None, proxies=None, verify=False,                     debug=0 </msg>
<status status="PASS" starttime="20210709 14:51:43.904" endtime="20210709 14:51:43.904"/>
</kw>
<kw name="Post On Session" library="RequestsLibrary">
<var>${result}</var>
<arg>AIEngine</arg>
<arg>/public/graphql</arg>
<arg>headers=${headers}</arg>
<arg>json=${body}</arg>
<doc>Sends a POST request on a previously created HTTP Session.</doc>
<msg timestamp="20210709 14:51:44.798" level="INFO">POST Request : url=https://10.252.9.37/api/public/graphql 
 path_url=/api/public/graphql 
 headers={'User-Agent': 'python-requests/2.25.1', 'Accept-Encoding': 'gzip, deflate', 'Accept': '*/*', 'Connection': 'keep-alive', 'Content-Type': 'application/json', 'Vigilent-Api-Token': 'Q9uPuYdzSev9x5ww8RWDsW6P', 'Content-Length': '138'} 
 body=b'{"query": " mutation configWrite { configSet(requests: [{module: \\"SYSTEM\\", name: \\"NumMinutesPast\\", value: \\"5\\"}]) { index reason }}"}' 
 </msg>
<msg timestamp="20210709 14:51:44.799" level="INFO">POST Response : url=https://10.252.9.37/api/public/graphql 
 status=200, reason=OK 
 headers={'Date': 'Fri, 09 Jul 2021 09:20:16 GMT', 'Server': 'Apache', 'Content-Encoding': 'gzip', 'Vary': 'Accept-Encoding', 'Content-Length': '45', 'Keep-Alive': 'timeout=10, max=100', 'Connection': 'Keep-Alive', 'Content-Type': 'application/json;charset=UTF-8'} 
 body={"data":{"configSet":[]}} 
 </msg>
<msg timestamp="20210709 14:51:44.799" level="INFO">${result} = &lt;Response [200]&gt;</msg>
<status status="PASS" starttime="20210709 14:51:43.904" endtime="20210709 14:51:44.799"/>
</kw>
<kw name="Should Be Equal As Strings" library="BuiltIn">
<arg>${result.status_code}</arg>
<arg>200</arg>
<doc>Fails if objects are unequal after converting them to strings.</doc>
<msg timestamp="20210709 14:51:44.802" level="INFO">Argument types are:
&lt;class 'int'&gt;
&lt;type 'unicode'&gt;</msg>
<status status="PASS" starttime="20210709 14:51:44.799" endtime="20210709 14:51:44.802"/>
</kw>
<kw name="Log To Console" library="BuiltIn">
<arg>Config module :${module_name}-&gt;Field:${field_name}-&gt;Value:${value}-is updated</arg>
<doc>Logs the given message to the console.</doc>
<status status="PASS" starttime="20210709 14:51:44.802" endtime="20210709 14:51:44.802"/>
</kw>
<status status="PASS" starttime="20210709 14:51:43.902" endtime="20210709 14:51:44.802"/>
</kw>
<status status="PASS" starttime="20210709 14:51:41.102" endtime="20210709 14:51:44.803"/>
</kw>
<kw name="setGroupPropertiesGuardHotAbsTempAllowNumExceedencesGuardAndControl" library="apiresources">
<arg>${allow_num_exceedences_control_initial}</arg>
<arg>${allow_num_exceedences_guard_initial}</arg>
<arg>${alm_hot_abs_temp_initial}</arg>
<arg>${guard_hot_abs_temp_intial}</arg>
<kw name="Create Dictionary" library="BuiltIn">
<var>${headers}</var>
<arg>Content-Type=${content_type}</arg>
<arg>Vigilent-Api-Token=${write_api_token}</arg>
<doc>Creates and returns a dictionary based on the given ``items``.</doc>
<msg timestamp="20210709 14:51:44.804" level="INFO">${headers} = {'Content-Type': 'application/json', 'Vigilent-Api-Token': 'Q9uPuYdzSev9x5ww8RWDsW6P'}</msg>
<status status="PASS" starttime="20210709 14:51:44.804" endtime="20210709 14:51:44.804"/>
</kw>
<kw name="Create Dictionary" library="BuiltIn">
<var>${body}</var>
<arg>query= mutation setGrpProp { propertyWrite(requests: [{oid: 17, name: "AllowNumExceedencesGuard", int: ${allow_num_excd_guard}},{oid: 17, name: "AllowNumExceedencesControl", int: ${allow_num_excd_ctrl}},{oid: 17, name: "GuardHotAbsTemp", float: ${guard_hot_abs_temp}},{oid: 17, name: "AlmHotAbsTemp", float: ${alm_hot_abs_temp}}]) { index reason }}</arg>
<doc>Creates and returns a dictionary based on the given ``items``.</doc>
<msg timestamp="20210709 14:51:44.804" level="INFO">${body} = {'query': ' mutation setGrpProp { propertyWrite(requests: [{oid: 17, name: "AllowNumExceedencesGuard", int: 10},{oid: 17, name: "AllowNumExceedencesControl", int: 10},{oid: 17, name: "GuardHotAbsTemp"...</msg>
<status status="PASS" starttime="20210709 14:51:44.804" endtime="20210709 14:51:44.804"/>
</kw>
<kw name="Create Session" library="RequestsLibrary">
<arg>AIEngine</arg>
<arg>${base_url}</arg>
<arg>disable_warnings=1</arg>
<doc>Create Session: create a HTTP session to a server</doc>
<msg timestamp="20210709 14:51:44.805" level="INFO">Creating Session using : alias=AIEngine, url=https://10.252.9.37/api, headers={},                     cookies={}, auth=None, timeout=None, proxies=None, verify=False,                     debug=0 </msg>
<status status="PASS" starttime="20210709 14:51:44.805" endtime="20210709 14:51:44.805"/>
</kw>
<kw name="Post On Session" library="RequestsLibrary">
<var>${result}</var>
<arg>AIEngine</arg>
<arg>/public/graphql</arg>
<arg>headers=${headers}</arg>
<arg>json=${body}</arg>
<doc>Sends a POST request on a previously created HTTP Session.</doc>
<msg timestamp="20210709 14:51:45.808" level="INFO">POST Request : url=https://10.252.9.37/api/public/graphql 
 path_url=/api/public/graphql 
 headers={'User-Agent': 'python-requests/2.25.1', 'Accept-Encoding': 'gzip, deflate', 'Accept': '*/*', 'Connection': 'keep-alive', 'Content-Type': 'application/json', 'Vigilent-Api-Token': 'Q9uPuYdzSev9x5ww8RWDsW6P', 'Content-Length': '287'} 
 body=b'{"query": " mutation setGrpProp { propertyWrite(requests: [{oid: 17, name: \\"AllowNumExceedencesGuard\\", int: 10},{oid: 17, name: \\"AllowNumExceedencesControl\\", int: 10},{oid: 17, name: \\"GuardHotAbsTemp\\", float: 90},{oid: 17, name: \\"AlmHotAbsTemp\\", float: 200}]) { index reason }}"}' 
 </msg>
<msg timestamp="20210709 14:51:45.808" level="INFO">POST Response : url=https://10.252.9.37/api/public/graphql 
 status=200, reason=OK 
 headers={'Date': 'Fri, 09 Jul 2021 09:20:17 GMT', 'Server': 'Apache', 'Content-Encoding': 'gzip', 'Vary': 'Accept-Encoding', 'Content-Length': '49', 'Keep-Alive': 'timeout=10, max=100', 'Connection': 'Keep-Alive', 'Content-Type': 'application/json;charset=UTF-8'} 
 body={"data":{"propertyWrite":[]}} 
 </msg>
<msg timestamp="20210709 14:51:45.808" level="INFO">${result} = &lt;Response [200]&gt;</msg>
<status status="PASS" starttime="20210709 14:51:44.805" endtime="20210709 14:51:45.808"/>
</kw>
<kw name="Should Be Equal As Strings" library="BuiltIn">
<arg>${result.status_code}</arg>
<arg>200</arg>
<doc>Fails if objects are unequal after converting them to strings.</doc>
<msg timestamp="20210709 14:51:45.810" level="INFO">Argument types are:
&lt;class 'int'&gt;
&lt;type 'unicode'&gt;</msg>
<status status="PASS" starttime="20210709 14:51:45.808" endtime="20210709 14:51:45.810"/>
</kw>
<status status="PASS" starttime="20210709 14:51:44.803" endtime="20210709 14:51:45.811"/>
</kw>
<kw name="setRackPointsTemperature" library="apiresources">
<arg>${sensor_point_cooling_temp}</arg>
<kw name="Log To Console" library="BuiltIn">
<arg>Fetch the number of rack sensors -----------------&gt;</arg>
<doc>Logs the given message to the console.</doc>
<status status="PASS" starttime="20210709 14:51:45.812" endtime="20210709 14:51:45.813"/>
</kw>
<kw name="fetchTheRackSensorsFromGroupUsingGraphQLQuery" library="apiresources">
<var>${json_dict}</var>
<kw name="Create Dictionary" library="BuiltIn">
<var>${headers}</var>
<arg>Content-Type=${content_type}</arg>
<arg>Vigilent-Api-Token=${query_api_token}</arg>
<doc>Creates and returns a dictionary based on the given ``items``.</doc>
<msg timestamp="20210709 14:51:45.817" level="INFO">${headers} = {'Content-Type': 'application/json', 'Vigilent-Api-Token': 'EekHfQugKTtGuy3yWhKt6WN9'}</msg>
<status status="PASS" starttime="20210709 14:51:45.815" endtime="20210709 14:51:45.817"/>
</kw>
<kw name="Get Binary File" library="OperatingSystem">
<var>${file}</var>
<arg>./Inputs/getRackPoints.gql</arg>
<doc>Returns the contents of a specified file.</doc>
<msg timestamp="20210709 14:51:45.817" level="INFO" html="true">Getting file '&lt;a href="file://C:\Users\grees\PycharmProjects\AuQA\Inputs\getRackPoints.gql"&gt;C:\Users\grees\PycharmProjects\AuQA\Inputs\getRackPoints.gql&lt;/a&gt;'.</msg>
<msg timestamp="20210709 14:51:45.818" level="INFO">${file} =  query rackSensorPoints {
            site {
              groups: children(selector: {type: Group,name: "GRP00"}) @skip(if:false) {
                oid name
               racks: children(selecto...</msg>
<status status="PASS" starttime="20210709 14:51:45.817" endtime="20210709 14:51:45.818"/>
</kw>
<kw name="Create Dictionary" library="BuiltIn">
<var>${body}</var>
<arg>query= ${file}</arg>
<doc>Creates and returns a dictionary based on the given ``items``.</doc>
<msg timestamp="20210709 14:51:45.819" level="INFO">${body} = {'query': '  query rackSensorPoints {\r\n            site {\r\n              groups: children(selector: {type: Group,name: "GRP00"}) @skip(if:false) {\r\n                oid name\r\n               rac...</msg>
<status status="PASS" starttime="20210709 14:51:45.819" endtime="20210709 14:51:45.819"/>
</kw>
<kw name="Create Session" library="RequestsLibrary">
<arg>AIEngine</arg>
<arg>${base_url}</arg>
<arg>disable_warnings=1</arg>
<doc>Create Session: create a HTTP session to a server</doc>
<msg timestamp="20210709 14:51:45.820" level="INFO">Creating Session using : alias=AIEngine, url=https://10.252.9.37/api, headers={},                     cookies={}, auth=None, timeout=None, proxies=None, verify=False,                     debug=0 </msg>
<status status="PASS" starttime="20210709 14:51:45.820" endtime="20210709 14:51:45.821"/>
</kw>
<kw name="Post On Session" library="RequestsLibrary">
<var>${result}</var>
<arg>AIEngine</arg>
<arg>/public/graphql</arg>
<arg>headers=${headers}</arg>
<arg>json=${body}</arg>
<doc>Sends a POST request on a previously created HTTP Session.</doc>
<msg timestamp="20210709 14:51:46.718" level="INFO">POST Request : url=https://10.252.9.37/api/public/graphql 
 path_url=/api/public/graphql 
 headers={'User-Agent': 'python-requests/2.25.1', 'Accept-Encoding': 'gzip, deflate', 'Accept': '*/*', 'Connection': 'keep-alive', 'Content-Type': 'application/json', 'Vigilent-Api-Token': 'EekHfQugKTtGuy3yWhKt6WN9', 'Content-Length': '498'} 
 body=b'{"query": "  query rackSensorPoints {\\r\\n            site {\\r\\n              groups: children(selector: {type: Group,name: \\"GRP00\\"}) @skip(if:false) {\\r\\n                oid name\\r\\n               racks: children(selector:{type: Rack},){\\r\\n\\r\\n                  oid\\r\\n                  displayName\\r\\n              points: children{\\r\\n                oid\\r\\n                name\\r\\n              }\\r\\n\\r\\n\\r\\n\\r\\n                }\\r\\n\\r\\n                }\\r\\n              }\\r\\n            }"}' 
 </msg>
<msg timestamp="20210709 14:51:46.718" level="INFO">POST Response : url=https://10.252.9.37/api/public/graphql 
 status=200, reason=OK 
 headers={'Date': 'Fri, 09 Jul 2021 09:20:18 GMT', 'Server': 'Apache', 'Content-Encoding': 'gzip', 'Vary': 'Accept-Encoding', 'Content-Length': '336', 'Keep-Alive': 'timeout=10, max=100', 'Connection': 'Keep-Alive', 'Content-Type': 'application/json;charset=UTF-8'} 
 body={"data":{"site":{"groups":[{"oid":17,"name":"GRP00","racks":[{"oid":1272,"displayName":"CAT00-09-00","points":[{"oid":12010,"name":"Rack Bottom"},{"oid":12018,"name":"Rack Top"}]},{"oid":1291,"displayName":"CAT00-09-01","points":[{"oid":12026,"name":"Rack Bottom"},{"oid":12034,"name":"Rack Top"}]},{"oid":1310,"displayName":"CAT00-09-02","points":[{"oid":12042,"name":"Rack Bottom"},{"oid":12050,"name":"Rack Top"}]},{"oid":1329,"displayName":"CAT00-09-03","points":[{"oid":12058,"name":"Rack Bottom"},{"oid":12066,"name":"Rack Top"}]},{"oid":1348,"displayName":"CAT00-09-04","points":[{"oid":12074,"name":"Rack Bottom"},{"oid":12082,"name":"Rack Top"}]},{"oid":1367,"displayName":"CAT00-09-05","points":[{"oid":12090,"name":"Rack Bottom"},{"oid":12098,"name":"Rack Top"}]},{"oid":27360,"displayName":"CAT00-10-10","points":[{"oid":27363,"name":"Rack Bottom"},{"oid":27372,"name":"Rack Top"}]},{"oid":26267,"displayName":"RACKMON","points":[{"oid":26270,"name":"Rack Bottom"},{"oid":26279,"name":"Rack Top"}]},{"oid":21845,"displayName":"RH-T_01","points":[{"oid":21848,"name":"Humidity Monitor"},{"oid":21856,"name":"Internal Thermistor"}]},{"oid":21864,"displayName":"RH-T_02","points":[{"oid":21867,"name":"Humidity Monitor"},{"oid":21875,"name":"Internal Thermistor"}]},{"oid":21883,"displayName":"RH-T_03","points":[{"oid":21886,"name":"Humidity Monitor"},{"oid":21894,"name":"Internal Thermistor"}]}]}]}}} 
 </msg>
<msg timestamp="20210709 14:51:46.719" level="INFO">${result} = &lt;Response [200]&gt;</msg>
<status status="PASS" starttime="20210709 14:51:45.821" endtime="20210709 14:51:46.719"/>
</kw>
<kw name="Should Be Equal As Strings" library="BuiltIn">
<arg>${result.status_code}</arg>
<arg>200</arg>
<doc>Fails if objects are unequal after converting them to strings.</doc>
<msg timestamp="20210709 14:51:46.721" level="INFO">Argument types are:
&lt;class 'int'&gt;
&lt;type 'unicode'&gt;</msg>
<status status="PASS" starttime="20210709 14:51:46.719" endtime="20210709 14:51:46.721"/>
</kw>
<kw name="Set Variable" library="BuiltIn">
<var>${json_dict}</var>
<arg>${result.json()}</arg>
<doc>Returns the given values which can then be assigned to a variables.</doc>
<msg timestamp="20210709 14:51:46.723" level="INFO">${json_dict} = {'data': {'site': {'groups': [{'oid': 17, 'name': 'GRP00', 'racks': [{'oid': 1272, 'displayName': 'CAT00-09-00', 'points': [{'oid': 12010, 'name': 'Rack Bottom'}, {'oid': 12018, 'name': 'Rack Top'}]},...</msg>
<status status="PASS" starttime="20210709 14:51:46.721" endtime="20210709 14:51:46.724"/>
</kw>
<kw name="Return From Keyword" library="BuiltIn">
<arg>${json_dict}</arg>
<doc>Returns from the enclosing user keyword.</doc>
<msg timestamp="20210709 14:51:46.724" level="INFO">Returning from the enclosing user keyword.</msg>
<status status="PASS" starttime="20210709 14:51:46.724" endtime="20210709 14:51:46.724"/>
</kw>
<msg timestamp="20210709 14:51:46.725" level="INFO">${json_dict} = {'data': {'site': {'groups': [{'oid': 17, 'name': 'GRP00', 'racks': [{'oid': 1272, 'displayName': 'CAT00-09-00', 'points': [{'oid': 12010, 'name': 'Rack Bottom'}, {'oid': 12018, 'name': 'Rack Top'}]},...</msg>
<status status="PASS" starttime="20210709 14:51:45.813" endtime="20210709 14:51:46.725"/>
</kw>
<kw name="fetchTheNumberOfItemsInDictionary" library="apiresources">
<var>${total}</var>
<arg>${json_dict}</arg>
<arg>${racks_in_group}</arg>
<kw name="Get Value From Json" library="JSONLibrary">
<var>@{points}</var>
<arg>${dictionary}</arg>
<arg>${json_of_required_node}</arg>
<doc>Get Value From JSON using JSONPath</doc>
<msg timestamp="20210709 14:51:46.760" level="INFO">@{points} = [ [{'oid': 1272, 'displayName': 'CAT00-09-00', 'points': [{'oid': 12010, 'name': 'Rack Bottom'}, {'oid': 12018, 'name': 'Rack Top'}]}, {'oid': 1291, 'displayName': 'CAT00-09-01', 'points': [{'oid': 12...</msg>
<status status="PASS" starttime="20210709 14:51:46.726" endtime="20210709 14:51:46.760"/>
</kw>
<kw name="Get Length" library="BuiltIn">
<var>${total_points_to_write}</var>
<arg>@{points}</arg>
<doc>Returns and logs the length of the given item as an integer.</doc>
<msg timestamp="20210709 14:51:46.761" level="INFO">Length is 11</msg>
<msg timestamp="20210709 14:51:46.761" level="INFO">${total_points_to_write} = 11</msg>
<status status="PASS" starttime="20210709 14:51:46.760" endtime="20210709 14:51:46.761"/>
</kw>
<kw name="Convert To Integer" library="BuiltIn">
<var>${total}</var>
<arg>${total_points_to_write}</arg>
<doc>Converts the given item to an integer number.</doc>
<msg timestamp="20210709 14:51:46.761" level="INFO">${total} = 11</msg>
<status status="PASS" starttime="20210709 14:51:46.761" endtime="20210709 14:51:46.761"/>
</kw>
<kw name="Return From Keyword" library="BuiltIn">
<arg>${total}</arg>
<doc>Returns from the enclosing user keyword.</doc>
<msg timestamp="20210709 14:51:46.761" level="INFO">Returning from the enclosing user keyword.</msg>
<status status="PASS" starttime="20210709 14:51:46.761" endtime="20210709 14:51:46.761"/>
</kw>
<msg timestamp="20210709 14:51:46.762" level="INFO">${total} = 11</msg>
<status status="PASS" starttime="20210709 14:51:46.725" endtime="20210709 14:51:46.762"/>
</kw>
<kw name="Log To Console" library="BuiltIn">
<arg>Setting temperature for all sensor points-----------------&gt;</arg>
<doc>Logs the given message to the console.</doc>
<status status="PASS" starttime="20210709 14:51:46.762" endtime="20210709 14:51:46.762"/>
</kw>
<for flavor="IN RANGE">
<var>${i}</var>
<value>0</value>
<value>${total}</value>
<iter>
<var name="${i}">0</var>
<kw name="Log To Console" library="BuiltIn">
<arg>${i} Rack Sensor</arg>
<doc>Logs the given message to the console.</doc>
<status status="PASS" starttime="20210709 14:51:46.762" endtime="20210709 14:51:46.763"/>
</kw>
<kw name="fetchValueOfFieldFromJsonDictionary" library="apiresources">
<var>${rack_type1}</var>
<arg>${json_dict}</arg>
<arg>$.data.site.groups[0].racks[${i}].points[0].name</arg>
<kw name="Get Value From Json" library="JSONLibrary">
<var>${field_value_list}</var>
<arg>${json_dictionary}</arg>
<arg>${json_path_of_required_field}</arg>
<doc>Get Value From JSON using JSONPath</doc>
<msg timestamp="20210709 14:51:46.789" level="INFO">${field_value_list} = ['Rack Bottom']</msg>
<status status="PASS" starttime="20210709 14:51:46.763" endtime="20210709 14:51:46.789"/>
</kw>
<kw name="Get From List" library="Collections">
<var>${field_value}</var>
<arg>${field_value_list}</arg>
<arg>0</arg>
<doc>Returns the value specified with an ``index`` from ``list``.</doc>
<msg timestamp="20210709 14:51:46.789" level="INFO">${field_value} = Rack Bottom</msg>
<status status="PASS" starttime="20210709 14:51:46.789" endtime="20210709 14:51:46.789"/>
</kw>
<kw name="Return From Keyword" library="BuiltIn">
<arg>${field_value}</arg>
<doc>Returns from the enclosing user keyword.</doc>
<msg timestamp="20210709 14:51:46.790" level="INFO">Returning from the enclosing user keyword.</msg>
<status status="PASS" starttime="20210709 14:51:46.789" endtime="20210709 14:51:46.790"/>
</kw>
<msg timestamp="20210709 14:51:46.790" level="INFO">${rack_type1} = Rack Bottom</msg>
<status status="PASS" starttime="20210709 14:51:46.763" endtime="20210709 14:51:46.790"/>
</kw>
<kw name="fetchValueOfFieldFromJsonDictionary" library="apiresources">
<var>${rack_type2}</var>
<arg>${json_dict}</arg>
<arg>$.data.site.groups[0].racks[${i}].points[1].name</arg>
<kw name="Get Value From Json" library="JSONLibrary">
<var>${field_value_list}</var>
<arg>${json_dictionary}</arg>
<arg>${json_path_of_required_field}</arg>
<doc>Get Value From JSON using JSONPath</doc>
<msg timestamp="20210709 14:51:46.812" level="INFO">${field_value_list} = ['Rack Top']</msg>
<status status="PASS" starttime="20210709 14:51:46.790" endtime="20210709 14:51:46.812"/>
</kw>
<kw name="Get From List" library="Collections">
<var>${field_value}</var>
<arg>${field_value_list}</arg>
<arg>0</arg>
<doc>Returns the value specified with an ``index`` from ``list``.</doc>
<msg timestamp="20210709 14:51:46.813" level="INFO">${field_value} = Rack Top</msg>
<status status="PASS" starttime="20210709 14:51:46.813" endtime="20210709 14:51:46.813"/>
</kw>
<kw name="Return From Keyword" library="BuiltIn">
<arg>${field_value}</arg>
<doc>Returns from the enclosing user keyword.</doc>
<msg timestamp="20210709 14:51:46.814" level="INFO">Returning from the enclosing user keyword.</msg>
<status status="PASS" starttime="20210709 14:51:46.813" endtime="20210709 14:51:46.814"/>
</kw>
<msg timestamp="20210709 14:51:46.814" level="INFO">${rack_type2} = Rack Top</msg>
<status status="PASS" starttime="20210709 14:51:46.790" endtime="20210709 14:51:46.814"/>
</kw>
<kw name="fetchValueOfFieldFromJsonDictionary" library="apiresources">
<var>${oid1}</var>
<arg>${json_dict}</arg>
<arg>$.data.site.groups[0].racks[${i}].points[0].oid</arg>
<kw name="Get Value From Json" library="JSONLibrary">
<var>${field_value_list}</var>
<arg>${json_dictionary}</arg>
<arg>${json_path_of_required_field}</arg>
<doc>Get Value From JSON using JSONPath</doc>
<msg timestamp="20210709 14:51:46.839" level="INFO">${field_value_list} = [12010]</msg>
<status status="PASS" starttime="20210709 14:51:46.815" endtime="20210709 14:51:46.839"/>
</kw>
<kw name="Get From List" library="Collections">
<var>${field_value}</var>
<arg>${field_value_list}</arg>
<arg>0</arg>
<doc>Returns the value specified with an ``index`` from ``list``.</doc>
<msg timestamp="20210709 14:51:46.840" level="INFO">${field_value} = 12010</msg>
<status status="PASS" starttime="20210709 14:51:46.840" endtime="20210709 14:51:46.840"/>
</kw>
<kw name="Return From Keyword" library="BuiltIn">
<arg>${field_value}</arg>
<doc>Returns from the enclosing user keyword.</doc>
<msg timestamp="20210709 14:51:46.840" level="INFO">Returning from the enclosing user keyword.</msg>
<status status="PASS" starttime="20210709 14:51:46.840" endtime="20210709 14:51:46.840"/>
</kw>
<msg timestamp="20210709 14:51:46.840" level="INFO">${oid1} = 12010</msg>
<status status="PASS" starttime="20210709 14:51:46.814" endtime="20210709 14:51:46.840"/>
</kw>
<kw name="fetchValueOfFieldFromJsonDictionary" library="apiresources">
<var>${oid2}</var>
<arg>${json_dict}</arg>
<arg>$.data.site.groups[0].racks[${i}].points[1].oid</arg>
<kw name="Get Value From Json" library="JSONLibrary">
<var>${field_value_list}</var>
<arg>${json_dictionary}</arg>
<arg>${json_path_of_required_field}</arg>
<doc>Get Value From JSON using JSONPath</doc>
<msg timestamp="20210709 14:51:46.868" level="INFO">${field_value_list} = [12018]</msg>
<status status="PASS" starttime="20210709 14:51:46.841" endtime="20210709 14:51:46.868"/>
</kw>
<kw name="Get From List" library="Collections">
<var>${field_value}</var>
<arg>${field_value_list}</arg>
<arg>0</arg>
<doc>Returns the value specified with an ``index`` from ``list``.</doc>
<msg timestamp="20210709 14:51:46.868" level="INFO">${field_value} = 12018</msg>
<status status="PASS" starttime="20210709 14:51:46.868" endtime="20210709 14:51:46.868"/>
</kw>
<kw name="Return From Keyword" library="BuiltIn">
<arg>${field_value}</arg>
<doc>Returns from the enclosing user keyword.</doc>
<msg timestamp="20210709 14:51:46.869" level="INFO">Returning from the enclosing user keyword.</msg>
<status status="PASS" starttime="20210709 14:51:46.869" endtime="20210709 14:51:46.869"/>
</kw>
<msg timestamp="20210709 14:51:46.869" level="INFO">${oid2} = 12018</msg>
<status status="PASS" starttime="20210709 14:51:46.840" endtime="20210709 14:51:46.870"/>
</kw>
<kw name="Run Keyword If" library="BuiltIn">
<arg>'${rack_type1}'!='Humidity Monitor'</arg>
<arg>setRackPointSensorTempCool</arg>
<arg>${oid1}</arg>
<arg>${tempF}</arg>
<doc>Runs the given keyword with the given arguments, if ``condition`` is true.</doc>
<kw name="setRackPointSensorTempCool" library="apiresources">
<arg>${oid1}</arg>
<arg>${tempF}</arg>
<kw name="Create Dictionary" library="BuiltIn">
<var>${headers}</var>
<arg>Content-Type=${content_type}</arg>
<arg>Vigilent-Api-Token=${write_api_token}</arg>
<doc>Creates and returns a dictionary based on the given ``items``.</doc>
<msg timestamp="20210709 14:51:46.871" level="INFO">${headers} = {'Content-Type': 'application/json', 'Vigilent-Api-Token': 'Q9uPuYdzSev9x5ww8RWDsW6P'}</msg>
<status status="PASS" starttime="20210709 14:51:46.871" endtime="20210709 14:51:46.871"/>
</kw>
<kw name="Create Dictionary" library="BuiltIn">
<var>${body}</var>
<arg>query= mutation pointWrite { pointWrite(requests: [{oid: ${oid}, value: ${temp}}]) { index reason }}</arg>
<doc>Creates and returns a dictionary based on the given ``items``.</doc>
<msg timestamp="20210709 14:51:46.872" level="INFO">${body} = {'query': ' mutation pointWrite { pointWrite(requests: [{oid: 12010, value: 65.5}]) { index reason }}'}</msg>
<status status="PASS" starttime="20210709 14:51:46.872" endtime="20210709 14:51:46.872"/>
</kw>
<kw name="Create Session" library="RequestsLibrary">
<arg>AIEngine</arg>
<arg>${base_url}</arg>
<arg>disable_warnings=1</arg>
<doc>Create Session: create a HTTP session to a server</doc>
<msg timestamp="20210709 14:51:46.872" level="INFO">Creating Session using : alias=AIEngine, url=https://10.252.9.37/api, headers={},                     cookies={}, auth=None, timeout=None, proxies=None, verify=False,                     debug=0 </msg>
<status status="PASS" starttime="20210709 14:51:46.872" endtime="20210709 14:51:46.873"/>
</kw>
<kw name="Post On Session" library="RequestsLibrary">
<var>${result}</var>
<arg>AIEngine</arg>
<arg>/public/graphql</arg>
<arg>headers=${headers}</arg>
<arg>json=${body}</arg>
<doc>Sends a POST request on a previously created HTTP Session.</doc>
<msg timestamp="20210709 14:51:47.798" level="INFO">POST Request : url=https://10.252.9.37/api/public/graphql 
 path_url=/api/public/graphql 
 headers={'User-Agent': 'python-requests/2.25.1', 'Accept-Encoding': 'gzip, deflate', 'Accept': '*/*', 'Connection': 'keep-alive', 'Content-Type': 'application/json', 'Vigilent-Api-Token': 'Q9uPuYdzSev9x5ww8RWDsW6P', 'Content-Length': '103'} 
 body=b'{"query": " mutation pointWrite { pointWrite(requests: [{oid: 12010, value: 65.5}]) { index reason }}"}' 
 </msg>
<msg timestamp="20210709 14:51:47.798" level="INFO">POST Response : url=https://10.252.9.37/api/public/graphql 
 status=200, reason=OK 
 headers={'Date': 'Fri, 09 Jul 2021 09:20:19 GMT', 'Server': 'Apache', 'Content-Encoding': 'gzip', 'Vary': 'Accept-Encoding', 'Content-Length': '46', 'Keep-Alive': 'timeout=10, max=100', 'Connection': 'Keep-Alive', 'Content-Type': 'application/json;charset=UTF-8'} 
 body={"data":{"pointWrite":[]}} 
 </msg>
<msg timestamp="20210709 14:51:47.799" level="INFO">${result} = &lt;Response [200]&gt;</msg>
<status status="PASS" starttime="20210709 14:51:46.873" endtime="20210709 14:51:47.799"/>
</kw>
<kw name="Should Be Equal As Strings" library="BuiltIn">
<arg>${result.status_code}</arg>
<arg>200</arg>
<doc>Fails if objects are unequal after converting them to strings.</doc>
<msg timestamp="20210709 14:51:47.802" level="INFO">Argument types are:
&lt;class 'int'&gt;
&lt;type 'unicode'&gt;</msg>
<status status="PASS" starttime="20210709 14:51:47.799" endtime="20210709 14:51:47.802"/>
</kw>
<kw name="Log To Console" library="BuiltIn">
<arg>Temperature ${temp} F set for ${oid}</arg>
<doc>Logs the given message to the console.</doc>
<status status="PASS" starttime="20210709 14:51:47.802" endtime="20210709 14:51:47.802"/>
</kw>
<status status="PASS" starttime="20210709 14:51:46.870" endtime="20210709 14:51:47.802"/>
</kw>
<status status="PASS" starttime="20210709 14:51:46.870" endtime="20210709 14:51:47.802"/>
</kw>
<kw name="Run Keyword If" library="BuiltIn">
<arg>'${rack_type2}'!='Internal Thermistor'</arg>
<arg>setRackPointSensorTempCool</arg>
<arg>${oid2}</arg>
<arg>${tempF}</arg>
<doc>Runs the given keyword with the given arguments, if ``condition`` is true.</doc>
<kw name="setRackPointSensorTempCool" library="apiresources">
<arg>${oid2}</arg>
<arg>${tempF}</arg>
<kw name="Create Dictionary" library="BuiltIn">
<var>${headers}</var>
<arg>Content-Type=${content_type}</arg>
<arg>Vigilent-Api-Token=${write_api_token}</arg>
<doc>Creates and returns a dictionary based on the given ``items``.</doc>
<msg timestamp="20210709 14:51:47.803" level="INFO">${headers} = {'Content-Type': 'application/json', 'Vigilent-Api-Token': 'Q9uPuYdzSev9x5ww8RWDsW6P'}</msg>
<status status="PASS" starttime="20210709 14:51:47.803" endtime="20210709 14:51:47.804"/>
</kw>
<kw name="Create Dictionary" library="BuiltIn">
<var>${body}</var>
<arg>query= mutation pointWrite { pointWrite(requests: [{oid: ${oid}, value: ${temp}}]) { index reason }}</arg>
<doc>Creates and returns a dictionary based on the given ``items``.</doc>
<msg timestamp="20210709 14:51:47.804" level="INFO">${body} = {'query': ' mutation pointWrite { pointWrite(requests: [{oid: 12018, value: 65.5}]) { index reason }}'}</msg>
<status status="PASS" starttime="20210709 14:51:47.804" endtime="20210709 14:51:47.804"/>
</kw>
<kw name="Create Session" library="RequestsLibrary">
<arg>AIEngine</arg>
<arg>${base_url}</arg>
<arg>disable_warnings=1</arg>
<doc>Create Session: create a HTTP session to a server</doc>
<msg timestamp="20210709 14:51:47.804" level="INFO">Creating Session using : alias=AIEngine, url=https://10.252.9.37/api, headers={},                     cookies={}, auth=None, timeout=None, proxies=None, verify=False,                     debug=0 </msg>
<status status="PASS" starttime="20210709 14:51:47.804" endtime="20210709 14:51:47.804"/>
</kw>
<kw name="Post On Session" library="RequestsLibrary">
<var>${result}</var>
<arg>AIEngine</arg>
<arg>/public/graphql</arg>
<arg>headers=${headers}</arg>
<arg>json=${body}</arg>
<doc>Sends a POST request on a previously created HTTP Session.</doc>
<msg timestamp="20210709 14:51:48.749" level="INFO">POST Request : url=https://10.252.9.37/api/public/graphql 
 path_url=/api/public/graphql 
 headers={'User-Agent': 'python-requests/2.25.1', 'Accept-Encoding': 'gzip, deflate', 'Accept': '*/*', 'Connection': 'keep-alive', 'Content-Type': 'application/json', 'Vigilent-Api-Token': 'Q9uPuYdzSev9x5ww8RWDsW6P', 'Content-Length': '103'} 
 body=b'{"query": " mutation pointWrite { pointWrite(requests: [{oid: 12018, value: 65.5}]) { index reason }}"}' 
 </msg>
<msg timestamp="20210709 14:51:48.749" level="INFO">POST Response : url=https://10.252.9.37/api/public/graphql 
 status=200, reason=OK 
 headers={'Date': 'Fri, 09 Jul 2021 09:20:20 GMT', 'Server': 'Apache', 'Content-Encoding': 'gzip', 'Vary': 'Accept-Encoding', 'Content-Length': '46', 'Keep-Alive': 'timeout=10, max=100', 'Connection': 'Keep-Alive', 'Content-Type': 'application/json;charset=UTF-8'} 
 body={"data":{"pointWrite":[]}} 
 </msg>
<msg timestamp="20210709 14:51:48.750" level="INFO">${result} = &lt;Response [200]&gt;</msg>
<status status="PASS" starttime="20210709 14:51:47.805" endtime="20210709 14:51:48.750"/>
</kw>
<kw name="Should Be Equal As Strings" library="BuiltIn">
<arg>${result.status_code}</arg>
<arg>200</arg>
<doc>Fails if objects are unequal after converting them to strings.</doc>
<msg timestamp="20210709 14:51:48.755" level="INFO">Argument types are:
&lt;class 'int'&gt;
&lt;type 'unicode'&gt;</msg>
<status status="PASS" starttime="20210709 14:51:48.751" endtime="20210709 14:51:48.755"/>
</kw>
<kw name="Log To Console" library="BuiltIn">
<arg>Temperature ${temp} F set for ${oid}</arg>
<doc>Logs the given message to the console.</doc>
<status status="PASS" starttime="20210709 14:51:48.755" endtime="20210709 14:51:48.756"/>
</kw>
<status status="PASS" starttime="20210709 14:51:47.803" endtime="20210709 14:51:48.756"/>
</kw>
<status status="PASS" starttime="20210709 14:51:47.803" endtime="20210709 14:51:48.756"/>
</kw>
<status status="PASS" starttime="20210709 14:51:46.762" endtime="20210709 14:51:48.756"/>
</iter>
<iter>
<var name="${i}">1</var>
<kw name="Log To Console" library="BuiltIn">
<arg>${i} Rack Sensor</arg>
<doc>Logs the given message to the console.</doc>
<status status="PASS" starttime="20210709 14:51:48.756" endtime="20210709 14:51:48.758"/>
</kw>
<kw name="fetchValueOfFieldFromJsonDictionary" library="apiresources">
<var>${rack_type1}</var>
<arg>${json_dict}</arg>
<arg>$.data.site.groups[0].racks[${i}].points[0].name</arg>
<kw name="Get Value From Json" library="JSONLibrary">
<var>${field_value_list}</var>
<arg>${json_dictionary}</arg>
<arg>${json_path_of_required_field}</arg>
<doc>Get Value From JSON using JSONPath</doc>
<msg timestamp="20210709 14:51:48.789" level="INFO">${field_value_list} = ['Rack Bottom']</msg>
<status status="PASS" starttime="20210709 14:51:48.759" endtime="20210709 14:51:48.789"/>
</kw>
<kw name="Get From List" library="Collections">
<var>${field_value}</var>
<arg>${field_value_list}</arg>
<arg>0</arg>
<doc>Returns the value specified with an ``index`` from ``list``.</doc>
<msg timestamp="20210709 14:51:48.789" level="INFO">${field_value} = Rack Bottom</msg>
<status status="PASS" starttime="20210709 14:51:48.789" endtime="20210709 14:51:48.789"/>
</kw>
<kw name="Return From Keyword" library="BuiltIn">
<arg>${field_value}</arg>
<doc>Returns from the enclosing user keyword.</doc>
<msg timestamp="20210709 14:51:48.789" level="INFO">Returning from the enclosing user keyword.</msg>
<status status="PASS" starttime="20210709 14:51:48.789" endtime="20210709 14:51:48.790"/>
</kw>
<msg timestamp="20210709 14:51:48.790" level="INFO">${rack_type1} = Rack Bottom</msg>
<status status="PASS" starttime="20210709 14:51:48.758" endtime="20210709 14:51:48.790"/>
</kw>
<kw name="fetchValueOfFieldFromJsonDictionary" library="apiresources">
<var>${rack_type2}</var>
<arg>${json_dict}</arg>
<arg>$.data.site.groups[0].racks[${i}].points[1].name</arg>
<kw name="Get Value From Json" library="JSONLibrary">
<var>${field_value_list}</var>
<arg>${json_dictionary}</arg>
<arg>${json_path_of_required_field}</arg>
<doc>Get Value From JSON using JSONPath</doc>
<msg timestamp="20210709 14:51:48.812" level="INFO">${field_value_list} = ['Rack Top']</msg>
<status status="PASS" starttime="20210709 14:51:48.790" endtime="20210709 14:51:48.812"/>
</kw>
<kw name="Get From List" library="Collections">
<var>${field_value}</var>
<arg>${field_value_list}</arg>
<arg>0</arg>
<doc>Returns the value specified with an ``index`` from ``list``.</doc>
<msg timestamp="20210709 14:51:48.813" level="INFO">${field_value} = Rack Top</msg>
<status status="PASS" starttime="20210709 14:51:48.812" endtime="20210709 14:51:48.813"/>
</kw>
<kw name="Return From Keyword" library="BuiltIn">
<arg>${field_value}</arg>
<doc>Returns from the enclosing user keyword.</doc>
<msg timestamp="20210709 14:51:48.813" level="INFO">Returning from the enclosing user keyword.</msg>
<status status="PASS" starttime="20210709 14:51:48.813" endtime="20210709 14:51:48.813"/>
</kw>
<msg timestamp="20210709 14:51:48.813" level="INFO">${rack_type2} = Rack Top</msg>
<status status="PASS" starttime="20210709 14:51:48.790" endtime="20210709 14:51:48.813"/>
</kw>
<kw name="fetchValueOfFieldFromJsonDictionary" library="apiresources">
<var>${oid1}</var>
<arg>${json_dict}</arg>
<arg>$.data.site.groups[0].racks[${i}].points[0].oid</arg>
<kw name="Get Value From Json" library="JSONLibrary">
<var>${field_value_list}</var>
<arg>${json_dictionary}</arg>
<arg>${json_path_of_required_field}</arg>
<doc>Get Value From JSON using JSONPath</doc>
<msg timestamp="20210709 14:51:48.836" level="INFO">${field_value_list} = [12026]</msg>
<status status="PASS" starttime="20210709 14:51:48.814" endtime="20210709 14:51:48.836"/>
</kw>
<kw name="Get From List" library="Collections">
<var>${field_value}</var>
<arg>${field_value_list}</arg>
<arg>0</arg>
<doc>Returns the value specified with an ``index`` from ``list``.</doc>
<msg timestamp="20210709 14:51:48.837" level="INFO">${field_value} = 12026</msg>
<status status="PASS" starttime="20210709 14:51:48.837" endtime="20210709 14:51:48.837"/>
</kw>
<kw name="Return From Keyword" library="BuiltIn">
<arg>${field_value}</arg>
<doc>Returns from the enclosing user keyword.</doc>
<msg timestamp="20210709 14:51:48.837" level="INFO">Returning from the enclosing user keyword.</msg>
<status status="PASS" starttime="20210709 14:51:48.837" endtime="20210709 14:51:48.837"/>
</kw>
<msg timestamp="20210709 14:51:48.837" level="INFO">${oid1} = 12026</msg>
<status status="PASS" starttime="20210709 14:51:48.813" endtime="20210709 14:51:48.837"/>
</kw>
<kw name="fetchValueOfFieldFromJsonDictionary" library="apiresources">
<var>${oid2}</var>
<arg>${json_dict}</arg>
<arg>$.data.site.groups[0].racks[${i}].points[1].oid</arg>
<kw name="Get Value From Json" library="JSONLibrary">
<var>${field_value_list}</var>
<arg>${json_dictionary}</arg>
<arg>${json_path_of_required_field}</arg>
<doc>Get Value From JSON using JSONPath</doc>
<msg timestamp="20210709 14:51:48.858" level="INFO">${field_value_list} = [12034]</msg>
<status status="PASS" starttime="20210709 14:51:48.837" endtime="20210709 14:51:48.858"/>
</kw>
<kw name="Get From List" library="Collections">
<var>${field_value}</var>
<arg>${field_value_list}</arg>
<arg>0</arg>
<doc>Returns the value specified with an ``index`` from ``list``.</doc>
<msg timestamp="20210709 14:51:48.859" level="INFO">${field_value} = 12034</msg>
<status status="PASS" starttime="20210709 14:51:48.859" endtime="20210709 14:51:48.859"/>
</kw>
<kw name="Return From Keyword" library="BuiltIn">
<arg>${field_value}</arg>
<doc>Returns from the enclosing user keyword.</doc>
<msg timestamp="20210709 14:51:48.859" level="INFO">Returning from the enclosing user keyword.</msg>
<status status="PASS" starttime="20210709 14:51:48.859" endtime="20210709 14:51:48.859"/>
</kw>
<msg timestamp="20210709 14:51:48.859" level="INFO">${oid2} = 12034</msg>
<status status="PASS" starttime="20210709 14:51:48.837" endtime="20210709 14:51:48.859"/>
</kw>
<kw name="Run Keyword If" library="BuiltIn">
<arg>'${rack_type1}'!='Humidity Monitor'</arg>
<arg>setRackPointSensorTempCool</arg>
<arg>${oid1}</arg>
<arg>${tempF}</arg>
<doc>Runs the given keyword with the given arguments, if ``condition`` is true.</doc>
<kw name="setRackPointSensorTempCool" library="apiresources">
<arg>${oid1}</arg>
<arg>${tempF}</arg>
<kw name="Create Dictionary" library="BuiltIn">
<var>${headers}</var>
<arg>Content-Type=${content_type}</arg>
<arg>Vigilent-Api-Token=${write_api_token}</arg>
<doc>Creates and returns a dictionary based on the given ``items``.</doc>
<msg timestamp="20210709 14:51:48.860" level="INFO">${headers} = {'Content-Type': 'application/json', 'Vigilent-Api-Token': 'Q9uPuYdzSev9x5ww8RWDsW6P'}</msg>
<status status="PASS" starttime="20210709 14:51:48.860" endtime="20210709 14:51:48.860"/>
</kw>
<kw name="Create Dictionary" library="BuiltIn">
<var>${body}</var>
<arg>query= mutation pointWrite { pointWrite(requests: [{oid: ${oid}, value: ${temp}}]) { index reason }}</arg>
<doc>Creates and returns a dictionary based on the given ``items``.</doc>
<msg timestamp="20210709 14:51:48.861" level="INFO">${body} = {'query': ' mutation pointWrite { pointWrite(requests: [{oid: 12026, value: 65.5}]) { index reason }}'}</msg>
<status status="PASS" starttime="20210709 14:51:48.861" endtime="20210709 14:51:48.861"/>
</kw>
<kw name="Create Session" library="RequestsLibrary">
<arg>AIEngine</arg>
<arg>${base_url}</arg>
<arg>disable_warnings=1</arg>
<doc>Create Session: create a HTTP session to a server</doc>
<msg timestamp="20210709 14:51:48.861" level="INFO">Creating Session using : alias=AIEngine, url=https://10.252.9.37/api, headers={},                     cookies={}, auth=None, timeout=None, proxies=None, verify=False,                     debug=0 </msg>
<status status="PASS" starttime="20210709 14:51:48.861" endtime="20210709 14:51:48.862"/>
</kw>
<kw name="Post On Session" library="RequestsLibrary">
<var>${result}</var>
<arg>AIEngine</arg>
<arg>/public/graphql</arg>
<arg>headers=${headers}</arg>
<arg>json=${body}</arg>
<doc>Sends a POST request on a previously created HTTP Session.</doc>
<msg timestamp="20210709 14:51:49.767" level="INFO">POST Request : url=https://10.252.9.37/api/public/graphql 
 path_url=/api/public/graphql 
 headers={'User-Agent': 'python-requests/2.25.1', 'Accept-Encoding': 'gzip, deflate', 'Accept': '*/*', 'Connection': 'keep-alive', 'Content-Type': 'application/json', 'Vigilent-Api-Token': 'Q9uPuYdzSev9x5ww8RWDsW6P', 'Content-Length': '103'} 
 body=b'{"query": " mutation pointWrite { pointWrite(requests: [{oid: 12026, value: 65.5}]) { index reason }}"}' 
 </msg>
<msg timestamp="20210709 14:51:49.767" level="INFO">POST Response : url=https://10.252.9.37/api/public/graphql 
 status=200, reason=OK 
 headers={'Date': 'Fri, 09 Jul 2021 09:20:21 GMT', 'Server': 'Apache', 'Content-Encoding': 'gzip', 'Vary': 'Accept-Encoding', 'Content-Length': '46', 'Keep-Alive': 'timeout=10, max=100', 'Connection': 'Keep-Alive', 'Content-Type': 'application/json;charset=UTF-8'} 
 body={"data":{"pointWrite":[]}} 
 </msg>
<msg timestamp="20210709 14:51:49.767" level="INFO">${result} = &lt;Response [200]&gt;</msg>
<status status="PASS" starttime="20210709 14:51:48.862" endtime="20210709 14:51:49.767"/>
</kw>
<kw name="Should Be Equal As Strings" library="BuiltIn">
<arg>${result.status_code}</arg>
<arg>200</arg>
<doc>Fails if objects are unequal after converting them to strings.</doc>
<msg timestamp="20210709 14:51:49.769" level="INFO">Argument types are:
&lt;class 'int'&gt;
&lt;type 'unicode'&gt;</msg>
<status status="PASS" starttime="20210709 14:51:49.767" endtime="20210709 14:51:49.769"/>
</kw>
<kw name="Log To Console" library="BuiltIn">
<arg>Temperature ${temp} F set for ${oid}</arg>
<doc>Logs the given message to the console.</doc>
<status status="PASS" starttime="20210709 14:51:49.770" endtime="20210709 14:51:49.771"/>
</kw>
<status status="PASS" starttime="20210709 14:51:48.860" endtime="20210709 14:51:49.771"/>
</kw>
<status status="PASS" starttime="20210709 14:51:48.859" endtime="20210709 14:51:49.771"/>
</kw>
<kw name="Run Keyword If" library="BuiltIn">
<arg>'${rack_type2}'!='Internal Thermistor'</arg>
<arg>setRackPointSensorTempCool</arg>
<arg>${oid2}</arg>
<arg>${tempF}</arg>
<doc>Runs the given keyword with the given arguments, if ``condition`` is true.</doc>
<kw name="setRackPointSensorTempCool" library="apiresources">
<arg>${oid2}</arg>
<arg>${tempF}</arg>
<kw name="Create Dictionary" library="BuiltIn">
<var>${headers}</var>
<arg>Content-Type=${content_type}</arg>
<arg>Vigilent-Api-Token=${write_api_token}</arg>
<doc>Creates and returns a dictionary based on the given ``items``.</doc>
<msg timestamp="20210709 14:51:49.773" level="INFO">${headers} = {'Content-Type': 'application/json', 'Vigilent-Api-Token': 'Q9uPuYdzSev9x5ww8RWDsW6P'}</msg>
<status status="PASS" starttime="20210709 14:51:49.773" endtime="20210709 14:51:49.774"/>
</kw>
<kw name="Create Dictionary" library="BuiltIn">
<var>${body}</var>
<arg>query= mutation pointWrite { pointWrite(requests: [{oid: ${oid}, value: ${temp}}]) { index reason }}</arg>
<doc>Creates and returns a dictionary based on the given ``items``.</doc>
<msg timestamp="20210709 14:51:49.775" level="INFO">${body} = {'query': ' mutation pointWrite { pointWrite(requests: [{oid: 12034, value: 65.5}]) { index reason }}'}</msg>
<status status="PASS" starttime="20210709 14:51:49.774" endtime="20210709 14:51:49.775"/>
</kw>
<kw name="Create Session" library="RequestsLibrary">
<arg>AIEngine</arg>
<arg>${base_url}</arg>
<arg>disable_warnings=1</arg>
<doc>Create Session: create a HTTP session to a server</doc>
<msg timestamp="20210709 14:51:49.776" level="INFO">Creating Session using : alias=AIEngine, url=https://10.252.9.37/api, headers={},                     cookies={}, auth=None, timeout=None, proxies=None, verify=False,                     debug=0 </msg>
<status status="PASS" starttime="20210709 14:51:49.775" endtime="20210709 14:51:49.776"/>
</kw>
<kw name="Post On Session" library="RequestsLibrary">
<var>${result}</var>
<arg>AIEngine</arg>
<arg>/public/graphql</arg>
<arg>headers=${headers}</arg>
<arg>json=${body}</arg>
<doc>Sends a POST request on a previously created HTTP Session.</doc>
<msg timestamp="20210709 14:51:50.685" level="INFO">POST Request : url=https://10.252.9.37/api/public/graphql 
 path_url=/api/public/graphql 
 headers={'User-Agent': 'python-requests/2.25.1', 'Accept-Encoding': 'gzip, deflate', 'Accept': '*/*', 'Connection': 'keep-alive', 'Content-Type': 'application/json', 'Vigilent-Api-Token': 'Q9uPuYdzSev9x5ww8RWDsW6P', 'Content-Length': '103'} 
 body=b'{"query": " mutation pointWrite { pointWrite(requests: [{oid: 12034, value: 65.5}]) { index reason }}"}' 
 </msg>
<msg timestamp="20210709 14:51:50.685" level="INFO">POST Response : url=https://10.252.9.37/api/public/graphql 
 status=200, reason=OK 
 headers={'Date': 'Fri, 09 Jul 2021 09:20:21 GMT', 'Server': 'Apache', 'Content-Encoding': 'gzip', 'Vary': 'Accept-Encoding', 'Content-Length': '46', 'Keep-Alive': 'timeout=10, max=100', 'Connection': 'Keep-Alive', 'Content-Type': 'application/json;charset=UTF-8'} 
 body={"data":{"pointWrite":[]}} 
 </msg>
<msg timestamp="20210709 14:51:50.685" level="INFO">${result} = &lt;Response [200]&gt;</msg>
<status status="PASS" starttime="20210709 14:51:49.776" endtime="20210709 14:51:50.685"/>
</kw>
<kw name="Should Be Equal As Strings" library="BuiltIn">
<arg>${result.status_code}</arg>
<arg>200</arg>
<doc>Fails if objects are unequal after converting them to strings.</doc>
<msg timestamp="20210709 14:51:50.686" level="INFO">Argument types are:
&lt;class 'int'&gt;
&lt;type 'unicode'&gt;</msg>
<status status="PASS" starttime="20210709 14:51:50.686" endtime="20210709 14:51:50.686"/>
</kw>
<kw name="Log To Console" library="BuiltIn">
<arg>Temperature ${temp} F set for ${oid}</arg>
<doc>Logs the given message to the console.</doc>
<status status="PASS" starttime="20210709 14:51:50.687" endtime="20210709 14:51:50.687"/>
</kw>
<status status="PASS" starttime="20210709 14:51:49.772" endtime="20210709 14:51:50.687"/>
</kw>
<status status="PASS" starttime="20210709 14:51:49.771" endtime="20210709 14:51:50.687"/>
</kw>
<status status="PASS" starttime="20210709 14:51:48.756" endtime="20210709 14:51:50.687"/>
</iter>
<iter>
<var name="${i}">2</var>
<kw name="Log To Console" library="BuiltIn">
<arg>${i} Rack Sensor</arg>
<doc>Logs the given message to the console.</doc>
<status status="PASS" starttime="20210709 14:51:50.687" endtime="20210709 14:51:50.688"/>
</kw>
<kw name="fetchValueOfFieldFromJsonDictionary" library="apiresources">
<var>${rack_type1}</var>
<arg>${json_dict}</arg>
<arg>$.data.site.groups[0].racks[${i}].points[0].name</arg>
<kw name="Get Value From Json" library="JSONLibrary">
<var>${field_value_list}</var>
<arg>${json_dictionary}</arg>
<arg>${json_path_of_required_field}</arg>
<doc>Get Value From JSON using JSONPath</doc>
<msg timestamp="20210709 14:51:50.710" level="INFO">${field_value_list} = ['Rack Bottom']</msg>
<status status="PASS" starttime="20210709 14:51:50.688" endtime="20210709 14:51:50.710"/>
</kw>
<kw name="Get From List" library="Collections">
<var>${field_value}</var>
<arg>${field_value_list}</arg>
<arg>0</arg>
<doc>Returns the value specified with an ``index`` from ``list``.</doc>
<msg timestamp="20210709 14:51:50.711" level="INFO">${field_value} = Rack Bottom</msg>
<status status="PASS" starttime="20210709 14:51:50.710" endtime="20210709 14:51:50.711"/>
</kw>
<kw name="Return From Keyword" library="BuiltIn">
<arg>${field_value}</arg>
<doc>Returns from the enclosing user keyword.</doc>
<msg timestamp="20210709 14:51:50.711" level="INFO">Returning from the enclosing user keyword.</msg>
<status status="PASS" starttime="20210709 14:51:50.711" endtime="20210709 14:51:50.711"/>
</kw>
<msg timestamp="20210709 14:51:50.711" level="INFO">${rack_type1} = Rack Bottom</msg>
<status status="PASS" starttime="20210709 14:51:50.688" endtime="20210709 14:51:50.711"/>
</kw>
<kw name="fetchValueOfFieldFromJsonDictionary" library="apiresources">
<var>${rack_type2}</var>
<arg>${json_dict}</arg>
<arg>$.data.site.groups[0].racks[${i}].points[1].name</arg>
<kw name="Get Value From Json" library="JSONLibrary">
<var>${field_value_list}</var>
<arg>${json_dictionary}</arg>
<arg>${json_path_of_required_field}</arg>
<doc>Get Value From JSON using JSONPath</doc>
<msg timestamp="20210709 14:51:50.736" level="INFO">${field_value_list} = ['Rack Top']</msg>
<status status="PASS" starttime="20210709 14:51:50.712" endtime="20210709 14:51:50.736"/>
</kw>
<kw name="Get From List" library="Collections">
<var>${field_value}</var>
<arg>${field_value_list}</arg>
<arg>0</arg>
<doc>Returns the value specified with an ``index`` from ``list``.</doc>
<msg timestamp="20210709 14:51:50.737" level="INFO">${field_value} = Rack Top</msg>
<status status="PASS" starttime="20210709 14:51:50.736" endtime="20210709 14:51:50.737"/>
</kw>
<kw name="Return From Keyword" library="BuiltIn">
<arg>${field_value}</arg>
<doc>Returns from the enclosing user keyword.</doc>
<msg timestamp="20210709 14:51:50.737" level="INFO">Returning from the enclosing user keyword.</msg>
<status status="PASS" starttime="20210709 14:51:50.737" endtime="20210709 14:51:50.737"/>
</kw>
<msg timestamp="20210709 14:51:50.737" level="INFO">${rack_type2} = Rack Top</msg>
<status status="PASS" starttime="20210709 14:51:50.711" endtime="20210709 14:51:50.737"/>
</kw>
<kw name="fetchValueOfFieldFromJsonDictionary" library="apiresources">
<var>${oid1}</var>
<arg>${json_dict}</arg>
<arg>$.data.site.groups[0].racks[${i}].points[0].oid</arg>
<kw name="Get Value From Json" library="JSONLibrary">
<var>${field_value_list}</var>
<arg>${json_dictionary}</arg>
<arg>${json_path_of_required_field}</arg>
<doc>Get Value From JSON using JSONPath</doc>
<msg timestamp="20210709 14:51:50.758" level="INFO">${field_value_list} = [12042]</msg>
<status status="PASS" starttime="20210709 14:51:50.738" endtime="20210709 14:51:50.758"/>
</kw>
<kw name="Get From List" library="Collections">
<var>${field_value}</var>
<arg>${field_value_list}</arg>
<arg>0</arg>
<doc>Returns the value specified with an ``index`` from ``list``.</doc>
<msg timestamp="20210709 14:51:50.759" level="INFO">${field_value} = 12042</msg>
<status status="PASS" starttime="20210709 14:51:50.758" endtime="20210709 14:51:50.759"/>
</kw>
<kw name="Return From Keyword" library="BuiltIn">
<arg>${field_value}</arg>
<doc>Returns from the enclosing user keyword.</doc>
<msg timestamp="20210709 14:51:50.759" level="INFO">Returning from the enclosing user keyword.</msg>
<status status="PASS" starttime="20210709 14:51:50.759" endtime="20210709 14:51:50.759"/>
</kw>
<msg timestamp="20210709 14:51:50.759" level="INFO">${oid1} = 12042</msg>
<status status="PASS" starttime="20210709 14:51:50.738" endtime="20210709 14:51:50.759"/>
</kw>
<kw name="fetchValueOfFieldFromJsonDictionary" library="apiresources">
<var>${oid2}</var>
<arg>${json_dict}</arg>
<arg>$.data.site.groups[0].racks[${i}].points[1].oid</arg>
<kw name="Get Value From Json" library="JSONLibrary">
<var>${field_value_list}</var>
<arg>${json_dictionary}</arg>
<arg>${json_path_of_required_field}</arg>
<doc>Get Value From JSON using JSONPath</doc>
<msg timestamp="20210709 14:51:50.781" level="INFO">${field_value_list} = [12050]</msg>
<status status="PASS" starttime="20210709 14:51:50.760" endtime="20210709 14:51:50.781"/>
</kw>
<kw name="Get From List" library="Collections">
<var>${field_value}</var>
<arg>${field_value_list}</arg>
<arg>0</arg>
<doc>Returns the value specified with an ``index`` from ``list``.</doc>
<msg timestamp="20210709 14:51:50.782" level="INFO">${field_value} = 12050</msg>
<status status="PASS" starttime="20210709 14:51:50.781" endtime="20210709 14:51:50.782"/>
</kw>
<kw name="Return From Keyword" library="BuiltIn">
<arg>${field_value}</arg>
<doc>Returns from the enclosing user keyword.</doc>
<msg timestamp="20210709 14:51:50.782" level="INFO">Returning from the enclosing user keyword.</msg>
<status status="PASS" starttime="20210709 14:51:50.782" endtime="20210709 14:51:50.782"/>
</kw>
<msg timestamp="20210709 14:51:50.783" level="INFO">${oid2} = 12050</msg>
<status status="PASS" starttime="20210709 14:51:50.759" endtime="20210709 14:51:50.783"/>
</kw>
<kw name="Run Keyword If" library="BuiltIn">
<arg>'${rack_type1}'!='Humidity Monitor'</arg>
<arg>setRackPointSensorTempCool</arg>
<arg>${oid1}</arg>
<arg>${tempF}</arg>
<doc>Runs the given keyword with the given arguments, if ``condition`` is true.</doc>
<kw name="setRackPointSensorTempCool" library="apiresources">
<arg>${oid1}</arg>
<arg>${tempF}</arg>
<kw name="Create Dictionary" library="BuiltIn">
<var>${headers}</var>
<arg>Content-Type=${content_type}</arg>
<arg>Vigilent-Api-Token=${write_api_token}</arg>
<doc>Creates and returns a dictionary based on the given ``items``.</doc>
<msg timestamp="20210709 14:51:50.785" level="INFO">${headers} = {'Content-Type': 'application/json', 'Vigilent-Api-Token': 'Q9uPuYdzSev9x5ww8RWDsW6P'}</msg>
<status status="PASS" starttime="20210709 14:51:50.784" endtime="20210709 14:51:50.785"/>
</kw>
<kw name="Create Dictionary" library="BuiltIn">
<var>${body}</var>
<arg>query= mutation pointWrite { pointWrite(requests: [{oid: ${oid}, value: ${temp}}]) { index reason }}</arg>
<doc>Creates and returns a dictionary based on the given ``items``.</doc>
<msg timestamp="20210709 14:51:50.785" level="INFO">${body} = {'query': ' mutation pointWrite { pointWrite(requests: [{oid: 12042, value: 65.5}]) { index reason }}'}</msg>
<status status="PASS" starttime="20210709 14:51:50.785" endtime="20210709 14:51:50.785"/>
</kw>
<kw name="Create Session" library="RequestsLibrary">
<arg>AIEngine</arg>
<arg>${base_url}</arg>
<arg>disable_warnings=1</arg>
<doc>Create Session: create a HTTP session to a server</doc>
<msg timestamp="20210709 14:51:50.785" level="INFO">Creating Session using : alias=AIEngine, url=https://10.252.9.37/api, headers={},                     cookies={}, auth=None, timeout=None, proxies=None, verify=False,                     debug=0 </msg>
<status status="PASS" starttime="20210709 14:51:50.785" endtime="20210709 14:51:50.786"/>
</kw>
<kw name="Post On Session" library="RequestsLibrary">
<var>${result}</var>
<arg>AIEngine</arg>
<arg>/public/graphql</arg>
<arg>headers=${headers}</arg>
<arg>json=${body}</arg>
<doc>Sends a POST request on a previously created HTTP Session.</doc>
<msg timestamp="20210709 14:51:51.695" level="INFO">POST Request : url=https://10.252.9.37/api/public/graphql 
 path_url=/api/public/graphql 
 headers={'User-Agent': 'python-requests/2.25.1', 'Accept-Encoding': 'gzip, deflate', 'Accept': '*/*', 'Connection': 'keep-alive', 'Content-Type': 'application/json', 'Vigilent-Api-Token': 'Q9uPuYdzSev9x5ww8RWDsW6P', 'Content-Length': '103'} 
 body=b'{"query": " mutation pointWrite { pointWrite(requests: [{oid: 12042, value: 65.5}]) { index reason }}"}' 
 </msg>
<msg timestamp="20210709 14:51:51.695" level="INFO">POST Response : url=https://10.252.9.37/api/public/graphql 
 status=200, reason=OK 
 headers={'Date': 'Fri, 09 Jul 2021 09:20:22 GMT', 'Server': 'Apache', 'Content-Encoding': 'gzip', 'Vary': 'Accept-Encoding', 'Content-Length': '46', 'Keep-Alive': 'timeout=10, max=100', 'Connection': 'Keep-Alive', 'Content-Type': 'application/json;charset=UTF-8'} 
 body={"data":{"pointWrite":[]}} 
 </msg>
<msg timestamp="20210709 14:51:51.695" level="INFO">${result} = &lt;Response [200]&gt;</msg>
<status status="PASS" starttime="20210709 14:51:50.786" endtime="20210709 14:51:51.695"/>
</kw>
<kw name="Should Be Equal As Strings" library="BuiltIn">
<arg>${result.status_code}</arg>
<arg>200</arg>
<doc>Fails if objects are unequal after converting them to strings.</doc>
<msg timestamp="20210709 14:51:51.696" level="INFO">Argument types are:
&lt;class 'int'&gt;
&lt;type 'unicode'&gt;</msg>
<status status="PASS" starttime="20210709 14:51:51.695" endtime="20210709 14:51:51.696"/>
</kw>
<kw name="Log To Console" library="BuiltIn">
<arg>Temperature ${temp} F set for ${oid}</arg>
<doc>Logs the given message to the console.</doc>
<status status="PASS" starttime="20210709 14:51:51.696" endtime="20210709 14:51:51.697"/>
</kw>
<status status="PASS" starttime="20210709 14:51:50.784" endtime="20210709 14:51:51.697"/>
</kw>
<status status="PASS" starttime="20210709 14:51:50.784" endtime="20210709 14:51:51.697"/>
</kw>
<kw name="Run Keyword If" library="BuiltIn">
<arg>'${rack_type2}'!='Internal Thermistor'</arg>
<arg>setRackPointSensorTempCool</arg>
<arg>${oid2}</arg>
<arg>${tempF}</arg>
<doc>Runs the given keyword with the given arguments, if ``condition`` is true.</doc>
<kw name="setRackPointSensorTempCool" library="apiresources">
<arg>${oid2}</arg>
<arg>${tempF}</arg>
<kw name="Create Dictionary" library="BuiltIn">
<var>${headers}</var>
<arg>Content-Type=${content_type}</arg>
<arg>Vigilent-Api-Token=${write_api_token}</arg>
<doc>Creates and returns a dictionary based on the given ``items``.</doc>
<msg timestamp="20210709 14:51:51.699" level="INFO">${headers} = {'Content-Type': 'application/json', 'Vigilent-Api-Token': 'Q9uPuYdzSev9x5ww8RWDsW6P'}</msg>
<status status="PASS" starttime="20210709 14:51:51.698" endtime="20210709 14:51:51.699"/>
</kw>
<kw name="Create Dictionary" library="BuiltIn">
<var>${body}</var>
<arg>query= mutation pointWrite { pointWrite(requests: [{oid: ${oid}, value: ${temp}}]) { index reason }}</arg>
[...]
<arg>$.data.site.groups[0].ahus[${ahu}].controls</arg>
<kw name="Get Value From Json" library="JSONLibrary">
<var>@{points}</var>
<arg>${dictionary}</arg>
<arg>${json_of_required_node}</arg>
<doc>Get Value From JSON using JSONPath</doc>
<msg timestamp="20210709 15:07:57.897" level="INFO">@{points} = [ [{'oid': 15313, 'type': 'BOP', 'displayName': 'BOP', 'name': 'BOP', 'status': {'origin': 'CONTROL'}}, {'oid': 15385, 'type': 'SFC', 'displayName': 'SFC', 'name': 'SFC', 'status': {'origin': 'CONTROL...</msg>
<status status="PASS" starttime="20210709 15:07:57.842" endtime="20210709 15:07:57.897"/>
</kw>
<kw name="Get Length" library="BuiltIn">
<var>${total_points_to_write}</var>
<arg>@{points}</arg>
<doc>Returns and logs the length of the given item as an integer.</doc>
<msg timestamp="20210709 15:07:57.898" level="INFO">Length is 2</msg>
<msg timestamp="20210709 15:07:57.898" level="INFO">${total_points_to_write} = 2</msg>
<status status="PASS" starttime="20210709 15:07:57.897" endtime="20210709 15:07:57.898"/>
</kw>
<kw name="Convert To Integer" library="BuiltIn">
<var>${total}</var>
<arg>${total_points_to_write}</arg>
<doc>Converts the given item to an integer number.</doc>
<msg timestamp="20210709 15:07:57.899" level="INFO">${total} = 2</msg>
<status status="PASS" starttime="20210709 15:07:57.899" endtime="20210709 15:07:57.899"/>
</kw>
<kw name="Return From Keyword" library="BuiltIn">
<arg>${total}</arg>
<doc>Returns from the enclosing user keyword.</doc>
<msg timestamp="20210709 15:07:57.900" level="INFO">Returning from the enclosing user keyword.</msg>
<status status="PASS" starttime="20210709 15:07:57.899" endtime="20210709 15:07:57.900"/>
</kw>
<msg timestamp="20210709 15:07:57.900" level="INFO">${no_of_controls} = 2</msg>
<status status="PASS" starttime="20210709 15:07:57.839" endtime="20210709 15:07:57.900"/>
</kw>
<kw name="Log To Console" library="BuiltIn">
<arg>!!!--No of Controls for ${ahu} is ${no_of_controls}---!!!</arg>
<doc>Logs the given message to the console.</doc>
<status status="PASS" starttime="20210709 15:07:57.901" endtime="20210709 15:07:57.901"/>
</kw>
<kw name="fetchValueOfFieldFromJsonDictionary" library="apiresources">
<var>${ahu_status_ctrl_value}</var>
<arg>${json_dictionary}</arg>
<arg>$.data.site.groups[0].ahus[${ahu}].controls[0].status.origin</arg>
<kw name="Get Value From Json" library="JSONLibrary">
<var>${field_value_list}</var>
<arg>${json_dictionary}</arg>
<arg>${json_path_of_required_field}</arg>
<doc>Get Value From JSON using JSONPath</doc>
<msg timestamp="20210709 15:07:57.966" level="INFO">${field_value_list} = ['CONTROL']</msg>
<status status="PASS" starttime="20210709 15:07:57.903" endtime="20210709 15:07:57.967"/>
</kw>
<kw name="Get From List" library="Collections">
<var>${field_value}</var>
<arg>${field_value_list}</arg>
<arg>0</arg>
<doc>Returns the value specified with an ``index`` from ``list``.</doc>
<msg timestamp="20210709 15:07:57.968" level="INFO">${field_value} = CONTROL</msg>
<status status="PASS" starttime="20210709 15:07:57.967" endtime="20210709 15:07:57.968"/>
</kw>
<kw name="Return From Keyword" library="BuiltIn">
<arg>${field_value}</arg>
<doc>Returns from the enclosing user keyword.</doc>
<msg timestamp="20210709 15:07:57.968" level="INFO">Returning from the enclosing user keyword.</msg>
<status status="PASS" starttime="20210709 15:07:57.968" endtime="20210709 15:07:57.968"/>
</kw>
<msg timestamp="20210709 15:07:57.969" level="INFO">${ahu_status_ctrl_value} = CONTROL</msg>
<status status="PASS" starttime="20210709 15:07:57.902" endtime="20210709 15:07:57.969"/>
</kw>
<kw name="Log To Console" library="BuiltIn">
<arg>!V-------Status value for AHU:${ahu} first Control is ${ahu_status_ctrl_value}-----!V</arg>
<doc>Logs the given message to the console.</doc>
<status status="PASS" starttime="20210709 15:07:57.969" endtime="20210709 15:07:57.970"/>
</kw>
<kw name="Should Not Be Equal As Strings" library="BuiltIn">
<arg>${ahu_status_ctrl_value}</arg>
<arg>"GUARD"</arg>
<arg>AHUS are expected with GUARD Cleared</arg>
<doc>Fails if objects are equal after converting them to strings.</doc>
<status status="PASS" starttime="20210709 15:07:57.971" endtime="20210709 15:07:57.972"/>
</kw>
<if>
<branch type="IF" condition="&quot;${no_of_controls}&quot;==&quot;2&quot;">
<kw name="fetchValueOfFieldFromJsonDictionary" library="apiresources">
<var>${ahu_status_ctrl_value}</var>
<arg>${json_dictionary}</arg>
<arg>$.data.site.groups[0].ahus[${ahu}].controls[1].status.origin</arg>
<kw name="Get Value From Json" library="JSONLibrary">
<var>${field_value_list}</var>
<arg>${json_dictionary}</arg>
<arg>${json_path_of_required_field}</arg>
<doc>Get Value From JSON using JSONPath</doc>
<msg timestamp="20210709 15:07:58.039" level="INFO">${field_value_list} = ['CONTROL']</msg>
<status status="PASS" starttime="20210709 15:07:57.975" endtime="20210709 15:07:58.040"/>
</kw>
<kw name="Get From List" library="Collections">
<var>${field_value}</var>
<arg>${field_value_list}</arg>
<arg>0</arg>
<doc>Returns the value specified with an ``index`` from ``list``.</doc>
<msg timestamp="20210709 15:07:58.042" level="INFO">${field_value} = CONTROL</msg>
<status status="PASS" starttime="20210709 15:07:58.040" endtime="20210709 15:07:58.042"/>
</kw>
<kw name="Return From Keyword" library="BuiltIn">
<arg>${field_value}</arg>
<doc>Returns from the enclosing user keyword.</doc>
<msg timestamp="20210709 15:07:58.043" level="INFO">Returning from the enclosing user keyword.</msg>
<status status="PASS" starttime="20210709 15:07:58.042" endtime="20210709 15:07:58.043"/>
</kw>
<msg timestamp="20210709 15:07:58.043" level="INFO">${ahu_status_ctrl_value} = CONTROL</msg>
<status status="PASS" starttime="20210709 15:07:57.973" endtime="20210709 15:07:58.043"/>
</kw>
<kw name="Log To Console" library="BuiltIn">
<arg>!V-------Status value for AHU:${ahu} second control is ${ahu_status_ctrl_value}-----!V</arg>
<doc>Logs the given message to the console.</doc>
<status status="PASS" starttime="20210709 15:07:58.044" endtime="20210709 15:07:58.045"/>
</kw>
<kw name="Should Not Be Equal As Strings" library="BuiltIn">
<arg>${ahu_status_ctrl_value}</arg>
<arg>"GUARD"</arg>
<arg>AHUS are expected with GUARD Cleared</arg>
<doc>Fails if objects are equal after converting them to strings.</doc>
<status status="PASS" starttime="20210709 15:07:58.045" endtime="20210709 15:07:58.046"/>
</kw>
<status status="PASS" starttime="20210709 15:07:57.973" endtime="20210709 15:07:58.046"/>
</branch>
<status status="PASS" starttime="20210709 15:07:57.972" endtime="20210709 15:07:58.047"/>
</if>
<status status="PASS" starttime="20210709 15:07:57.837" endtime="20210709 15:07:58.047"/>
</iter>
<iter>
<var name="${ahu}">11</var>
<kw name="Log To Console" library="BuiltIn">
<arg>!!---Checking ahu at position ${ahu}---!!s</arg>
<doc>Logs the given message to the console.</doc>
<status status="PASS" starttime="20210709 15:07:58.048" endtime="20210709 15:07:58.049"/>
</kw>
<kw name="fetchTheNumberOfItemsInDictionary" library="apiresources">
<var>${no_of_controls}</var>
<arg>${json_dictionary}</arg>
<arg>$.data.site.groups[0].ahus[${ahu}].controls</arg>
<kw name="Get Value From Json" library="JSONLibrary">
<var>@{points}</var>
<arg>${dictionary}</arg>
<arg>${json_of_required_node}</arg>
<doc>Get Value From JSON using JSONPath</doc>
<msg timestamp="20210709 15:07:58.111" level="INFO">@{points} = [ [{'oid': 15396, 'type': 'BOP', 'displayName': 'BOP', 'name': 'BOP', 'status': {'origin': 'CONTROL'}}, {'oid': 15468, 'type': 'SFC', 'displayName': 'SFC', 'name': 'SFC', 'status': {'origin': 'CONTROL...</msg>
<status status="PASS" starttime="20210709 15:07:58.050" endtime="20210709 15:07:58.112"/>
</kw>
<kw name="Get Length" library="BuiltIn">
<var>${total_points_to_write}</var>
<arg>@{points}</arg>
<doc>Returns and logs the length of the given item as an integer.</doc>
<msg timestamp="20210709 15:07:58.113" level="INFO">Length is 2</msg>
<msg timestamp="20210709 15:07:58.113" level="INFO">${total_points_to_write} = 2</msg>
<status status="PASS" starttime="20210709 15:07:58.112" endtime="20210709 15:07:58.113"/>
</kw>
<kw name="Convert To Integer" library="BuiltIn">
<var>${total}</var>
<arg>${total_points_to_write}</arg>
<doc>Converts the given item to an integer number.</doc>
<msg timestamp="20210709 15:07:58.114" level="INFO">${total} = 2</msg>
<status status="PASS" starttime="20210709 15:07:58.114" endtime="20210709 15:07:58.114"/>
</kw>
<kw name="Return From Keyword" library="BuiltIn">
<arg>${total}</arg>
<doc>Returns from the enclosing user keyword.</doc>
<msg timestamp="20210709 15:07:58.115" level="INFO">Returning from the enclosing user keyword.</msg>
<status status="PASS" starttime="20210709 15:07:58.115" endtime="20210709 15:07:58.115"/>
</kw>
<msg timestamp="20210709 15:07:58.116" level="INFO">${no_of_controls} = 2</msg>
<status status="PASS" starttime="20210709 15:07:58.049" endtime="20210709 15:07:58.116"/>
</kw>
<kw name="Log To Console" library="BuiltIn">
<arg>!!!--No of Controls for ${ahu} is ${no_of_controls}---!!!</arg>
<doc>Logs the given message to the console.</doc>
<status status="PASS" starttime="20210709 15:07:58.116" endtime="20210709 15:07:58.117"/>
</kw>
<kw name="fetchValueOfFieldFromJsonDictionary" library="apiresources">
<var>${ahu_status_ctrl_value}</var>
<arg>${json_dictionary}</arg>
<arg>$.data.site.groups[0].ahus[${ahu}].controls[0].status.origin</arg>
<kw name="Get Value From Json" library="JSONLibrary">
<var>${field_value_list}</var>
<arg>${json_dictionary}</arg>
<arg>${json_path_of_required_field}</arg>
<doc>Get Value From JSON using JSONPath</doc>
<msg timestamp="20210709 15:07:58.178" level="INFO">${field_value_list} = ['CONTROL']</msg>
<status status="PASS" starttime="20210709 15:07:58.118" endtime="20210709 15:07:58.178"/>
</kw>
<kw name="Get From List" library="Collections">
<var>${field_value}</var>
<arg>${field_value_list}</arg>
<arg>0</arg>
<doc>Returns the value specified with an ``index`` from ``list``.</doc>
<msg timestamp="20210709 15:07:58.179" level="INFO">${field_value} = CONTROL</msg>
<status status="PASS" starttime="20210709 15:07:58.178" endtime="20210709 15:07:58.179"/>
</kw>
<kw name="Return From Keyword" library="BuiltIn">
<arg>${field_value}</arg>
<doc>Returns from the enclosing user keyword.</doc>
<msg timestamp="20210709 15:07:58.179" level="INFO">Returning from the enclosing user keyword.</msg>
<status status="PASS" starttime="20210709 15:07:58.179" endtime="20210709 15:07:58.180"/>
</kw>
<msg timestamp="20210709 15:07:58.180" level="INFO">${ahu_status_ctrl_value} = CONTROL</msg>
<status status="PASS" starttime="20210709 15:07:58.117" endtime="20210709 15:07:58.180"/>
</kw>
<kw name="Log To Console" library="BuiltIn">
<arg>!V-------Status value for AHU:${ahu} first Control is ${ahu_status_ctrl_value}-----!V</arg>
<doc>Logs the given message to the console.</doc>
<status status="PASS" starttime="20210709 15:07:58.180" endtime="20210709 15:07:58.181"/>
</kw>
<kw name="Should Not Be Equal As Strings" library="BuiltIn">
<arg>${ahu_status_ctrl_value}</arg>
<arg>"GUARD"</arg>
<arg>AHUS are expected with GUARD Cleared</arg>
<doc>Fails if objects are equal after converting them to strings.</doc>
<status status="PASS" starttime="20210709 15:07:58.182" endtime="20210709 15:07:58.183"/>
</kw>
<if>
<branch type="IF" condition="&quot;${no_of_controls}&quot;==&quot;2&quot;">
<kw name="fetchValueOfFieldFromJsonDictionary" library="apiresources">
<var>${ahu_status_ctrl_value}</var>
<arg>${json_dictionary}</arg>
<arg>$.data.site.groups[0].ahus[${ahu}].controls[1].status.origin</arg>
<kw name="Get Value From Json" library="JSONLibrary">
<var>${field_value_list}</var>
<arg>${json_dictionary}</arg>
<arg>${json_path_of_required_field}</arg>
<doc>Get Value From JSON using JSONPath</doc>
<msg timestamp="20210709 15:07:58.245" level="INFO">${field_value_list} = ['CONTROL']</msg>
<status status="PASS" starttime="20210709 15:07:58.184" endtime="20210709 15:07:58.245"/>
</kw>
<kw name="Get From List" library="Collections">
<var>${field_value}</var>
<arg>${field_value_list}</arg>
<arg>0</arg>
<doc>Returns the value specified with an ``index`` from ``list``.</doc>
<msg timestamp="20210709 15:07:58.246" level="INFO">${field_value} = CONTROL</msg>
<status status="PASS" starttime="20210709 15:07:58.246" endtime="20210709 15:07:58.246"/>
</kw>
<kw name="Return From Keyword" library="BuiltIn">
<arg>${field_value}</arg>
<doc>Returns from the enclosing user keyword.</doc>
<msg timestamp="20210709 15:07:58.247" level="INFO">Returning from the enclosing user keyword.</msg>
<status status="PASS" starttime="20210709 15:07:58.247" endtime="20210709 15:07:58.247"/>
</kw>
<msg timestamp="20210709 15:07:58.248" level="INFO">${ahu_status_ctrl_value} = CONTROL</msg>
<status status="PASS" starttime="20210709 15:07:58.183" endtime="20210709 15:07:58.248"/>
</kw>
<kw name="Log To Console" library="BuiltIn">
<arg>!V-------Status value for AHU:${ahu} second control is ${ahu_status_ctrl_value}-----!V</arg>
<doc>Logs the given message to the console.</doc>
<status status="PASS" starttime="20210709 15:07:58.248" endtime="20210709 15:07:58.249"/>
</kw>
<kw name="Should Not Be Equal As Strings" library="BuiltIn">
<arg>${ahu_status_ctrl_value}</arg>
<arg>"GUARD"</arg>
<arg>AHUS are expected with GUARD Cleared</arg>
<doc>Fails if objects are equal after converting them to strings.</doc>
<status status="PASS" starttime="20210709 15:07:58.249" endtime="20210709 15:07:58.250"/>
</kw>
<status status="PASS" starttime="20210709 15:07:58.183" endtime="20210709 15:07:58.250"/>
</branch>
<status status="PASS" starttime="20210709 15:07:58.183" endtime="20210709 15:07:58.250"/>
</if>
<status status="PASS" starttime="20210709 15:07:58.047" endtime="20210709 15:07:58.250"/>
</iter>
<status status="PASS" starttime="20210709 15:07:56.326" endtime="20210709 15:07:58.250"/>
</for>
<kw name="Log To Console" library="BuiltIn">
<arg>*********All AHUS are cleared of GUARD*****************</arg>
<doc>Logs the given message to the console.</doc>
<status status="PASS" starttime="20210709 15:07:58.251" endtime="20210709 15:07:58.252"/>
</kw>
<status status="PASS" starttime="20210709 15:07:56.324" endtime="20210709 15:07:58.252"/>
</kw>
<kw name="Log To Console" library="BuiltIn">
<arg>*************************************************************</arg>
<doc>Logs the given message to the console.</doc>
<status status="PASS" starttime="20210709 15:07:58.252" endtime="20210709 15:07:58.253"/>
</kw>
<status status="PASS" starttime="20210709 15:07:55.279" endtime="20210709 15:07:58.254"/>
</kw>
<kw name="EstablishConnectionAndStopCoolingControlProcess" library="connection">
<doc>Establish connection and start processes on the remote machine.
HISTIGNORE command is used to avoid saving the password in history</doc>
<kw name="OpenConnectionAndLogIn" library="connection">
<kw name="Log To Console" library="BuiltIn">
<arg>!--------Opening Connection----------!</arg>
<doc>Logs the given message to the console.</doc>
<status status="PASS" starttime="20210709 15:07:58.258" endtime="20210709 15:07:58.260"/>
</kw>
<kw name="Open Connection" library="SSHLibrary">
<arg>${host}</arg>
<doc>Opens a new SSH connection to the given ``host`` and ``port``.</doc>
<status status="PASS" starttime="20210709 15:07:58.261" endtime="20210709 15:07:58.262"/>
</kw>
<kw name="Login" library="SSHLibrary">
<arg>${username}</arg>
<arg>${password}</arg>
<doc>Logs into the SSH server with the given ``username`` and ``password``.</doc>
<msg timestamp="20210709 15:07:58.263" level="INFO">Logging into '10.252.9.37:22' as 'fc'.</msg>
<msg timestamp="20210709 15:08:02.652" level="INFO">Read output: Welcome to Ubuntu 20.04.2 LTS (GNU/Linux 5.4.0-74-generic x86_64)

 * Documentation:  https://help.ubuntu.com
 * Management:     https://landscape.canonical.com
 * Support:        https://ubuntu.com/advantage

  System information as of Fri 09 Jul 2021 02:36:31 AM PDT

  System load:  0.0                 Processes:               248
  Usage of /:   2.6% of 1005.94GB   Users logged in:         1
  Memory usage: 6%                  IPv4 address for ens160: 10.252.9.37
  Swap usage:   0%

Last login: Fri Jul  9 02:20:37 2021 from 10.253.2.136
fc@QA-ideavat-vems:~$</msg>
<status status="PASS" starttime="20210709 15:07:58.262" endtime="20210709 15:08:02.653"/>
</kw>
<status status="PASS" starttime="20210709 15:07:58.257" endtime="20210709 15:08:02.654"/>
</kw>
<kw name="ExecuteSTOPProcessCommandWithoutTraceInHistory" library="connection">
<arg>facs_dash</arg>
<kw name="Execute Command" library="SSHLibrary">
<arg>export HISTIGNORE='*sudo -S*'</arg>
<doc>Executes ``command`` on the remote machine and returns its outputs.</doc>
<msg timestamp="20210709 15:08:02.657" level="INFO">Executing command 'export HISTIGNORE='*sudo -S*''.</msg>
<msg timestamp="20210709 15:08:03.251" level="INFO">Command exited with return code 0.</msg>
<status status="PASS" starttime="20210709 15:08:02.656" endtime="20210709 15:08:03.252"/>
</kw>
<kw name="Execute Command" library="SSHLibrary">
<arg>echo "Id3aV@tAcc3ss" | sudo -S -k systemctl stop ${process_name}</arg>
<doc>Executes ``command`` on the remote machine and returns its outputs.</doc>
<msg timestamp="20210709 15:08:03.253" level="INFO">Executing command 'echo "Id3aV@tAcc3ss" | sudo -S -k systemctl stop facs_dash'.</msg>
<msg timestamp="20210709 15:08:04.163" level="INFO">Command exited with return code 0.</msg>
<status status="PASS" starttime="20210709 15:08:03.252" endtime="20210709 15:08:04.164"/>
</kw>
<status status="PASS" starttime="20210709 15:08:02.654" endtime="20210709 15:08:04.164"/>
</kw>
<kw name="Sleep" library="BuiltIn">
<arg>${high_speed}</arg>
<doc>Pauses the test executed for the given time.</doc>
<msg timestamp="20210709 15:08:09.166" level="INFO">Slept 5 seconds</msg>
<status status="PASS" starttime="20210709 15:08:04.165" endtime="20210709 15:08:09.166"/>
</kw>
<kw name="CloseAllConnections" library="connection">
<kw name="Execute Command" library="SSHLibrary">
<arg>exit</arg>
<doc>Executes ``command`` on the remote machine and returns its outputs.</doc>
<msg timestamp="20210709 15:08:09.167" level="INFO">Executing command 'exit'.</msg>
<msg timestamp="20210709 15:08:09.751" level="INFO">Command exited with return code 0.</msg>
<status status="PASS" starttime="20210709 15:08:09.166" endtime="20210709 15:08:09.751"/>
</kw>
<kw name="Log To Console" library="BuiltIn">
<arg>*******************Processes started and now proceeding to next step********************</arg>
<doc>Logs the given message to the console.</doc>
<status status="PASS" starttime="20210709 15:08:09.751" endtime="20210709 15:08:09.753"/>
</kw>
<status status="PASS" starttime="20210709 15:08:09.166" endtime="20210709 15:08:09.753"/>
</kw>
<status status="PASS" starttime="20210709 15:07:58.255" endtime="20210709 15:08:09.754"/>
</kw>
<status status="PASS" starttime="20210709 14:50:31.027" endtime="20210709 15:08:09.755"/>
</test>
<doc>This testcase validates the Guard mode feature of AI Engine
Created by Greeshma on 5th July 2021
Modified on 6th July 2021 as per testcase update in Vigilent Confluence-Steps 2,3,5,9,15,18,20
New test steps are 3,18 to 21</doc>
<status status="PASS" starttime="20210709 14:50:30.541" endtime="20210709 15:08:09.759"/>
</suite>
<statistics>
<total>
<stat pass="1" fail="0" skip="0">All Tests</stat>
</total>
<tag>
</tag>
<suite>
<stat pass="1" fail="0" skip="0" id="s1" name="basicHotAbsoluteGuardTest">basicHotAbsoluteGuardTest</stat>
</suite>
</statistics>
<errors>
</errors>
</robot>
