<?xml version="1.0" encoding="UTF-8"?>
<robot generator="Robot 4.0.3 (Python 3.9.5 on win32)" generated="20210721 11:54:35.210" rpa="false" schemaversion="2">
<suite id="s1" name="Suites">
<suite id="s1-s1" name="staleStatePrevention" source="C:\Users\grees\PycharmProjects\AuQA\Testcases\staleStatePrevention.robot">
<test id="s1-s1-t1" name="StaleStatePreventionForSensors">
<kw name="Get Current Date" library="DateTime">
<var>${current_time}</var>
<arg>result_format=%H:%M:%S</arg>
<doc>Returns current local or UTC time with an optional increment.</doc>
<msg timestamp="20210721 11:54:35.478" level="INFO">${current_time} = 11:54:35</msg>
<status status="PASS" starttime="20210721 11:54:35.478" endtime="20210721 11:54:35.478"/>
</kw>
<kw name="Log To Console" library="BuiltIn">
<arg>${current_time}</arg>
<doc>Logs the given message to the console.</doc>
<status status="PASS" starttime="20210721 11:54:35.478" endtime="20210721 11:54:35.478"/>
</kw>
<kw name="Add Time To Time" library="DateTime">
<var>${stop_time}</var>
<arg>${current_time}</arg>
<arg>${duration_of_test}</arg>
<arg>timer</arg>
<arg>exclude_millis=yes</arg>
<doc>Adds time to another time and returns the resulting time.</doc>
<msg timestamp="20210721 11:54:35.478" level="INFO">${stop_time} = 12:14:35</msg>
<status status="PASS" starttime="20210721 11:54:35.478" endtime="20210721 11:54:35.478"/>
</kw>
<kw name="Log To Console" library="BuiltIn">
<arg>${stop_time}</arg>
<doc>Logs the given message to the console.</doc>
<status status="PASS" starttime="20210721 11:54:35.478" endtime="20210721 11:54:35.478"/>
</kw>
<for flavor="IN RANGE">
<var>${i}</var>
<value>0</value>
<value>9999</value>
<iter>
<var name="${i}">0</var>
<kw name="writeTemperatureToSensors">
<kw name="getCurrentTemperatureOfSensorsAandB" library="apiresources">
<var>${current_temperature}</var>
<kw name="queryToFetchJsonResponseContainingTheRackSensorsFromGroup" library="apiresources">
<var>${json_dict}</var>
<kw name="Create Dictionary" library="BuiltIn">
<var>${headers}</var>
<arg>Content-Type=${content_type}</arg>
<arg>Vigilent-Api-Token=${query_api_token}</arg>
<doc>Creates and returns a dictionary based on the given ``items``.</doc>
<msg timestamp="20210721 11:54:35.478" level="INFO">${headers} = {'Content-Type': 'application/json', 'Vigilent-Api-Token': 'bZVd43sS4Y9WZfZ7du3kY6ST'}</msg>
<status status="PASS" starttime="20210721 11:54:35.478" endtime="20210721 11:54:35.478"/>
</kw>
<kw name="Create Dictionary" library="BuiltIn">
<var>${body}</var>
<arg>query= ${rackSensorPoints}</arg>
<doc>Creates and returns a dictionary based on the given ``items``.</doc>
<msg timestamp="20210721 11:54:35.478" level="INFO">${body} = {'query': ' query rackSensorPoints {\n            site {\n              groups: children(selector: {type: Group,name: "GRP00"}) @skip(if:false) {\n                oid name\n               racks: child...</msg>
<status status="PASS" starttime="20210721 11:54:35.478" endtime="20210721 11:54:35.478"/>
</kw>
<kw name="Create Session" library="RequestsLibrary">
<arg>AIEngine</arg>
<arg>${base_url}</arg>
<arg>disable_warnings=1</arg>
<doc>Create Session: create a HTTP session to a server</doc>
<msg timestamp="20210721 11:54:35.478" level="INFO">Creating Session using : alias=AIEngine, url=https://10.252.9.64/api, headers={},                     cookies={}, auth=None, timeout=None, proxies=None, verify=False,                     debug=0 </msg>
<status status="PASS" starttime="20210721 11:54:35.478" endtime="20210721 11:54:35.478"/>
</kw>
<kw name="Post On Session" library="RequestsLibrary">
<var>${result}</var>
<arg>AIEngine</arg>
<arg>/public/graphql</arg>
<arg>headers=${headers}</arg>
<arg>json=${body}</arg>
<doc>Sends a POST request on a previously created HTTP Session.</doc>
<msg timestamp="20210721 11:54:36.766" level="INFO">POST Request : url=https://10.252.9.64/api/public/graphql 
 path_url=/api/public/graphql 
 headers={'User-Agent': 'python-requests/2.25.1', 'Accept-Encoding': 'gzip, deflate', 'Accept': '*/*', 'Connection': 'keep-alive', 'Content-Type': 'application/json', 'Vigilent-Api-Token': 'bZVd43sS4Y9WZfZ7du3kY6ST', 'Content-Length': '552'} 
 body=b'{"query": " query rackSensorPoints {\\n            site {\\n              groups: children(selector: {type: Group,name: \\"GRP00\\"}) @skip(if:false) {\\n                oid name\\n               racks: children(selector:{type: Rack},){\\n\\n                  oid\\n                  displayName\\n              points: children{\\n                oid\\n                name\\n                  type\\n                pointCurrent{\\n                  value\\n                }\\n\\n              }\\n\\n              }\\n              }\\n              }\\n            }\\n"}' 
 </msg>
<msg timestamp="20210721 11:54:36.766" level="INFO">POST Response : url=https://10.252.9.64/api/public/graphql 
 status=200, reason=OK 
 headers={'Date': 'Wed, 21 Jul 2021 06:22:28 GMT', 'Server': 'Apache', 'Content-Encoding': 'gzip', 'Vary': 'Accept-Encoding', 'Content-Length': '433', 'Keep-Alive': 'timeout=10, max=100', 'Connection': 'Keep-Alive', 'Content-Type': 'application/json;charset=UTF-8'} 
 body={"data":{"site":{"groups":[{"oid":17,"name":"GRP00","racks":[{"oid":1272,"displayName":"CAT00-09-00","points":[{"oid":12010,"name":"Rack Bottom","type":"CBot","pointCurrent":{"value":65}},{"oid":12018,"name":"Rack Top","type":"CTop","pointCurrent":{"value":65}}]},{"oid":1291,"displayName":"CAT00-09-01","points":[{"oid":12026,"name":"Rack Bottom","type":"CBot","pointCurrent":{"value":65}},{"oid":12034,"name":"Rack Top","type":"CTop","pointCurrent":{"value":65}}]},{"oid":1310,"displayName":"CAT00-09-02","points":[{"oid":12042,"name":"Rack Bottom","type":"CBot","pointCurrent":{"value":65}},{"oid":12050,"name":"Rack Top","type":"CTop","pointCurrent":{"value":65}}]},{"oid":1329,"displayName":"CAT00-09-03","points":[{"oid":12058,"name":"Rack Bottom","type":"CBot","pointCurrent":{"value":65}},{"oid":12066,"name":"Rack Top","type":"CTop","pointCurrent":{"value":65}}]},{"oid":1348,"displayName":"CAT00-09-04","points":[{"oid":12074,"name":"Rack Bottom","type":"CBot","pointCurrent":{"value":65}},{"oid":12082,"name":"Rack Top","type":"CTop","pointCurrent":{"value":65}}]},{"oid":1367,"displayName":"CAT00-09-05","points":[{"oid":12090,"name":"Rack Bottom","type":"CBot","pointCurrent":{"value":65}},{"oid":12098,"name":"Rack Top","type":"CTop","pointCurrent":{"value":65}}]},{"oid":27360,"displayName":"CAT00-10-10","points":[{"oid":27363,"name":"Rack Bottom","type":"CBot","pointCurrent":{"value":65}},{"oid":27372,"name":"Rack Top","type":"CTop","pointCurrent":{"value":65}}]},{"oid":26267,"displayName":"RACKMON","points":[{"oid":26270,"name":"Rack Bottom","type":"CBot","pointCurrent":{"value":65}},{"oid":26279,"name":"Rack Top","type":"CTop","pointCurrent":{"value":65}}]},{"oid":21845,"displayName":"RH-T_01","points":[{"oid":21848,"name":"Humidity Monitor","type":"RHUM","pointCurrent":{"value":0.416529329182689}},{"oid":21856,"name":"Internal Thermistor","type":"ZNT","pointCurrent":{"value":68.666}}]},{"oid":21864,"displayName":"RH-T_02","points":[{"oid":21867,"name":"Humidity Monitor","type":"RHUM","pointCurrent":{"value":0.426966977964964}},{"oid":21875,"name":"Internal Thermistor","type":"ZNT","pointCurrent":{"value":72.014}}]},{"oid":21883,"displayName":"RH-T_03","points":[{"oid":21886,"name":"Humidity Monitor","type":"RHUM","pointCurrent":{"value":0.43655008240249}},{"oid":21894,"name":"Internal Thermistor","type":"ZNT","pointCurrent":{"value":69.206}}]}]}]}}} 
 </msg>
<msg timestamp="20210721 11:54:36.766" level="INFO">${result} = &lt;Response [200]&gt;</msg>
<status status="PASS" starttime="20210721 11:54:35.478" endtime="20210721 11:54:36.766"/>
</kw>
<kw name="Should Be Equal As Strings" library="BuiltIn">
<arg>${result.status_code}</arg>
<arg>200</arg>
<doc>Fails if objects are unequal after converting them to strings.</doc>
<msg timestamp="20210721 11:54:36.766" level="INFO">Argument types are:
&lt;class 'int'&gt;
&lt;type 'unicode'&gt;</msg>
<status status="PASS" starttime="20210721 11:54:36.766" endtime="20210721 11:54:36.766"/>
</kw>
<kw name="Set Variable" library="BuiltIn">
<var>${json_dict}</var>
<arg>${result.json()}</arg>
<doc>Returns the given values which can then be assigned to a variables.</doc>
<msg timestamp="20210721 11:54:36.766" level="INFO">${json_dict} = {'data': {'site': {'groups': [{'oid': 17, 'name': 'GRP00', 'racks': [{'oid': 1272, 'displayName': 'CAT00-09-00', 'points': [{'oid': 12010, 'name': 'Rack Bottom', 'type': 'CBot', 'pointCurrent': {'valu...</msg>
<status status="PASS" starttime="20210721 11:54:36.766" endtime="20210721 11:54:36.766"/>
</kw>
<kw name="Return From Keyword" library="BuiltIn">
<arg>${json_dict}</arg>
<doc>Returns from the enclosing user keyword.</doc>
<msg timestamp="20210721 11:54:36.766" level="INFO">Returning from the enclosing user keyword.</msg>
<status status="PASS" starttime="20210721 11:54:36.766" endtime="20210721 11:54:36.766"/>
</kw>
<msg timestamp="20210721 11:54:36.766" level="INFO">${json_dict} = {'data': {'site': {'groups': [{'oid': 17, 'name': 'GRP00', 'racks': [{'oid': 1272, 'displayName': 'CAT00-09-00', 'points': [{'oid': 12010, 'name': 'Rack Bottom', 'type': 'CBot', 'pointCurrent': {'valu...</msg>
<status status="PASS" starttime="20210721 11:54:35.478" endtime="20210721 11:54:36.766"/>
</kw>
<kw name="fetchTheNumberOfItemsInDictionary" library="apiresources">
<var>${total}</var>
<arg>${json_dict}</arg>
<arg>${racks_in_group}</arg>
<kw name="Get Value From Json" library="JSONLibrary">
<var>@{points}</var>
<arg>${dictionary}</arg>
<arg>${json_of_required_node}</arg>
<doc>Get Value From JSON using JSONPath</doc>
<msg timestamp="20210721 11:54:36.813" level="INFO">@{points} = [ [{'oid': 1272, 'displayName': 'CAT00-09-00', 'points': [{'oid': 12010, 'name': 'Rack Bottom', 'type': 'CBot', 'pointCurrent': {'value': 65}}, {'oid': 12018, 'name': 'Rack Top', 'type': 'CTop', 'poin...</msg>
<status status="PASS" starttime="20210721 11:54:36.766" endtime="20210721 11:54:36.813"/>
</kw>
<kw name="Get Length" library="BuiltIn">
<var>${total_points_to_write}</var>
<arg>@{points}</arg>
<doc>Returns and logs the length of the given item as an integer.</doc>
<msg timestamp="20210721 11:54:36.813" level="INFO">Length is 11</msg>
<msg timestamp="20210721 11:54:36.813" level="INFO">${total_points_to_write} = 11</msg>
<status status="PASS" starttime="20210721 11:54:36.813" endtime="20210721 11:54:36.813"/>
</kw>
<kw name="Convert To Integer" library="BuiltIn">
<var>${total}</var>
<arg>${total_points_to_write}</arg>
<doc>Converts the given item to an integer number.</doc>
<msg timestamp="20210721 11:54:36.813" level="INFO">${total} = 11</msg>
<status status="PASS" starttime="20210721 11:54:36.813" endtime="20210721 11:54:36.813"/>
</kw>
<kw name="Return From Keyword" library="BuiltIn">
<arg>${total}</arg>
<doc>Returns from the enclosing user keyword.</doc>
<msg timestamp="20210721 11:54:36.828" level="INFO">Returning from the enclosing user keyword.</msg>
<status status="PASS" starttime="20210721 11:54:36.813" endtime="20210721 11:54:36.828"/>
</kw>
<msg timestamp="20210721 11:54:36.828" level="INFO">${total} = 11</msg>
<status status="PASS" starttime="20210721 11:54:36.766" endtime="20210721 11:54:36.828"/>
</kw>
<kw name="Log To Console" library="BuiltIn">
<arg>Getting temperature of Sensor A-----------------&gt;</arg>
<doc>Logs the given message to the console.</doc>
<status status="PASS" starttime="20210721 11:54:36.828" endtime="20210721 11:54:36.828"/>
</kw>
<for flavor="IN RANGE">
<var>${i}</var>
<value>0</value>
<value>${total}</value>
<iter>
<var name="${i}">0</var>
<kw name="fetchValueOfFieldFromJsonDictionary" library="apiresources">
<var>${rack_type1}</var>
<arg>${json_dict}</arg>
<arg>$.data.site.groups[0].racks[${i}].points[0].type</arg>
<kw name="Get Value From Json" library="JSONLibrary">
<var>${field_value_list}</var>
<arg>${json_dictionary}</arg>
<arg>${json_path_of_required_field}</arg>
<doc>Get Value From JSON using JSONPath</doc>
<msg timestamp="20210721 11:54:36.850" level="INFO">${field_value_list} = ['CBot']</msg>
<status status="PASS" starttime="20210721 11:54:36.828" endtime="20210721 11:54:36.850"/>
</kw>
<kw name="Get From List" library="Collections">
<var>${field_value}</var>
<arg>${field_value_list}</arg>
<arg>0</arg>
<doc>Returns the value specified with an ``index`` from ``list``.</doc>
<msg timestamp="20210721 11:54:36.866" level="INFO">${field_value} = CBot</msg>
<status status="PASS" starttime="20210721 11:54:36.866" endtime="20210721 11:54:36.866"/>
</kw>
<kw name="Return From Keyword" library="BuiltIn">
<arg>${field_value}</arg>
<doc>Returns from the enclosing user keyword.</doc>
<msg timestamp="20210721 11:54:36.866" level="INFO">Returning from the enclosing user keyword.</msg>
<status status="PASS" starttime="20210721 11:54:36.866" endtime="20210721 11:54:36.866"/>
</kw>
<msg timestamp="20210721 11:54:36.866" level="INFO">${rack_type1} = CBot</msg>
<status status="PASS" starttime="20210721 11:54:36.828" endtime="20210721 11:54:36.866"/>
</kw>
<kw name="fetchValueOfFieldFromJsonDictionary" library="apiresources">
<var>${rack_type2}</var>
<arg>${json_dict}</arg>
<arg>$.data.site.groups[0].racks[${i}].points[1].type</arg>
<kw name="Get Value From Json" library="JSONLibrary">
<var>${field_value_list}</var>
<arg>${json_dictionary}</arg>
<arg>${json_path_of_required_field}</arg>
<doc>Get Value From JSON using JSONPath</doc>
<msg timestamp="20210721 11:54:36.882" level="INFO">${field_value_list} = ['CTop']</msg>
<status status="PASS" starttime="20210721 11:54:36.866" endtime="20210721 11:54:36.882"/>
</kw>
<kw name="Get From List" library="Collections">
<var>${field_value}</var>
<arg>${field_value_list}</arg>
<arg>0</arg>
<doc>Returns the value specified with an ``index`` from ``list``.</doc>
<msg timestamp="20210721 11:54:36.882" level="INFO">${field_value} = CTop</msg>
<status status="PASS" starttime="20210721 11:54:36.882" endtime="20210721 11:54:36.882"/>
</kw>
<kw name="Return From Keyword" library="BuiltIn">
<arg>${field_value}</arg>
<doc>Returns from the enclosing user keyword.</doc>
<msg timestamp="20210721 11:54:36.882" level="INFO">Returning from the enclosing user keyword.</msg>
<status status="PASS" starttime="20210721 11:54:36.882" endtime="20210721 11:54:36.882"/>
</kw>
<msg timestamp="20210721 11:54:36.882" level="INFO">${rack_type2} = CTop</msg>
<status status="PASS" starttime="20210721 11:54:36.866" endtime="20210721 11:54:36.882"/>
</kw>
<kw name="fetchValueOfFieldFromJsonDictionary" library="apiresources">
<var>${oid1}</var>
<arg>${json_dict}</arg>
<arg>$.data.site.groups[0].racks[${i}].points[0].oid</arg>
<kw name="Get Value From Json" library="JSONLibrary">
<var>${field_value_list}</var>
<arg>${json_dictionary}</arg>
<arg>${json_path_of_required_field}</arg>
<doc>Get Value From JSON using JSONPath</doc>
<msg timestamp="20210721 11:54:36.930" level="INFO">${field_value_list} = [12010]</msg>
<status status="PASS" starttime="20210721 11:54:36.882" endtime="20210721 11:54:36.930"/>
</kw>
<kw name="Get From List" library="Collections">
<var>${field_value}</var>
<arg>${field_value_list}</arg>
<arg>0</arg>
<doc>Returns the value specified with an ``index`` from ``list``.</doc>
<msg timestamp="20210721 11:54:36.930" level="INFO">${field_value} = 12010</msg>
<status status="PASS" starttime="20210721 11:54:36.930" endtime="20210721 11:54:36.930"/>
</kw>
<kw name="Return From Keyword" library="BuiltIn">
<arg>${field_value}</arg>
<doc>Returns from the enclosing user keyword.</doc>
<msg timestamp="20210721 11:54:36.930" level="INFO">Returning from the enclosing user keyword.</msg>
<status status="PASS" starttime="20210721 11:54:36.930" endtime="20210721 11:54:36.930"/>
</kw>
<msg timestamp="20210721 11:54:36.930" level="INFO">${oid1} = 12010</msg>
<status status="PASS" starttime="20210721 11:54:36.882" endtime="20210721 11:54:36.930"/>
</kw>
<kw name="fetchValueOfFieldFromJsonDictionary" library="apiresources">
<var>${oid2}</var>
<arg>${json_dict}</arg>
<arg>$.data.site.groups[0].racks[${i}].points[1].oid</arg>
<kw name="Get Value From Json" library="JSONLibrary">
<var>${field_value_list}</var>
<arg>${json_dictionary}</arg>
<arg>${json_path_of_required_field}</arg>
<doc>Get Value From JSON using JSONPath</doc>
<msg timestamp="20210721 11:54:36.966" level="INFO">${field_value_list} = [12018]</msg>
<status status="PASS" starttime="20210721 11:54:36.945" endtime="20210721 11:54:36.966"/>
</kw>
<kw name="Get From List" library="Collections">
<var>${field_value}</var>
<arg>${field_value_list}</arg>
<arg>0</arg>
<doc>Returns the value specified with an ``index`` from ``list``.</doc>
<msg timestamp="20210721 11:54:36.966" level="INFO">${field_value} = 12018</msg>
<status status="PASS" starttime="20210721 11:54:36.966" endtime="20210721 11:54:36.966"/>
</kw>
<kw name="Return From Keyword" library="BuiltIn">
<arg>${field_value}</arg>
<doc>Returns from the enclosing user keyword.</doc>
<msg timestamp="20210721 11:54:36.966" level="INFO">Returning from the enclosing user keyword.</msg>
<status status="PASS" starttime="20210721 11:54:36.966" endtime="20210721 11:54:36.966"/>
</kw>
<msg timestamp="20210721 11:54:36.966" level="INFO">${oid2} = 12018</msg>
<status status="PASS" starttime="20210721 11:54:36.930" endtime="20210721 11:54:36.966"/>
</kw>
<kw name="fetchValueOfFieldFromJsonDictionary" library="apiresources">
<var>${current_temp}</var>
<arg>${json_dict}</arg>
<arg>$.data.site.groups[0].racks[${i}].points[0].pointCurrent.value</arg>
<kw name="Get Value From Json" library="JSONLibrary">
<var>${field_value_list}</var>
<arg>${json_dictionary}</arg>
<arg>${json_path_of_required_field}</arg>
<doc>Get Value From JSON using JSONPath</doc>
<msg timestamp="20210721 11:54:37.013" level="INFO">${field_value_list} = [65]</msg>
<status status="PASS" starttime="20210721 11:54:36.982" endtime="20210721 11:54:37.013"/>
</kw>
<kw name="Get From List" library="Collections">
<var>${field_value}</var>
<arg>${field_value_list}</arg>
<arg>0</arg>
<doc>Returns the value specified with an ``index`` from ``list``.</doc>
<msg timestamp="20210721 11:54:37.013" level="INFO">${field_value} = 65</msg>
<status status="PASS" starttime="20210721 11:54:37.013" endtime="20210721 11:54:37.013"/>
</kw>
<kw name="Return From Keyword" library="BuiltIn">
<arg>${field_value}</arg>
<doc>Returns from the enclosing user keyword.</doc>
<msg timestamp="20210721 11:54:37.013" level="INFO">Returning from the enclosing user keyword.</msg>
<status status="PASS" starttime="20210721 11:54:37.013" endtime="20210721 11:54:37.013"/>
</kw>
<msg timestamp="20210721 11:54:37.013" level="INFO">${current_temp} = 65</msg>
<status status="PASS" starttime="20210721 11:54:36.966" endtime="20210721 11:54:37.013"/>
</kw>
<if>
<branch type="IF" condition="'${rack_type1}'=='CBot'">
<if>
<branch type="IF" condition="'${rack_type2}'=='CTop'">
<kw name="Set Variable" library="BuiltIn">
<var>${sensor_A_oid}</var>
<arg>${oid1}</arg>
<doc>Returns the given values which can then be assigned to a variables.</doc>
<msg timestamp="20210721 11:54:37.013" level="INFO">${sensor_A_oid} = 12010</msg>
<status status="PASS" starttime="20210721 11:54:37.013" endtime="20210721 11:54:37.013"/>
</kw>
<kw name="Set Variable" library="BuiltIn">
<var>${sensor_B_oid}</var>
<arg>${oid2}</arg>
<doc>Returns the given values which can then be assigned to a variables.</doc>
<msg timestamp="20210721 11:54:37.013" level="INFO">${sensor_B_oid} = 12018</msg>
<status status="PASS" starttime="20210721 11:54:37.013" endtime="20210721 11:54:37.013"/>
</kw>
<kw name="Exit For Loop" library="BuiltIn">
<doc>Stops executing the enclosing for loop.</doc>
<msg timestamp="20210721 11:54:37.013" level="INFO">Exiting for loop altogether.</msg>
<status status="PASS" starttime="20210721 11:54:37.013" endtime="20210721 11:54:37.013"/>
</kw>
<status status="PASS" starttime="20210721 11:54:37.013" endtime="20210721 11:54:37.013"/>
</branch>
<status status="PASS" starttime="20210721 11:54:37.013" endtime="20210721 11:54:37.013"/>
</if>
<status status="PASS" starttime="20210721 11:54:37.013" endtime="20210721 11:54:37.013"/>
</branch>
<status status="PASS" starttime="20210721 11:54:37.013" endtime="20210721 11:54:37.013"/>
</if>
<status status="PASS" starttime="20210721 11:54:36.828" endtime="20210721 11:54:37.013"/>
</iter>
<status status="PASS" starttime="20210721 11:54:36.828" endtime="20210721 11:54:37.013"/>
</for>
<kw name="Log To Console" library="BuiltIn">
<arg>Current temperature of Sensor A is:${current_temp}</arg>
<doc>Logs the given message to the console.</doc>
<status status="PASS" starttime="20210721 11:54:37.013" endtime="20210721 11:54:37.013"/>
</kw>
<kw name="Return From Keyword" library="BuiltIn">
<arg>${current_temp}</arg>
<doc>Returns from the enclosing user keyword.</doc>
<msg timestamp="20210721 11:54:37.013" level="INFO">Returning from the enclosing user keyword.</msg>
<status status="PASS" starttime="20210721 11:54:37.013" endtime="20210721 11:54:37.013"/>
</kw>
<msg timestamp="20210721 11:54:37.013" level="INFO">${current_temperature} = 65</msg>
<status status="PASS" starttime="20210721 11:54:35.478" endtime="20210721 11:54:37.013"/>
</kw>
<if>
<branch type="IF" condition="${current_temperature}==${sensor_point_cooling_temp}">
<kw name="setRackSensorPointsTemperature" library="apiresources">
<arg>${sensor_point_cooling_temp}</arg>
<kw name="Log To Console" library="BuiltIn">
<arg>Fetch the number of rack sensors -----------------&gt;</arg>
<doc>Logs the given message to the console.</doc>
<status status="PASS" starttime="20210721 11:54:37.013" endtime="20210721 11:54:37.033"/>
</kw>
<kw name="queryToFetchJsonResponseContainingTheRackSensorsFromGroup" library="apiresources">
<var>${json_dict}</var>
<kw name="Create Dictionary" library="BuiltIn">
<var>${headers}</var>
<arg>Content-Type=${content_type}</arg>
<arg>Vigilent-Api-Token=${query_api_token}</arg>
<doc>Creates and returns a dictionary based on the given ``items``.</doc>
<msg timestamp="20210721 11:54:37.033" level="INFO">${headers} = {'Content-Type': 'application/json', 'Vigilent-Api-Token': 'bZVd43sS4Y9WZfZ7du3kY6ST'}</msg>
<status status="PASS" starttime="20210721 11:54:37.033" endtime="20210721 11:54:37.033"/>
</kw>
<kw name="Create Dictionary" library="BuiltIn">
<var>${body}</var>
<arg>query= ${rackSensorPoints}</arg>
<doc>Creates and returns a dictionary based on the given ``items``.</doc>
<msg timestamp="20210721 11:54:37.033" level="INFO">${body} = {'query': ' query rackSensorPoints {\n            site {\n              groups: children(selector: {type: Group,name: "GRP00"}) @skip(if:false) {\n                oid name\n               racks: child...</msg>
<status status="PASS" starttime="20210721 11:54:37.033" endtime="20210721 11:54:37.033"/>
</kw>
<kw name="Create Session" library="RequestsLibrary">
<arg>AIEngine</arg>
<arg>${base_url}</arg>
<arg>disable_warnings=1</arg>
<doc>Create Session: create a HTTP session to a server</doc>
<msg timestamp="20210721 11:54:37.033" level="INFO">Creating Session using : alias=AIEngine, url=https://10.252.9.64/api, headers={},                     cookies={}, auth=None, timeout=None, proxies=None, verify=False,                     debug=0 </msg>
<status status="PASS" starttime="20210721 11:54:37.033" endtime="20210721 11:54:37.033"/>
</kw>
<kw name="Post On Session" library="RequestsLibrary">
<var>${result}</var>
<arg>AIEngine</arg>
<arg>/public/graphql</arg>
<arg>headers=${headers}</arg>
<arg>json=${body}</arg>
<doc>Sends a POST request on a previously created HTTP Session.</doc>
<msg timestamp="20210721 11:54:38.154" level="INFO">POST Request : url=https://10.252.9.64/api/public/graphql 
 path_url=/api/public/graphql 
 headers={'User-Agent': 'python-requests/2.25.1', 'Accept-Encoding': 'gzip, deflate', 'Accept': '*/*', 'Connection': 'keep-alive', 'Content-Type': 'application/json', 'Vigilent-Api-Token': 'bZVd43sS4Y9WZfZ7du3kY6ST', 'Content-Length': '552'} 
 body=b'{"query": " query rackSensorPoints {\\n            site {\\n              groups: children(selector: {type: Group,name: \\"GRP00\\"}) @skip(if:false) {\\n                oid name\\n               racks: children(selector:{type: Rack},){\\n\\n                  oid\\n                  displayName\\n              points: children{\\n                oid\\n                name\\n                  type\\n                pointCurrent{\\n                  value\\n                }\\n\\n              }\\n\\n              }\\n              }\\n              }\\n            }\\n"}' 
 </msg>
<msg timestamp="20210721 11:54:38.154" level="INFO">POST Response : url=https://10.252.9.64/api/public/graphql 
 status=200, reason=OK 
 headers={'Date': 'Wed, 21 Jul 2021 06:22:29 GMT', 'Server': 'Apache', 'Content-Encoding': 'gzip', 'Vary': 'Accept-Encoding', 'Content-Length': '433', 'Keep-Alive': 'timeout=10, max=100', 'Connection': 'Keep-Alive', 'Content-Type': 'application/json;charset=UTF-8'} 
 body={"data":{"site":{"groups":[{"oid":17,"name":"GRP00","racks":[{"oid":1272,"displayName":"CAT00-09-00","points":[{"oid":12010,"name":"Rack Bottom","type":"CBot","pointCurrent":{"value":65}},{"oid":12018,"name":"Rack Top","type":"CTop","pointCurrent":{"value":65}}]},{"oid":1291,"displayName":"CAT00-09-01","points":[{"oid":12026,"name":"Rack Bottom","type":"CBot","pointCurrent":{"value":65}},{"oid":12034,"name":"Rack Top","type":"CTop","pointCurrent":{"value":65}}]},{"oid":1310,"displayName":"CAT00-09-02","points":[{"oid":12042,"name":"Rack Bottom","type":"CBot","pointCurrent":{"value":65}},{"oid":12050,"name":"Rack Top","type":"CTop","pointCurrent":{"value":65}}]},{"oid":1329,"displayName":"CAT00-09-03","points":[{"oid":12058,"name":"Rack Bottom","type":"CBot","pointCurrent":{"value":65}},{"oid":12066,"name":"Rack Top","type":"CTop","pointCurrent":{"value":65}}]},{"oid":1348,"displayName":"CAT00-09-04","points":[{"oid":12074,"name":"Rack Bottom","type":"CBot","pointCurrent":{"value":65}},{"oid":12082,"name":"Rack Top","type":"CTop","pointCurrent":{"value":65}}]},{"oid":1367,"displayName":"CAT00-09-05","points":[{"oid":12090,"name":"Rack Bottom","type":"CBot","pointCurrent":{"value":65}},{"oid":12098,"name":"Rack Top","type":"CTop","pointCurrent":{"value":65}}]},{"oid":27360,"displayName":"CAT00-10-10","points":[{"oid":27363,"name":"Rack Bottom","type":"CBot","pointCurrent":{"value":65}},{"oid":27372,"name":"Rack Top","type":"CTop","pointCurrent":{"value":65}}]},{"oid":26267,"displayName":"RACKMON","points":[{"oid":26270,"name":"Rack Bottom","type":"CBot","pointCurrent":{"value":65}},{"oid":26279,"name":"Rack Top","type":"CTop","pointCurrent":{"value":65}}]},{"oid":21845,"displayName":"RH-T_01","points":[{"oid":21848,"name":"Humidity Monitor","type":"RHUM","pointCurrent":{"value":0.416529329182689}},{"oid":21856,"name":"Internal Thermistor","type":"ZNT","pointCurrent":{"value":68.666}}]},{"oid":21864,"displayName":"RH-T_02","points":[{"oid":21867,"name":"Humidity Monitor","type":"RHUM","pointCurrent":{"value":0.426966977964964}},{"oid":21875,"name":"Internal Thermistor","type":"ZNT","pointCurrent":{"value":72.014}}]},{"oid":21883,"displayName":"RH-T_03","points":[{"oid":21886,"name":"Humidity Monitor","type":"RHUM","pointCurrent":{"value":0.43655008240249}},{"oid":21894,"name":"Internal Thermistor","type":"ZNT","pointCurrent":{"value":69.206}}]}]}]}}} 
 </msg>
<msg timestamp="20210721 11:54:38.154" level="INFO">${result} = &lt;Response [200]&gt;</msg>
<status status="PASS" starttime="20210721 11:54:37.033" endtime="20210721 11:54:38.154"/>
</kw>
<kw name="Should Be Equal As Strings" library="BuiltIn">
<arg>${result.status_code}</arg>
<arg>200</arg>
<doc>Fails if objects are unequal after converting them to strings.</doc>
<msg timestamp="20210721 11:54:38.154" level="INFO">Argument types are:
&lt;class 'int'&gt;
&lt;type 'unicode'&gt;</msg>
<status status="PASS" starttime="20210721 11:54:38.154" endtime="20210721 11:54:38.154"/>
</kw>
<kw name="Set Variable" library="BuiltIn">
<var>${json_dict}</var>
<arg>${result.json()}</arg>
<doc>Returns the given values which can then be assigned to a variables.</doc>
<msg timestamp="20210721 11:54:38.169" level="INFO">${json_dict} = {'data': {'site': {'groups': [{'oid': 17, 'name': 'GRP00', 'racks': [{'oid': 1272, 'displayName': 'CAT00-09-00', 'points': [{'oid': 12010, 'name': 'Rack Bottom', 'type': 'CBot', 'pointCurrent': {'valu...</msg>
<status status="PASS" starttime="20210721 11:54:38.154" endtime="20210721 11:54:38.169"/>
</kw>
<kw name="Return From Keyword" library="BuiltIn">
<arg>${json_dict}</arg>
<doc>Returns from the enclosing user keyword.</doc>
<msg timestamp="20210721 11:54:38.169" level="INFO">Returning from the enclosing user keyword.</msg>
<status status="PASS" starttime="20210721 11:54:38.169" endtime="20210721 11:54:38.169"/>
</kw>
<msg timestamp="20210721 11:54:38.169" level="INFO">${json_dict} = {'data': {'site': {'groups': [{'oid': 17, 'name': 'GRP00', 'racks': [{'oid': 1272, 'displayName': 'CAT00-09-00', 'points': [{'oid': 12010, 'name': 'Rack Bottom', 'type': 'CBot', 'pointCurrent': {'valu...</msg>
<status status="PASS" starttime="20210721 11:54:37.033" endtime="20210721 11:54:38.169"/>
</kw>
<kw name="fetchTheNumberOfItemsInDictionary" library="apiresources">
<var>${total}</var>
<arg>${json_dict}</arg>
<arg>${racks_in_group}</arg>
<kw name="Get Value From Json" library="JSONLibrary">
<var>@{points}</var>
<arg>${dictionary}</arg>
<arg>${json_of_required_node}</arg>
<doc>Get Value From JSON using JSONPath</doc>
<msg timestamp="20210721 11:54:38.201" level="INFO">@{points} = [ [{'oid': 1272, 'displayName': 'CAT00-09-00', 'points': [{'oid': 12010, 'name': 'Rack Bottom', 'type': 'CBot', 'pointCurrent': {'value': 65}}, {'oid': 12018, 'name': 'Rack Top', 'type': 'CTop', 'poin...</msg>
<status status="PASS" starttime="20210721 11:54:38.169" endtime="20210721 11:54:38.201"/>
</kw>
<kw name="Get Length" library="BuiltIn">
<var>${total_points_to_write}</var>
<arg>@{points}</arg>
<doc>Returns and logs the length of the given item as an integer.</doc>
<msg timestamp="20210721 11:54:38.201" level="INFO">Length is 11</msg>
<msg timestamp="20210721 11:54:38.201" level="INFO">${total_points_to_write} = 11</msg>
<status status="PASS" starttime="20210721 11:54:38.201" endtime="20210721 11:54:38.201"/>
</kw>
<kw name="Convert To Integer" library="BuiltIn">
<var>${total}</var>
<arg>${total_points_to_write}</arg>
<doc>Converts the given item to an integer number.</doc>
<msg timestamp="20210721 11:54:38.201" level="INFO">${total} = 11</msg>
<status status="PASS" starttime="20210721 11:54:38.201" endtime="20210721 11:54:38.201"/>
</kw>
<kw name="Return From Keyword" library="BuiltIn">
<arg>${total}</arg>
<doc>Returns from the enclosing user keyword.</doc>
<msg timestamp="20210721 11:54:38.201" level="INFO">Returning from the enclosing user keyword.</msg>
<status status="PASS" starttime="20210721 11:54:38.201" endtime="20210721 11:54:38.201"/>
</kw>
<msg timestamp="20210721 11:54:38.201" level="INFO">${total} = 11</msg>
<status status="PASS" starttime="20210721 11:54:38.169" endtime="20210721 11:54:38.201"/>
</kw>
<kw name="Log To Console" library="BuiltIn">
<arg>Setting temperature for all sensor points-----------------&gt;</arg>
<doc>Logs the given message to the console.</doc>
<status status="PASS" starttime="20210721 11:54:38.201" endtime="20210721 11:54:38.201"/>
</kw>
<for flavor="IN RANGE">
<var>${i}</var>
<value>0</value>
<value>${total}</value>
<iter>
<var name="${i}">0</var>
<kw name="Log To Console" library="BuiltIn">
<arg>${i} Rack Sensor</arg>
<doc>Logs the given message to the console.</doc>
<status status="PASS" starttime="20210721 11:54:38.201" endtime="20210721 11:54:38.201"/>
</kw>
<kw name="fetchValueOfFieldFromJsonDictionary" library="apiresources">
<var>${rack_type1}</var>
<arg>${json_dict}</arg>
<arg>$.data.site.groups[0].racks[${i}].points[0].name</arg>
<kw name="Get Value From Json" library="JSONLibrary">
<var>${field_value_list}</var>
<arg>${json_dictionary}</arg>
<arg>${json_path_of_required_field}</arg>
<doc>Get Value From JSON using JSONPath</doc>
<msg timestamp="20210721 11:54:38.232" level="INFO">${field_value_list} = ['Rack Bottom']</msg>
<status status="PASS" starttime="20210721 11:54:38.201" endtime="20210721 11:54:38.232"/>
</kw>
<kw name="Get From List" library="Collections">
<var>${field_value}</var>
<arg>${field_value_list}</arg>
<arg>0</arg>
<doc>Returns the value specified with an ``index`` from ``list``.</doc>
<msg timestamp="20210721 11:54:38.232" level="INFO">${field_value} = Rack Bottom</msg>
<status status="PASS" starttime="20210721 11:54:38.232" endtime="20210721 11:54:38.232"/>
</kw>
<kw name="Return From Keyword" library="BuiltIn">
<arg>${field_value}</arg>
<doc>Returns from the enclosing user keyword.</doc>
<msg timestamp="20210721 11:54:38.232" level="INFO">Returning from the enclosing user keyword.</msg>
<status status="PASS" starttime="20210721 11:54:38.232" endtime="20210721 11:54:38.232"/>
</kw>
<msg timestamp="20210721 11:54:38.232" level="INFO">${rack_type1} = Rack Bottom</msg>
<status status="PASS" starttime="20210721 11:54:38.201" endtime="20210721 11:54:38.232"/>
</kw>
<kw name="fetchValueOfFieldFromJsonDictionary" library="apiresources">
<var>${rack_type2}</var>
<arg>${json_dict}</arg>
<arg>$.data.site.groups[0].racks[${i}].points[1].name</arg>
<kw name="Get Value From Json" library="JSONLibrary">
<var>${field_value_list}</var>
<arg>${json_dictionary}</arg>
<arg>${json_path_of_required_field}</arg>
<doc>Get Value From JSON using JSONPath</doc>
<msg timestamp="20210721 11:54:38.254" level="INFO">${field_value_list} = ['Rack Top']</msg>
<status status="PASS" starttime="20210721 11:54:38.232" endtime="20210721 11:54:38.254"/>
</kw>
<kw name="Get From List" library="Collections">
<var>${field_value}</var>
<arg>${field_value_list}</arg>
<arg>0</arg>
<doc>Returns the value specified with an ``index`` from ``list``.</doc>
<msg timestamp="20210721 11:54:38.254" level="INFO">${field_value} = Rack Top</msg>
<status status="PASS" starttime="20210721 11:54:38.254" endtime="20210721 11:54:38.254"/>
</kw>
<kw name="Return From Keyword" library="BuiltIn">
<arg>${field_value}</arg>
<doc>Returns from the enclosing user keyword.</doc>
<msg timestamp="20210721 11:54:38.254" level="INFO">Returning from the enclosing user keyword.</msg>
<status status="PASS" starttime="20210721 11:54:38.254" endtime="20210721 11:54:38.254"/>
</kw>
<msg timestamp="20210721 11:54:38.254" level="INFO">${rack_type2} = Rack Top</msg>
<status status="PASS" starttime="20210721 11:54:38.232" endtime="20210721 11:54:38.254"/>
</kw>
<kw name="fetchValueOfFieldFromJsonDictionary" library="apiresources">
<var>${oid1}</var>
<arg>${json_dict}</arg>
<arg>$.data.site.groups[0].racks[${i}].points[0].oid</arg>
<kw name="Get Value From Json" library="JSONLibrary">
<var>${field_value_list}</var>
<arg>${json_dictionary}</arg>
<arg>${json_path_of_required_field}</arg>
<doc>Get Value From JSON using JSONPath</doc>
<msg timestamp="20210721 11:54:38.285" level="INFO">${field_value_list} = [12010]</msg>
<status status="PASS" starttime="20210721 11:54:38.254" endtime="20210721 11:54:38.301"/>
</kw>
<kw name="Get From List" library="Collections">
<var>${field_value}</var>
<arg>${field_value_list}</arg>
<arg>0</arg>
<doc>Returns the value specified with an ``index`` from ``list``.</doc>
<msg timestamp="20210721 11:54:38.301" level="INFO">${field_value} = 12010</msg>
<status status="PASS" starttime="20210721 11:54:38.301" endtime="20210721 11:54:38.301"/>
</kw>
<kw name="Return From Keyword" library="BuiltIn">
<arg>${field_value}</arg>
<doc>Returns from the enclosing user keyword.</doc>
<msg timestamp="20210721 11:54:38.301" level="INFO">Returning from the enclosing user keyword.</msg>
<status status="PASS" starttime="20210721 11:54:38.301" endtime="20210721 11:54:38.301"/>
</kw>
<msg timestamp="20210721 11:54:38.301" level="INFO">${oid1} = 12010</msg>
<status status="PASS" starttime="20210721 11:54:38.254" endtime="20210721 11:54:38.301"/>
</kw>
<kw name="fetchValueOfFieldFromJsonDictionary" library="apiresources">
<var>${oid2}</var>
<arg>${json_dict}</arg>
<arg>$.data.site.groups[0].racks[${i}].points[1].oid</arg>
<kw name="Get Value From Json" library="JSONLibrary">
<var>${field_value_list}</var>
<arg>${json_dictionary}</arg>
<arg>${json_path_of_required_field}</arg>
<doc>Get Value From JSON using JSONPath</doc>
<msg timestamp="20210721 11:54:38.332" level="INFO">${field_value_list} = [12018]</msg>
<status status="PASS" starttime="20210721 11:54:38.301" endtime="20210721 11:54:38.332"/>
</kw>
<kw name="Get From List" library="Collections">
<var>${field_value}</var>
<arg>${field_value_list}</arg>
<arg>0</arg>
<doc>Returns the value specified with an ``index`` from ``list``.</doc>
<msg timestamp="20210721 11:54:38.332" level="INFO">${field_value} = 12018</msg>
<status status="PASS" starttime="20210721 11:54:38.332" endtime="20210721 11:54:38.332"/>
</kw>
<kw name="Return From Keyword" library="BuiltIn">
<arg>${field_value}</arg>
<doc>Returns from the enclosing user keyword.</doc>
<msg timestamp="20210721 11:54:38.332" level="INFO">Returning from the enclosing user keyword.</msg>
<status status="PASS" starttime="20210721 11:54:38.332" endtime="20210721 11:54:38.332"/>
</kw>
<msg timestamp="20210721 11:54:38.332" level="INFO">${oid2} = 12018</msg>
<status status="PASS" starttime="20210721 11:54:38.301" endtime="20210721 11:54:38.332"/>
</kw>
<kw name="Run Keyword If" library="BuiltIn">
<arg>'${rack_type1}'!='Humidity Monitor'</arg>
<arg>setRackPointSensorTemperature</arg>
<arg>${oid1}</arg>
<arg>${tempF}</arg>
<doc>Runs the given keyword with the given arguments, if ``condition`` is true.</doc>
<kw name="setRackPointSensorTemperature" library="apiresources">
<arg>${oid1}</arg>
<arg>${tempF}</arg>
<kw name="Create Dictionary" library="BuiltIn">
<var>${headers}</var>
<arg>Content-Type=${content_type}</arg>
<arg>Vigilent-Api-Token=${write_api_token}</arg>
<doc>Creates and returns a dictionary based on the given ``items``.</doc>
<msg timestamp="20210721 11:54:38.332" level="INFO">${headers} = {'Content-Type': 'application/json', 'Vigilent-Api-Token': 'vd2R6aDXgz5e9zkmf7TfZzqN'}</msg>
<status status="PASS" starttime="20210721 11:54:38.332" endtime="20210721 11:54:38.332"/>
</kw>
<kw name="Create Dictionary" library="BuiltIn">
<var>${body}</var>
<arg>query= mutation pointWrite { pointWrite(requests: [{oid: ${oid}, value: ${temp}}]) { index reason }}</arg>
<doc>Creates and returns a dictionary based on the given ``items``.</doc>
<msg timestamp="20210721 11:54:38.332" level="INFO">${body} = {'query': ' mutation pointWrite { pointWrite(requests: [{oid: 12010, value: 65.0}]) { index reason }}'}</msg>
<status status="PASS" starttime="20210721 11:54:38.332" endtime="20210721 11:54:38.332"/>
</kw>
<kw name="Create Session" library="RequestsLibrary">
<arg>AIEngine</arg>
<arg>${base_url}</arg>
<arg>disable_warnings=1</arg>
<doc>Create Session: create a HTTP session to a server</doc>
<msg timestamp="20210721 11:54:38.332" level="INFO">Creating Session using : alias=AIEngine, url=https://10.252.9.64/api, headers={},                     cookies={}, auth=None, timeout=None, proxies=None, verify=False,                     debug=0 </msg>
<status status="PASS" starttime="20210721 11:54:38.332" endtime="20210721 11:54:38.332"/>
</kw>
<kw name="Post On Session" library="RequestsLibrary">
<var>${result}</var>
<arg>AIEngine</arg>
<arg>/public/graphql</arg>
<arg>headers=${headers}</arg>
<arg>json=${body}</arg>
<doc>Sends a POST request on a previously created HTTP Session.</doc>
<msg timestamp="20210721 11:54:39.372" level="INFO">POST Request : url=https://10.252.9.64/api/public/graphql 
 path_url=/api/public/graphql 
 headers={'User-Agent': 'python-requests/2.25.1', 'Accept-Encoding': 'gzip, deflate', 'Accept': '*/*', 'Connection': 'keep-alive', 'Content-Type': 'application/json', 'Vigilent-Api-Token': 'vd2R6aDXgz5e9zkmf7TfZzqN', 'Content-Length': '103'} 
 body=b'{"query": " mutation pointWrite { pointWrite(requests: [{oid: 12010, value: 65.0}]) { index reason }}"}' 
 </msg>
<msg timestamp="20210721 11:54:39.372" level="INFO">POST Response : url=https://10.252.9.64/api/public/graphql 
 status=200, reason=OK 
 headers={'Date': 'Wed, 21 Jul 2021 06:22:30 GMT', 'Server': 'Apache', 'Content-Encoding': 'gzip', 'Vary': 'Accept-Encoding', 'Content-Length': '46', 'Keep-Alive': 'timeout=10, max=100', 'Connection': 'Keep-Alive', 'Content-Type': 'application/json;charset=UTF-8'} 
 body={"data":{"pointWrite":[]}} 
 </msg>
<msg timestamp="20210721 11:54:39.372" level="INFO">${result} = &lt;Response [200]&gt;</msg>
<status status="PASS" starttime="20210721 11:54:38.332" endtime="20210721 11:54:39.372"/>
</kw>
<kw name="Should Be Equal As Strings" library="BuiltIn">
<arg>${result.status_code}</arg>
<arg>200</arg>
<doc>Fails if objects are unequal after converting them to strings.</doc>
<msg timestamp="20210721 11:54:39.388" level="INFO">Argument types are:
&lt;class 'int'&gt;
&lt;type 'unicode'&gt;</msg>
<status status="PASS" starttime="20210721 11:54:39.372" endtime="20210721 11:54:39.388"/>
</kw>
<kw name="Log To Console" library="BuiltIn">
<arg>Temperature ${temp} F set for ${oid}</arg>
<doc>Logs the given message to the console.</doc>
<status status="PASS" starttime="20210721 11:54:39.388" endtime="20210721 11:54:39.388"/>
</kw>
<status status="PASS" starttime="20210721 11:54:38.332" endtime="20210721 11:54:39.404"/>
</kw>
<status status="PASS" starttime="20210721 11:54:38.332" endtime="20210721 11:54:39.404"/>
</kw>
<kw name="Run Keyword If" library="BuiltIn">
<arg>'${rack_type2}'!='Internal Thermistor'</arg>
<arg>setRackPointSensorTemperature</arg>
<arg>${oid2}</arg>
<arg>${tempF}</arg>
<doc>Runs the given keyword with the given arguments, if ``condition`` is true.</doc>
<kw name="setRackPointSensorTemperature" library="apiresources">
<arg>${oid2}</arg>
<arg>${tempF}</arg>
<kw name="Create Dictionary" library="BuiltIn">
<var>${headers}</var>
<arg>Content-Type=${content_type}</arg>
<arg>Vigilent-Api-Token=${write_api_token}</arg>
<doc>Creates and returns a dictionary based on the given ``items``.</doc>
<msg timestamp="20210721 11:54:39.419" level="INFO">${headers} = {'Content-Type': 'application/json', 'Vigilent-Api-Token': 'vd2R6aDXgz5e9zkmf7TfZzqN'}</msg>
<status status="PASS" starttime="20210721 11:54:39.404" endtime="20210721 11:54:39.419"/>
</kw>
<kw name="Create Dictionary" library="BuiltIn">
<var>${body}</var>
<arg>query= mutation pointWrite { pointWrite(requests: [{oid: ${oid}, value: ${temp}}]) { index reason }}</arg>
<doc>Creates and returns a dictionary based on the given ``items``.</doc>
<msg timestamp="20210721 11:54:39.419" level="INFO">${body} = {'query': ' mutation pointWrite { pointWrite(requests: [{oid: 12018, value: 65.0}]) { index reason }}'}</msg>
<status status="PASS" starttime="20210721 11:54:39.419" endtime="20210721 11:54:39.419"/>
</kw>
<kw name="Create Session" library="RequestsLibrary">
<arg>AIEngine</arg>
<arg>${base_url}</arg>
<arg>disable_warnings=1</arg>
<doc>Create Session: create a HTTP session to a server</doc>
<msg timestamp="20210721 11:54:39.435" level="INFO">Creating Session using : alias=AIEngine, url=https://10.252.9.64/api, headers={},                     cookies={}, auth=None, timeout=None, proxies=None, verify=False,                     debug=0 </msg>
<status status="PASS" starttime="20210721 11:54:39.419" endtime="20210721 11:54:39.435"/>
</kw>
<kw name="Post On Session" library="RequestsLibrary">
<var>${result}</var>
<arg>AIEngine</arg>
<arg>/public/graphql</arg>
<arg>headers=${headers}</arg>
<arg>json=${body}</arg>
<doc>Sends a POST request on a previously created HTTP Session.</doc>
<msg timestamp="20210721 11:54:40.507" level="INFO">POST Request : url=https://10.252.9.64/api/public/graphql 
 path_url=/api/public/graphql 
 headers={'User-Agent': 'python-requests/2.25.1', 'Accept-Encoding': 'gzip, deflate', 'Accept': '*/*', 'Connection': 'keep-alive', 'Content-Type': 'application/json', 'Vigilent-Api-Token': 'vd2R6aDXgz5e9zkmf7TfZzqN', 'Content-Length': '103'} 
 body=b'{"query": " mutation pointWrite { pointWrite(requests: [{oid: 12018, value: 65.0}]) { index reason }}"}' 
 </msg>
<msg timestamp="20210721 11:54:40.507" level="INFO">POST Response : url=https://10.252.9.64/api/public/graphql 
 status=200, reason=OK 
 headers={'Date': 'Wed, 21 Jul 2021 06:22:31 GMT', 'Server': 'Apache', 'Content-Encoding': 'gzip', 'Vary': 'Accept-Encoding', 'Content-Length': '46', 'Keep-Alive': 'timeout=10, max=100', 'Connection': 'Keep-Alive', 'Content-Type': 'application/json;charset=UTF-8'} 
 body={"data":{"pointWrite":[]}} 
 </msg>
<msg timestamp="20210721 11:54:40.507" level="INFO">${result} = &lt;Response [200]&gt;</msg>
<status status="PASS" starttime="20210721 11:54:39.435" endtime="20210721 11:54:40.507"/>
</kw>
<kw name="Should Be Equal As Strings" library="BuiltIn">
<arg>${result.status_code}</arg>
<arg>200</arg>
<doc>Fails if objects are unequal after converting them to strings.</doc>
<msg timestamp="20210721 11:54:40.538" level="INFO">Argument types are:
&lt;class 'int'&gt;
&lt;type 'unicode'&gt;</msg>
<status status="PASS" starttime="20210721 11:54:40.507" endtime="20210721 11:54:40.538"/>
</kw>
<kw name="Log To Console" library="BuiltIn">
<arg>Temperature ${temp} F set for ${oid}</arg>
<doc>Logs the given message to the console.</doc>
<status status="PASS" starttime="20210721 11:54:40.538" endtime="20210721 11:54:40.538"/>
</kw>
<status status="PASS" starttime="20210721 11:54:39.404" endtime="20210721 11:54:40.538"/>
</kw>
<status status="PASS" starttime="20210721 11:54:39.404" endtime="20210721 11:54:40.538"/>
</kw>
<status status="PASS" starttime="20210721 11:54:38.201" endtime="20210721 11:54:40.554"/>
</iter>
<iter>
<var name="${i}">1</var>
<kw name="Log To Console" library="BuiltIn">
<arg>${i} Rack Sensor</arg>
<doc>Logs the given message to the console.</doc>
<status status="PASS" starttime="20210721 11:54:40.554" endtime="20210721 11:54:40.560"/>
</kw>
<kw name="fetchValueOfFieldFromJsonDictionary" library="apiresources">
<var>${rack_type1}</var>
<arg>${json_dict}</arg>
<arg>$.data.site.groups[0].racks[${i}].points[0].name</arg>
<kw name="Get Value From Json" library="JSONLibrary">
<var>${field_value_list}</var>
<arg>${json_dictionary}</arg>
<arg>${json_path_of_required_field}</arg>
<doc>Get Value From JSON using JSONPath</doc>
<msg timestamp="20210721 11:54:40.792" level="INFO">${field_value_list} = ['Rack Bottom']</msg>
<status status="PASS" starttime="20210721 11:54:40.560" endtime="20210721 11:54:40.792"/>
</kw>
<kw name="Get From List" library="Collections">
<var>${field_value}</var>
<arg>${field_value_list}</arg>
<arg>0</arg>
<doc>Returns the value specified with an ``index`` from ``list``.</doc>
<msg timestamp="20210721 11:54:40.808" level="INFO">${field_value} = Rack Bottom</msg>
<status status="PASS" starttime="20210721 11:54:40.808" endtime="20210721 11:54:40.808"/>
</kw>
<kw name="Return From Keyword" library="BuiltIn">
<arg>${field_value}</arg>
<doc>Returns from the enclosing user keyword.</doc>
<msg timestamp="20210721 11:54:40.808" level="INFO">Returning from the enclosing user keyword.</msg>
<status status="PASS" starttime="20210721 11:54:40.808" endtime="20210721 11:54:40.808"/>
</kw>
<msg timestamp="20210721 11:54:40.808" level="INFO">${rack_type1} = Rack Bottom</msg>
<status status="PASS" starttime="20210721 11:54:40.560" endtime="20210721 11:54:40.808"/>
</kw>
<kw name="fetchValueOfFieldFromJsonDictionary" library="apiresources">
<var>${rack_type2}</var>
<arg>${json_dict}</arg>
<arg>$.data.site.groups[0].racks[${i}].points[1].name</arg>
<kw name="Get Value From Json" library="JSONLibrary">
<var>${field_value_list}</var>
<arg>${json_dictionary}</arg>
<arg>${json_path_of_required_field}</arg>
<doc>Get Value From JSON using JSONPath</doc>
<msg timestamp="20210721 11:54:41.093" level="INFO">${field_value_list} = ['Rack Top']</msg>
<status status="PASS" starttime="20210721 11:54:40.823" endtime="20210721 11:54:41.093"/>
</kw>
<kw name="Get From List" library="Collections">
<var>${field_value}</var>
<arg>${field_value_list}</arg>
<arg>0</arg>
<doc>Returns the value specified with an ``index`` from ``list``.</doc>
<msg timestamp="20210721 11:54:41.093" level="INFO">${field_value} = Rack Top</msg>
<status status="PASS" starttime="20210721 11:54:41.093" endtime="20210721 11:54:41.093"/>
</kw>
<kw name="Return From Keyword" library="BuiltIn">
<arg>${field_value}</arg>
<doc>Returns from the enclosing user keyword.</doc>
<msg timestamp="20210721 11:54:41.093" level="INFO">Returning from the enclosing user keyword.</msg>
<status status="PASS" starttime="20210721 11:54:41.093" endtime="20210721 11:54:41.093"/>
</kw>
<msg timestamp="20210721 11:54:41.109" level="INFO">${rack_type2} = Rack Top</msg>
<status status="PASS" starttime="20210721 11:54:40.823" endtime="20210721 11:54:41.109"/>
</kw>
<kw name="fetchValueOfFieldFromJsonDictionary" library="apiresources">
<var>${oid1}</var>
<arg>${json_dict}</arg>
<arg>$.data.site.groups[0].racks[${i}].points[0].oid</arg>
<kw name="Get Value From Json" library="JSONLibrary">
<var>${field_value_list}</var>
<arg>${json_dictionary}</arg>
<arg>${json_path_of_required_field}</arg>
<doc>Get Value From JSON using JSONPath</doc>
<msg timestamp="20210721 11:54:41.394" level="INFO">${field_value_list} = [12026]</msg>
<status status="PASS" starttime="20210721 11:54:41.109" endtime="20210721 11:54:41.394"/>
</kw>
<kw name="Get From List" library="Collections">
<var>${field_value}</var>
<arg>${field_value_list}</arg>
<arg>0</arg>
<doc>Returns the value specified with an ``index`` from ``list``.</doc>
<msg timestamp="20210721 11:54:41.410" level="INFO">${field_value} = 12026</msg>
<status status="PASS" starttime="20210721 11:54:41.394" endtime="20210721 11:54:41.410"/>
</kw>
<kw name="Return From Keyword" library="BuiltIn">
<arg>${field_value}</arg>
<doc>Returns from the enclosing user keyword.</doc>
<msg timestamp="20210721 11:54:41.410" level="INFO">Returning from the enclosing user keyword.</msg>
<status status="PASS" starttime="20210721 11:54:41.410" endtime="20210721 11:54:41.410"/>
</kw>
<msg timestamp="20210721 11:54:41.410" level="INFO">${oid1} = 12026</msg>
<status status="PASS" starttime="20210721 11:54:41.109" endtime="20210721 11:54:41.410"/>
</kw>
<kw name="fetchValueOfFieldFromJsonDictionary" library="apiresources">
<var>${oid2}</var>
<arg>${json_dict}</arg>
<arg>$.data.site.groups[0].racks[${i}].points[1].oid</arg>
<kw name="Get Value From Json" library="JSONLibrary">
<var>${field_value_list}</var>
<arg>${json_dictionary}</arg>
<arg>${json_path_of_required_field}</arg>
<doc>Get Value From JSON using JSONPath</doc>
<msg timestamp="20210721 11:54:41.642" level="INFO">${field_value_list} = [12034]</msg>
<status status="PASS" starttime="20210721 11:54:41.426" endtime="20210721 11:54:41.642"/>
</kw>
<kw name="Get From List" library="Collections">
<var>${field_value}</var>
<arg>${field_value_list}</arg>
<arg>0</arg>
<doc>Returns the value specified with an ``index`` from ``list``.</doc>
<msg timestamp="20210721 11:54:41.664" level="INFO">${field_value} = 12034</msg>
<status status="PASS" starttime="20210721 11:54:41.657" endtime="20210721 11:54:41.664"/>
</kw>
<kw name="Return From Keyword" library="BuiltIn">
<arg>${field_value}</arg>
<doc>Returns from the enclosing user keyword.</doc>
<msg timestamp="20210721 11:54:41.666" level="INFO">Returning from the enclosing user keyword.</msg>
<status status="PASS" starttime="20210721 11:54:41.666" endtime="20210721 11:54:41.666"/>
</kw>
<msg timestamp="20210721 11:54:41.666" level="INFO">${oid2} = 12034</msg>
<status status="PASS" starttime="20210721 11:54:41.410" endtime="20210721 11:54:41.666"/>
</kw>
<kw name="Run Keyword If" library="BuiltIn">
<arg>'${rack_type1}'!='Humidity Monitor'</arg>
<arg>setRackPointSensorTemperature</arg>
<arg>${oid1}</arg>
<arg>${tempF}</arg>
<doc>Runs the given keyword with the given arguments, if ``condition`` is true.</doc>
<kw name="setRackPointSensorTemperature" library="apiresources">
<arg>${oid1}</arg>
<arg>${tempF}</arg>
<kw name="Create Dictionary" library="BuiltIn">
<var>${headers}</var>
<arg>Content-Type=${content_type}</arg>
<arg>Vigilent-Api-Token=${write_api_token}</arg>
<doc>Creates and returns a dictionary based on the given ``items``.</doc>
<msg timestamp="20210721 11:54:41.685" level="INFO">${headers} = {'Content-Type': 'application/json', 'Vigilent-Api-Token': 'vd2R6aDXgz5e9zkmf7TfZzqN'}</msg>
<status status="PASS" starttime="20210721 11:54:41.676" endtime="20210721 11:54:41.685"/>
</kw>
<kw name="Create Dictionary" library="BuiltIn">
<var>${body}</var>
<arg>query= mutation pointWrite { pointWrite(requests: [{oid: ${oid}, value: ${temp}}]) { index reason }}</arg>
<doc>Creates and returns a dictionary based on the given ``items``.</doc>
<msg timestamp="20210721 11:54:41.687" level="INFO">${body} = {'query': ' mutation pointWrite { pointWrite(requests: [{oid: 12026, value: 65.0}]) { index reason }}'}</msg>
<status status="PASS" starttime="20210721 11:54:41.687" endtime="20210721 11:54:41.687"/>
</kw>
<kw name="Create Session" library="RequestsLibrary">
<arg>AIEngine</arg>
<arg>${base_url}</arg>
<arg>disable_warnings=1</arg>
<doc>Create Session: create a HTTP session to a server</doc>
<msg timestamp="20210721 11:54:41.695" level="INFO">Creating Session using : alias=AIEngine, url=https://10.252.9.64/api, headers={},                     cookies={}, auth=None, timeout=None, proxies=None, verify=False,                     debug=0 </msg>
<status status="PASS" starttime="20210721 11:54:41.687" endtime="20210721 11:54:41.697"/>
</kw>
<kw name="Post On Session" library="RequestsLibrary">
<var>${result}</var>
<arg>AIEngine</arg>
<arg>/public/graphql</arg>
<arg>headers=${headers}</arg>
<arg>json=${body}</arg>
<doc>Sends a POST request on a previously created HTTP Session.</doc>
<msg timestamp="20210721 11:54:42.611" level="INFO">POST Request : url=https://10.252.9.64/api/public/graphql 
 path_url=/api/public/graphql 
 headers={'User-Agent': 'python-requests/2.25.1', 'Accept-Encoding': 'gzip, deflate', 'Accept': '*/*', 'Connection': 'keep-alive', 'Content-Type': 'application/json', 'Vigilent-Api-Token': 'vd2R6aDXgz5e9zkmf7TfZzqN', 'Content-Length': '103'} 
 body=b'{"query": " mutation pointWrite { pointWrite(requests: [{oid: 12026, value: 65.0}]) { index reason }}"}' 
 </msg>
<msg timestamp="20210721 11:54:42.611" level="INFO">POST Response : url=https://10.252.9.64/api/public/graphql 
 status=200, reason=OK 
 headers={'Date': 'Wed, 21 Jul 2021 06:22:34 GMT', 'Server': 'Apache', 'Content-Encoding': 'gzip', 'Vary': 'Accept-Encoding', 'Content-Length': '46', 'Keep-Alive': 'timeout=10, max=100', 'Connection': 'Keep-Alive', 'Content-Type': 'application/json;charset=UTF-8'} 
 body={"data":{"pointWrite":[]}} 
 </msg>
<msg timestamp="20210721 11:54:42.611" level="INFO">${result} = &lt;Response [200]&gt;</msg>
<status status="PASS" starttime="20210721 11:54:41.697" endtime="20210721 11:54:42.611"/>
</kw>
<kw name="Should Be Equal As Strings" library="BuiltIn">
<arg>${result.status_code}</arg>
<arg>200</arg>
<doc>Fails if objects are unequal after converting them to strings.</doc>
<msg timestamp="20210721 11:54:42.611" level="INFO">Argument types are:
&lt;class 'int'&gt;
&lt;type 'unicode'&gt;</msg>
<status status="PASS" starttime="20210721 11:54:42.611" endtime="20210721 11:54:42.611"/>
</kw>
<kw name="Log To Console" library="BuiltIn">
<arg>Temperature ${temp} F set for ${oid}</arg>
<doc>Logs the given message to the console.</doc>
<status status="PASS" starttime="20210721 11:54:42.611" endtime="20210721 11:54:42.611"/>
</kw>
<status status="PASS" starttime="20210721 11:54:41.676" endtime="20210721 11:54:42.611"/>
</kw>
<status status="PASS" starttime="20210721 11:54:41.666" endtime="20210721 11:54:42.611"/>
</kw>
<kw name="Run Keyword If" library="BuiltIn">
<arg>'${rack_type2}'!='Internal Thermistor'</arg>
<arg>setRackPointSensorTemperature</arg>
<arg>${oid2}</arg>
<arg>${tempF}</arg>
<doc>Runs the given keyword with the given arguments, if ``condition`` is true.</doc>
<kw name="setRackPointSensorTemperature" library="apiresources">
<arg>${oid2}</arg>
<arg>${tempF}</arg>
<kw name="Create Dictionary" library="BuiltIn">
<var>${headers}</var>
<arg>Content-Type=${content_type}</arg>
<arg>Vigilent-Api-Token=${write_api_token}</arg>
<doc>Creates and returns a dictionary based on the given ``items``.</doc>
<msg timestamp="20210721 11:54:42.627" level="INFO">${headers} = {'Content-Type': 'application/json', 'Vigilent-Api-Token': 'vd2R6aDXgz5e9zkmf7TfZzqN'}</msg>
<status status="PASS" starttime="20210721 11:54:42.627" endtime="20210721 11:54:42.627"/>
</kw>
<kw name="Create Dictionary" library="BuiltIn">
<var>${body}</var>
<arg>query= mutation pointWrite { pointWrite(requests: [{oid: ${oid}, value: ${temp}}]) { index reason }}</arg>
<doc>Creates and returns a dictionary based on the given ``items``.</doc>
<msg timestamp="20210721 11:54:42.627" level="INFO">${body} = {'query': ' mutation pointWrite { pointWrite(requests: [{oid: 12034, value: 65.0}]) { index reason }}'}</msg>
<status status="PASS" starttime="20210721 11:54:42.627" endtime="20210721 11:54:42.627"/>
</kw>
<kw name="Create Session" library="RequestsLibrary">
<arg>AIEngine</arg>
<arg>${base_url}</arg>
<arg>disable_warnings=1</arg>
<doc>Create Session: create a HTTP session to a server</doc>
<msg timestamp="20210721 11:54:42.627" level="INFO">Creating Session using : alias=AIEngine, url=https://10.252.9.64/api, headers={},                     cookies={}, auth=None, timeout=None, proxies=None, verify=False,                     debug=0 </msg>
<status status="PASS" starttime="20210721 11:54:42.627" endtime="20210721 11:54:42.627"/>
</kw>
<kw name="Post On Session" library="RequestsLibrary">
<var>${result}</var>
<arg>AIEngine</arg>
<arg>/public/graphql</arg>
<arg>headers=${headers}</arg>
<arg>json=${body}</arg>
<doc>Sends a POST request on a previously created HTTP Session.</doc>
<msg timestamp="20210721 11:54:43.529" level="INFO">POST Request : url=https://10.252.9.64/api/public/graphql 
 path_url=/api/public/graphql 
 headers={'User-Agent': 'python-requests/2.25.1', 'Accept-Encoding': 'gzip, deflate', 'Accept': '*/*', 'Connection': 'keep-alive', 'Content-Type': 'application/json', 'Vigilent-Api-Token': 'vd2R6aDXgz5e9zkmf7TfZzqN', 'Content-Length': '103'} 
 body=b'{"query": " mutation pointWrite { pointWrite(requests: [{oid: 12034, value: 65.0}]) { index reason }}"}' 
 </msg>
<msg timestamp="20210721 11:54:43.529" level="INFO">POST Response : url=https://10.252.9.64/api/public/graphql 
 status=200, reason=OK 
 headers={'Date': 'Wed, 21 Jul 2021 06:22:34 GMT', 'Server': 'Apache', 'Content-Encoding': 'gzip', 'Vary': 'Accept-Encoding', 'Content-Length': '46', 'Keep-Alive': 'timeout=10, max=100', 'Connection': 'Keep-Alive', 'Content-Type': 'application/json;charset=UTF-8'} 
 body={"data":{"pointWrite":[]}} 
 </msg>
<msg timestamp="20210721 11:54:43.529" level="INFO">${result} = &lt;Response [200]&gt;</msg>
<status status="PASS" starttime="20210721 11:54:42.627" endtime="20210721 11:54:43.529"/>
</kw>
<kw name="Should Be Equal As Strings" library="BuiltIn">
<arg>${result.status_code}</arg>
<arg>200</arg>
<doc>Fails if objects are unequal after converting them to strings.</doc>
<msg timestamp="20210721 11:54:43.529" level="INFO">Argument types are:
&lt;class 'int'&gt;
&lt;type 'unicode'&gt;</msg>
<status status="PASS" starttime="20210721 11:54:43.529" endtime="20210721 11:54:43.529"/>
</kw>
<kw name="Log To Console" library="BuiltIn">
<arg>Temperature ${temp} F set for ${oid}</arg>
<doc>Logs the given message to the console.</doc>
<status status="PASS" starttime="20210721 11:54:43.529" endtime="20210721 11:54:43.529"/>
</kw>
<status status="PASS" starttime="20210721 11:54:42.611" endtime="20210721 11:54:43.529"/>
</kw>
<status status="PASS" starttime="20210721 11:54:42.611" endtime="20210721 11:54:43.529"/>
</kw>
<status status="PASS" starttime="20210721 11:54:40.554" endtime="20210721 11:54:43.529"/>
</iter>
<iter>
<var name="${i}">2</var>
<kw name="Log To Console" library="BuiltIn">
<arg>${i} Rack Sensor</arg>
<doc>Logs the given message to the console.</doc>
<status status="PASS" starttime="20210721 11:54:43.529" endtime="20210721 11:54:43.529"/>
</kw>
<kw name="fetchValueOfFieldFromJsonDictionary" library="apiresources">
<var>${rack_type1}</var>
<arg>${json_dict}</arg>
<arg>$.data.site.groups[0].racks[${i}].points[0].name</arg>
<kw name="Get Value From Json" library="JSONLibrary">
<var>${field_value_list}</var>
<arg>${json_dictionary}</arg>
<arg>${json_path_of_required_field}</arg>
<doc>Get Value From JSON using JSONPath</doc>
<msg timestamp="20210721 11:54:43.566" level="INFO">${field_value_list} = ['Rack Bottom']</msg>
<status status="PASS" starttime="20210721 11:54:43.529" endtime="20210721 11:54:43.566"/>
</kw>
<kw name="Get From List" library="Collections">
<var>${field_value}</var>
<arg>${field_value_list}</arg>
<arg>0</arg>
<doc>Returns the value specified with an ``index`` from ``list``.</doc>
<msg timestamp="20210721 11:54:43.566" level="INFO">${field_value} = Rack Bottom</msg>
<status status="PASS" starttime="20210721 11:54:43.566" endtime="20210721 11:54:43.566"/>
</kw>
<kw name="Return From Keyword" library="BuiltIn">
<arg>${field_value}</arg>
<doc>Returns from the enclosing user keyword.</doc>
<msg timestamp="20210721 11:54:43.566" level="INFO">Returning from the enclosing user keyword.</msg>
<status status="PASS" starttime="20210721 11:54:43.566" endtime="20210721 11:54:43.566"/>
</kw>
<msg timestamp="20210721 11:54:43.566" level="INFO">${rack_type1} = Rack Bottom</msg>
<status status="PASS" starttime="20210721 11:54:43.529" endtime="20210721 11:54:43.566"/>
</kw>
<kw name="fetchValueOfFieldFromJsonDictionary" library="apiresources">
<var>${rack_type2}</var>
<arg>${json_dict}</arg>
<arg>$.data.site.groups[0].racks[${i}].points[1].name</arg>
<kw name="Get Value From Json" library="JSONLibrary">
<var>${field_value_list}</var>
<arg>${json_dictionary}</arg>
<arg>${json_path_of_required_field}</arg>
<doc>Get Value From JSON using JSONPath</doc>
<msg timestamp="20210721 11:54:43.598" level="INFO">${field_value_list} = ['Rack Top']</msg>
<status status="PASS" starttime="20210721 11:54:43.566" endtime="20210721 11:54:43.598"/>
</kw>
<kw name="Get From List" library="Collections">
<var>${field_value}</var>
<arg>${field_value_list}</arg>
<arg>0</arg>
<doc>Returns the value specified with an ``index`` from ``list``.</doc>
<msg timestamp="20210721 11:54:43.598" level="INFO">${field_value} = Rack Top</msg>
<status status="PASS" starttime="20210721 11:54:43.598" endtime="20210721 11:54:43.613"/>
</kw>
<kw name="Return From Keyword" library="BuiltIn">
<arg>${field_value}</arg>
<doc>Returns from the enclosing user keyword.</doc>
<msg timestamp="20210721 11:54:43.613" level="INFO">Returning from the enclosing user keyword.</msg>
<status status="PASS" starttime="20210721 11:54:43.613" endtime="20210721 11:54:43.613"/>
</kw>
<msg timestamp="20210721 11:54:43.613" level="INFO">${rack_type2} = Rack Top</msg>
<status status="PASS" starttime="20210721 11:54:43.566" endtime="20210721 11:54:43.613"/>
</kw>
<kw name="fetchValueOfFieldFromJsonDictionary" library="apiresources">
<var>${oid1}</var>
<arg>${json_dict}</arg>
<arg>$.data.site.groups[0].racks[${i}].points[0].oid</arg>
<kw name="Get Value From Json" library="JSONLibrary">
<var>${field_value_list}</var>
<arg>${json_dictionary}</arg>
<arg>${json_path_of_required_field}</arg>
<doc>Get Value From JSON using JSONPath</doc>
<msg timestamp="20210721 11:54:43.651" level="INFO">${field_value_list} = [12042]</msg>
<status status="PASS" starttime="20210721 11:54:43.613" endtime="20210721 11:54:43.651"/>
</kw>
<kw name="Get From List" library="Collections">
<var>${field_value}</var>
<arg>${field_value_list}</arg>
<arg>0</arg>
<doc>Returns the value specified with an ``index`` from ``list``.</doc>
<msg timestamp="20210721 11:54:43.651" level="INFO">${field_value} = 12042</msg>
<status status="PASS" starttime="20210721 11:54:43.651" endtime="20210721 11:54:43.651"/>
</kw>
<kw name="Return From Keyword" library="BuiltIn">
<arg>${field_value}</arg>
<doc>Returns from the enclosing user keyword.</doc>
<msg timestamp="20210721 11:54:43.651" level="INFO">Returning from the enclosing user keyword.</msg>
<status status="PASS" starttime="20210721 11:54:43.651" endtime="20210721 11:54:43.651"/>
</kw>
<msg timestamp="20210721 11:54:43.651" level="INFO">${oid1} = 12042</msg>
<status status="PASS" starttime="20210721 11:54:43.613" endtime="20210721 11:54:43.651"/>
</kw>
<kw name="fetchValueOfFieldFromJsonDictionary" library="apiresources">
<var>${oid2}</var>
<arg>${json_dict}</arg>
<arg>$.data.site.groups[0].racks[${i}].points[1].oid</arg>
<kw name="Get Value From Json" library="JSONLibrary">
<var>${field_value_list}</var>
<arg>${json_dictionary}</arg>
<arg>${json_path_of_required_field}</arg>
<doc>Get Value From JSON using JSONPath</doc>
<msg timestamp="20210721 11:54:43.698" level="INFO">${field_value_list} = [12050]</msg>
<status status="PASS" starttime="20210721 11:54:43.651" endtime="20210721 11:54:43.698"/>
</kw>
<kw name="Get From List" library="Collections">
<var>${field_value}</var>
<arg>${field_value_list}</arg>
<arg>0</arg>
<doc>Returns the value specified with an ``index`` from ``list``.</doc>
<msg timestamp="20210721 11:54:43.698" level="INFO">${field_value} = 12050</msg>
<status status="PASS" starttime="20210721 11:54:43.698" endtime="20210721 11:54:43.698"/>
</kw>
<kw name="Return From Keyword" library="BuiltIn">
<arg>${field_value}</arg>
<doc>Returns from the enclosing user keyword.</doc>
<msg timestamp="20210721 11:54:43.698" level="INFO">Returning from the enclosing user keyword.</msg>
<status status="PASS" starttime="20210721 11:54:43.698" endtime="20210721 11:54:43.698"/>
</kw>
<msg timestamp="20210721 11:54:43.698" level="INFO">${oid2} = 12050</msg>
<status status="PASS" starttime="20210721 11:54:43.651" endtime="20210721 11:54:43.698"/>
</kw>
<kw name="Run Keyword If" library="BuiltIn">
<arg>'${rack_type1}'!='Humidity Monitor'</arg>
<arg>setRackPointSensorTemperature</arg>
<arg>${oid1}</arg>
<arg>${tempF}</arg>
<doc>Runs the given keyword with the given arguments, if ``condition`` is true.</doc>
<kw name="setRackPointSensorTemperature" library="apiresources">
<arg>${oid1}</arg>
<arg>${tempF}</arg>
<kw name="Create Dictionary" library="BuiltIn">
<var>${headers}</var>
<arg>Content-Type=${content_type}</arg>
<arg>Vigilent-Api-Token=${write_api_token}</arg>
<doc>Creates and returns a dictionary based on the given ``items``.</doc>
<msg timestamp="20210721 11:54:43.698" level="INFO">${headers} = {'Content-Type': 'application/json', 'Vigilent-Api-Token': 'vd2R6aDXgz5e9zkmf7TfZzqN'}</msg>
<status status="PASS" starttime="20210721 11:54:43.698" endtime="20210721 11:54:43.698"/>
</kw>
<kw name="Create Dictionary" library="BuiltIn">
<var>${body}</var>
<arg>query= mutation pointWrite { pointWrite(requests: [{oid: ${oid}, value: ${temp}}]) { index reason }}</arg>
<doc>Creates and returns a dictionary based on the given ``items``.</doc>
<msg timestamp="20210721 11:54:43.698" level="INFO">${body} = {'query': ' mutation pointWrite { pointWrite(requests: [{oid: 12042, value: 65.0}]) { index reason }}'}</msg>
<status status="PASS" starttime="20210721 11:54:43.698" endtime="20210721 11:54:43.698"/>
</kw>
<kw name="Create Session" library="RequestsLibrary">
<arg>AIEngine</arg>
<arg>${base_url}</arg>
<arg>disable_warnings=1</arg>
<doc>Create Session: create a HTTP session to a server</doc>
<msg timestamp="20210721 11:54:43.698" level="INFO">Creating Session using : alias=AIEngine, url=https://10.252.9.64/api, headers={},                     cookies={}, auth=None, timeout=None, proxies=None, verify=False,                     debug=0 </msg>
<status status="PASS" starttime="20210721 11:54:43.698" endtime="20210721 11:54:43.698"/>
</kw>
<kw name="Post On Session" library="RequestsLibrary">
<var>${result}</var>
<arg>AIEngine</arg>
<arg>/public/graphql</arg>
<arg>headers=${headers}</arg>
<arg>json=${body}</arg>
<doc>Sends a POST request on a previously created HTTP Session.</doc>
<msg timestamp="20210721 11:54:44.631" level="INFO">POST Request : url=https://10.252.9.64/api/public/graphql 
 path_url=/api/public/graphql 
 headers={'User-Agent': 'python-requests/2.25.1', 'Accept-Encoding': 'gzip, deflate', 'Accept': '*/*', 'Connection': 'keep-alive', 'Content-Type': 'application/json', 'Vigilent-Api-Token': 'vd2R6aDXgz5e9zkmf7TfZzqN', 'Content-Length': '103'} 
 body=b'{"query": " mutation pointWrite { pointWrite(requests: [{oid: 12042, value: 65.0}]) { index reason }}"}' 
 </msg>
<msg timestamp="20210721 11:54:44.631" level="INFO">POST Response : url=https://10.252.9.64/api/public/graphql 
 status=200, reason=OK 
 headers={'Date': 'Wed, 21 Jul 2021 06:22:36 GMT', 'Server': 'Apache', 'Content-Encoding': 'gzip', 'Vary': 'Accept-Encoding', 'Content-Length': '46', 'Keep-Alive': 'timeout=10, max=100', 'Connection': 'Keep-Alive', 'Content-Type': 'application/json;charset=UTF-8'} 
 body={"data":{"pointWrite":[]}} 
 </msg>
<msg timestamp="20210721 11:54:44.631" level="INFO">${result} = &lt;Response [200]&gt;</msg>
<status status="PASS" starttime="20210721 11:54:43.698" endtime="20210721 11:54:44.631"/>
</kw>
<kw name="Should Be Equal As Strings" library="BuiltIn">
<arg>${result.status_code}</arg>
<arg>200</arg>
<doc>Fails if objects are unequal after converting them to strings.</doc>
<msg timestamp="20210721 11:54:44.631" level="INFO">Argument types are:
&lt;class 'int'&gt;
&lt;type 'unicode'&gt;</msg>
<status status="PASS" starttime="20210721 11:54:44.631" endtime="20210721 11:54:44.631"/>
</kw>
<kw name="Log To Console" library="BuiltIn">
<arg>Temperature ${temp} F set for ${oid}</arg>
<doc>Logs the given message to the console.</doc>
<status status="PASS" starttime="20210721 11:54:44.631" endtime="20210721 11:54:44.631"/>
</kw>
<status status="PASS" starttime="20210721 11:54:43.698" endtime="20210721 11:54:44.631"/>
</kw>
<status status="PASS" starttime="20210721 11:54:43.698" endtime="20210721 11:54:44.631"/>
</kw>
<kw name="Run Keyword If" library="BuiltIn">
<arg>'${rack_type2}'!='Internal Thermistor'</arg>
<arg>setRackPointSensorTemperature</arg>
<arg>${oid2}</arg>
<arg>${tempF}</arg>
<doc>Runs the given keyword with the given arguments, if ``condition`` is true.</doc>
<kw name="setRackPointSensorTemperature" library="apiresources">
<arg>${oid2}</arg>
<arg>${tempF}</arg>
<kw name="Create Dictionary" library="BuiltIn">
<var>${headers}</var>
<arg>Content-Type=${content_type}</arg>
<arg>Vigilent-Api-Token=${write_api_token}</arg>
<doc>Creates and returns a dictionary based on the given ``items``.</doc>
<msg timestamp="20210721 11:54:44.647" level="INFO">${headers} = {'Content-Type': 'application/json', 'Vigilent-Api-Token': 'vd2R6aDXgz5e9zkmf7TfZzqN'}</msg>
<status status="PASS" starttime="20210721 11:54:44.647" endtime="20210721 11:54:44.647"/>
</kw>
<kw name="Create Dictionary" library="BuiltIn">
<var>${body}</var>
<arg>query= mutation pointWrite { pointWrite(requests: [{oid: ${oid}, value: ${temp}}]) { index reason }}</arg>
<doc>Creates and returns a dictionary based on the given ``items``.</doc>
<msg timestamp="20210721 11:54:44.647" level="INFO">${body} = {'query': ' mutation pointWrite { pointWrite(requests: [{oid: 12050, value: 65.0}]) { index reason }}'}</msg>
<status status="PASS" starttime="20210721 11:54:44.647" endtime="20210721 11:54:44.647"/>
</kw>
<kw name="Create Session" library="RequestsLibrary">
<arg>AIEngine</arg>
<arg>${base_url}</arg>
<arg>disable_warnings=1</arg>
<doc>Create Session: create a HTTP session to a server</doc>
<msg timestamp="20210721 11:54:44.647" level="INFO">Creating Session using : alias=AIEngine, url=https://10.252.9.64/api, headers={},                     cookies={}, auth=None, timeout=None, proxies=None, verify=False,                     debug=0 </msg>
<status status="PASS" starttime="20210721 11:54:44.647" endtime="20210721 11:54:44.647"/>
</kw>
<kw name="Post On Session" library="RequestsLibrary">
<var>${result}</var>
<arg>AIEngine</arg>
<arg>/public/graphql</arg>
<arg>headers=${headers}</arg>
<arg>json=${body}</arg>
<doc>Sends a POST request on a previously created HTTP Session.</doc>
<msg timestamp="20210721 11:54:45.540" level="INFO">POST Request : url=https://10.252.9.64/api/public/graphql 
 path_url=/api/public/graphql 
 headers={'User-Agent': 'python-requests/2.25.1', 'Accept-Encoding': 'gzip, deflate', 'Accept': '*/*', 'Connection': 'keep-alive', 'Content-Type': 'application/json', 'Vigilent-Api-Token': 'vd2R6aDXgz5e9zkmf7TfZzqN', 'Content-Length': '103'} 
 body=b'{"query": " mutation pointWrite { pointWrite(requests: [{oid: 12050, value: 65.0}]) { index reason }}"}' 
 </msg>
<msg timestamp="20210721 11:54:45.540" level="INFO">POST Response : url=https://10.252.9.64/api/public/graphql 
 status=200, reason=OK 
 headers={'Date': 'Wed, 21 Jul 2021 06:22:36 GMT', 'Server': 'Apache', 'Content-Encoding': 'gzip', 'Vary': 'Accept-Encoding', 'Content-Length': '46', 'Keep-Alive': 'timeout=10, max=100', 'Connection': 'Keep-Alive', 'Content-Type': 'application/json;charset=UTF-8'} 
 body={"data":{"pointWrite":[]}} 
 </msg>
<msg timestamp="20210721 11:54:45.541" level="INFO">${result} = &lt;Response [200]&gt;</msg>
<status status="PASS" starttime="20210721 11:54:44.647" endtime="20210721 11:54:45.541"/>
</kw>
<kw name="Should Be Equal As Strings" library="BuiltIn">
<arg>${result.status_code}</arg>
<arg>200</arg>
<doc>Fails if objects are unequal after converting them to strings.</doc>
<msg timestamp="20210721 11:54:45.543" level="INFO">Argument types are:
&lt;class 'int'&gt;
&lt;type 'unicode'&gt;</msg>
<status status="PASS" starttime="20210721 11:54:45.541" endtime="20210721 11:54:45.543"/>
</kw>
<kw name="Log To Console" library="BuiltIn">
<arg>Temperature ${temp} F set for ${oid}</arg>
<doc>Logs the given message to the console.</doc>
<status status="PASS" starttime="20210721 11:54:45.543" endtime="20210721 11:54:45.543"/>
</kw>
<status status="PASS" starttime="20210721 11:54:44.647" endtime="20210721 11:54:45.544"/>
</kw>
<status status="PASS" starttime="20210721 11:54:44.631" endtime="20210721 11:54:45.544"/>
</kw>
<status status="PASS" starttime="20210721 11:54:43.529" endtime="20210721 11:54:45.544"/>
</iter>
<iter>
<var name="${i}">3</var>
<kw name="Log To Console" library="BuiltIn">
<arg>${i} Rack Sensor</arg>
<doc>Logs the given message to the console.</doc>
<status status="PASS" starttime="20210721 11:54:45.545" endtime="20210721 11:54:45.545"/>
</kw>
<kw name="fetchValueOfFieldFromJsonDictionary" library="apiresources">
<var>${rack_type1}</var>
<arg>${json_dict}</arg>
<arg>$.data.site.groups[0].racks[${i}].points[0].name</arg>
<kw name="Get Value From Json" library="JSONLibrary">
<var>${field_value_list}</var>
<arg>${json_dictionary}</arg>
<arg>${json_path_of_required_field}</arg>
<doc>Get Value From JSON using JSONPath</doc>
<msg timestamp="20210721 11:54:45.581" level="INFO">${field_value_list} = ['Rack Bottom']</msg>
<status status="PASS" starttime="20210721 11:54:45.546" endtime="20210721 11:54:45.581"/>
</kw>
<kw name="Get From List" library="Collections">
<var>${field_value}</var>
<arg>${field_value_list}</arg>
<arg>0</arg>
<doc>Returns the value specified with an ``index`` from ``list``.</doc>
<msg timestamp="20210721 11:54:45.582" level="INFO">${field_value} = Rack Bottom</msg>
<status status="PASS" starttime="20210721 11:54:45.581" endtime="20210721 11:54:45.582"/>
</kw>
<kw name="Return From Keyword" library="BuiltIn">
<arg>${field_value}</arg>
<doc>Returns from the enclosing user keyword.</doc>
<msg timestamp="20210721 11:54:45.583" level="INFO">Returning from the enclosing user keyword.</msg>
<status status="PASS" starttime="20210721 11:54:45.582" endtime="20210721 11:54:45.583"/>
</kw>
<msg timestamp="20210721 11:54:45.583" level="INFO">${rack_type1} = Rack Bottom</msg>
<status status="PASS" starttime="20210721 11:54:45.545" endtime="20210721 11:54:45.583"/>
</kw>
<kw name="fetchValueOfFieldFromJsonDictionary" library="apiresources">
<var>${rack_type2}</var>
<arg>${json_dict}</arg>
<arg>$.data.site.groups[0].racks[${i}].points[1].name</arg>
<kw name="Get Value From Json" library="JSONLibrary">
<var>${field_value_list}</var>
<arg>${json_dictionary}</arg>
<arg>${json_path_of_required_field}</arg>
<doc>Get Value From JSON using JSONPath</doc>
<msg timestamp="20210721 11:54:45.622" level="INFO">${field_value_list} = ['Rack Top']</msg>
<status status="PASS" starttime="20210721 11:54:45.584" endtime="20210721 11:54:45.623"/>
</kw>
<kw name="Get From List" library="Collections">
<var>${field_value}</var>
<arg>${field_value_list}</arg>
<arg>0</arg>
<doc>Returns the value specified with an ``index`` from ``list``.</doc>
<msg timestamp="20210721 11:54:45.624" level="INFO">${field_value} = Rack Top</msg>
<status status="PASS" starttime="20210721 11:54:45.623" endtime="20210721 11:54:45.625"/>
</kw>
<kw name="Return From Keyword" library="BuiltIn">
<arg>${field_value}</arg>
<doc>Returns from the enclosing user keyword.</doc>
<msg timestamp="20210721 11:54:45.625" level="INFO">Returning from the enclosing user keyword.</msg>
<status status="PASS" starttime="20210721 11:54:45.625" endtime="20210721 11:54:45.626"/>
</kw>
<msg timestamp="20210721 11:54:45.626" level="INFO">${rack_type2} = Rack Top</msg>
<status status="PASS" starttime="20210721 11:54:45.583" endtime="20210721 11:54:45.626"/>
</kw>
<kw name="fetchValueOfFieldFromJsonDictionary" library="apiresources">
<var>${oid1}</var>
<arg>${json_dict}</arg>
<arg>$.data.site.groups[0].racks[${i}].points[0].oid</arg>
<kw name="Get Value From Json" library="JSONLibrary">
<var>${field_value_list}</var>
<arg>${json_dictionary}</arg>
<arg>${json_path_of_required_field}</arg>
<doc>Get Value From JSON using JSONPath</doc>
<msg timestamp="20210721 11:54:45.665" level="INFO">${field_value_list} = [12058]</msg>
<status status="PASS" starttime="20210721 11:54:45.627" endtime="20210721 11:54:45.665"/>
</kw>
<kw name="Get From List" library="Collections">
<var>${field_value}</var>
<arg>${field_value_list}</arg>
<arg>0</arg>
<doc>Returns the value specified with an ``index`` from ``list``.</doc>
<msg timestamp="20210721 11:54:45.667" level="INFO">${field_value} = 12058</msg>
<status status="PASS" starttime="20210721 11:54:45.666" endtime="20210721 11:54:45.667"/>
</kw>
<kw name="Return From Keyword" library="BuiltIn">
<arg>${field_value}</arg>
<doc>Returns from the enclosing user keyword.</doc>
<msg timestamp="20210721 11:54:45.668" level="INFO">Returning from the enclosing user keyword.</msg>
<status status="PASS" starttime="20210721 11:54:45.667" endtime="20210721 11:54:45.668"/>
</kw>
<msg timestamp="20210721 11:54:45.669" level="INFO">${oid1} = 12058</msg>
<status status="PASS" starttime="20210721 11:54:45.626" endtime="20210721 11:54:45.669"/>
</kw>
<kw name="fetchValueOfFieldFromJsonDictionary" library="apiresources">
<var>${oid2}</var>
<arg>${json_dict}</arg>
<arg>$.data.site.groups[0].racks[${i}].points[1].oid</arg>
<kw name="Get Value From Json" library="JSONLibrary">
<var>${field_value_list}</var>
<arg>${json_dictionary}</arg>
<arg>${json_path_of_required_field}</arg>
<doc>Get Value From JSON using JSONPath</doc>
<msg timestamp="20210721 11:54:45.703" level="INFO">${field_value_list} = [12066]</msg>
<status status="PASS" starttime="20210721 11:54:45.670" endtime="20210721 11:54:45.703"/>
</kw>
<kw name="Get From List" library="Collections">
<var>${field_value}</var>
<arg>${field_value_list}</arg>
<arg>0</arg>
<doc>Returns the value specified with an ``index`` from ``list``.</doc>
<msg timestamp="20210721 11:54:45.705" level="INFO">${field_value} = 12066</msg>
[...]
<status status="PASS" starttime="20210721 12:00:04.610" endtime="20210721 12:00:04.610"/>
</kw>
<kw name="Create Dictionary" library="BuiltIn">
<var>${body}</var>
<arg>query= mutation pointWrite { pointWrite(requests: [{oid: ${oid}, value: ${temp}}]) { index reason }}</arg>
<doc>Creates and returns a dictionary based on the given ``items``.</doc>
<msg timestamp="20210721 12:00:04.610" level="INFO">${body} = {'query': ' mutation pointWrite { pointWrite(requests: [{oid: 26270, value: 65.0}]) { index reason }}'}</msg>
<status status="PASS" starttime="20210721 12:00:04.610" endtime="20210721 12:00:04.610"/>
</kw>
<kw name="Create Session" library="RequestsLibrary">
<arg>AIEngine</arg>
<arg>${base_url}</arg>
<arg>disable_warnings=1</arg>
<doc>Create Session: create a HTTP session to a server</doc>
<msg timestamp="20210721 12:00:04.610" level="INFO">Creating Session using : alias=AIEngine, url=https://10.252.9.64/api, headers={},                     cookies={}, auth=None, timeout=None, proxies=None, verify=False,                     debug=0 </msg>
<status status="PASS" starttime="20210721 12:00:04.610" endtime="20210721 12:00:04.610"/>
</kw>
<kw name="Post On Session" library="RequestsLibrary">
<var>${result}</var>
<arg>AIEngine</arg>
<arg>/public/graphql</arg>
<arg>headers=${headers}</arg>
<arg>json=${body}</arg>
<doc>Sends a POST request on a previously created HTTP Session.</doc>
<msg timestamp="20210721 12:00:05.528" level="INFO">POST Request : url=https://10.252.9.64/api/public/graphql 
 path_url=/api/public/graphql 
 headers={'User-Agent': 'python-requests/2.25.1', 'Accept-Encoding': 'gzip, deflate', 'Accept': '*/*', 'Connection': 'keep-alive', 'Content-Type': 'application/json', 'Vigilent-Api-Token': 'vd2R6aDXgz5e9zkmf7TfZzqN', 'Content-Length': '103'} 
 body=b'{"query": " mutation pointWrite { pointWrite(requests: [{oid: 26270, value: 65.0}]) { index reason }}"}' 
 </msg>
<msg timestamp="20210721 12:00:05.528" level="INFO">POST Response : url=https://10.252.9.64/api/public/graphql 
 status=200, reason=OK 
 headers={'Date': 'Wed, 21 Jul 2021 06:27:56 GMT', 'Server': 'Apache', 'Content-Encoding': 'gzip', 'Vary': 'Accept-Encoding', 'Content-Length': '46', 'Keep-Alive': 'timeout=10, max=100', 'Connection': 'Keep-Alive', 'Content-Type': 'application/json;charset=UTF-8'} 
 body={"data":{"pointWrite":[]}} 
 </msg>
<msg timestamp="20210721 12:00:05.528" level="INFO">${result} = &lt;Response [200]&gt;</msg>
<status status="PASS" starttime="20210721 12:00:04.610" endtime="20210721 12:00:05.528"/>
</kw>
<kw name="Should Be Equal As Strings" library="BuiltIn">
<arg>${result.status_code}</arg>
<arg>200</arg>
<doc>Fails if objects are unequal after converting them to strings.</doc>
<msg timestamp="20210721 12:00:05.528" level="INFO">Argument types are:
&lt;class 'int'&gt;
&lt;type 'unicode'&gt;</msg>
<status status="PASS" starttime="20210721 12:00:05.528" endtime="20210721 12:00:05.528"/>
</kw>
<kw name="Log To Console" library="BuiltIn">
<arg>Temperature ${temp} F set for ${oid}</arg>
<doc>Logs the given message to the console.</doc>
<status status="PASS" starttime="20210721 12:00:05.528" endtime="20210721 12:00:05.528"/>
</kw>
<status status="PASS" starttime="20210721 12:00:04.610" endtime="20210721 12:00:05.528"/>
</kw>
<status status="PASS" starttime="20210721 12:00:04.610" endtime="20210721 12:00:05.528"/>
</kw>
<kw name="Run Keyword If" library="BuiltIn">
<arg>('${rack_type2}'=='CTop' and '${oid2}'!='${sensor_B_oid}')</arg>
<arg>setRackPointSensorTemperature</arg>
<arg>${oid2}</arg>
<arg>${tempC}</arg>
<doc>Runs the given keyword with the given arguments, if ``condition`` is true.</doc>
<kw name="setRackPointSensorTemperature" library="apiresources">
<arg>${oid2}</arg>
<arg>${tempC}</arg>
<kw name="Create Dictionary" library="BuiltIn">
<var>${headers}</var>
<arg>Content-Type=${content_type}</arg>
<arg>Vigilent-Api-Token=${write_api_token}</arg>
<doc>Creates and returns a dictionary based on the given ``items``.</doc>
<msg timestamp="20210721 12:00:05.528" level="INFO">${headers} = {'Content-Type': 'application/json', 'Vigilent-Api-Token': 'vd2R6aDXgz5e9zkmf7TfZzqN'}</msg>
<status status="PASS" starttime="20210721 12:00:05.528" endtime="20210721 12:00:05.528"/>
</kw>
<kw name="Create Dictionary" library="BuiltIn">
<var>${body}</var>
<arg>query= mutation pointWrite { pointWrite(requests: [{oid: ${oid}, value: ${temp}}]) { index reason }}</arg>
<doc>Creates and returns a dictionary based on the given ``items``.</doc>
<msg timestamp="20210721 12:00:05.528" level="INFO">${body} = {'query': ' mutation pointWrite { pointWrite(requests: [{oid: 26279, value: 65.0}]) { index reason }}'}</msg>
<status status="PASS" starttime="20210721 12:00:05.528" endtime="20210721 12:00:05.528"/>
</kw>
<kw name="Create Session" library="RequestsLibrary">
<arg>AIEngine</arg>
<arg>${base_url}</arg>
<arg>disable_warnings=1</arg>
<doc>Create Session: create a HTTP session to a server</doc>
<msg timestamp="20210721 12:00:05.528" level="INFO">Creating Session using : alias=AIEngine, url=https://10.252.9.64/api, headers={},                     cookies={}, auth=None, timeout=None, proxies=None, verify=False,                     debug=0 </msg>
<status status="PASS" starttime="20210721 12:00:05.528" endtime="20210721 12:00:05.528"/>
</kw>
<kw name="Post On Session" library="RequestsLibrary">
<var>${result}</var>
<arg>AIEngine</arg>
<arg>/public/graphql</arg>
<arg>headers=${headers}</arg>
<arg>json=${body}</arg>
<doc>Sends a POST request on a previously created HTTP Session.</doc>
<msg timestamp="20210721 12:00:06.429" level="INFO">POST Request : url=https://10.252.9.64/api/public/graphql 
 path_url=/api/public/graphql 
 headers={'User-Agent': 'python-requests/2.25.1', 'Accept-Encoding': 'gzip, deflate', 'Accept': '*/*', 'Connection': 'keep-alive', 'Content-Type': 'application/json', 'Vigilent-Api-Token': 'vd2R6aDXgz5e9zkmf7TfZzqN', 'Content-Length': '103'} 
 body=b'{"query": " mutation pointWrite { pointWrite(requests: [{oid: 26279, value: 65.0}]) { index reason }}"}' 
 </msg>
<msg timestamp="20210721 12:00:06.429" level="INFO">POST Response : url=https://10.252.9.64/api/public/graphql 
 status=200, reason=OK 
 headers={'Date': 'Wed, 21 Jul 2021 06:27:57 GMT', 'Server': 'Apache', 'Content-Encoding': 'gzip', 'Vary': 'Accept-Encoding', 'Content-Length': '46', 'Keep-Alive': 'timeout=10, max=100', 'Connection': 'Keep-Alive', 'Content-Type': 'application/json;charset=UTF-8'} 
 body={"data":{"pointWrite":[]}} 
 </msg>
<msg timestamp="20210721 12:00:06.429" level="INFO">${result} = &lt;Response [200]&gt;</msg>
<status status="PASS" starttime="20210721 12:00:05.528" endtime="20210721 12:00:06.429"/>
</kw>
<kw name="Should Be Equal As Strings" library="BuiltIn">
<arg>${result.status_code}</arg>
<arg>200</arg>
<doc>Fails if objects are unequal after converting them to strings.</doc>
<msg timestamp="20210721 12:00:06.429" level="INFO">Argument types are:
&lt;class 'int'&gt;
&lt;type 'unicode'&gt;</msg>
<status status="PASS" starttime="20210721 12:00:06.429" endtime="20210721 12:00:06.429"/>
</kw>
<kw name="Log To Console" library="BuiltIn">
<arg>Temperature ${temp} F set for ${oid}</arg>
<doc>Logs the given message to the console.</doc>
<status status="PASS" starttime="20210721 12:00:06.429" endtime="20210721 12:00:06.429"/>
</kw>
<status status="PASS" starttime="20210721 12:00:05.528" endtime="20210721 12:00:06.429"/>
</kw>
<status status="PASS" starttime="20210721 12:00:05.528" endtime="20210721 12:00:06.429"/>
</kw>
<status status="PASS" starttime="20210721 12:00:04.542" endtime="20210721 12:00:06.429"/>
</iter>
<iter>
<var name="${i}">8</var>
<kw name="fetchValueOfFieldFromJsonDictionary" library="apiresources">
<var>${rack_type1}</var>
<arg>${json_dict}</arg>
<arg>$.data.site.groups[0].racks[${i}].points[0].type</arg>
<kw name="Get Value From Json" library="JSONLibrary">
<var>${field_value_list}</var>
<arg>${json_dictionary}</arg>
<arg>${json_path_of_required_field}</arg>
<doc>Get Value From JSON using JSONPath</doc>
<msg timestamp="20210721 12:00:06.445" level="INFO">${field_value_list} = ['RHUM']</msg>
<status status="PASS" starttime="20210721 12:00:06.429" endtime="20210721 12:00:06.445"/>
</kw>
<kw name="Get From List" library="Collections">
<var>${field_value}</var>
<arg>${field_value_list}</arg>
<arg>0</arg>
<doc>Returns the value specified with an ``index`` from ``list``.</doc>
<msg timestamp="20210721 12:00:06.445" level="INFO">${field_value} = RHUM</msg>
<status status="PASS" starttime="20210721 12:00:06.445" endtime="20210721 12:00:06.445"/>
</kw>
<kw name="Return From Keyword" library="BuiltIn">
<arg>${field_value}</arg>
<doc>Returns from the enclosing user keyword.</doc>
<msg timestamp="20210721 12:00:06.445" level="INFO">Returning from the enclosing user keyword.</msg>
<status status="PASS" starttime="20210721 12:00:06.445" endtime="20210721 12:00:06.445"/>
</kw>
<msg timestamp="20210721 12:00:06.445" level="INFO">${rack_type1} = RHUM</msg>
<status status="PASS" starttime="20210721 12:00:06.429" endtime="20210721 12:00:06.445"/>
</kw>
<kw name="fetchValueOfFieldFromJsonDictionary" library="apiresources">
<var>${rack_type2}</var>
<arg>${json_dict}</arg>
<arg>$.data.site.groups[0].racks[${i}].points[1].type</arg>
<kw name="Get Value From Json" library="JSONLibrary">
<var>${field_value_list}</var>
<arg>${json_dictionary}</arg>
<arg>${json_path_of_required_field}</arg>
<doc>Get Value From JSON using JSONPath</doc>
<msg timestamp="20210721 12:00:06.461" level="INFO">${field_value_list} = ['ZNT']</msg>
<status status="PASS" starttime="20210721 12:00:06.445" endtime="20210721 12:00:06.461"/>
</kw>
<kw name="Get From List" library="Collections">
<var>${field_value}</var>
<arg>${field_value_list}</arg>
<arg>0</arg>
<doc>Returns the value specified with an ``index`` from ``list``.</doc>
<msg timestamp="20210721 12:00:06.461" level="INFO">${field_value} = ZNT</msg>
<status status="PASS" starttime="20210721 12:00:06.461" endtime="20210721 12:00:06.461"/>
</kw>
<kw name="Return From Keyword" library="BuiltIn">
<arg>${field_value}</arg>
<doc>Returns from the enclosing user keyword.</doc>
<msg timestamp="20210721 12:00:06.461" level="INFO">Returning from the enclosing user keyword.</msg>
<status status="PASS" starttime="20210721 12:00:06.461" endtime="20210721 12:00:06.461"/>
</kw>
<msg timestamp="20210721 12:00:06.461" level="INFO">${rack_type2} = ZNT</msg>
<status status="PASS" starttime="20210721 12:00:06.445" endtime="20210721 12:00:06.461"/>
</kw>
<kw name="fetchValueOfFieldFromJsonDictionary" library="apiresources">
<var>${oid1}</var>
<arg>${json_dict}</arg>
<arg>$.data.site.groups[0].racks[${i}].points[0].oid</arg>
<kw name="Get Value From Json" library="JSONLibrary">
<var>${field_value_list}</var>
<arg>${json_dictionary}</arg>
<arg>${json_path_of_required_field}</arg>
<doc>Get Value From JSON using JSONPath</doc>
<msg timestamp="20210721 12:00:06.476" level="INFO">${field_value_list} = [21848]</msg>
<status status="PASS" starttime="20210721 12:00:06.461" endtime="20210721 12:00:06.476"/>
</kw>
<kw name="Get From List" library="Collections">
<var>${field_value}</var>
<arg>${field_value_list}</arg>
<arg>0</arg>
<doc>Returns the value specified with an ``index`` from ``list``.</doc>
<msg timestamp="20210721 12:00:06.492" level="INFO">${field_value} = 21848</msg>
<status status="PASS" starttime="20210721 12:00:06.476" endtime="20210721 12:00:06.492"/>
</kw>
<kw name="Return From Keyword" library="BuiltIn">
<arg>${field_value}</arg>
<doc>Returns from the enclosing user keyword.</doc>
<msg timestamp="20210721 12:00:06.492" level="INFO">Returning from the enclosing user keyword.</msg>
<status status="PASS" starttime="20210721 12:00:06.492" endtime="20210721 12:00:06.492"/>
</kw>
<msg timestamp="20210721 12:00:06.492" level="INFO">${oid1} = 21848</msg>
<status status="PASS" starttime="20210721 12:00:06.461" endtime="20210721 12:00:06.492"/>
</kw>
<kw name="fetchValueOfFieldFromJsonDictionary" library="apiresources">
<var>${oid2}</var>
<arg>${json_dict}</arg>
<arg>$.data.site.groups[0].racks[${i}].points[1].oid</arg>
<kw name="Get Value From Json" library="JSONLibrary">
<var>${field_value_list}</var>
<arg>${json_dictionary}</arg>
<arg>${json_path_of_required_field}</arg>
<doc>Get Value From JSON using JSONPath</doc>
<msg timestamp="20210721 12:00:06.514" level="INFO">${field_value_list} = [21856]</msg>
<status status="PASS" starttime="20210721 12:00:06.492" endtime="20210721 12:00:06.514"/>
</kw>
<kw name="Get From List" library="Collections">
<var>${field_value}</var>
<arg>${field_value_list}</arg>
<arg>0</arg>
<doc>Returns the value specified with an ``index`` from ``list``.</doc>
<msg timestamp="20210721 12:00:06.514" level="INFO">${field_value} = 21856</msg>
<status status="PASS" starttime="20210721 12:00:06.514" endtime="20210721 12:00:06.514"/>
</kw>
<kw name="Return From Keyword" library="BuiltIn">
<arg>${field_value}</arg>
<doc>Returns from the enclosing user keyword.</doc>
<msg timestamp="20210721 12:00:06.514" level="INFO">Returning from the enclosing user keyword.</msg>
<status status="PASS" starttime="20210721 12:00:06.514" endtime="20210721 12:00:06.514"/>
</kw>
<msg timestamp="20210721 12:00:06.514" level="INFO">${oid2} = 21856</msg>
<status status="PASS" starttime="20210721 12:00:06.492" endtime="20210721 12:00:06.514"/>
</kw>
<kw name="Run Keyword If" library="BuiltIn">
<arg>('${rack_type1}'=='CBot' and '${oid1}'!='${sensor_A_oid}')</arg>
<arg>setRackPointSensorTemperature</arg>
<arg>${oid1}</arg>
<arg>${tempC}</arg>
<doc>Runs the given keyword with the given arguments, if ``condition`` is true.</doc>
<status status="PASS" starttime="20210721 12:00:06.514" endtime="20210721 12:00:06.514"/>
</kw>
<kw name="Run Keyword If" library="BuiltIn">
<arg>('${rack_type2}'=='CTop' and '${oid2}'!='${sensor_B_oid}')</arg>
<arg>setRackPointSensorTemperature</arg>
<arg>${oid2}</arg>
<arg>${tempC}</arg>
<doc>Runs the given keyword with the given arguments, if ``condition`` is true.</doc>
<status status="PASS" starttime="20210721 12:00:06.514" endtime="20210721 12:00:06.514"/>
</kw>
<status status="PASS" starttime="20210721 12:00:06.429" endtime="20210721 12:00:06.514"/>
</iter>
<iter>
<var name="${i}">9</var>
<kw name="fetchValueOfFieldFromJsonDictionary" library="apiresources">
<var>${rack_type1}</var>
<arg>${json_dict}</arg>
<arg>$.data.site.groups[0].racks[${i}].points[0].type</arg>
<kw name="Get Value From Json" library="JSONLibrary">
<var>${field_value_list}</var>
<arg>${json_dictionary}</arg>
<arg>${json_path_of_required_field}</arg>
<doc>Get Value From JSON using JSONPath</doc>
<msg timestamp="20210721 12:00:06.530" level="INFO">${field_value_list} = ['RHUM']</msg>
<status status="PASS" starttime="20210721 12:00:06.514" endtime="20210721 12:00:06.530"/>
</kw>
<kw name="Get From List" library="Collections">
<var>${field_value}</var>
<arg>${field_value_list}</arg>
<arg>0</arg>
<doc>Returns the value specified with an ``index`` from ``list``.</doc>
<msg timestamp="20210721 12:00:06.530" level="INFO">${field_value} = RHUM</msg>
<status status="PASS" starttime="20210721 12:00:06.530" endtime="20210721 12:00:06.530"/>
</kw>
<kw name="Return From Keyword" library="BuiltIn">
<arg>${field_value}</arg>
<doc>Returns from the enclosing user keyword.</doc>
<msg timestamp="20210721 12:00:06.530" level="INFO">Returning from the enclosing user keyword.</msg>
<status status="PASS" starttime="20210721 12:00:06.530" endtime="20210721 12:00:06.530"/>
</kw>
<msg timestamp="20210721 12:00:06.530" level="INFO">${rack_type1} = RHUM</msg>
<status status="PASS" starttime="20210721 12:00:06.514" endtime="20210721 12:00:06.530"/>
</kw>
<kw name="fetchValueOfFieldFromJsonDictionary" library="apiresources">
<var>${rack_type2}</var>
<arg>${json_dict}</arg>
<arg>$.data.site.groups[0].racks[${i}].points[1].type</arg>
<kw name="Get Value From Json" library="JSONLibrary">
<var>${field_value_list}</var>
<arg>${json_dictionary}</arg>
<arg>${json_path_of_required_field}</arg>
<doc>Get Value From JSON using JSONPath</doc>
<msg timestamp="20210721 12:00:06.545" level="INFO">${field_value_list} = ['ZNT']</msg>
<status status="PASS" starttime="20210721 12:00:06.530" endtime="20210721 12:00:06.545"/>
</kw>
<kw name="Get From List" library="Collections">
<var>${field_value}</var>
<arg>${field_value_list}</arg>
<arg>0</arg>
<doc>Returns the value specified with an ``index`` from ``list``.</doc>
<msg timestamp="20210721 12:00:06.545" level="INFO">${field_value} = ZNT</msg>
<status status="PASS" starttime="20210721 12:00:06.545" endtime="20210721 12:00:06.545"/>
</kw>
<kw name="Return From Keyword" library="BuiltIn">
<arg>${field_value}</arg>
<doc>Returns from the enclosing user keyword.</doc>
<msg timestamp="20210721 12:00:06.545" level="INFO">Returning from the enclosing user keyword.</msg>
<status status="PASS" starttime="20210721 12:00:06.545" endtime="20210721 12:00:06.545"/>
</kw>
<msg timestamp="20210721 12:00:06.545" level="INFO">${rack_type2} = ZNT</msg>
<status status="PASS" starttime="20210721 12:00:06.530" endtime="20210721 12:00:06.545"/>
</kw>
<kw name="fetchValueOfFieldFromJsonDictionary" library="apiresources">
<var>${oid1}</var>
<arg>${json_dict}</arg>
<arg>$.data.site.groups[0].racks[${i}].points[0].oid</arg>
<kw name="Get Value From Json" library="JSONLibrary">
<var>${field_value_list}</var>
<arg>${json_dictionary}</arg>
<arg>${json_path_of_required_field}</arg>
<doc>Get Value From JSON using JSONPath</doc>
<msg timestamp="20210721 12:00:06.561" level="INFO">${field_value_list} = [21867]</msg>
<status status="PASS" starttime="20210721 12:00:06.561" endtime="20210721 12:00:06.561"/>
</kw>
<kw name="Get From List" library="Collections">
<var>${field_value}</var>
<arg>${field_value_list}</arg>
<arg>0</arg>
<doc>Returns the value specified with an ``index`` from ``list``.</doc>
<msg timestamp="20210721 12:00:06.580" level="INFO">${field_value} = 21867</msg>
<status status="PASS" starttime="20210721 12:00:06.577" endtime="20210721 12:00:06.580"/>
</kw>
<kw name="Return From Keyword" library="BuiltIn">
<arg>${field_value}</arg>
<doc>Returns from the enclosing user keyword.</doc>
<msg timestamp="20210721 12:00:06.580" level="INFO">Returning from the enclosing user keyword.</msg>
<status status="PASS" starttime="20210721 12:00:06.580" endtime="20210721 12:00:06.580"/>
</kw>
<msg timestamp="20210721 12:00:06.581" level="INFO">${oid1} = 21867</msg>
<status status="PASS" starttime="20210721 12:00:06.545" endtime="20210721 12:00:06.581"/>
</kw>
<kw name="fetchValueOfFieldFromJsonDictionary" library="apiresources">
<var>${oid2}</var>
<arg>${json_dict}</arg>
<arg>$.data.site.groups[0].racks[${i}].points[1].oid</arg>
<kw name="Get Value From Json" library="JSONLibrary">
<var>${field_value_list}</var>
<arg>${json_dictionary}</arg>
<arg>${json_path_of_required_field}</arg>
<doc>Get Value From JSON using JSONPath</doc>
<msg timestamp="20210721 12:00:06.596" level="INFO">${field_value_list} = [21875]</msg>
<status status="PASS" starttime="20210721 12:00:06.581" endtime="20210721 12:00:06.596"/>
</kw>
<kw name="Get From List" library="Collections">
<var>${field_value}</var>
<arg>${field_value_list}</arg>
<arg>0</arg>
<doc>Returns the value specified with an ``index`` from ``list``.</doc>
<msg timestamp="20210721 12:00:06.596" level="INFO">${field_value} = 21875</msg>
<status status="PASS" starttime="20210721 12:00:06.596" endtime="20210721 12:00:06.596"/>
</kw>
<kw name="Return From Keyword" library="BuiltIn">
<arg>${field_value}</arg>
<doc>Returns from the enclosing user keyword.</doc>
<msg timestamp="20210721 12:00:06.596" level="INFO">Returning from the enclosing user keyword.</msg>
<status status="PASS" starttime="20210721 12:00:06.596" endtime="20210721 12:00:06.596"/>
</kw>
<msg timestamp="20210721 12:00:06.596" level="INFO">${oid2} = 21875</msg>
